#
# There is insufficient memory for the Java Runtime Environment to continue.
# Native memory allocation (malloc) failed to allocate 511056 bytes for Chunk::new
# Possible reasons:
#   The system is out of physical RAM or swap space
#   In 32 bit mode, the process size limit was hit
# Possible solutions:
#   Reduce memory load on the system
#   Increase physical memory or swap space
#   Check if swap backing store is full
#   Use 64 bit Java on a 64 bit OS
#   Decrease Java heap size (-Xmx/-Xms)
#   Decrease number of Java threads
#   Decrease Java thread stack sizes (-Xss)
#   Set larger code cache with -XX:ReservedCodeCacheSize=
# This output file may be truncated or incomplete.
#
#  Out of Memory Error (allocation.cpp:390), pid=29428, tid=0x00000000000085ec
#
# JRE version: OpenJDK Runtime Environment (8.0_112-b06) (build 1.8.0_112-release-b06)
# Java VM: OpenJDK 64-Bit Server VM (25.112-b06 mixed mode windows-amd64 compressed oops)
# Failed to write core dump. Minidumps are not enabled by default on client versions of Windows
#

---------------  T H R E A D  ---------------

Current thread (0x0000000015a08800):  JavaThread "C2 CompilerThread1" daemon [_thread_in_native, id=34284, stack(0x0000000017410000,0x0000000017510000)]

Stack: [0x0000000017410000,0x0000000017510000]
[error occurred during error reporting (printing stack bounds), id 0xc0000005]

Native frames: (J=compiled Java code, j=interpreted, Vv=VM code, C=native code)


Current CompileTask:
C2:   6745 1822   !   4       com.android.dx.cf.code.RopperMachine::run (1550 bytes)


---------------  P R O C E S S  ---------------

Java Threads: ( => current thread )
  0x0000000016faf800 JavaThread "pool-2-thread-4" [_thread_blocked, id=20984, stack(0x0000000017c10000,0x0000000017d10000)]
  0x0000000016f5a800 JavaThread "pool-2-thread-3" [_thread_blocked, id=40160, stack(0x0000000017b10000,0x0000000017c10000)]
  0x0000000016e8a000 JavaThread "pool-2-thread-2" [_thread_in_Java, id=18964, stack(0x0000000017a10000,0x0000000017b10000)]
  0x0000000016e86000 JavaThread "pool-3-thread-1" [_thread_blocked, id=22696, stack(0x0000000017910000,0x0000000017a10000)]
  0x0000000016e83000 JavaThread "pool-2-thread-1" [_thread_blocked, id=9416, stack(0x0000000017810000,0x0000000017910000)]
  0x0000000016d77000 JavaThread "Service Thread" daemon [_thread_blocked, id=38072, stack(0x0000000017610000,0x0000000017710000)]
  0x0000000016d67000 JavaThread "C1 CompilerThread2" daemon [_thread_blocked, id=40772, stack(0x0000000017510000,0x0000000017610000)]
=>0x0000000015a08800 JavaThread "C2 CompilerThread1" daemon [_thread_in_native, id=34284, stack(0x0000000017410000,0x0000000017510000)]
  0x00000000159c0000 JavaThread "C2 CompilerThread0" daemon [_thread_in_native, id=33080, stack(0x0000000017310000,0x0000000017410000)]
  0x0000000015a07800 JavaThread "Attach Listener" daemon [_thread_blocked, id=38296, stack(0x0000000017210000,0x0000000017310000)]
  0x0000000016d18800 JavaThread "Signal Dispatcher" daemon [_thread_blocked, id=8848, stack(0x0000000017110000,0x0000000017210000)]
  0x00000000032d5800 JavaThread "Finalizer" daemon [_thread_blocked, id=24572, stack(0x0000000016c10000,0x0000000016d10000)]
  0x00000000032d0000 JavaThread "Reference Handler" daemon [_thread_blocked, id=38788, stack(0x0000000016b10000,0x0000000016c10000)]
  0x00000000030dd800 JavaThread "main" [_thread_in_Java, id=5948, stack(0x00000000030e0000,0x00000000031e0000)]

Other Threads:
  0x0000000015974800 VMThread [stack: 0x0000000016a10000,0x0000000016b10000] [id=2188]
  0x0000000016d79000 WatcherThread [stack: 0x0000000017710000,0x0000000017810000] [id=19100]

VM state:not at safepoint (normal execution)

VM Mutex/Monitor currently owned by a thread: None

Heap:
 PSYoungGen      total 95232K, used 66711K [0x00000000eab00000, 0x00000000f6500000, 0x0000000100000000)
  eden space 66560K, 60% used [0x00000000eab00000,0x00000000ed20ef48,0x00000000eec00000)
  from space 28672K, 93% used [0x00000000f4900000,0x00000000f6316fb0,0x00000000f6500000)
  to   space 5120K, 0% used [0x00000000eec00000,0x00000000eec00000,0x00000000ef100000)
 ParOldGen       total 87552K, used 52069K [0x00000000c0000000, 0x00000000c5580000, 0x00000000eab00000)
  object space 87552K, 59% used [0x00000000c0000000,0x00000000c32d9488,0x00000000c5580000)
 Metaspace       used 5981K, capacity 7088K, committed 7296K, reserved 1056768K
  class space    used 562K, capacity 616K, committed 640K, reserved 1048576K

Card table byte_map: [0x00000000126a0000,0x00000000128b0000] byte_map_base: 0x00000000120a0000

Marking Bits: (ParMarkBitMap*) 0x00000000630418f0
 Begin Bits: [0x0000000012e10000, 0x0000000013e10000)
 End Bits:   [0x0000000013e10000, 0x0000000014e10000)

Polling page: 0x0000000001540000

CodeCache: size=245760Kb used=7706Kb max_used=7718Kb free=238053Kb
 bounds [0x00000000032e0000, 0x0000000003a80000, 0x00000000122e0000]
 total_blobs=2022 nmethods=1759 adapters=177
 compilation: enabled

Compilation events (10 events):
Event: 6.692 Thread 0x0000000016d67000 1823       3       com.android.dx.ssa.SCCP::replaceConstants (209 bytes)
Event: 6.693 Thread 0x0000000016d67000 nmethod 1823 0x0000000003a6bcd0 code [0x0000000003a6bfe0, 0x0000000003a6db38]
Event: 6.694 Thread 0x0000000016d67000 1824       2       com.android.dx.ssa.back.FirstFitLocalCombiningAllocator$Alignment$2::nextClearBit (26 bytes)
Event: 6.695 Thread 0x0000000016d67000 nmethod 1824 0x0000000003a64ad0 code [0x0000000003a64c40, 0x0000000003a64e58]
Event: 6.705 Thread 0x0000000015a08800 nmethod 1816 0x0000000003a70d50 code [0x0000000003a70f20, 0x0000000003a71ab0]
Event: 6.705 Thread 0x0000000015a08800 1822   !   4       com.android.dx.cf.code.RopperMachine::run (1550 bytes)
Event: 6.735 Thread 0x0000000016d67000 1832       2       com.android.dx.command.dexer.Main::access$1800 (4 bytes)
Event: 6.735 Thread 0x0000000016d67000 nmethod 1832 0x0000000003a30810 code [0x0000000003a30960, 0x0000000003a30a90]
Event: 6.735 Thread 0x0000000016d67000 1833       2       com.android.dx.command.dexer.Main::access$2000 (4 bytes)
Event: 6.735 Thread 0x0000000016d67000 nmethod 1833 0x0000000003a475d0 code [0x0000000003a47720, 0x0000000003a47850]

GC Heap History (10 events):
Event: 2.073 GC heap before
{Heap before GC invocations=2 (full 0):
 PSYoungGen      total 38400K, used 38399K [0x00000000eab00000, 0x00000000ed580000, 0x0000000100000000)
  eden space 33280K, 100% used [0x00000000eab00000,0x00000000ecb80000,0x00000000ecb80000)
  from space 5120K, 99% used [0x00000000ecb80000,0x00000000ed07fd98,0x00000000ed080000)
  to   space 5120K, 0% used [0x00000000ed080000,0x00000000ed080000,0x00000000ed580000)
 ParOldGen       total 87552K, used 1806K [0x00000000c0000000, 0x00000000c5580000, 0x00000000eab00000)
  object space 87552K, 2% used [0x00000000c0000000,0x00000000c01c3af8,0x00000000c5580000)
 Metaspace       used 5792K, capacity 6896K, committed 7040K, reserved 1056768K
  class space    used 559K, capacity 616K, committed 640K, reserved 1048576K
Event: 2.670 GC heap after
Heap after GC invocations=2 (full 0):
 PSYoungGen      total 38400K, used 5116K [0x00000000eab00000, 0x00000000ef600000, 0x0000000100000000)
  eden space 33280K, 0% used [0x00000000eab00000,0x00000000eab00000,0x00000000ecb80000)
  from space 5120K, 99% used [0x00000000ed080000,0x00000000ed57f058,0x00000000ed580000)
  to   space 5120K, 0% used [0x00000000ecb80000,0x00000000ecb80000,0x00000000ed080000)
 ParOldGen       total 87552K, used 10708K [0x00000000c0000000, 0x00000000c5580000, 0x00000000eab00000)
  object space 87552K, 12% used [0x00000000c0000000,0x00000000c0a752f0,0x00000000c5580000)
 Metaspace       used 5792K, capacity 6896K, committed 7040K, reserved 1056768K
  class space    used 559K, capacity 616K, committed 640K, reserved 1048576K
}
Event: 4.728 GC heap before
{Heap before GC invocations=3 (full 0):
 PSYoungGen      total 38400K, used 38396K [0x00000000eab00000, 0x00000000ef600000, 0x0000000100000000)
  eden space 33280K, 100% used [0x00000000eab00000,0x00000000ecb80000,0x00000000ecb80000)
  from space 5120K, 99% used [0x00000000ed080000,0x00000000ed57f058,0x00000000ed580000)
  to   space 5120K, 0% used [0x00000000ecb80000,0x00000000ecb80000,0x00000000ed080000)
 ParOldGen       total 87552K, used 10708K [0x00000000c0000000, 0x00000000c5580000, 0x00000000eab00000)
  object space 87552K, 12% used [0x00000000c0000000,0x00000000c0a752f0,0x00000000c5580000)
 Metaspace       used 5836K, capacity 6960K, committed 7040K, reserved 1056768K
  class space    used 561K, capacity 616K, committed 640K, reserved 1048576K
Event: 5.165 GC heap after
Heap after GC invocations=3 (full 0):
 PSYoungGen      total 38400K, used 5098K [0x00000000eab00000, 0x00000000ef600000, 0x0000000100000000)
  eden space 33280K, 0% used [0x00000000eab00000,0x00000000eab00000,0x00000000ecb80000)
  from space 5120K, 99% used [0x00000000ecb80000,0x00000000ed07ab40,0x00000000ed080000)
  to   space 5120K, 0% used [0x00000000ef100000,0x00000000ef100000,0x00000000ef600000)
 ParOldGen       total 87552K, used 21062K [0x00000000c0000000, 0x00000000c5580000, 0x00000000eab00000)
  object space 87552K, 24% used [0x00000000c0000000,0x00000000c1491ba0,0x00000000c5580000)
 Metaspace       used 5836K, capacity 6960K, committed 7040K, reserved 1056768K
  class space    used 561K, capacity 616K, committed 640K, reserved 1048576K
}
Event: 5.591 GC heap before
{Heap before GC invocations=4 (full 0):
 PSYoungGen      total 38400K, used 38378K [0x00000000eab00000, 0x00000000ef600000, 0x0000000100000000)
  eden space 33280K, 100% used [0x00000000eab00000,0x00000000ecb80000,0x00000000ecb80000)
  from space 5120K, 99% used [0x00000000ecb80000,0x00000000ed07ab40,0x00000000ed080000)
  to   space 5120K, 0% used [0x00000000ef100000,0x00000000ef100000,0x00000000ef600000)
 ParOldGen       total 87552K, used 21062K [0x00000000c0000000, 0x00000000c5580000, 0x00000000eab00000)
  object space 87552K, 24% used [0x00000000c0000000,0x00000000c1491ba0,0x00000000c5580000)
 Metaspace       used 5918K, capacity 7024K, committed 7296K, reserved 1056768K
  class space    used 561K, capacity 616K, committed 640K, reserved 1048576K
Event: 5.661 GC heap after
Heap after GC invocations=4 (full 0):
 PSYoungGen      total 71680K, used 5101K [0x00000000eab00000, 0x00000000ef600000, 0x0000000100000000)
  eden space 66560K, 0% used [0x00000000eab00000,0x00000000eab00000,0x00000000eec00000)
  from space 5120K, 99% used [0x00000000ef100000,0x00000000ef5fb4d8,0x00000000ef600000)
  to   space 5120K, 0% used [0x00000000eec00000,0x00000000eec00000,0x00000000ef100000)
 ParOldGen       total 87552K, used 27469K [0x00000000c0000000, 0x00000000c5580000, 0x00000000eab00000)
  object space 87552K, 31% used [0x00000000c0000000,0x00000000c1ad3528,0x00000000c5580000)
 Metaspace       used 5918K, capacity 7024K, committed 7296K, reserved 1056768K
  class space    used 561K, capacity 616K, committed 640K, reserved 1048576K
}
Event: 6.201 GC heap before
{Heap before GC invocations=5 (full 0):
 PSYoungGen      total 71680K, used 71661K [0x00000000eab00000, 0x00000000ef600000, 0x0000000100000000)
  eden space 66560K, 100% used [0x00000000eab00000,0x00000000eec00000,0x00000000eec00000)
  from space 5120K, 99% used [0x00000000ef100000,0x00000000ef5fb4d8,0x00000000ef600000)
  to   space 5120K, 0% used [0x00000000eec00000,0x00000000eec00000,0x00000000ef100000)
 ParOldGen       total 87552K, used 27469K [0x00000000c0000000, 0x00000000c5580000, 0x00000000eab00000)
  object space 87552K, 31% used [0x00000000c0000000,0x00000000c1ad3528,0x00000000c5580000)
 Metaspace       used 5974K, capacity 7024K, committed 7296K, reserved 1056768K
  class space    used 562K, capacity 616K, committed 640K, reserved 1048576K
Event: 6.233 GC heap after
Heap after GC invocations=5 (full 0):
 PSYoungGen      total 71680K, used 5105K [0x00000000eab00000, 0x00000000f6500000, 0x0000000100000000)
  eden space 66560K, 0% used [0x00000000eab00000,0x00000000eab00000,0x00000000eec00000)
  from space 5120K, 99% used [0x00000000eec00000,0x00000000ef0fc718,0x00000000ef100000)
  to   space 28672K, 0% used [0x00000000f4900000,0x00000000f4900000,0x00000000f6500000)
 ParOldGen       total 87552K, used 52069K [0x00000000c0000000, 0x00000000c5580000, 0x00000000eab00000)
  object space 87552K, 59% used [0x00000000c0000000,0x00000000c32d9488,0x00000000c5580000)
 Metaspace       used 5974K, capacity 7024K, committed 7296K, reserved 1056768K
  class space    used 562K, capacity 616K, committed 640K, reserved 1048576K
}
Event: 6.623 GC heap before
{Heap before GC invocations=6 (full 0):
 PSYoungGen      total 71680K, used 71665K [0x00000000eab00000, 0x00000000f6500000, 0x0000000100000000)
  eden space 66560K, 100% used [0x00000000eab00000,0x00000000eec00000,0x00000000eec00000)
  from space 5120K, 99% used [0x00000000eec00000,0x00000000ef0fc718,0x00000000ef100000)
  to   space 28672K, 0% used [0x00000000f4900000,0x00000000f4900000,0x00000000f6500000)
 ParOldGen       total 87552K, used 52069K [0x00000000c0000000, 0x00000000c5580000, 0x00000000eab00000)
  object space 87552K, 59% used [0x00000000c0000000,0x00000000c32d9488,0x00000000c5580000)
 Metaspace       used 5978K, capacity 7088K, committed 7296K, reserved 1056768K
  class space    used 562K, capacity 616K, committed 640K, reserved 1048576K
Event: 6.649 GC heap after
Heap after GC invocations=6 (full 0):
 PSYoungGen      total 95232K, used 26715K [0x00000000eab00000, 0x00000000f6500000, 0x0000000100000000)
  eden space 66560K, 0% used [0x00000000eab00000,0x00000000eab00000,0x00000000eec00000)
  from space 28672K, 93% used [0x00000000f4900000,0x00000000f6316fb0,0x00000000f6500000)
  to   space 5120K, 0% used [0x00000000eec00000,0x00000000eec00000,0x00000000ef100000)
 ParOldGen       total 87552K, used 52069K [0x00000000c0000000, 0x00000000c5580000, 0x00000000eab00000)
  object space 87552K, 59% used [0x00000000c0000000,0x00000000c32d9488,0x00000000c5580000)
 Metaspace       used 5978K, capacity 7088K, committed 7296K, reserved 1056768K
  class space    used 562K, capacity 616K, committed 640K, reserved 1048576K
}

Deoptimization events (10 events):
Event: 5.445 Thread 0x0000000016faf800 Uncommon trap: reason=unstable_if action=reinterpret pc=0x000000000362f83c method=com.android.dx.dex.code.OutputFinisher.hasLocalInfo(Lcom/android/dx/dex/code/DalvInsn;)Z @ 24
Event: 5.449 Thread 0x0000000016e83000 Uncommon trap: reason=unstable_if action=reinterpret pc=0x00000000037a1544 method=com.android.dx.ssa.SCCP.simulateStmt(Lcom/android/dx/ssa/SsaInsn;)V @ 59
Event: 5.457 Thread 0x0000000016e83000 Uncommon trap: reason=unstable_if action=reinterpret pc=0x00000000038b2cf4 method=com.android.dx.ssa.SsaBasicBlock.scheduleMovesFromPhis()V @ 63
Event: 5.466 Thread 0x0000000016e83000 Uncommon trap: reason=class_check action=maybe_recompile pc=0x000000000383de94 method=com.android.dx.cf.code.RopperMachine.run(Lcom/android/dx/cf/code/Frame;II)V @ 988
Event: 5.467 Thread 0x0000000016e83000 Uncommon trap: reason=class_check action=maybe_recompile pc=0x000000000383de94 method=com.android.dx.cf.code.RopperMachine.run(Lcom/android/dx/cf/code/Frame;II)V @ 988
Event: 5.467 Thread 0x0000000016e83000 Uncommon trap: reason=class_check action=maybe_recompile pc=0x000000000383de94 method=com.android.dx.cf.code.RopperMachine.run(Lcom/android/dx/cf/code/Frame;II)V @ 988
Event: 6.653 Thread 0x0000000016faf800 Uncommon trap: reason=bimorphic action=maybe_recompile pc=0x000000000383ff4c method=com.android.dx.cf.code.RopperMachine.run(Lcom/android/dx/cf/code/Frame;II)V @ 978
Event: 6.653 Thread 0x0000000016faf800 Uncommon trap: reason=bimorphic action=maybe_recompile pc=0x000000000383ff4c method=com.android.dx.cf.code.RopperMachine.run(Lcom/android/dx/cf/code/Frame;II)V @ 978
Event: 6.653 Thread 0x0000000016faf800 Uncommon trap: reason=bimorphic action=maybe_recompile pc=0x000000000383ff4c method=com.android.dx.cf.code.RopperMachine.run(Lcom/android/dx/cf/code/Frame;II)V @ 978
Event: 6.653 Thread 0x0000000016faf800 Uncommon trap: reason=bimorphic action=maybe_recompile pc=0x000000000383ff4c method=com.android.dx.cf.code.RopperMachine.run(Lcom/android/dx/cf/code/Frame;II)V @ 978

Internal exceptions (5 events):
Event: 0.028 Thread 0x00000000030dd800 Exception <a 'java/lang/NoSuchMethodError': Method sun.misc.Unsafe.defineClass(Ljava/lang/String;[BII)Ljava/lang/Class; name or signature does not match> (0x00000000eab07c78) thrown at [C:\src\android\AOSP-openjdk\external\jetbrains\jdk\hotspot\src\share\vbø×TRvœ?
Event: 0.028 Thread 0x00000000030dd800 Exception <a 'java/lang/NoSuchMethodError': Method sun.misc.Unsafe.prefetchRead(Ljava/lang/Object;J)V name or signature does not match> (0x00000000eab07f60) thrown at [C:\src\android\AOSP-openjdk\external\jetbrains\jdk\hotspot\src\share\vm\prims\jni.cpp, lYŒXO^ë?
Event: 0.844 Thread 0x0000000016faf800 Implicit null exception at 0x00000000035c7aa2 to 0x00000000035c7b9a
Event: 5.308 Thread 0x0000000016e83000 Implicit null exception at 0x00000000036d47b3 to 0x00000000036d6005
Event: 5.419 Thread 0x0000000016faf800 Implicit null exception at 0x00000000036f678f to 0x00000000036f7d21

Events (10 events):
Event: 6.703 Thread 0x00000000030dd800 DEOPT PACKING pc=0x00000000038122d7 sp=0x00000000031de0b0
Event: 6.703 Thread 0x00000000030dd800 DEOPT UNPACKING pc=0x00000000033275bf sp=0x00000000031dde98 mode 0
Event: 6.714 Thread 0x0000000016e8a000 DEOPT PACKING pc=0x00000000038122d7 sp=0x0000000017b0e6b0
Event: 6.714 Thread 0x0000000016e8a000 DEOPT UNPACKING pc=0x00000000033275bf sp=0x0000000017b0e498 mode 0
Event: 6.720 Thread 0x00000000030dd800 DEOPT PACKING pc=0x0000000003863169 sp=0x00000000031ddf80
Event: 6.720 Thread 0x00000000030dd800 DEOPT UNPACKING pc=0x00000000033275bf sp=0x00000000031dddb0 mode 0
Event: 6.728 Thread 0x0000000016e83000 DEOPT PACKING pc=0x00000000038faa52 sp=0x000000001790edb0
Event: 6.728 Thread 0x0000000016e83000 DEOPT UNPACKING pc=0x00000000033275bf sp=0x000000001790eb18 mode 0
Event: 6.732 Thread 0x0000000016e83000 DEOPT PACKING pc=0x00000000036ed790 sp=0x000000001790ef40
Event: 6.732 Thread 0x0000000016e83000 DEOPT UNPACKING pc=0x00000000033275bf sp=0x000000001790ec60 mode 0


Dynamic libraries:
0x00007ff6a7a20000 - 0x00007ff6a7a51000 	D:\Program Files\Android\Android Studio\jre\bin\java.exe
0x00007fffec7f0000 - 0x00007fffec9c1000 	C:\WINDOWS\SYSTEM32\ntdll.dll
0x00007fffeb1d0000 - 0x00007fffeb27c000 	C:\WINDOWS\System32\KERNEL32.DLL
0x00007fffe96e0000 - 0x00007fffe98fd000 	C:\WINDOWS\System32\KERNELBASE.dll
0x00007fffe9e60000 - 0x00007fffe9f02000 	C:\WINDOWS\System32\ADVAPI32.dll
0x00007fffeaaa0000 - 0x00007fffeab3e000 	C:\WINDOWS\System32\msvcrt.dll
0x00007fffec790000 - 0x00007fffec7e9000 	C:\WINDOWS\System32\sechost.dll
0x00007fffea970000 - 0x00007fffeaa91000 	C:\WINDOWS\System32\RPCRT4.dll
0x00007fffeac40000 - 0x00007fffeada5000 	C:\WINDOWS\System32\USER32.dll
0x00007fffe9d10000 - 0x00007fffe9d2e000 	C:\WINDOWS\System32\win32u.dll
0x00007fffea180000 - 0x00007fffea1b4000 	C:\WINDOWS\System32\GDI32.dll
0x00007fffe9b80000 - 0x00007fffe9d02000 	C:\WINDOWS\System32\gdi32full.dll
0x00007fffe41c0000 - 0x00007fffe443a000 	C:\WINDOWS\WinSxS\amd64_microsoft.windows.common-controls_6595b64144ccf1df_6.0.14393.953_none_42151e83c686086b\COMCTL32.dll
0x00007fffea600000 - 0x00007fffea8c8000 	C:\WINDOWS\System32\combase.dll
0x00007fffe8ce0000 - 0x00007fffe8dd5000 	C:\WINDOWS\System32\ucrtbase.dll
0x00007fffe9670000 - 0x00007fffe96da000 	C:\WINDOWS\System32\bcryptPrimitives.dll
0x00007fffe9da0000 - 0x00007fffe9dce000 	C:\WINDOWS\System32\IMM32.DLL
0x0000000063bb0000 - 0x0000000063c82000 	D:\Program Files\Android\Android Studio\jre\jre\bin\msvcr100.dll
0x0000000062880000 - 0x00000000630bc000 	D:\Program Files\Android\Android Studio\jre\jre\bin\server\jvm.dll
0x00007fffe9e40000 - 0x00007fffe9e48000 	C:\WINDOWS\System32\PSAPI.DLL
0x00007fffe6560000 - 0x00007fffe6569000 	C:\WINDOWS\SYSTEM32\WSOCK32.dll
0x00007fffea110000 - 0x00007fffea17a000 	C:\WINDOWS\System32\WS2_32.dll
0x00007fffe6c20000 - 0x00007fffe6c43000 	C:\WINDOWS\SYSTEM32\WINMM.dll
0x00007fffe4cf0000 - 0x00007fffe4cfa000 	C:\WINDOWS\SYSTEM32\VERSION.dll
0x00007fffe6b00000 - 0x00007fffe6b2b000 	C:\WINDOWS\SYSTEM32\WINMMBASE.dll
0x00007fffe9d30000 - 0x00007fffe9d72000 	C:\WINDOWS\System32\cfgmgr32.dll
0x00007fffe6550000 - 0x00007fffe655f000 	D:\Program Files\Android\Android Studio\jre\jre\bin\verify.dll
0x00007fffe4bc0000 - 0x00007fffe4be9000 	D:\Program Files\Android\Android Studio\jre\jre\bin\java.dll
0x00007fffe6410000 - 0x00007fffe6426000 	D:\Program Files\Android\Android Studio\jre\jre\bin\zip.dll
0x00007fffeb280000 - 0x00007fffec788000 	C:\WINDOWS\System32\SHELL32.dll
0x00007fffe8e80000 - 0x00007fffe955a000 	C:\WINDOWS\System32\windows.storage.dll
0x00007fffe8c50000 - 0x00007fffe8c9c000 	C:\WINDOWS\System32\powrprof.dll
0x00007fffea050000 - 0x00007fffea0a2000 	C:\WINDOWS\System32\shlwapi.dll
0x00007fffe8cd0000 - 0x00007fffe8cdf000 	C:\WINDOWS\System32\kernel.appcore.dll
0x00007fffe9560000 - 0x00007fffe9609000 	C:\WINDOWS\System32\shcore.dll
0x00007fffe8ca0000 - 0x00007fffe8cb4000 	C:\WINDOWS\System32\profapi.dll

VM Arguments:
jvm_args: -Djava.awt.headless=true -Xmx1024M -Dfile.encoding=GBK -Duser.country=CN -Duser.language=zh -Duser.variant 
java_command: com.android.dx.command.Main --dex --force-jumbo --num-threads=4 --multi-dex --output D:\musicbean\app\build\intermediates\transforms\dex\baidu\debug\folders\1000\5\slice_2 D:\musicbean\app\build\intermediates\transforms\instantRunSlicer\baidu\debug\folders\1\5\slice_2
java_class_path (initial): D:\SDK\build-tools\25.0.0\lib\dx.jar
Launcher Type: SUN_STANDARD

Environment Variables:
JAVA_HOME=C:\Program Files\Java\jdk1.8.0_101
CLASSPATH=.;C:\Program Files\Java\jdk1.8.0_101\lib;
PATH=C:\ProgramData\Oracle\Java\javapath;C:\WINDOWS\system32;C:\WINDOWS;C:\WINDOWS\System32\Wbem;C:\WINDOWS\System32\WindowsPowerShell\v1.0\;C:\Program Files\Java\jdk1.8.0_101\bin;C:\Program Files\Java\jdk1.8.0_101\jre\bin;D:\Git\cmd;C:\Users\Administrator\AppData\Local\Microsoft\WindowsApps;
USERNAME=Administrator
OS=Windows_NT
PROCESSOR_IDENTIFIER=Intel64 Family 6 Model 94 Stepping 3, GenuineIntel



---------------  S Y S T E M  ---------------

OS: Windows 10.0 , 64 bit Build 14393 (10.0.14393.1198)

CPU:total 4 (4 cores per cpu, 1 threads per core) family 6 model 94 stepping 3, cmov, cx8, fxsr, mmx, sse, sse2, sse3, ssse3, sse4.1, sse4.2, popcnt, avx, avx2, aes, clmul, erms, rtm, 3dnowpref, lzcnt, tsc, tscinvbit, bmi1, bmi2, adx

Memory: 4k page, physical 8299524k(1581896k free), swap 14749720k(4376k free)

vm_info: OpenJDK 64-Bit Server VM (25.112-b06) for windows-amd64 JRE (1.8.0_112-release-b06), built on Dec  8 2016 00:54:26 by "builder" with MS VC++ 10.0 (VS2010)

time: Tue May 23 15:44:37 2017
elapsed time: 6 seconds (0d 0h 0m 6s)

