#
# There is insufficient memory for the Java Runtime Environment to continue.
# Native memory allocation (malloc) failed to allocate 126576 bytes for Chunk::new
# Possible reasons:
#   The system is out of physical RAM or swap space
#   In 32 bit mode, the process size limit was hit
# Possible solutions:
#   Reduce memory load on the system
#   Increase physical memory or swap space
#   Check if swap backing store is full
#   Use 64 bit Java on a 64 bit OS
#   Decrease Java heap size (-Xmx/-Xms)
#   Decrease number of Java threads
#   Decrease Java thread stack sizes (-Xss)
#   Set larger code cache with -XX:ReservedCodeCacheSize=
# This output file may be truncated or incomplete.
#
#  Out of Memory Error (allocation.cpp:390), pid=35004, tid=0x0000000000008558
#
# JRE version: OpenJDK Runtime Environment (8.0_112-b06) (build 1.8.0_112-release-b06)
# Java VM: OpenJDK 64-Bit Server VM (25.112-b06 mixed mode windows-amd64 compressed oops)
# Failed to write core dump. Minidumps are not enabled by default on client versions of Windows
#

---------------  T H R E A D  ---------------

Current thread (0x0000000015560000):  JavaThread "C2 CompilerThread0" daemon [_thread_in_native, id=34136, stack(0x0000000016eb0000,0x0000000016fb0000)]

Stack: [0x0000000016eb0000,0x0000000016fb0000]
[error occurred during error reporting (printing stack bounds), id 0xc0000005]

Native frames: (J=compiled Java code, j=interpreted, Vv=VM code, C=native code)


Current CompileTask:
C2:   1136  880       4       com.android.dx.ssa.back.LivenessAnalyzer::handleTailRecursion (94 bytes)


---------------  P R O C E S S  ---------------

Java Threads: ( => current thread )
  0x0000000016b23000 JavaThread "pool-2-thread-4" [_thread_in_Java, id=24852, stack(0x00000000177b0000,0x00000000178b0000)]
  0x0000000016a9f000 JavaThread "pool-2-thread-3" [_thread_in_Java, id=28624, stack(0x00000000176b0000,0x00000000177b0000)]
  0x0000000016a24800 JavaThread "pool-2-thread-2" [_thread_in_Java, id=39284, stack(0x00000000175b0000,0x00000000176b0000)]
  0x0000000016a1a800 JavaThread "pool-3-thread-1" [_thread_blocked, id=40696, stack(0x00000000174b0000,0x00000000175b0000)]
  0x0000000016a19800 JavaThread "pool-2-thread-1" [_thread_blocked, id=40708, stack(0x00000000173b0000,0x00000000174b0000)]
  0x000000001690f000 JavaThread "Service Thread" daemon [_thread_blocked, id=10736, stack(0x00000000171b0000,0x00000000172b0000)]
  0x0000000016903800 JavaThread "C1 CompilerThread2" daemon [_thread_in_vm, id=6140, stack(0x00000000170b0000,0x00000000171b0000)]
  0x00000000155a8800 JavaThread "C2 CompilerThread1" daemon [_thread_in_native, id=33544, stack(0x0000000016fb0000,0x00000000170b0000)]
=>0x0000000015560000 JavaThread "C2 CompilerThread0" daemon [_thread_in_native, id=34136, stack(0x0000000016eb0000,0x0000000016fb0000)]
  0x00000000155a7800 JavaThread "Attach Listener" daemon [_thread_blocked, id=40508, stack(0x0000000016db0000,0x0000000016eb0000)]
  0x00000000168b8800 JavaThread "Signal Dispatcher" daemon [_thread_blocked, id=4856, stack(0x0000000016cb0000,0x0000000016db0000)]
  0x0000000002e75800 JavaThread "Finalizer" daemon [_thread_blocked, id=39752, stack(0x00000000167b0000,0x00000000168b0000)]
  0x0000000002e70000 JavaThread "Reference Handler" daemon [_thread_blocked, id=40556, stack(0x00000000166b0000,0x00000000167b0000)]
  0x0000000002c7d800 JavaThread "main" [_thread_in_Java, id=31708, stack(0x0000000002c80000,0x0000000002d80000)]

Other Threads:
  0x0000000015514800 VMThread [stack: 0x00000000165b0000,0x00000000166b0000] [id=36812]
  0x0000000016911000 WatcherThread [stack: 0x00000000172b0000,0x00000000173b0000] [id=33804]

VM state:not at safepoint (normal execution)

VM Mutex/Monitor currently owned by a thread: None

Heap:
 PSYoungGen      total 38400K, used 22114K [0x00000000eab00000, 0x00000000ed580000, 0x0000000100000000)
  eden space 33280K, 66% used [0x00000000eab00000,0x00000000ec0989f8,0x00000000ecb80000)
  from space 5120K, 0% used [0x00000000ed080000,0x00000000ed080000,0x00000000ed580000)
  to   space 5120K, 0% used [0x00000000ecb80000,0x00000000ecb80000,0x00000000ed080000)
 ParOldGen       total 87552K, used 0K [0x00000000c0000000, 0x00000000c5580000, 0x00000000eab00000)
  object space 87552K, 0% used [0x00000000c0000000,0x00000000c0000000,0x00000000c5580000)
 Metaspace       used 5669K, capacity 6832K, committed 7040K, reserved 1056768K
  class space    used 560K, capacity 616K, committed 640K, reserved 1048576K

Card table byte_map: [0x0000000012240000,0x0000000012450000] byte_map_base: 0x0000000011c40000

Marking Bits: (ParMarkBitMap*) 0x00000000630418f0
 Begin Bits: [0x00000000129b0000, 0x00000000139b0000)
 End Bits:   [0x00000000139b0000, 0x00000000149b0000)

Polling page: 0x0000000002b80000

CodeCache: size=245760Kb used=4081Kb max_used=4081Kb free=241678Kb
 bounds [0x0000000002e80000, 0x0000000003280000, 0x0000000011e80000]
 total_blobs=1213 nmethods=950 adapters=177
 compilation: enabled

Compilation events (10 events):
Event: 1.118 Thread 0x0000000016903800 nmethod 937 0x0000000003252b90 code [0x0000000003252ce0, 0x0000000003252df0]
Event: 1.119 Thread 0x0000000016903800  938       3       com.android.dx.rop.type.Type::isUninitialized (13 bytes)
Event: 1.119 Thread 0x0000000016903800 nmethod 938 0x0000000003252e50 code [0x0000000003252fa0, 0x0000000003253150]
Event: 1.121 Thread 0x0000000016903800  939       3       com.android.dx.ssa.SsaMethod::getUseListCopy (56 bytes)
Event: 1.121 Thread 0x0000000016903800 nmethod 939 0x00000000032531d0 code [0x0000000003253360, 0x0000000003253878]
Event: 1.122 Thread 0x0000000016903800  940       3       com.android.dx.rop.code.RegisterSpecList::withFirst (64 bytes)
Event: 1.122 Thread 0x0000000016903800 nmethod 940 0x0000000003253a90 code [0x0000000003253d20, 0x00000000032550a8]
Event: 1.122 Thread 0x0000000016903800  941       3       com.android.dx.util.MutabilityControl::isImmutable (13 bytes)
Event: 1.123 Thread 0x0000000016903800 nmethod 941 0x0000000003255d90 code [0x0000000003255ee0, 0x0000000003256090]
Event: 1.123 Thread 0x0000000016903800  942       3       com.android.dx.cf.code.Simulator$SimVisitor::visitNoArgs (2136 bytes)

GC Heap History (0 events):
No events

Deoptimization events (10 events):
Event: 0.794 Thread 0x0000000002c7d800 Uncommon trap: reason=bimorphic action=maybe_recompile pc=0x00000000030467f8 method=java.util.HashMap.getNode(ILjava/lang/Object;)Ljava/util/HashMap$Node; @ 59
Event: 0.838 Thread 0x0000000016a24800 Uncommon trap: reason=class_check action=maybe_recompile pc=0x0000000003053178 method=java.util.HashMap.getNode(ILjava/lang/Object;)Ljava/util/HashMap$Node; @ 126
Event: 0.838 Thread 0x0000000016a24800 Uncommon trap: reason=class_check action=maybe_recompile pc=0x0000000003053178 method=java.util.HashMap.getNode(ILjava/lang/Object;)Ljava/util/HashMap$Node; @ 126
Event: 0.838 Thread 0x0000000016a24800 Uncommon trap: reason=class_check action=maybe_recompile pc=0x0000000003053178 method=java.util.HashMap.getNode(ILjava/lang/Object;)Ljava/util/HashMap$Node; @ 126
Event: 0.838 Thread 0x0000000016a24800 Uncommon trap: reason=class_check action=maybe_recompile pc=0x0000000003053178 method=java.util.HashMap.getNode(ILjava/lang/Object;)Ljava/util/HashMap$Node; @ 126
Event: 0.857 Thread 0x0000000002c7d800 Uncommon trap: reason=unstable_if action=reinterpret pc=0x0000000003090cc0 method=java.util.HashMap.getNode(ILjava/lang/Object;)Ljava/util/HashMap$Node; @ 62
Event: 1.101 Thread 0x0000000016a9f000 Uncommon trap: reason=class_check action=maybe_recompile pc=0x000000000312e4f0 method=com.android.dx.ssa.NormalSsaInsn.accept(Lcom/android/dx/ssa/SsaInsn$Visitor;)V @ 9
Event: 1.101 Thread 0x0000000016a9f000 Uncommon trap: reason=class_check action=maybe_recompile pc=0x000000000312e4f0 method=com.android.dx.ssa.NormalSsaInsn.accept(Lcom/android/dx/ssa/SsaInsn$Visitor;)V @ 9
Event: 1.101 Thread 0x0000000016a9f000 Uncommon trap: reason=class_check action=maybe_recompile pc=0x000000000312e4f0 method=com.android.dx.ssa.NormalSsaInsn.accept(Lcom/android/dx/ssa/SsaInsn$Visitor;)V @ 9
Event: 1.101 Thread 0x0000000016a9f000 Uncommon trap: reason=class_check action=maybe_recompile pc=0x000000000312e4f0 method=com.android.dx.ssa.NormalSsaInsn.accept(Lcom/android/dx/ssa/SsaInsn$Visitor;)V @ 9

Internal exceptions (2 events):
Event: 0.412 Thread 0x0000000002c7d800 Exception <a 'java/lang/NoSuchMethodError': Method sun.misc.Unsafe.defineClass(Ljava/lang/String;[BII)Ljava/lang/Class; name or signature does not match> (0x00000000eab07c78) thrown at [C:\src\android\AOSP-openjdk\external\jetbrains\jdk\hotspot\src\share\vxi´aÚ?
Event: 0.412 Thread 0x0000000002c7d800 Exception <a 'java/lang/NoSuchMethodError': Method sun.misc.Unsafe.prefetchRead(Ljava/lang/Object;J)V name or signature does not match> (0x00000000eab07f60) thrown at [C:\src\android\AOSP-openjdk\external\jetbrains\jdk\hotspot\src\share\vm\prims\jni.cpp, l

Events (10 events):
Event: 1.101 Thread 0x0000000016a9f000 Uncommon trap: trap_request=0xffffffde fr.pc=0x000000000312e4f0
Event: 1.101 Thread 0x0000000016a9f000 DEOPT PACKING pc=0x000000000312e4f0 sp=0x00000000177ae970
Event: 1.101 Thread 0x0000000016a9f000 DEOPT UNPACKING pc=0x0000000002ec556a sp=0x00000000177ae9a0 mode 2
Event: 1.101 Thread 0x0000000016a9f000 Uncommon trap: trap_request=0xffffffde fr.pc=0x000000000312e4f0
Event: 1.101 Thread 0x0000000016a9f000 DEOPT PACKING pc=0x000000000312e4f0 sp=0x00000000177ae970
Event: 1.101 Thread 0x0000000016a9f000 DEOPT UNPACKING pc=0x0000000002ec556a sp=0x00000000177ae9a0 mode 2
Event: 1.103 loading class com/android/dx/rop/cst/CstArray$List
Event: 1.103 loading class com/android/dx/rop/cst/CstArray$List done
Event: 1.113 loading class com/android/dx/dex/file/FieldAnnotationStruct
Event: 1.113 loading class com/android/dx/dex/file/FieldAnnotationStruct done


Dynamic libraries:
0x00007ff6a7a20000 - 0x00007ff6a7a51000 	D:\Program Files\Android\Android Studio\jre\bin\java.exe
0x00007fffec7f0000 - 0x00007fffec9c1000 	C:\WINDOWS\SYSTEM32\ntdll.dll
0x00007fffeb1d0000 - 0x00007fffeb27c000 	C:\WINDOWS\System32\KERNEL32.DLL
0x00007fffe96e0000 - 0x00007fffe98fd000 	C:\WINDOWS\System32\KERNELBASE.dll
0x00007fffe9e60000 - 0x00007fffe9f02000 	C:\WINDOWS\System32\ADVAPI32.dll
0x00007fffeaaa0000 - 0x00007fffeab3e000 	C:\WINDOWS\System32\msvcrt.dll
0x00007fffec790000 - 0x00007fffec7e9000 	C:\WINDOWS\System32\sechost.dll
0x00007fffea970000 - 0x00007fffeaa91000 	C:\WINDOWS\System32\RPCRT4.dll
0x00007fffeac40000 - 0x00007fffeada5000 	C:\WINDOWS\System32\USER32.dll
0x00007fffe9d10000 - 0x00007fffe9d2e000 	C:\WINDOWS\System32\win32u.dll
0x00007fffea180000 - 0x00007fffea1b4000 	C:\WINDOWS\System32\GDI32.dll
0x00007fffe9b80000 - 0x00007fffe9d02000 	C:\WINDOWS\System32\gdi32full.dll
0x00007fffe41c0000 - 0x00007fffe443a000 	C:\WINDOWS\WinSxS\amd64_microsoft.windows.common-controls_6595b64144ccf1df_6.0.14393.953_none_42151e83c686086b\COMCTL32.dll
0x00007fffea600000 - 0x00007fffea8c8000 	C:\WINDOWS\System32\combase.dll
0x00007fffe8ce0000 - 0x00007fffe8dd5000 	C:\WINDOWS\System32\ucrtbase.dll
0x00007fffe9670000 - 0x00007fffe96da000 	C:\WINDOWS\System32\bcryptPrimitives.dll
0x00007fffe9da0000 - 0x00007fffe9dce000 	C:\WINDOWS\System32\IMM32.DLL
0x0000000063bb0000 - 0x0000000063c82000 	D:\Program Files\Android\Android Studio\jre\jre\bin\msvcr100.dll
0x0000000062880000 - 0x00000000630bc000 	D:\Program Files\Android\Android Studio\jre\jre\bin\server\jvm.dll
0x00007fffe9e40000 - 0x00007fffe9e48000 	C:\WINDOWS\System32\PSAPI.DLL
0x00007fffe6560000 - 0x00007fffe6569000 	C:\WINDOWS\SYSTEM32\WSOCK32.dll
0x00007fffea110000 - 0x00007fffea17a000 	C:\WINDOWS\System32\WS2_32.dll
0x00007fffe6c20000 - 0x00007fffe6c43000 	C:\WINDOWS\SYSTEM32\WINMM.dll
0x00007fffe4cf0000 - 0x00007fffe4cfa000 	C:\WINDOWS\SYSTEM32\VERSION.dll
0x00007fffe6b00000 - 0x00007fffe6b2b000 	C:\WINDOWS\SYSTEM32\WINMMBASE.dll
0x00007fffe9d30000 - 0x00007fffe9d72000 	C:\WINDOWS\System32\cfgmgr32.dll
0x00007fffe6550000 - 0x00007fffe655f000 	D:\Program Files\Android\Android Studio\jre\jre\bin\verify.dll
0x00007fffe4bc0000 - 0x00007fffe4be9000 	D:\Program Files\Android\Android Studio\jre\jre\bin\java.dll
0x00007fffe6410000 - 0x00007fffe6426000 	D:\Program Files\Android\Android Studio\jre\jre\bin\zip.dll
0x00007fffeb280000 - 0x00007fffec788000 	C:\WINDOWS\System32\SHELL32.dll
0x00007fffe8e80000 - 0x00007fffe955a000 	C:\WINDOWS\System32\windows.storage.dll
0x00007fffe8c50000 - 0x00007fffe8c9c000 	C:\WINDOWS\System32\powrprof.dll
0x00007fffea050000 - 0x00007fffea0a2000 	C:\WINDOWS\System32\shlwapi.dll
0x00007fffe8cd0000 - 0x00007fffe8cdf000 	C:\WINDOWS\System32\kernel.appcore.dll
0x00007fffe9560000 - 0x00007fffe9609000 	C:\WINDOWS\System32\shcore.dll
0x00007fffe8ca0000 - 0x00007fffe8cb4000 	C:\WINDOWS\System32\profapi.dll

VM Arguments:
jvm_args: -Djava.awt.headless=true -Xmx1024M -Dfile.encoding=GBK -Duser.country=CN -Duser.language=zh -Duser.variant 
java_command: com.android.dx.command.Main --dex --force-jumbo --num-threads=4 --multi-dex --output D:\musicbean\app\build\intermediates\transforms\dex\baidu\debug\folders\1000\5\slice_4 D:\musicbean\app\build\intermediates\transforms\instantRunSlicer\baidu\debug\folders\1\5\slice_4
java_class_path (initial): D:\SDK\build-tools\25.0.0\lib\dx.jar
Launcher Type: SUN_STANDARD

Environment Variables:
JAVA_HOME=C:\Program Files\Java\jdk1.8.0_101
CLASSPATH=.;C:\Program Files\Java\jdk1.8.0_101\lib;
PATH=C:\ProgramData\Oracle\Java\javapath;C:\WINDOWS\system32;C:\WINDOWS;C:\WINDOWS\System32\Wbem;C:\WINDOWS\System32\WindowsPowerShell\v1.0\;C:\Program Files\Java\jdk1.8.0_101\bin;C:\Program Files\Java\jdk1.8.0_101\jre\bin;D:\Git\cmd;C:\Users\Administrator\AppData\Local\Microsoft\WindowsApps;
USERNAME=Administrator
OS=Windows_NT
PROCESSOR_IDENTIFIER=Intel64 Family 6 Model 94 Stepping 3, GenuineIntel



---------------  S Y S T E M  ---------------

OS: Windows 10.0 , 64 bit Build 14393 (10.0.14393.1198)

CPU:total 4 (4 cores per cpu, 1 threads per core) family 6 model 94 stepping 3, cmov, cx8, fxsr, mmx, sse, sse2, sse3, ssse3, sse4.1, sse4.2, popcnt, avx, avx2, aes, clmul, erms, rtm, 3dnowpref, lzcnt, tsc, tscinvbit, bmi1, bmi2, adx

Memory: 4k page, physical 8299524k(1287012k free), swap 14749720k(3236k free)

vm_info: OpenJDK 64-Bit Server VM (25.112-b06) for windows-amd64 JRE (1.8.0_112-release-b06), built on Dec  8 2016 00:54:26 by "builder" with MS VC++ 10.0 (VS2010)

time: Wed May 24 11:05:43 2017
elapsed time: 1 seconds (0d 0h 0m 1s)

