#
# There is insufficient memory for the Java Runtime Environment to continue.
# Native memory allocation (malloc) failed to allocate 267616 bytes for Chunk::new
# Possible reasons:
#   The system is out of physical RAM or swap space
#   In 32 bit mode, the process size limit was hit
# Possible solutions:
#   Reduce memory load on the system
#   Increase physical memory or swap space
#   Check if swap backing store is full
#   Use 64 bit Java on a 64 bit OS
#   Decrease Java heap size (-Xmx/-Xms)
#   Decrease number of Java threads
#   Decrease Java thread stack sizes (-Xss)
#   Set larger code cache with -XX:ReservedCodeCacheSize=
# This output file may be truncated or incomplete.
#
#  Out of Memory Error (allocation.cpp:390), pid=17292, tid=0x0000000000007f50
#
# JRE version: OpenJDK Runtime Environment (8.0_112-b06) (build 1.8.0_112-release-b06)
# Java VM: OpenJDK 64-Bit Server VM (25.112-b06 mixed mode windows-amd64 compressed oops)
# Failed to write core dump. Minidumps are not enabled by default on client versions of Windows
#

---------------  T H R E A D  ---------------

Current thread (0x0000000015090000):  JavaThread "C2 CompilerThread0" daemon [_thread_in_native, id=32592, stack(0x0000000016a40000,0x0000000016b40000)]

Stack: [0x0000000016a40000,0x0000000016b40000]
[error occurred during error reporting (printing stack bounds), id 0xc0000005]

Native frames: (J=compiled Java code, j=interpreted, Vv=VM code, C=native code)


Current CompileTask:
C2:  11726 2861       4       com.android.dx.dex.code.StdCatchBuilder::build (262 bytes)


---------------  P R O C E S S  ---------------

Java Threads: ( => current thread )
  0x00000000166d5800 JavaThread "pool-1-thread-1" [_thread_in_Java, id=12252, stack(0x0000000019d30000,0x0000000019e30000)]
  0x00000000164a6000 JavaThread "Service Thread" daemon [_thread_blocked, id=38340, stack(0x0000000016d40000,0x0000000016e40000)]
  0x000000001649e800 JavaThread "C1 CompilerThread2" daemon [_thread_blocked, id=12808, stack(0x0000000016c40000,0x0000000016d40000)]
  0x00000000150de000 JavaThread "C2 CompilerThread1" daemon [_thread_in_native, id=38740, stack(0x0000000016b40000,0x0000000016c40000)]
=>0x0000000015090000 JavaThread "C2 CompilerThread0" daemon [_thread_in_native, id=32592, stack(0x0000000016a40000,0x0000000016b40000)]
  0x00000000150d7800 JavaThread "Attach Listener" daemon [_thread_blocked, id=38164, stack(0x0000000016940000,0x0000000016a40000)]
  0x0000000016448800 JavaThread "Signal Dispatcher" daemon [_thread_blocked, id=38824, stack(0x0000000016840000,0x0000000016940000)]
  0x00000000029a5800 JavaThread "Finalizer" daemon [_thread_blocked, id=39112, stack(0x00000000162e0000,0x00000000163e0000)]
  0x00000000029a0000 JavaThread "Reference Handler" daemon [_thread_blocked, id=23444, stack(0x00000000161e0000,0x00000000162e0000)]
  0x000000000253d800 JavaThread "main" [_thread_blocked, id=35044, stack(0x00000000023d0000,0x00000000024d0000)]

Other Threads:
  0x0000000015044800 VMThread [stack: 0x00000000160e0000,0x00000000161e0000] [id=4632]
  0x00000000164a9800 WatcherThread [stack: 0x0000000016e40000,0x0000000016f40000] [id=2920]

VM state:not at safepoint (normal execution)

VM Mutex/Monitor currently owned by a thread: None

Heap:
 PSYoungGen      total 284672K, used 75034K [0x00000000eab00000, 0x00000000ff700000, 0x0000000100000000)
  eden space 253952K, 17% used [0x00000000eab00000,0x00000000ed647ee0,0x00000000fa300000)
  from space 30720K, 99% used [0x00000000fc900000,0x00000000fe6fec70,0x00000000fe700000)
  to   space 38912K, 0% used [0x00000000fa300000,0x00000000fa300000,0x00000000fc900000)
 ParOldGen       total 87552K, used 52204K [0x00000000c0000000, 0x00000000c5580000, 0x00000000eab00000)
  object space 87552K, 59% used [0x00000000c0000000,0x00000000c32fb190,0x00000000c5580000)
 Metaspace       used 6771K, capacity 7472K, committed 7552K, reserved 1056768K
  class space    used 601K, capacity 616K, committed 640K, reserved 1048576K

Card table byte_map: [0x0000000011d70000,0x0000000011f80000] byte_map_base: 0x0000000011770000

Marking Bits: (ParMarkBitMap*) 0x00000000630418f0
 Begin Bits: [0x00000000124e0000, 0x00000000134e0000)
 End Bits:   [0x00000000134e0000, 0x00000000144e0000)

Polling page: 0x00000000024d0000

CodeCache: size=245760Kb used=12424Kb max_used=12424Kb free=233335Kb
 bounds [0x00000000029b0000, 0x00000000035e0000, 0x00000000119b0000]
 total_blobs=3026 nmethods=2755 adapters=184
 compilation: enabled

Compilation events (10 events):
Event: 11.700 Thread 0x0000000015090000 nmethod 2873 0x00000000035d2710 code [0x00000000035d2880, 0x00000000035d2be8]
Event: 11.700 Thread 0x0000000015090000 2861       4       com.android.dx.dex.code.StdCatchBuilder::build (262 bytes)
Event: 11.704 Thread 0x000000001649e800 2875       3       com.android.dx.dex.code.LocalStart::withMapper (20 bytes)
Event: 11.705 Thread 0x000000001649e800 nmethod 2875 0x00000000035d7010 code [0x00000000035d71c0, 0x00000000035d7728]
Event: 11.708 Thread 0x000000001649e800 2878       3       com.android.dx.dex.code.form.Form23x::isCompatible (68 bytes)
Event: 11.708 Thread 0x000000001649e800 nmethod 2878 0x00000000035daf90 code [0x00000000035db1a0, 0x00000000035dc248]
Event: 11.709 Thread 0x000000001649e800 2879       3       com.android.dx.dex.code.form.Form22c::compatibleRegs (48 bytes)
Event: 11.710 Thread 0x000000001649e800 nmethod 2879 0x00000000035dc610 code [0x00000000035dc820, 0x00000000035dd4a8]
Event: 11.710 Thread 0x000000001649e800 2880       1       com.android.dx.dex.code.form.Form22t::codeSize (2 bytes)
Event: 11.710 Thread 0x000000001649e800 nmethod 2880 0x00000000035dacd0 code [0x00000000035dae20, 0x00000000035daf30]

GC Heap History (10 events):
Event: 4.319 GC heap before
{Heap before GC invocations=4 (full 0):
 PSYoungGen      total 38400K, used 38379K [0x00000000eab00000, 0x00000000ef600000, 0x0000000100000000)
  eden space 33280K, 100% used [0x00000000eab00000,0x00000000ecb80000,0x00000000ecb80000)
  from space 5120K, 99% used [0x00000000ecb80000,0x00000000ed07acc8,0x00000000ed080000)
  to   space 5120K, 0% used [0x00000000ef100000,0x00000000ef100000,0x00000000ef600000)
 ParOldGen       total 87552K, used 12648K [0x00000000c0000000, 0x00000000c5580000, 0x00000000eab00000)
  object space 87552K, 14% used [0x00000000c0000000,0x00000000c0c5a058,0x00000000c5580000)
 Metaspace       used 6295K, capacity 7152K, committed 7296K, reserved 1056768K
  class space    used 582K, capacity 616K, committed 640K, reserved 1048576K
Event: 4.352 GC heap after
Heap after GC invocations=4 (full 0):
 PSYoungGen      total 71680K, used 5115K [0x00000000eab00000, 0x00000000ef600000, 0x0000000100000000)
  eden space 66560K, 0% used [0x00000000eab00000,0x00000000eab00000,0x00000000eec00000)
  from space 5120K, 99% used [0x00000000ef100000,0x00000000ef5fec80,0x00000000ef600000)
  to   space 5120K, 0% used [0x00000000eec00000,0x00000000eec00000,0x00000000ef100000)
 ParOldGen       total 87552K, used 18244K [0x00000000c0000000, 0x00000000c5580000, 0x00000000eab00000)
  object space 87552K, 20% used [0x00000000c0000000,0x00000000c11d1220,0x00000000c5580000)
 Metaspace       used 6295K, capacity 7152K, committed 7296K, reserved 1056768K
  class space    used 582K, capacity 616K, committed 640K, reserved 1048576K
}
Event: 6.626 GC heap before
{Heap before GC invocations=5 (full 0):
 PSYoungGen      total 71680K, used 71675K [0x00000000eab00000, 0x00000000ef600000, 0x0000000100000000)
  eden space 66560K, 100% used [0x00000000eab00000,0x00000000eec00000,0x00000000eec00000)
  from space 5120K, 99% used [0x00000000ef100000,0x00000000ef5fec80,0x00000000ef600000)
  to   space 5120K, 0% used [0x00000000eec00000,0x00000000eec00000,0x00000000ef100000)
 ParOldGen       total 87552K, used 18244K [0x00000000c0000000, 0x00000000c5580000, 0x00000000eab00000)
  object space 87552K, 20% used [0x00000000c0000000,0x00000000c11d1220,0x00000000c5580000)
 Metaspace       used 6363K, capacity 7152K, committed 7296K, reserved 1056768K
  class space    used 583K, capacity 616K, committed 640K, reserved 1048576K
Event: 7.542 GC heap after
Heap after GC invocations=5 (full 0):
 PSYoungGen      total 71680K, used 5108K [0x00000000eab00000, 0x00000000f5000000, 0x0000000100000000)
  eden space 66560K, 0% used [0x00000000eab00000,0x00000000eab00000,0x00000000eec00000)
  from space 5120K, 99% used [0x00000000eec00000,0x00000000ef0fd130,0x00000000ef100000)
  to   space 17920K, 0% used [0x00000000f3e80000,0x00000000f3e80000,0x00000000f5000000)
 ParOldGen       total 87552K, used 29824K [0x00000000c0000000, 0x00000000c5580000, 0x00000000eab00000)
  object space 87552K, 34% used [0x00000000c0000000,0x00000000c1d20090,0x00000000c5580000)
 Metaspace       used 6363K, capacity 7152K, committed 7296K, reserved 1056768K
  class space    used 583K, capacity 616K, committed 640K, reserved 1048576K
}
Event: 8.304 GC heap before
{Heap before GC invocations=6 (full 0):
 PSYoungGen      total 71680K, used 71668K [0x00000000eab00000, 0x00000000f5000000, 0x0000000100000000)
  eden space 66560K, 100% used [0x00000000eab00000,0x00000000eec00000,0x00000000eec00000)
  from space 5120K, 99% used [0x00000000eec00000,0x00000000ef0fd130,0x00000000ef100000)
  to   space 17920K, 0% used [0x00000000f3e80000,0x00000000f3e80000,0x00000000f5000000)
 ParOldGen       total 87552K, used 29824K [0x00000000c0000000, 0x00000000c5580000, 0x00000000eab00000)
  object space 87552K, 34% used [0x00000000c0000000,0x00000000c1d20090,0x00000000c5580000)
 Metaspace       used 6416K, capacity 7216K, committed 7296K, reserved 1056768K
  class space    used 583K, capacity 616K, committed 640K, reserved 1048576K
Event: 8.367 GC heap after
Heap after GC invocations=6 (full 0):
 PSYoungGen      total 148992K, used 16708K [0x00000000eab00000, 0x00000000f5400000, 0x0000000100000000)
  eden space 131072K, 0% used [0x00000000eab00000,0x00000000eab00000,0x00000000f2b00000)
  from space 17920K, 93% used [0x00000000f3e80000,0x00000000f4ed1150,0x00000000f5000000)
  to   space 19968K, 0% used [0x00000000f2b00000,0x00000000f2b00000,0x00000000f3e80000)
 ParOldGen       total 87552K, used 29824K [0x00000000c0000000, 0x00000000c5580000, 0x00000000eab00000)
  object space 87552K, 34% used [0x00000000c0000000,0x00000000c1d20090,0x00000000c5580000)
 Metaspace       used 6416K, capacity 7216K, committed 7296K, reserved 1056768K
  class space    used 583K, capacity 616K, committed 640K, reserved 1048576K
}
Event: 9.209 GC heap before
{Heap before GC invocations=7 (full 0):
 PSYoungGen      total 148992K, used 147780K [0x00000000eab00000, 0x00000000f5400000, 0x0000000100000000)
  eden space 131072K, 100% used [0x00000000eab00000,0x00000000f2b00000,0x00000000f2b00000)
  from space 17920K, 93% used [0x00000000f3e80000,0x00000000f4ed1150,0x00000000f5000000)
  to   space 19968K, 0% used [0x00000000f2b00000,0x00000000f2b00000,0x00000000f3e80000)
 ParOldGen       total 87552K, used 29824K [0x00000000c0000000, 0x00000000c5580000, 0x00000000eab00000)
  object space 87552K, 34% used [0x00000000c0000000,0x00000000c1d20090,0x00000000c5580000)
 Metaspace       used 6440K, capacity 7216K, committed 7296K, reserved 1056768K
  class space    used 583K, capacity 616K, committed 640K, reserved 1048576K
Event: 9.383 GC heap after
Heap after GC invocations=7 (full 0):
 PSYoungGen      total 151040K, used 19950K [0x00000000eab00000, 0x00000000fe700000, 0x0000000100000000)
  eden space 131072K, 0% used [0x00000000eab00000,0x00000000eab00000,0x00000000f2b00000)
  from space 19968K, 99% used [0x00000000f2b00000,0x00000000f3e7b9d8,0x00000000f3e80000)
  to   space 30720K, 0% used [0x00000000fc900000,0x00000000fc900000,0x00000000fe700000)
 ParOldGen       total 87552K, used 45150K [0x00000000c0000000, 0x00000000c5580000, 0x00000000eab00000)
  object space 87552K, 51% used [0x00000000c0000000,0x00000000c2c17a20,0x00000000c5580000)
 Metaspace       used 6440K, capacity 7216K, committed 7296K, reserved 1056768K
  class space    used 583K, capacity 616K, committed 640K, reserved 1048576K
}
Event: 10.493 GC heap before
{Heap before GC invocations=8 (full 0):
 PSYoungGen      total 151040K, used 151022K [0x00000000eab00000, 0x00000000fe700000, 0x0000000100000000)
  eden space 131072K, 100% used [0x00000000eab00000,0x00000000f2b00000,0x00000000f2b00000)
  from space 19968K, 99% used [0x00000000f2b00000,0x00000000f3e7b9d8,0x00000000f3e80000)
  to   space 30720K, 0% used [0x00000000fc900000,0x00000000fc900000,0x00000000fe700000)
 ParOldGen       total 87552K, used 45150K [0x00000000c0000000, 0x00000000c5580000, 0x00000000eab00000)
  object space 87552K, 51% used [0x00000000c0000000,0x00000000c2c17a20,0x00000000c5580000)
 Metaspace       used 6449K, capacity 7216K, committed 7296K, reserved 1056768K
  class space    used 583K, capacity 616K, committed 640K, reserved 1048576K
Event: 10.649 GC heap after
Heap after GC invocations=8 (full 0):
 PSYoungGen      total 284672K, used 30715K [0x00000000eab00000, 0x00000000ff700000, 0x0000000100000000)
  eden space 253952K, 0% used [0x00000000eab00000,0x00000000eab00000,0x00000000fa300000)
  from space 30720K, 99% used [0x00000000fc900000,0x00000000fe6fec70,0x00000000fe700000)
  to   space 38912K, 0% used [0x00000000fa300000,0x00000000fa300000,0x00000000fc900000)
 ParOldGen       total 87552K, used 52204K [0x00000000c0000000, 0x00000000c5580000, 0x00000000eab00000)
  object space 87552K, 59% used [0x00000000c0000000,0x00000000c32fb190,0x00000000c5580000)
 Metaspace       used 6449K, capacity 7216K, committed 7296K, reserved 1056768K
  class space    used 583K, capacity 616K, committed 640K, reserved 1048576K
}

Deoptimization events (10 events):
Event: 11.479 Thread 0x00000000166d5800 Uncommon trap: reason=class_check action=maybe_recompile pc=0x0000000002cd5eb8 method=java.util.Arrays.equals([Ljava/lang/Object;[Ljava/lang/Object;)Z @ 62
Event: 11.481 Thread 0x00000000166d5800 Uncommon trap: reason=unstable_if action=reinterpret pc=0x00000000031e9f54 method=java.util.TreeMap.put(Ljava/lang/Object;Ljava/lang/Object;)Ljava/lang/Object; @ 163
Event: 11.522 Thread 0x00000000166d5800 Uncommon trap: reason=unstable_if action=reinterpret pc=0x000000000353578c method=com.android.dx.dex.code.OutputFinisher.findOpcodeForInsn(Lcom/android/dx/dex/code/DalvInsn;Lcom/android/dx/dex/code/Dop;)Lcom/android/dx/dex/code/Dop; @ 1
Event: 11.552 Thread 0x00000000166d5800 Uncommon trap: reason=unstable_if action=reinterpret pc=0x000000000359dc8c method=com.android.dx.rop.code.RegisterSpecSet.findMatchingLocal(Lcom/android/dx/rop/code/RegisterSpec;)Lcom/android/dx/rop/code/RegisterSpec; @ 35
Event: 11.580 Thread 0x00000000166d5800 Uncommon trap: reason=class_check action=maybe_recompile pc=0x00000000035bb014 method=com.android.dx.dex.code.OutputFinisher.calculateReservedCount([Lcom/android/dx/dex/code/Dop;)I @ 72
Event: 11.581 Thread 0x00000000166d5800 Uncommon trap: reason=class_check action=maybe_recompile pc=0x00000000035bb014 method=com.android.dx.dex.code.OutputFinisher.calculateReservedCount([Lcom/android/dx/dex/code/Dop;)I @ 72
Event: 11.581 Thread 0x00000000166d5800 Uncommon trap: reason=class_check action=maybe_recompile pc=0x00000000035a5d24 method=com.android.dx.dex.code.OutputFinisher.calculateReservedCount([Lcom/android/dx/dex/code/Dop;)I @ 72
Event: 11.581 Thread 0x00000000166d5800 Uncommon trap: reason=class_check action=maybe_recompile pc=0x00000000035bb014 method=com.android.dx.dex.code.OutputFinisher.calculateReservedCount([Lcom/android/dx/dex/code/Dop;)I @ 72
Event: 11.583 Thread 0x00000000166d5800 Uncommon trap: reason=class_check action=maybe_recompile pc=0x00000000035a5d24 method=com.android.dx.dex.code.OutputFinisher.calculateReservedCount([Lcom/android/dx/dex/code/Dop;)I @ 72
Event: 11.691 Thread 0x00000000166d5800 Uncommon trap: reason=unstable_if action=reinterpret pc=0x00000000035b92c8 method=com.android.dx.dex.code.StdCatchBuilder.handlersFor(Lcom/android/dx/rop/code/BasicBlock;Lcom/android/dx/dex/code/BlockAddresses;)Lcom/android/dx/dex/code/CatchHandlerList; @ ‚´ì6õ&@

Internal exceptions (3 events):
Event: 0.043 Thread 0x000000000253d800 Exception <a 'java/lang/NoSuchMethodError': Method sun.misc.Unsafe.defineClass(Ljava/lang/String;[BII)Ljava/lang/Class; name or signature does not match> (0x00000000eab07c78) thrown at [C:\src\android\AOSP-openjdk\external\jetbrains\jdk\hotspot\src\share\vÁ?CÃ¦?
Event: 0.043 Thread 0x000000000253d800 Exception <a 'java/lang/NoSuchMethodError': Method sun.misc.Unsafe.prefetchRead(Ljava/lang/Object;J)V name or signature does not match> (0x00000000eab07f60) thrown at [C:\src\android\AOSP-openjdk\external\jetbrains\jdk\hotspot\src\share\vm\prims\jni.cpp, l¹¡‹Â}Fê?
Event: 0.821 Thread 0x00000000166d5000 Implicit null exception at 0x0000000002cad1a3 to 0x0000000002cafab1

Events (10 events):
Event: 11.686 Thread 0x00000000166d5800 DEOPT UNPACKING pc=0x00000000029f75bf sp=0x0000000019e2e8e0 mode 0
Event: 11.691 Thread 0x00000000166d5800 Uncommon trap: trap_request=0xffffff65 fr.pc=0x00000000035b92c8
Event: 11.691 Thread 0x00000000166d5800 DEOPT PACKING pc=0x00000000035b92c8 sp=0x0000000019e2e920
Event: 11.691 Thread 0x00000000166d5800 DEOPT UNPACKING pc=0x00000000029f556a sp=0x0000000019e2e8b8 mode 2
Event: 11.691 Thread 0x00000000166d5800 DEOPT PACKING pc=0x00000000035423d5 sp=0x0000000019e2ec40
Event: 11.691 Thread 0x00000000166d5800 DEOPT UNPACKING pc=0x00000000029f75bf sp=0x0000000019e2e9b0 mode 0
Event: 11.691 Thread 0x00000000166d5800 DEOPT PACKING pc=0x00000000035459ab sp=0x0000000019e2eb60
Event: 11.691 Thread 0x00000000166d5800 DEOPT UNPACKING pc=0x00000000029f75bf sp=0x0000000019e2e8e0 mode 0
Event: 11.693 Thread 0x00000000166d5800 DEOPT PACKING pc=0x00000000035459ab sp=0x0000000019e2eb60
Event: 11.693 Thread 0x00000000166d5800 DEOPT UNPACKING pc=0x00000000029f75bf sp=0x0000000019e2e8e0 mode 0


Dynamic libraries:
0x00007ff6a7a20000 - 0x00007ff6a7a51000 	D:\Program Files\Android\Android Studio\jre\bin\java.exe
0x00007fffec7f0000 - 0x00007fffec9c1000 	C:\WINDOWS\SYSTEM32\ntdll.dll
0x00007fffeb1d0000 - 0x00007fffeb27c000 	C:\WINDOWS\System32\KERNEL32.DLL
0x00007fffe96e0000 - 0x00007fffe98fd000 	C:\WINDOWS\System32\KERNELBASE.dll
0x00007fffe9e60000 - 0x00007fffe9f02000 	C:\WINDOWS\System32\ADVAPI32.dll
0x00007fffeaaa0000 - 0x00007fffeab3e000 	C:\WINDOWS\System32\msvcrt.dll
0x00007fffec790000 - 0x00007fffec7e9000 	C:\WINDOWS\System32\sechost.dll
0x00007fffea970000 - 0x00007fffeaa91000 	C:\WINDOWS\System32\RPCRT4.dll
0x00007fffeac40000 - 0x00007fffeada5000 	C:\WINDOWS\System32\USER32.dll
0x00007fffe9d10000 - 0x00007fffe9d2e000 	C:\WINDOWS\System32\win32u.dll
0x00007fffea180000 - 0x00007fffea1b4000 	C:\WINDOWS\System32\GDI32.dll
0x00007fffe9b80000 - 0x00007fffe9d02000 	C:\WINDOWS\System32\gdi32full.dll
0x00007fffe41c0000 - 0x00007fffe443a000 	C:\WINDOWS\WinSxS\amd64_microsoft.windows.common-controls_6595b64144ccf1df_6.0.14393.953_none_42151e83c686086b\COMCTL32.dll
0x00007fffea600000 - 0x00007fffea8c8000 	C:\WINDOWS\System32\combase.dll
0x00007fffe8ce0000 - 0x00007fffe8dd5000 	C:\WINDOWS\System32\ucrtbase.dll
0x00007fffe9670000 - 0x00007fffe96da000 	C:\WINDOWS\System32\bcryptPrimitives.dll
0x00007fffe9da0000 - 0x00007fffe9dce000 	C:\WINDOWS\System32\IMM32.DLL
0x0000000063bb0000 - 0x0000000063c82000 	D:\Program Files\Android\Android Studio\jre\jre\bin\msvcr100.dll
0x0000000062880000 - 0x00000000630bc000 	D:\Program Files\Android\Android Studio\jre\jre\bin\server\jvm.dll
0x00007fffe9e40000 - 0x00007fffe9e48000 	C:\WINDOWS\System32\PSAPI.DLL
0x00007fffe6560000 - 0x00007fffe6569000 	C:\WINDOWS\SYSTEM32\WSOCK32.dll
0x00007fffea110000 - 0x00007fffea17a000 	C:\WINDOWS\System32\WS2_32.dll
0x00007fffe6c20000 - 0x00007fffe6c43000 	C:\WINDOWS\SYSTEM32\WINMM.dll
0x00007fffe4cf0000 - 0x00007fffe4cfa000 	C:\WINDOWS\SYSTEM32\VERSION.dll
0x00007fffe6b00000 - 0x00007fffe6b2b000 	C:\WINDOWS\SYSTEM32\WINMMBASE.dll
0x00007fffe9d30000 - 0x00007fffe9d72000 	C:\WINDOWS\System32\cfgmgr32.dll
0x00007fffe6550000 - 0x00007fffe655f000 	D:\Program Files\Android\Android Studio\jre\jre\bin\verify.dll
0x00007fffe4bc0000 - 0x00007fffe4be9000 	D:\Program Files\Android\Android Studio\jre\jre\bin\java.dll
0x00007fffe6410000 - 0x00007fffe6426000 	D:\Program Files\Android\Android Studio\jre\jre\bin\zip.dll
0x00007fffeb280000 - 0x00007fffec788000 	C:\WINDOWS\System32\SHELL32.dll
0x00007fffe8e80000 - 0x00007fffe955a000 	C:\WINDOWS\System32\windows.storage.dll
0x00007fffe8c50000 - 0x00007fffe8c9c000 	C:\WINDOWS\System32\powrprof.dll
0x00007fffea050000 - 0x00007fffea0a2000 	C:\WINDOWS\System32\shlwapi.dll
0x00007fffe8cd0000 - 0x00007fffe8cdf000 	C:\WINDOWS\System32\kernel.appcore.dll
0x00007fffe9560000 - 0x00007fffe9609000 	C:\WINDOWS\System32\shcore.dll
0x00007fffe8ca0000 - 0x00007fffe8cb4000 	C:\WINDOWS\System32\profapi.dll

VM Arguments:
jvm_args: -Djava.awt.headless=true -Xmx1024M -Dfile.encoding=GBK -Duser.country=CN -Duser.language=zh -Duser.variant 
java_command: com.android.dx.command.Main --dex --force-jumbo --num-threads=4 --multi-dex --output D:\musicbean\app\build\intermediates\transforms\dex\baidu\debug\folders\1000\2\Rong_IMLib_2.8.1_9a037901c0458ba5c50d6cdbcf06e616fc86322c D:\musicbean\app\libs\Rong_IMLib_2.8.1.jar
java_class_path (initial): D:\SDK\build-tools\25.0.0\lib\dx.jar
Launcher Type: SUN_STANDARD

Environment Variables:
JAVA_HOME=C:\Program Files\Java\jdk1.8.0_101
CLASSPATH=.;C:\Program Files\Java\jdk1.8.0_101\lib;
PATH=C:\ProgramData\Oracle\Java\javapath;C:\WINDOWS\system32;C:\WINDOWS;C:\WINDOWS\System32\Wbem;C:\WINDOWS\System32\WindowsPowerShell\v1.0\;C:\Program Files\Java\jdk1.8.0_101\bin;C:\Program Files\Java\jdk1.8.0_101\jre\bin;D:\Git\cmd;C:\Users\Administrator\AppData\Local\Microsoft\WindowsApps;
USERNAME=Administrator
OS=Windows_NT
PROCESSOR_IDENTIFIER=Intel64 Family 6 Model 94 Stepping 3, GenuineIntel



---------------  S Y S T E M  ---------------

OS: Windows 10.0 , 64 bit Build 14393 (10.0.14393.1198)

CPU:total 4 (4 cores per cpu, 1 threads per core) family 6 model 94 stepping 3, cmov, cx8, fxsr, mmx, sse, sse2, sse3, ssse3, sse4.1, sse4.2, popcnt, avx, avx2, aes, clmul, erms, rtm, 3dnowpref, lzcnt, tsc, tscinvbit, bmi1, bmi2, adx

Memory: 4k page, physical 8299524k(1810736k free), swap 14749720k(3892k free)

vm_info: OpenJDK 64-Bit Server VM (25.112-b06) for windows-amd64 JRE (1.8.0_112-release-b06), built on Dec  8 2016 00:54:26 by "builder" with MS VC++ 10.0 (VS2010)

time: Wed May 24 11:06:51 2017
elapsed time: 11 seconds (0d 0h 0m 11s)

