#
# There is insufficient memory for the Java Runtime Environment to continue.
# Native memory allocation (malloc) failed to allocate 32744 bytes for ChunkPool::allocate
# Possible reasons:
#   The system is out of physical RAM or swap space
#   In 32 bit mode, the process size limit was hit
# Possible solutions:
#   Reduce memory load on the system
#   Increase physical memory or swap space
#   Check if swap backing store is full
#   Use 64 bit Java on a 64 bit OS
#   Decrease Java heap size (-Xmx/-Xms)
#   Decrease number of Java threads
#   Decrease Java thread stack sizes (-Xss)
#   Set larger code cache with -XX:ReservedCodeCacheSize=
# This output file may be truncated or incomplete.
#
#  Out of Memory Error (allocation.cpp:273), pid=14004, tid=0x0000000000003820
#
# JRE version: OpenJDK Runtime Environment (8.0_112-b06) (build 1.8.0_112-release-b06)
# Java VM: OpenJDK 64-Bit Server VM (25.112-b06 mixed mode windows-amd64 compressed oops)
# Failed to write core dump. Minidumps are not enabled by default on client versions of Windows
#

---------------  T H R E A D  ---------------

Current thread (0x0000000016333800):  JavaThread "C2 CompilerThread1" daemon [_thread_in_native, id=14368, stack(0x00000000169e0000,0x0000000016ae0000)]

Stack: [0x00000000169e0000,0x0000000016ae0000]
[error occurred during error reporting (printing stack bounds), id 0xc0000005]

Native frames: (J=compiled Java code, j=interpreted, Vv=VM code, C=native code)


Current CompileTask:
C2:   6056 1240   !   4       com.android.dx.cf.cst.ConstantPoolParser::parse0 (731 bytes)


---------------  P R O C E S S  ---------------

Java Threads: ( => current thread )
  0x000000001645d000 JavaThread "pool-2-thread-4" [_thread_in_Java, id=4508, stack(0x00000000171e0000,0x00000000172e0000)]
  0x00000000165be000 JavaThread "pool-2-thread-3" [_thread_in_vm, id=13728, stack(0x00000000170e0000,0x00000000171e0000)]
  0x0000000016464000 JavaThread "pool-2-thread-2" [_thread_in_Java, id=14584, stack(0x0000000016fe0000,0x00000000170e0000)]
  0x0000000016448800 JavaThread "pool-3-thread-1" [_thread_blocked, id=9340, stack(0x0000000016ee0000,0x0000000016fe0000)]
  0x0000000016447800 JavaThread "pool-2-thread-1" [_thread_in_vm, id=14612, stack(0x0000000016de0000,0x0000000016ee0000)]
  0x000000001633e000 JavaThread "Service Thread" daemon [_thread_blocked, id=14704, stack(0x0000000016be0000,0x0000000016ce0000)]
  0x0000000016336800 JavaThread "C1 CompilerThread2" daemon [_thread_blocked, id=7964, stack(0x0000000016ae0000,0x0000000016be0000)]
=>0x0000000016333800 JavaThread "C2 CompilerThread1" daemon [_thread_in_native, id=14368, stack(0x00000000169e0000,0x0000000016ae0000)]
  0x0000000014f90000 JavaThread "C2 CompilerThread0" daemon [_thread_blocked, id=7028, stack(0x00000000168e0000,0x00000000169e0000)]
  0x0000000014fd7800 JavaThread "Attach Listener" daemon [_thread_blocked, id=14724, stack(0x00000000167e0000,0x00000000168e0000)]
  0x00000000162e8800 JavaThread "Signal Dispatcher" daemon [_thread_blocked, id=11812, stack(0x00000000166e0000,0x00000000167e0000)]
  0x00000000028a5800 JavaThread "Finalizer" daemon [_thread_blocked, id=14924, stack(0x00000000161e0000,0x00000000162e0000)]
  0x00000000028a0000 JavaThread "Reference Handler" daemon [_thread_blocked, id=9528, stack(0x00000000160e0000,0x00000000161e0000)]
  0x00000000026ad800 JavaThread "main" [_thread_in_Java, id=14616, stack(0x0000000002540000,0x0000000002640000)]

Other Threads:
  0x0000000014f44800 VMThread [stack: 0x0000000015fe0000,0x00000000160e0000] [id=3816]
  0x0000000016340000 WatcherThread [stack: 0x0000000016ce0000,0x0000000016de0000] [id=11232]

VM state:synchronizing (normal execution)

VM Mutex/Monitor currently owned by a thread:  ([mutex/lock_event])
[0x00000000026ac7a0] Safepoint_lock - owner thread: 0x0000000014f44800
[0x00000000026ac8a0] Threads_lock - owner thread: 0x0000000014f44800
[0x00000000026ac520] Heap_lock - owner thread: 0x0000000016447800

Heap:
 PSYoungGen      total 38400K, used 38396K [0x00000000eab00000, 0x00000000ef600000, 0x0000000100000000)
  eden space 33280K, 100% used [0x00000000eab00000,0x00000000ecb80000,0x00000000ecb80000)
  from space 5120K, 99% used [0x00000000ed080000,0x00000000ed57f1e8,0x00000000ed580000)
  to   space 5120K, 0% used [0x00000000ecb80000,0x00000000ecb80000,0x00000000ed080000)
 ParOldGen       total 87552K, used 9732K [0x00000000c0000000, 0x00000000c5580000, 0x00000000eab00000)
  object space 87552K, 11% used [0x00000000c0000000,0x00000000c09811c8,0x00000000c5580000)
 Metaspace       used 5908K, capacity 6960K, committed 7040K, reserved 1056768K
  class space    used 567K, capacity 616K, committed 640K, reserved 1048576K

Card table byte_map: [0x0000000011c70000,0x0000000011e80000] byte_map_base: 0x0000000011670000

Marking Bits: (ParMarkBitMap*) 0x00000000630018f0
 Begin Bits: [0x00000000123e0000, 0x00000000133e0000)
 End Bits:   [0x00000000133e0000, 0x00000000143e0000)

Polling page: 0x0000000000980000

CodeCache: size=245760Kb used=5431Kb max_used=5431Kb free=240328Kb
 bounds [0x00000000028b0000, 0x0000000002e10000, 0x00000000118b0000]
 total_blobs=1578 nmethods=1312 adapters=180
 compilation: enabled

Compilation events (10 events):
Event: 5.897 Thread 0x0000000016336800 nmethod 1325 0x0000000002dfde10 code [0x0000000002dfe000, 0x0000000002dfe728]
Event: 5.929 Thread 0x0000000016336800 1332 %     3       com.android.dx.rop.code.RegisterSpecSet::mutableCopy @ 17 (57 bytes)
Event: 5.930 Thread 0x0000000016336800 nmethod 1332% 0x0000000002dfeb90 code [0x0000000002dfed40, 0x0000000002dff3a8]
Event: 5.930 Thread 0x0000000016336800 1334       2       java.util.HashMap::<init> (8 bytes)
Event: 5.930 Thread 0x0000000016336800 nmethod 1334 0x0000000002dff710 code [0x0000000002dff8a0, 0x0000000002dffa28]
Event: 5.954 Thread 0x0000000016336800 1338       3       com.android.dx.rop.code.RegisterSpecSet::mutableCopy (57 bytes)
Event: 5.954 Thread 0x0000000016336800 nmethod 1338 0x0000000002dffad0 code [0x0000000002dffc80, 0x0000000002e00248]
Event: 5.954 Thread 0x0000000016336800 1341       3       com.android.dx.ssa.SCCP::simulateBlock (54 bytes)
Event: 5.954 Thread 0x0000000016336800 nmethod 1341 0x0000000002e00510 code [0x0000000002e00700, 0x0000000002e01048]
Event: 5.954 Thread 0x0000000016336800 1343 %     3       com.android.dx.ssa.SsaConverter::placePhiFunctions @ 131 (394 bytes)

GC Heap History (4 events):
Event: 5.525 GC heap before
{Heap before GC invocations=1 (full 0):
 PSYoungGen      total 38400K, used 33280K [0x00000000eab00000, 0x00000000ed580000, 0x0000000100000000)
  eden space 33280K, 100% used [0x00000000eab00000,0x00000000ecb80000,0x00000000ecb80000)
  from space 5120K, 0% used [0x00000000ed080000,0x00000000ed080000,0x00000000ed580000)
  to   space 5120K, 0% used [0x00000000ecb80000,0x00000000ecb80000,0x00000000ed080000)
 ParOldGen       total 87552K, used 0K [0x00000000c0000000, 0x00000000c5580000, 0x00000000eab00000)
  object space 87552K, 0% used [0x00000000c0000000,0x00000000c0000000,0x00000000c5580000)
 Metaspace       used 5738K, capacity 6832K, committed 7040K, reserved 1056768K
  class space    used 563K, capacity 616K, committed 640K, reserved 1048576K
Event: 5.532 GC heap after
Heap after GC invocations=1 (full 0):
 PSYoungGen      total 38400K, used 5114K [0x00000000eab00000, 0x00000000ed580000, 0x0000000100000000)
  eden space 33280K, 0% used [0x00000000eab00000,0x00000000eab00000,0x00000000ecb80000)
  from space 5120K, 99% used [0x00000000ecb80000,0x00000000ed07e820,0x00000000ed080000)
  to   space 5120K, 0% used [0x00000000ed080000,0x00000000ed080000,0x00000000ed580000)
 ParOldGen       total 87552K, used 2245K [0x00000000c0000000, 0x00000000c5580000, 0x00000000eab00000)
  object space 87552K, 2% used [0x00000000c0000000,0x00000000c0231538,0x00000000c5580000)
 Metaspace       used 5738K, capacity 6832K, committed 7040K, reserved 1056768K
  class space    used 563K, capacity 616K, committed 640K, reserved 1048576K
}
Event: 5.807 GC heap before
{Heap before GC invocations=2 (full 0):
 PSYoungGen      total 38400K, used 38394K [0x00000000eab00000, 0x00000000ed580000, 0x0000000100000000)
  eden space 33280K, 100% used [0x00000000eab00000,0x00000000ecb80000,0x00000000ecb80000)
  from space 5120K, 99% used [0x00000000ecb80000,0x00000000ed07e820,0x00000000ed080000)
  to   space 5120K, 0% used [0x00000000ed080000,0x00000000ed080000,0x00000000ed580000)
 ParOldGen       total 87552K, used 2245K [0x00000000c0000000, 0x00000000c5580000, 0x00000000eab00000)
  object space 87552K, 2% used [0x00000000c0000000,0x00000000c0231538,0x00000000c5580000)
 Metaspace       used 5898K, capacity 6960K, committed 7040K, reserved 1056768K
  class space    used 566K, capacity 616K, committed 640K, reserved 1048576K
Event: 5.885 GC heap after
Heap after GC invocations=2 (full 0):
 PSYoungGen      total 38400K, used 5116K [0x00000000eab00000, 0x00000000ef600000, 0x0000000100000000)
  eden space 33280K, 0% used [0x00000000eab00000,0x00000000eab00000,0x00000000ecb80000)
  from space 5120K, 99% used [0x00000000ed080000,0x00000000ed57f1e8,0x00000000ed580000)
  to   space 5120K, 0% used [0x00000000ecb80000,0x00000000ecb80000,0x00000000ed080000)
 ParOldGen       total 87552K, used 9732K [0x00000000c0000000, 0x00000000c5580000, 0x00000000eab00000)
  object space 87552K, 11% used [0x00000000c0000000,0x00000000c09811c8,0x00000000c5580000)
 Metaspace       used 5898K, capacity 6960K, committed 7040K, reserved 1056768K
  class space    used 566K, capacity 616K, committed 640K, reserved 1048576K
}

Deoptimization events (10 events):
Event: 5.321 Thread 0x00000000026ad800 Uncommon trap: reason=unstable_if action=reinterpret pc=0x0000000002a35ba0 method=java.lang.String.<init>([CII)V @ 18
Event: 5.477 Thread 0x00000000165be000 Uncommon trap: reason=class_check action=maybe_recompile pc=0x0000000002baa884 method=com.android.dx.ssa.NormalSsaInsn.accept(Lcom/android/dx/ssa/SsaInsn$Visitor;)V @ 9
Event: 5.477 Thread 0x00000000165be000 Uncommon trap: reason=class_check action=maybe_recompile pc=0x0000000002baa884 method=com.android.dx.ssa.NormalSsaInsn.accept(Lcom/android/dx/ssa/SsaInsn$Visitor;)V @ 9
Event: 5.477 Thread 0x00000000165be000 Uncommon trap: reason=class_check action=maybe_recompile pc=0x0000000002baa884 method=com.android.dx.ssa.NormalSsaInsn.accept(Lcom/android/dx/ssa/SsaInsn$Visitor;)V @ 9
Event: 5.478 Thread 0x00000000165be000 Uncommon trap: reason=class_check action=maybe_recompile pc=0x0000000002baa884 method=com.android.dx.ssa.NormalSsaInsn.accept(Lcom/android/dx/ssa/SsaInsn$Visitor;)V @ 9
Event: 5.610 Thread 0x00000000026ad800 Uncommon trap: reason=unloaded action=reinterpret pc=0x0000000002a3ed18 method=com.android.dx.cf.cst.ConstantPoolParser.parse0(ILjava/util/BitSet;)Lcom/android/dx/rop/cst/Constant; @ 220
Event: 5.733 Thread 0x0000000016464000 Uncommon trap: reason=unstable_if action=reinterpret pc=0x0000000002d82ff0 method=com.android.dx.ssa.SCCP.simulateStmt(Lcom/android/dx/ssa/SsaInsn;)V @ 53
Event: 5.889 Thread 0x00000000026ad800 Uncommon trap: reason=unstable_if action=reinterpret pc=0x0000000002bc6790 method=com.android.dx.rop.code.RegisterSpecSet.put(Lcom/android/dx/rop/code/RegisterSpec;)V @ 77
Event: 5.933 Thread 0x00000000026ad800 Uncommon trap: reason=bimorphic action=maybe_recompile pc=0x0000000002c9fa44 method=com.android.dx.cf.code.BytecodeArray.parseInstruction(ILcom/android/dx/cf/code/BytecodeArray$Visitor;)I @ 939
Event: 5.933 Thread 0x00000000026ad800 Uncommon trap: reason=bimorphic action=maybe_recompile pc=0x0000000002c9fa44 method=com.android.dx.cf.code.BytecodeArray.parseInstruction(ILcom/android/dx/cf/code/BytecodeArray$Visitor;)I @ 939

Internal exceptions (2 events):
Event: 2.561 Thread 0x00000000026ad800 Exception <a 'java/lang/NoSuchMethodError': Method sun.misc.Unsafe.defineClass(Ljava/lang/String;[BII)Ljava/lang/Class; name or signature does not match> (0x00000000eab07c78) thrown at [C:\src\android\AOSP-openjdk\external\jetbrains\jdk\hotspot\src\share\vË¹W•}@
Event: 2.561 Thread 0x00000000026ad800 Exception <a 'java/lang/NoSuchMethodError': Method sun.misc.Unsafe.prefetchRead(Ljava/lang/Object;J)V name or signature does not match> (0x00000000eab07f60) thrown at [C:\src\android\AOSP-openjdk\external\jetbrains\jdk\hotspot\src\share\vm\prims\jni.cpp, l

Events (10 events):
Event: 5.933 Thread 0x00000000026ad800 Uncommon trap: trap_request=0xffffffc6 fr.pc=0x0000000002c9fa44
Event: 5.933 Thread 0x00000000026ad800 DEOPT PACKING pc=0x0000000002c9fa44 sp=0x000000000263dac0
Event: 5.933 Thread 0x00000000026ad800 DEOPT UNPACKING pc=0x00000000028f556a sp=0x000000000263da38 mode 2
Event: 5.934 Thread 0x00000000026ad800 DEOPT PACKING pc=0x0000000002df3e6b sp=0x000000000263dce0
Event: 5.934 Thread 0x00000000026ad800 DEOPT UNPACKING pc=0x00000000028f75bf sp=0x000000000263da38 mode 0
Event: 5.937 Thread 0x00000000026ad800 DEOPT PACKING pc=0x0000000002c77a4f sp=0x000000000263dd30
Event: 5.937 Thread 0x00000000026ad800 DEOPT UNPACKING pc=0x00000000028f75bf sp=0x000000000263db10 mode 0
Event: 5.947 Thread 0x00000000026ad800 DEOPT PACKING pc=0x0000000002c77a4f sp=0x000000000263dc10
Event: 5.947 Thread 0x00000000026ad800 DEOPT UNPACKING pc=0x00000000028f75bf sp=0x000000000263d9f0 mode 0
Event: 5.955 Executing VM operation: ParallelGCFailedAllocation


Dynamic libraries:
0x00007ff636230000 - 0x00007ff636261000 	D:\Program Files\Android\Android Studio\jre\bin\java.exe
0x00007fffec7f0000 - 0x00007fffec9c1000 	C:\WINDOWS\SYSTEM32\ntdll.dll
0x00007fffeb1d0000 - 0x00007fffeb27c000 	C:\WINDOWS\System32\KERNEL32.DLL
0x00007fffe96e0000 - 0x00007fffe98fd000 	C:\WINDOWS\System32\KERNELBASE.dll
0x00007fffe9e60000 - 0x00007fffe9f02000 	C:\WINDOWS\System32\ADVAPI32.dll
0x00007fffeaaa0000 - 0x00007fffeab3e000 	C:\WINDOWS\System32\msvcrt.dll
0x00007fffec790000 - 0x00007fffec7e9000 	C:\WINDOWS\System32\sechost.dll
0x00007fffea970000 - 0x00007fffeaa91000 	C:\WINDOWS\System32\RPCRT4.dll
0x00007fffeac40000 - 0x00007fffeada5000 	C:\WINDOWS\System32\USER32.dll
0x00007fffe9d10000 - 0x00007fffe9d2e000 	C:\WINDOWS\System32\win32u.dll
0x00007fffea180000 - 0x00007fffea1b4000 	C:\WINDOWS\System32\GDI32.dll
0x00007fffe9b80000 - 0x00007fffe9d02000 	C:\WINDOWS\System32\gdi32full.dll
0x00007fffe41c0000 - 0x00007fffe443a000 	C:\WINDOWS\WinSxS\amd64_microsoft.windows.common-controls_6595b64144ccf1df_6.0.14393.953_none_42151e83c686086b\COMCTL32.dll
0x00007fffea600000 - 0x00007fffea8c8000 	C:\WINDOWS\System32\combase.dll
0x00007fffe8ce0000 - 0x00007fffe8dd5000 	C:\WINDOWS\System32\ucrtbase.dll
0x00007fffe9670000 - 0x00007fffe96da000 	C:\WINDOWS\System32\bcryptPrimitives.dll
0x00007fffe9da0000 - 0x00007fffe9dce000 	C:\WINDOWS\System32\IMM32.DLL
0x0000000063530000 - 0x0000000063602000 	D:\Program Files\Android\Android Studio\jre\jre\bin\msvcr100.dll
0x0000000062840000 - 0x000000006307c000 	D:\Program Files\Android\Android Studio\jre\jre\bin\server\jvm.dll
0x00007fffe9e40000 - 0x00007fffe9e48000 	C:\WINDOWS\System32\PSAPI.DLL
0x00007fffdc320000 - 0x00007fffdc329000 	C:\WINDOWS\SYSTEM32\WSOCK32.dll
0x00007fffea110000 - 0x00007fffea17a000 	C:\WINDOWS\System32\WS2_32.dll
0x00007fffe6c20000 - 0x00007fffe6c43000 	C:\WINDOWS\SYSTEM32\WINMM.dll
0x00007fffe4cf0000 - 0x00007fffe4cfa000 	C:\WINDOWS\SYSTEM32\VERSION.dll
0x00007fffe6b00000 - 0x00007fffe6b2b000 	C:\WINDOWS\SYSTEM32\WINMMBASE.dll
0x00007fffe9d30000 - 0x00007fffe9d72000 	C:\WINDOWS\System32\cfgmgr32.dll
0x00007fffe63d0000 - 0x00007fffe63df000 	D:\Program Files\Android\Android Studio\jre\jre\bin\verify.dll
0x00007fffdde50000 - 0x00007fffdde79000 	D:\Program Files\Android\Android Studio\jre\jre\bin\java.dll
0x00007fffe3930000 - 0x00007fffe3946000 	D:\Program Files\Android\Android Studio\jre\jre\bin\zip.dll
0x00007fffeb280000 - 0x00007fffec788000 	C:\WINDOWS\System32\SHELL32.dll
0x00007fffe8e80000 - 0x00007fffe955a000 	C:\WINDOWS\System32\windows.storage.dll
0x00007fffe8c50000 - 0x00007fffe8c9c000 	C:\WINDOWS\System32\powrprof.dll
0x00007fffea050000 - 0x00007fffea0a2000 	C:\WINDOWS\System32\shlwapi.dll
0x00007fffe8cd0000 - 0x00007fffe8cdf000 	C:\WINDOWS\System32\kernel.appcore.dll
0x00007fffe9560000 - 0x00007fffe9609000 	C:\WINDOWS\System32\shcore.dll
0x00007fffe8ca0000 - 0x00007fffe8cb4000 	C:\WINDOWS\System32\profapi.dll

VM Arguments:
jvm_args: -Djava.awt.headless=true -Xmx1024M -Dfile.encoding=GBK -Duser.country=CN -Duser.language=zh -Duser.variant 
java_command: com.android.dx.command.Main --dex --force-jumbo --num-threads=4 --multi-dex --output D:\musicbean\app\build\intermediates\transforms\dex\baidu\debug\folders\1000\5\slice_4 D:\musicbean\app\build\intermediates\transforms\instantRunSlicer\baidu\debug\folders\1\5\slice_4
java_class_path (initial): D:\SDK\build-tools\25.0.0\lib\dx.jar
Launcher Type: SUN_STANDARD

Environment Variables:
JAVA_HOME=C:\Program Files\Java\jdk1.8.0_101
CLASSPATH=.;C:\Program Files\Java\jdk1.8.0_101\lib;
PATH=C:\ProgramData\Oracle\Java\javapath;C:\WINDOWS\system32;C:\WINDOWS;C:\WINDOWS\System32\Wbem;C:\WINDOWS\System32\WindowsPowerShell\v1.0\;C:\Program Files\Java\jdk1.8.0_101\bin;C:\Program Files\Java\jdk1.8.0_101\jre\bin;D:\Git\cmd;C:\Users\Administrator\AppData\Local\Microsoft\WindowsApps;
USERNAME=Administrator
OS=Windows_NT
PROCESSOR_IDENTIFIER=Intel64 Family 6 Model 94 Stepping 3, GenuineIntel



---------------  S Y S T E M  ---------------

OS: Windows 10.0 , 64 bit Build 14393 (10.0.14393.1198)

CPU:total 4 (4 cores per cpu, 1 threads per core) family 6 model 94 stepping 3, cmov, cx8, fxsr, mmx, sse, sse2, sse3, ssse3, sse4.1, sse4.2, popcnt, avx, avx2, aes, clmul, erms, rtm, 3dnowpref, lzcnt, tsc, tscinvbit, bmi1, bmi2, adx

Memory: 4k page, physical 8299524k(1508456k free), swap 14749720k(3108k free)

vm_info: OpenJDK 64-Bit Server VM (25.112-b06) for windows-amd64 JRE (1.8.0_112-release-b06), built on Dec  8 2016 00:54:26 by "builder" with MS VC++ 10.0 (VS2010)

time: Tue May 16 10:41:02 2017
elapsed time: 6 seconds (0d 0h 0m 6s)

