#
# There is insufficient memory for the Java Runtime Environment to continue.
# Native memory allocation (malloc) failed to allocate 446976 bytes for Chunk::new
# Possible reasons:
#   The system is out of physical RAM or swap space
#   In 32 bit mode, the process size limit was hit
# Possible solutions:
#   Reduce memory load on the system
#   Increase physical memory or swap space
#   Check if swap backing store is full
#   Use 64 bit Java on a 64 bit OS
#   Decrease Java heap size (-Xmx/-Xms)
#   Decrease number of Java threads
#   Decrease Java thread stack sizes (-Xss)
#   Set larger code cache with -XX:ReservedCodeCacheSize=
# This output file may be truncated or incomplete.
#
#  Out of Memory Error (allocation.cpp:390), pid=8420, tid=0x00000000000008c0
#
# JRE version: OpenJDK Runtime Environment (8.0_112-b06) (build 1.8.0_112-release-b06)
# Java VM: OpenJDK 64-Bit Server VM (25.112-b06 mixed mode windows-amd64 compressed oops)
# Failed to write core dump. Minidumps are not enabled by default on client versions of Windows
#

---------------  T H R E A D  ---------------

Current thread (0x0000000016d25000):  JavaThread "C2 CompilerThread1" daemon [_thread_in_native, id=2240, stack(0x00000000173d0000,0x00000000174d0000)]

Stack: [0x00000000173d0000,0x00000000174d0000]
[error occurred during error reporting (printing stack bounds), id 0xc0000005]

Native frames: (J=compiled Java code, j=interpreted, Vv=VM code, C=native code)


Current CompileTask:
C2:   2990 1345   !   4       com.android.dx.cf.code.RopperMachine::run (1550 bytes)


---------------  P R O C E S S  ---------------

Java Threads: ( => current thread )
  0x0000000016f59000 JavaThread "pool-1-thread-1" [_thread_new, id=38616, stack(0x0000000000000000,0x0000000000000000)]
  0x0000000016d2d800 JavaThread "Service Thread" daemon [_thread_blocked, id=35492, stack(0x00000000175d0000,0x00000000176d0000)]
  0x0000000016d28000 JavaThread "C1 CompilerThread2" daemon [_thread_blocked, id=3868, stack(0x00000000174d0000,0x00000000175d0000)]
=>0x0000000016d25000 JavaThread "C2 CompilerThread1" daemon [_thread_in_native, id=2240, stack(0x00000000173d0000,0x00000000174d0000)]
  0x00000000159d8000 JavaThread "C2 CompilerThread0" daemon [_thread_in_native, id=9160, stack(0x00000000172d0000,0x00000000173d0000)]
  0x00000000159d7800 JavaThread "Attach Listener" daemon [_thread_blocked, id=36368, stack(0x00000000171d0000,0x00000000172d0000)]
  0x0000000015991800 JavaThread "Signal Dispatcher" daemon [_thread_blocked, id=39568, stack(0x00000000170d0000,0x00000000171d0000)]
  0x00000000032a5800 JavaThread "Finalizer" daemon [_thread_blocked, id=9200, stack(0x0000000016bd0000,0x0000000016cd0000)]
  0x00000000032a0000 JavaThread "Reference Handler" daemon [_thread_blocked, id=32072, stack(0x0000000016ad0000,0x0000000016bd0000)]
  0x000000000107d800 JavaThread "main" [_thread_blocked, id=34832, stack(0x00000000030b0000,0x00000000031b0000)]

Other Threads:
  0x0000000015944800 VMThread [stack: 0x00000000169d0000,0x0000000016ad0000] [id=32004]
  0x0000000016d30000 WatcherThread [stack: 0x00000000176d0000,0x00000000177d0000] [id=8632]

VM state:not at safepoint (normal execution)

VM Mutex/Monitor currently owned by a thread: None

Heap:
 PSYoungGen      total 38400K, used 15072K [0x00000000eab00000, 0x00000000ed580000, 0x0000000100000000)
  eden space 33280K, 29% used [0x00000000eab00000,0x00000000eb4bad20,0x00000000ecb80000)
  from space 5120K, 99% used [0x00000000ecb80000,0x00000000ed07d390,0x00000000ed080000)
  to   space 5120K, 0% used [0x00000000ed080000,0x00000000ed080000,0x00000000ed580000)
 ParOldGen       total 87552K, used 1539K [0x00000000c0000000, 0x00000000c5580000, 0x00000000eab00000)
  object space 87552K, 1% used [0x00000000c0000000,0x00000000c0180d18,0x00000000c5580000)
 Metaspace       used 5815K, capacity 6896K, committed 7040K, reserved 1056768K
  class space    used 558K, capacity 616K, committed 640K, reserved 1048576K

Card table byte_map: [0x0000000012670000,0x0000000012880000] byte_map_base: 0x0000000012070000

Marking Bits: (ParMarkBitMap*) 0x00000000630418f0
 Begin Bits: [0x0000000012de0000, 0x0000000013de0000)
 End Bits:   [0x0000000013de0000, 0x0000000014de0000)

Polling page: 0x00000000013d0000

CodeCache: size=245760Kb used=5644Kb max_used=5660Kb free=240115Kb
 bounds [0x00000000032b0000, 0x0000000003840000, 0x00000000122b0000]
 total_blobs=1612 nmethods=1349 adapters=177
 compilation: enabled

Compilation events (10 events):
Event: 2.898 Thread 0x0000000016d28000 1349       3       com.android.dx.ssa.back.LivenessAnalyzer::coInterferePhis (128 bytes)
Event: 2.898 Thread 0x0000000016d28000 nmethod 1349 0x0000000003816c50 code [0x0000000003816ee0, 0x0000000003818198]
Event: 2.899 Thread 0x0000000016d28000 1350       1       com.android.dx.cf.attrib.AttLineNumberTable::getLineNumbers (5 bytes)
Event: 2.899 Thread 0x0000000016d28000 nmethod 1350 0x0000000003812910 code [0x0000000003812a60, 0x0000000003812b70]
Event: 2.900 Thread 0x0000000016d28000 1351       3       com.android.dx.rop.code.LocalItem::equals (29 bytes)
Event: 2.900 Thread 0x0000000016d28000 nmethod 1351 0x000000000382f510 code [0x000000000382f6c0, 0x000000000382ff38]
Event: 2.901 Thread 0x0000000016d28000 1352       3       com.android.dx.ssa.back.SsaToRop::convertBasicBlocks (151 bytes)
Event: 2.902 Thread 0x0000000016d28000 nmethod 1352 0x00000000038301d0 code [0x00000000038304e0, 0x0000000003831db8]
Event: 2.954 Thread 0x0000000016d25000 nmethod 1343 0x0000000003836810 code [0x0000000003836de0, 0x00000000038399e8]
Event: 2.954 Thread 0x0000000016d25000 1345   !   4       com.android.dx.cf.code.RopperMachine::run (1550 bytes)

GC Heap History (2 events):
Event: 2.250 GC heap before
{Heap before GC invocations=1 (full 0):
 PSYoungGen      total 38400K, used 33280K [0x00000000eab00000, 0x00000000ed580000, 0x0000000100000000)
  eden space 33280K, 100% used [0x00000000eab00000,0x00000000ecb80000,0x00000000ecb80000)
  from space 5120K, 0% used [0x00000000ed080000,0x00000000ed080000,0x00000000ed580000)
  to   space 5120K, 0% used [0x00000000ecb80000,0x00000000ecb80000,0x00000000ed080000)
 ParOldGen       total 87552K, used 0K [0x00000000c0000000, 0x00000000c5580000, 0x00000000eab00000)
  object space 87552K, 0% used [0x00000000c0000000,0x00000000c0000000,0x00000000c5580000)
 Metaspace       used 5725K, capacity 6832K, committed 7040K, reserved 1056768K
  class space    used 556K, capacity 616K, committed 640K, reserved 1048576K
Event: 2.261 GC heap after
Heap after GC invocations=1 (full 0):
 PSYoungGen      total 38400K, used 5108K [0x00000000eab00000, 0x00000000ed580000, 0x0000000100000000)
  eden space 33280K, 0% used [0x00000000eab00000,0x00000000eab00000,0x00000000ecb80000)
  from space 5120K, 99% used [0x00000000ecb80000,0x00000000ed07d390,0x00000000ed080000)
  to   space 5120K, 0% used [0x00000000ed080000,0x00000000ed080000,0x00000000ed580000)
 ParOldGen       total 87552K, used 1539K [0x00000000c0000000, 0x00000000c5580000, 0x00000000eab00000)
  object space 87552K, 1% used [0x00000000c0000000,0x00000000c0180d18,0x00000000c5580000)
 Metaspace       used 5725K, capacity 6832K, committed 7040K, reserved 1056768K
  class space    used 556K, capacity 616K, committed 640K, reserved 1048576K
}

Deoptimization events (10 events):
Event: 2.026 Thread 0x0000000016f59000 Uncommon trap: reason=unstable_if action=reinterpret pc=0x000000000358ad04 method=com.android.dx.rop.code.RegisterSpec.equals(ILcom/android/dx/rop/type/TypeBearer;Lcom/android/dx/rop/code/LocalItem;)Z @ 16
Event: 2.026 Thread 0x0000000016f59000 Uncommon trap: reason=unstable_if action=reinterpret pc=0x000000000356e2c0 method=com.android.dx.rop.code.RegisterSpec.equals(ILcom/android/dx/rop/type/TypeBearer;Lcom/android/dx/rop/code/LocalItem;)Z @ 16
Event: 2.026 Thread 0x0000000016f59000 Uncommon trap: reason=unstable_if action=reinterpret pc=0x0000000003524e40 method=com.android.dx.rop.code.RegisterSpec.equals(ILcom/android/dx/rop/type/TypeBearer;Lcom/android/dx/rop/code/LocalItem;)Z @ 16
Event: 2.160 Thread 0x0000000016e42800 Uncommon trap: reason=unloaded action=reinterpret pc=0x0000000003534cc4 method=com.android.dx.ssa.SsaRenamer$BlockRenamer.visitMoveInsn(Lcom/android/dx/ssa/NormalSsaInsn;)V @ 208
Event: 2.161 Thread 0x0000000016e42800 Uncommon trap: reason=unstable_if action=reinterpret pc=0x000000000373be50 method=com.android.dx.ssa.SCCP.simulateBranch(Lcom/android/dx/ssa/SsaInsn;)V @ 53
Event: 2.161 Thread 0x0000000016e42800 Uncommon trap: reason=unstable_if action=reinterpret pc=0x0000000003671694 method=com.android.dx.ssa.NormalSsaInsn.getLocalAssignment()Lcom/android/dx/rop/code/RegisterSpec; @ 12
Event: 2.162 Thread 0x0000000016e42800 Uncommon trap: reason=unstable_if action=reinterpret pc=0x00000000035e4fe8 method=com.android.dx.ssa.NormalSsaInsn.getLocalAssignment()Lcom/android/dx/rop/code/RegisterSpec; @ 12
Event: 2.162 Thread 0x0000000016e42800 Uncommon trap: reason=unstable_if action=reinterpret pc=0x00000000035d7930 method=com.android.dx.ssa.NormalSsaInsn.getLocalAssignment()Lcom/android/dx/rop/code/RegisterSpec; @ 12
Event: 2.162 Thread 0x0000000016e42800 Uncommon trap: reason=unstable_if action=reinterpret pc=0x00000000036cf8e0 method=com.android.dx.util.IntList.binarysearch(I)I @ 26
Event: 2.584 Thread 0x000000000107d800 Uncommon trap: reason=unstable_if action=reinterpret pc=0x00000000036f74f0 method=java.lang.String.<init>([CII)V @ 18

Internal exceptions (2 events):
Event: 0.047 Thread 0x000000000107d800 Exception <a 'java/lang/NoSuchMethodError': Method sun.misc.Unsafe.defineClass(Ljava/lang/String;[BII)Ljava/lang/Class; name or signature does not match> (0x00000000eab07c78) thrown at [C:\src\android\AOSP-openjdk\external\jetbrains\jdk\hotspot\src\share\vF¦¶è(¨?
Event: 0.047 Thread 0x000000000107d800 Exception <a 'java/lang/NoSuchMethodError': Method sun.misc.Unsafe.prefetchRead(Ljava/lang/Object;J)V name or signature does not match> (0x00000000eab07f60) thrown at [C:\src\android\AOSP-openjdk\external\jetbrains\jdk\hotspot\src\share\vm\prims\jni.cpp, l

Events (10 events):
Event: 2.914 loading class java/util/HashMap$KeyIterator
Event: 2.915 loading class java/util/HashMap$KeyIterator done
Event: 2.915 Thread 0x0000000016e42800 Thread exited: 0x0000000016e42800
Event: 2.915 Thread 0x0000000016f33000 Thread exited: 0x0000000016f33000
Event: 2.915 Thread 0x0000000016f1e000 Thread exited: 0x0000000016f1e000
Event: 2.915 Thread 0x0000000016f59000 Thread exited: 0x0000000016f59000
Event: 2.915 Thread 0x0000000016e43800 Thread exited: 0x0000000016e43800
Event: 2.915 loading class com/android/dx/command/dexer/Main$DexWriter
Event: 2.915 loading class com/android/dx/command/dexer/Main$DexWriter done
Event: 2.916 Thread 0x0000000016f59000 Thread added: 0x0000000016f59000


Dynamic libraries:
0x00007ff720e80000 - 0x00007ff720eb1000 	D:\Program Files\Android\Android Studio\jre\bin\java.exe
0x00007fffec7f0000 - 0x00007fffec9c1000 	C:\WINDOWS\SYSTEM32\ntdll.dll
0x00007fffeb1d0000 - 0x00007fffeb27c000 	C:\WINDOWS\System32\KERNEL32.DLL
0x00007fffe96e0000 - 0x00007fffe98fd000 	C:\WINDOWS\System32\KERNELBASE.dll
0x00007fffe9e60000 - 0x00007fffe9f02000 	C:\WINDOWS\System32\ADVAPI32.dll
0x00007fffeaaa0000 - 0x00007fffeab3e000 	C:\WINDOWS\System32\msvcrt.dll
0x00007fffec790000 - 0x00007fffec7e9000 	C:\WINDOWS\System32\sechost.dll
0x00007fffea970000 - 0x00007fffeaa91000 	C:\WINDOWS\System32\RPCRT4.dll
0x00007fffeac40000 - 0x00007fffeada5000 	C:\WINDOWS\System32\USER32.dll
0x00007fffe9d10000 - 0x00007fffe9d2e000 	C:\WINDOWS\System32\win32u.dll
0x00007fffea180000 - 0x00007fffea1b4000 	C:\WINDOWS\System32\GDI32.dll
0x00007fffe9b80000 - 0x00007fffe9d02000 	C:\WINDOWS\System32\gdi32full.dll
0x00007fffe41c0000 - 0x00007fffe443a000 	C:\WINDOWS\WinSxS\amd64_microsoft.windows.common-controls_6595b64144ccf1df_6.0.14393.953_none_42151e83c686086b\COMCTL32.dll
0x00007fffea600000 - 0x00007fffea8c8000 	C:\WINDOWS\System32\combase.dll
0x00007fffe8ce0000 - 0x00007fffe8dd5000 	C:\WINDOWS\System32\ucrtbase.dll
0x00007fffe9670000 - 0x00007fffe96da000 	C:\WINDOWS\System32\bcryptPrimitives.dll
0x00007fffe9da0000 - 0x00007fffe9dce000 	C:\WINDOWS\System32\IMM32.DLL
0x00000000633b0000 - 0x0000000063482000 	D:\Program Files\Android\Android Studio\jre\jre\bin\msvcr100.dll
0x0000000062880000 - 0x00000000630bc000 	D:\Program Files\Android\Android Studio\jre\jre\bin\server\jvm.dll
0x00007fffe9e40000 - 0x00007fffe9e48000 	C:\WINDOWS\System32\PSAPI.DLL
0x00007fffe6df0000 - 0x00007fffe6df9000 	C:\WINDOWS\SYSTEM32\WSOCK32.dll
0x00007fffea110000 - 0x00007fffea17a000 	C:\WINDOWS\System32\WS2_32.dll
0x00007fffe6c20000 - 0x00007fffe6c43000 	C:\WINDOWS\SYSTEM32\WINMM.dll
0x00007fffe4cf0000 - 0x00007fffe4cfa000 	C:\WINDOWS\SYSTEM32\VERSION.dll
0x00007fffe6b00000 - 0x00007fffe6b2b000 	C:\WINDOWS\SYSTEM32\WINMMBASE.dll
0x00007fffe9d30000 - 0x00007fffe9d72000 	C:\WINDOWS\System32\cfgmgr32.dll
0x00007fffe65b0000 - 0x00007fffe65bf000 	D:\Program Files\Android\Android Studio\jre\jre\bin\verify.dll
0x00007fffe6580000 - 0x00007fffe65a9000 	D:\Program Files\Android\Android Studio\jre\jre\bin\java.dll
0x00007fffe6420000 - 0x00007fffe6436000 	D:\Program Files\Android\Android Studio\jre\jre\bin\zip.dll
0x00007fffeb280000 - 0x00007fffec788000 	C:\WINDOWS\System32\SHELL32.dll
0x00007fffe8e80000 - 0x00007fffe955a000 	C:\WINDOWS\System32\windows.storage.dll
0x00007fffe8c50000 - 0x00007fffe8c9c000 	C:\WINDOWS\System32\powrprof.dll
0x00007fffea050000 - 0x00007fffea0a2000 	C:\WINDOWS\System32\shlwapi.dll
0x00007fffe8cd0000 - 0x00007fffe8cdf000 	C:\WINDOWS\System32\kernel.appcore.dll
0x00007fffe9560000 - 0x00007fffe9609000 	C:\WINDOWS\System32\shcore.dll
0x00007fffe8ca0000 - 0x00007fffe8cb4000 	C:\WINDOWS\System32\profapi.dll

VM Arguments:
jvm_args: -Djava.awt.headless=true -Xmx1024M -Dfile.encoding=GBK -Duser.country=CN -Duser.language=zh -Duser.variant 
java_command: com.android.dx.command.Main --dex --force-jumbo --num-threads=4 --multi-dex --output D:\musicbean\app\build\intermediates\transforms\dex\baidu\debug\folders\1000\5\slice_0 D:\musicbean\app\build\intermediates\transforms\instantRunSlicer\baidu\debug\folders\1\5\slice_0
java_class_path (initial): D:\SDK\build-tools\25.0.0\lib\dx.jar
Launcher Type: SUN_STANDARD

Environment Variables:
JAVA_HOME=C:\Program Files\Java\jdk1.8.0_101
CLASSPATH=.;C:\Program Files\Java\jdk1.8.0_101\lib;
PATH=C:\ProgramData\Oracle\Java\javapath;C:\WINDOWS\system32;C:\WINDOWS;C:\WINDOWS\System32\Wbem;C:\WINDOWS\System32\WindowsPowerShell\v1.0\;C:\Program Files\Java\jdk1.8.0_101\bin;C:\Program Files\Java\jdk1.8.0_101\jre\bin;D:\Git\cmd;C:\Users\Administrator\AppData\Local\Microsoft\WindowsApps;
USERNAME=Administrator
OS=Windows_NT
PROCESSOR_IDENTIFIER=Intel64 Family 6 Model 94 Stepping 3, GenuineIntel



---------------  S Y S T E M  ---------------

OS: Windows 10.0 , 64 bit Build 14393 (10.0.14393.1198)

CPU:total 4 (4 cores per cpu, 1 threads per core) family 6 model 94 stepping 3, cmov, cx8, fxsr, mmx, sse, sse2, sse3, ssse3, sse4.1, sse4.2, popcnt, avx, avx2, aes, clmul, erms, rtm, 3dnowpref, lzcnt, tsc, tscinvbit, bmi1, bmi2, adx

Memory: 4k page, physical 8299524k(2502804k free), swap 14749720k(3844k free)

vm_info: OpenJDK 64-Bit Server VM (25.112-b06) for windows-amd64 JRE (1.8.0_112-release-b06), built on Dec  8 2016 00:54:26 by "builder" with MS VC++ 10.0 (VS2010)

time: Mon May 29 12:35:47 2017
elapsed time: 2 seconds (0d 0h 0m 2s)

