#
# There is insufficient memory for the Java Runtime Environment to continue.
# Native memory allocation (malloc) failed to allocate 293680 bytes for Chunk::new
# Possible reasons:
#   The system is out of physical RAM or swap space
#   In 32 bit mode, the process size limit was hit
# Possible solutions:
#   Reduce memory load on the system
#   Increase physical memory or swap space
#   Check if swap backing store is full
#   Use 64 bit Java on a 64 bit OS
#   Decrease Java heap size (-Xmx/-Xms)
#   Decrease number of Java threads
#   Decrease Java thread stack sizes (-Xss)
#   Set larger code cache with -XX:ReservedCodeCacheSize=
# This output file may be truncated or incomplete.
#
#  Out of Memory Error (allocation.cpp:390), pid=27884, tid=0x0000000000008258
#
# JRE version: OpenJDK Runtime Environment (8.0_112-b06) (build 1.8.0_112-release-b06)
# Java VM: OpenJDK 64-Bit Server VM (25.112-b06 mixed mode windows-amd64 compressed oops)
# Failed to write core dump. Minidumps are not enabled by default on client versions of Windows
#

---------------  T H R E A D  ---------------

Current thread (0x0000000015ae0000):  JavaThread "C2 CompilerThread0" daemon [_thread_in_native, id=33368, stack(0x0000000017440000,0x0000000017540000)]

Stack: [0x0000000017440000,0x0000000017540000]
[error occurred during error reporting (printing stack bounds), id 0xc0000005]

Native frames: (J=compiled Java code, j=interpreted, Vv=VM code, C=native code)


Current CompileTask:
C2:  10667 2319       4       com.android.dx.rop.cst.CstBaseMethodRef::getPrototype (41 bytes)


---------------  P R O C E S S  ---------------

Java Threads: ( => current thread )
  0x00000000170b2000 JavaThread "pool-1-thread-1" [_thread_in_vm, id=32008, stack(0x000000001a5e0000,0x000000001a6e0000)]
  0x0000000016ea6800 JavaThread "Service Thread" daemon [_thread_blocked, id=34040, stack(0x0000000017740000,0x0000000017840000)]
  0x0000000016e93800 JavaThread "C1 CompilerThread2" daemon [_thread_in_native, id=34132, stack(0x0000000017640000,0x0000000017740000)]
  0x0000000015b28800 JavaThread "C2 CompilerThread1" daemon [_thread_blocked, id=33892, stack(0x0000000017540000,0x0000000017640000)]
=>0x0000000015ae0000 JavaThread "C2 CompilerThread0" daemon [_thread_in_native, id=33368, stack(0x0000000017440000,0x0000000017540000)]
  0x0000000015b27800 JavaThread "Attach Listener" daemon [_thread_blocked, id=33856, stack(0x0000000017340000,0x0000000017440000)]
  0x0000000016e48800 JavaThread "Signal Dispatcher" daemon [_thread_blocked, id=31792, stack(0x0000000017240000,0x0000000017340000)]
  0x00000000033fb000 JavaThread "Finalizer" daemon [_thread_blocked, id=34076, stack(0x0000000016d30000,0x0000000016e30000)]
  0x00000000033f0000 JavaThread "Reference Handler" daemon [_thread_blocked, id=32696, stack(0x0000000016c30000,0x0000000016d30000)]
  0x0000000002f2d800 JavaThread "main" [_thread_blocked, id=27240, stack(0x0000000002e10000,0x0000000002f10000)]

Other Threads:
  0x0000000015a94800 VMThread [stack: 0x0000000016b30000,0x0000000016c30000] [id=33132]
  0x0000000016e9c000 WatcherThread [stack: 0x0000000017840000,0x0000000017940000] [id=31044]

VM state:not at safepoint (normal execution)

VM Mutex/Monitor currently owned by a thread: None

Heap:
 PSYoungGen      total 138240K, used 47131K [0x00000000eab00000, 0x00000000fe200000, 0x0000000100000000)
  eden space 133120K, 35% used [0x00000000eab00000,0x00000000ed906c40,0x00000000f2d00000)
  from space 5120K, 0% used [0x00000000f2d00000,0x00000000f2d00000,0x00000000f3200000)
  to   space 53248K, 0% used [0x00000000fae00000,0x00000000fae00000,0x00000000fe200000)
 ParOldGen       total 185856K, used 69069K [0x00000000c0000000, 0x00000000cb580000, 0x00000000eab00000)
  object space 185856K, 37% used [0x00000000c0000000,0x00000000c43735b8,0x00000000cb580000)
 Metaspace       used 6368K, capacity 7408K, committed 7552K, reserved 1056768K
  class space    used 583K, capacity 616K, committed 640K, reserved 1048576K

Card table byte_map: [0x00000000127c0000,0x00000000129d0000] byte_map_base: 0x00000000121c0000

Marking Bits: (ParMarkBitMap*) 0x00000000630018f0
 Begin Bits: [0x0000000012f30000, 0x0000000013f30000)
 End Bits:   [0x0000000013f30000, 0x0000000014f30000)

Polling page: 0x00000000012d0000

CodeCache: size=245760Kb used=9969Kb max_used=10059Kb free=235790Kb
 bounds [0x0000000003400000, 0x0000000003de0000, 0x0000000012400000]
 total_blobs=2489 nmethods=2224 adapters=178
 compilation: enabled

Compilation events (10 events):
Event: 10.659 Thread 0x0000000016e93800 nmethod 2331 0x00000000035c0c10 code [0x00000000035c0e00, 0x00000000035c1788]
Event: 10.659 Thread 0x0000000015b28800 nmethod 2330 0x000000000350d010 code [0x000000000350d140, 0x000000000350d1f8]
Event: 10.662 Thread 0x0000000016e93800 2332 %     3       com.android.dx.dex.code.DalvInsnList::getOutsSize @ 9 (105 bytes)
Event: 10.662 Thread 0x0000000016e93800 nmethod 2332% 0x0000000003517510 code [0x0000000003517700, 0x00000000035185c8]
Event: 10.663 Thread 0x0000000016e93800 2333       3       com.android.dx.dex.code.form.Form22c::writeTo (45 bytes)
Event: 10.663 Thread 0x0000000016e93800 nmethod 2333 0x00000000035407d0 code [0x00000000035409e0, 0x0000000003541568]
Event: 10.663 Thread 0x0000000016e93800 2334       3       com.android.dx.dex.code.form.Form10t::writeTo (22 bytes)
Event: 10.663 Thread 0x0000000016e93800 nmethod 2334 0x0000000003518bd0 code [0x0000000003518da0, 0x0000000003519598]
Event: 10.664 Thread 0x0000000016e93800 2335 % !   3       com.android.dx.dex.code.DalvInsnList::writeTo @ 132 (254 bytes)
Event: 10.665 Thread 0x0000000016e93800 nmethod 2335% 0x0000000003559b90 code [0x000000000355a020, 0x000000000355d258]

GC Heap History (10 events):
Event: 4.389 GC heap before
{Heap before GC invocations=3 (full 0):
 PSYoungGen      total 71680K, used 71670K [0x00000000eab00000, 0x00000000ef600000, 0x0000000100000000)
  eden space 66560K, 100% used [0x00000000eab00000,0x00000000eec00000,0x00000000eec00000)
  from space 5120K, 99% used [0x00000000ef100000,0x00000000ef5fd9d8,0x00000000ef600000)
  to   space 5120K, 0% used [0x00000000eec00000,0x00000000eec00000,0x00000000ef100000)
 ParOldGen       total 87552K, used 13858K [0x00000000c0000000, 0x00000000c5580000, 0x00000000eab00000)
  object space 87552K, 15% used [0x00000000c0000000,0x00000000c0d88848,0x00000000c5580000)
 Metaspace       used 5853K, capacity 6960K, committed 7040K, reserved 1056768K
  class space    used 563K, capacity 616K, committed 640K, reserved 1048576K
Event: 5.016 GC heap after
Heap after GC invocations=3 (full 0):
 PSYoungGen      total 71680K, used 5101K [0x00000000eab00000, 0x00000000f3700000, 0x0000000100000000)
  eden space 66560K, 0% used [0x00000000eab00000,0x00000000eab00000,0x00000000eec00000)
  from space 5120K, 99% used [0x00000000eec00000,0x00000000ef0fb4d0,0x00000000ef100000)
  to   space 5120K, 0% used [0x00000000f3200000,0x00000000f3200000,0x00000000f3700000)
 ParOldGen       total 87552K, used 41151K [0x00000000c0000000, 0x00000000c5580000, 0x00000000eab00000)
  object space 87552K, 47% used [0x00000000c0000000,0x00000000c282fc28,0x00000000c5580000)
 Metaspace       used 5853K, capacity 6960K, committed 7040K, reserved 1056768K
  class space    used 563K, capacity 616K, committed 640K, reserved 1048576K
}
Event: 6.007 GC heap before
{Heap before GC invocations=4 (full 0):
 PSYoungGen      total 71680K, used 71661K [0x00000000eab00000, 0x00000000f3700000, 0x0000000100000000)
  eden space 66560K, 100% used [0x00000000eab00000,0x00000000eec00000,0x00000000eec00000)
  from space 5120K, 99% used [0x00000000eec00000,0x00000000ef0fb4d0,0x00000000ef100000)
  to   space 5120K, 0% used [0x00000000f3200000,0x00000000f3200000,0x00000000f3700000)
 ParOldGen       total 87552K, used 41151K [0x00000000c0000000, 0x00000000c5580000, 0x00000000eab00000)
  object space 87552K, 47% used [0x00000000c0000000,0x00000000c282fc28,0x00000000c5580000)
 Metaspace       used 5882K, capacity 6960K, committed 7040K, reserved 1056768K
  class space    used 563K, capacity 616K, committed 640K, reserved 1048576K
Event: 6.146 GC heap after
Heap after GC invocations=4 (full 0):
 PSYoungGen      total 138240K, used 5110K [0x00000000eab00000, 0x00000000f3700000, 0x0000000100000000)
  eden space 133120K, 0% used [0x00000000eab00000,0x00000000eab00000,0x00000000f2d00000)
  from space 5120K, 99% used [0x00000000f3200000,0x00000000f36fdb98,0x00000000f3700000)
  to   space 5120K, 0% used [0x00000000f2d00000,0x00000000f2d00000,0x00000000f3200000)
 ParOldGen       total 87552K, used 61269K [0x00000000c0000000, 0x00000000c5580000, 0x00000000eab00000)
  object space 87552K, 69% used [0x00000000c0000000,0x00000000c3bd5750,0x00000000c5580000)
 Metaspace       used 5882K, capacity 6960K, committed 7040K, reserved 1056768K
  class space    used 563K, capacity 616K, committed 640K, reserved 1048576K
}
Event: 6.146 GC heap before
{Heap before GC invocations=5 (full 1):
 PSYoungGen      total 138240K, used 5110K [0x00000000eab00000, 0x00000000f3700000, 0x0000000100000000)
  eden space 133120K, 0% used [0x00000000eab00000,0x00000000eab00000,0x00000000f2d00000)
  from space 5120K, 99% used [0x00000000f3200000,0x00000000f36fdb98,0x00000000f3700000)
  to   space 5120K, 0% used [0x00000000f2d00000,0x00000000f2d00000,0x00000000f3200000)
 ParOldGen       total 87552K, used 61269K [0x00000000c0000000, 0x00000000c5580000, 0x00000000eab00000)
  object space 87552K, 69% used [0x00000000c0000000,0x00000000c3bd5750,0x00000000c5580000)
 Metaspace       used 5882K, capacity 6960K, committed 7040K, reserved 1056768K
  class space    used 563K, capacity 616K, committed 640K, reserved 1048576K
Event: 7.395 GC heap after
Heap after GC invocations=5 (full 1):
 PSYoungGen      total 138240K, used 0K [0x00000000eab00000, 0x00000000f3700000, 0x0000000100000000)
  eden space 133120K, 0% used [0x00000000eab00000,0x00000000eab00000,0x00000000f2d00000)
  from space 5120K, 0% used [0x00000000f3200000,0x00000000f3200000,0x00000000f3700000)
  to   space 5120K, 0% used [0x00000000f2d00000,0x00000000f2d00000,0x00000000f3200000)
 ParOldGen       total 105472K, used 27649K [0x00000000c0000000, 0x00000000c6700000, 0x00000000eab00000)
  object space 105472K, 26% used [0x00000000c0000000,0x00000000c1b00778,0x00000000c6700000)
 Metaspace       used 5882K, capacity 6960K, committed 7040K, reserved 1056768K
  class space    used 563K, capacity 616K, committed 640K, reserved 1048576K
}
Event: 8.686 GC heap before
{Heap before GC invocations=6 (full 1):
 PSYoungGen      total 138240K, used 133120K [0x00000000eab00000, 0x00000000f3700000, 0x0000000100000000)
  eden space 133120K, 100% used [0x00000000eab00000,0x00000000f2d00000,0x00000000f2d00000)
  from space 5120K, 0% used [0x00000000f3200000,0x00000000f3200000,0x00000000f3700000)
  to   space 5120K, 0% used [0x00000000f2d00000,0x00000000f2d00000,0x00000000f3200000)
 ParOldGen       total 105472K, used 27649K [0x00000000c0000000, 0x00000000c6700000, 0x00000000eab00000)
  object space 105472K, 26% used [0x00000000c0000000,0x00000000c1b00778,0x00000000c6700000)
 Metaspace       used 5994K, capacity 7088K, committed 7296K, reserved 1056768K
  class space    used 564K, capacity 616K, committed 640K, reserved 1048576K
Event: 8.885 GC heap after
Heap after GC invocations=6 (full 1):
 PSYoungGen      total 138240K, used 5107K [0x00000000eab00000, 0x00000000fe200000, 0x0000000100000000)
  eden space 133120K, 0% used [0x00000000eab00000,0x00000000eab00000,0x00000000f2d00000)
  from space 5120K, 99% used [0x00000000f2d00000,0x00000000f31fcdc8,0x00000000f3200000)
  to   space 53248K, 0% used [0x00000000fae00000,0x00000000fae00000,0x00000000fe200000)
 ParOldGen       total 105472K, used 71065K [0x00000000c0000000, 0x00000000c6700000, 0x00000000eab00000)
  object space 105472K, 67% used [0x00000000c0000000,0x00000000c4566518,0x00000000c6700000)
 Metaspace       used 5994K, capacity 7088K, committed 7296K, reserved 1056768K
  class space    used 564K, capacity 616K, committed 640K, reserved 1048576K
}
Event: 8.885 GC heap before
{Heap before GC invocations=7 (full 2):
 PSYoungGen      total 138240K, used 5107K [0x00000000eab00000, 0x00000000fe200000, 0x0000000100000000)
  eden space 133120K, 0% used [0x00000000eab00000,0x00000000eab00000,0x00000000f2d00000)
  from space 5120K, 99% used [0x00000000f2d00000,0x00000000f31fcdc8,0x00000000f3200000)
  to   space 53248K, 0% used [0x00000000fae00000,0x00000000fae00000,0x00000000fe200000)
 ParOldGen       total 105472K, used 71065K [0x00000000c0000000, 0x00000000c6700000, 0x00000000eab00000)
  object space 105472K, 67% used [0x00000000c0000000,0x00000000c4566518,0x00000000c6700000)
 Metaspace       used 5994K, capacity 7088K, committed 7296K, reserved 1056768K
  class space    used 564K, capacity 616K, committed 640K, reserved 1048576K
Event: 9.601 GC heap after
Heap after GC invocations=7 (full 2):
 PSYoungGen      total 138240K, used 0K [0x00000000eab00000, 0x00000000fe200000, 0x0000000100000000)
  eden space 133120K, 0% used [0x00000000eab00000,0x00000000eab00000,0x00000000f2d00000)
  from space 5120K, 0% used [0x00000000f2d00000,0x00000000f2d00000,0x00000000f3200000)
  to   space 53248K, 0% used [0x00000000fae00000,0x00000000fae00000,0x00000000fe200000)
 ParOldGen       total 185856K, used 69069K [0x00000000c0000000, 0x00000000cb580000, 0x00000000eab00000)
  object space 185856K, 37% used [0x00000000c0000000,0x00000000c43735b8,0x00000000cb580000)
 Metaspace       used 5994K, capacity 7088K, committed 7296K, reserved 1056768K
  class space    used 564K, capacity 616K, committed 640K, reserved 1048576K
}

Deoptimization events (10 events):
Event: 10.319 Thread 0x00000000170b2000 Uncommon trap: reason=speculate_class_check action=maybe_recompile pc=0x000000000380aad8 method=com.android.dx.util.FixedSizeList.equals(Ljava/lang/Object;)Z @ 25
Event: 10.319 Thread 0x00000000170b2000 Uncommon trap: reason=class_check action=maybe_recompile pc=0x000000000375db44 method=java.util.Arrays.equals([Ljava/lang/Object;[Ljava/lang/Object;)Z @ 62
Event: 10.319 Thread 0x00000000170b2000 Uncommon trap: reason=speculate_class_check action=maybe_recompile pc=0x000000000380aad8 method=com.android.dx.util.FixedSizeList.equals(Ljava/lang/Object;)Z @ 25
Event: 10.319 Thread 0x00000000170b2000 Uncommon trap: reason=unstable_if action=reinterpret pc=0x000000000375db78 method=java.util.Arrays.equals([Ljava/lang/Object;[Ljava/lang/Object;)Z @ 23
Event: 10.322 Thread 0x00000000170b2000 Uncommon trap: reason=speculate_class_check action=maybe_recompile pc=0x000000000380aad8 method=com.android.dx.util.FixedSizeList.equals(Ljava/lang/Object;)Z @ 25
Event: 10.322 Thread 0x00000000170b2000 Uncommon trap: reason=speculate_class_check action=maybe_recompile pc=0x000000000380aad8 method=com.android.dx.util.FixedSizeList.equals(Ljava/lang/Object;)Z @ 25
Event: 10.322 Thread 0x00000000170b2000 Uncommon trap: reason=unstable_if action=reinterpret pc=0x0000000003bbfb74 method=java.util.TreeMap.put(Ljava/lang/Object;Ljava/lang/Object;)Ljava/lang/Object; @ 163
Event: 10.510 Thread 0x00000000170b2000 Uncommon trap: reason=unstable_if action=reinterpret pc=0x0000000003d5c03c method=com.android.dx.dex.code.OutputFinisher.align64bits([Lcom/android/dx/dex/code/Dop;)V @ 110
Event: 10.570 Thread 0x00000000170b2000 Uncommon trap: reason=unstable_if action=reinterpret pc=0x0000000003c127f0 method=java.util.ArrayList.<init>(I)V @ 5
Event: 10.588 Thread 0x00000000170b2000 Uncommon trap: reason=unstable_if action=reinterpret pc=0x0000000003d9afc4 method=com.android.dx.util.ByteArrayAnnotatedOutput.writeByte(I)V @ 13

Internal exceptions (3 events):
Event: 0.038 Thread 0x0000000002f2d800 Exception <a 'java/lang/NoSuchMethodError': Method sun.misc.Unsafe.defineClass(Ljava/lang/String;[BII)Ljava/lang/Class; name or signature does not match> (0x00000000eab07c78) thrown at [C:\src\android\AOSP-openjdk\external\jetbrains\jdk\hotspot\src\share\v.˜Op£?
Event: 0.038 Thread 0x0000000002f2d800 Exception <a 'java/lang/NoSuchMethodError': Method sun.misc.Unsafe.prefetchRead(Ljava/lang/Object;J)V name or signature does not match> (0x00000000eab07f60) thrown at [C:\src\android\AOSP-openjdk\external\jetbrains\jdk\hotspot\src\share\vm\prims\jni.cpp, l%ãzPŸF@
Event: 5.319 Thread 0x0000000016fa8800 Implicit null exception at 0x000000000372c8a2 to 0x000000000372c99a

Events (10 events):
Event: 10.603 Thread 0x0000000016e93800 flushing nmethod 0x00000000035c0890
Event: 10.603 Thread 0x0000000016e93800 flushing nmethod 0x00000000035c1dd0
Event: 10.603 Thread 0x0000000016e93800 flushing nmethod 0x00000000035c3050
Event: 10.603 Thread 0x0000000016e93800 flushing nmethod 0x00000000035c8190
Event: 10.603 Thread 0x0000000016e93800 flushing nmethod 0x00000000035d6dd0
Event: 10.603 Thread 0x0000000016e93800 flushing nmethod 0x00000000035dd5d0
Event: 10.603 Thread 0x0000000016e93800 flushing nmethod 0x00000000035e5890
Event: 10.603 Thread 0x0000000016e93800 flushing nmethod 0x00000000035e60d0
Event: 10.604 Thread 0x0000000016e93800 flushing nmethod 0x00000000035f5310
Event: 10.604 Thread 0x0000000016e93800 flushing nmethod 0x00000000035ff050


Dynamic libraries:
0x00007ff636230000 - 0x00007ff636261000 	D:\Program Files\Android\Android Studio\jre\bin\java.exe
0x00007fffec7f0000 - 0x00007fffec9c1000 	C:\WINDOWS\SYSTEM32\ntdll.dll
0x00007fffeb1d0000 - 0x00007fffeb27c000 	C:\WINDOWS\System32\KERNEL32.DLL
0x00007fffe96e0000 - 0x00007fffe98fd000 	C:\WINDOWS\System32\KERNELBASE.dll
0x00007fffe9e60000 - 0x00007fffe9f02000 	C:\WINDOWS\System32\ADVAPI32.dll
0x00007fffeaaa0000 - 0x00007fffeab3e000 	C:\WINDOWS\System32\msvcrt.dll
0x00007fffec790000 - 0x00007fffec7e9000 	C:\WINDOWS\System32\sechost.dll
0x00007fffea970000 - 0x00007fffeaa91000 	C:\WINDOWS\System32\RPCRT4.dll
0x00007fffeac40000 - 0x00007fffeada5000 	C:\WINDOWS\System32\USER32.dll
0x00007fffe9d10000 - 0x00007fffe9d2e000 	C:\WINDOWS\System32\win32u.dll
0x00007fffea180000 - 0x00007fffea1b4000 	C:\WINDOWS\System32\GDI32.dll
0x00007fffe9b80000 - 0x00007fffe9d02000 	C:\WINDOWS\System32\gdi32full.dll
0x00007fffe41c0000 - 0x00007fffe443a000 	C:\WINDOWS\WinSxS\amd64_microsoft.windows.common-controls_6595b64144ccf1df_6.0.14393.953_none_42151e83c686086b\COMCTL32.dll
0x00007fffea600000 - 0x00007fffea8c8000 	C:\WINDOWS\System32\combase.dll
0x00007fffe8ce0000 - 0x00007fffe8dd5000 	C:\WINDOWS\System32\ucrtbase.dll
0x00007fffe9670000 - 0x00007fffe96da000 	C:\WINDOWS\System32\bcryptPrimitives.dll
0x00007fffe9da0000 - 0x00007fffe9dce000 	C:\WINDOWS\System32\IMM32.DLL
0x0000000063d40000 - 0x0000000063e12000 	D:\Program Files\Android\Android Studio\jre\jre\bin\msvcr100.dll
0x0000000062840000 - 0x000000006307c000 	D:\Program Files\Android\Android Studio\jre\jre\bin\server\jvm.dll
0x00007fffe9e40000 - 0x00007fffe9e48000 	C:\WINDOWS\System32\PSAPI.DLL
0x00007fffdc320000 - 0x00007fffdc329000 	C:\WINDOWS\SYSTEM32\WSOCK32.dll
0x00007fffea110000 - 0x00007fffea17a000 	C:\WINDOWS\System32\WS2_32.dll
0x00007fffe6c20000 - 0x00007fffe6c43000 	C:\WINDOWS\SYSTEM32\WINMM.dll
0x00007fffe4cf0000 - 0x00007fffe4cfa000 	C:\WINDOWS\SYSTEM32\VERSION.dll
0x00007fffe6b00000 - 0x00007fffe6b2b000 	C:\WINDOWS\SYSTEM32\WINMMBASE.dll
0x00007fffe9d30000 - 0x00007fffe9d72000 	C:\WINDOWS\System32\cfgmgr32.dll
0x00007fffe63f0000 - 0x00007fffe63ff000 	D:\Program Files\Android\Android Studio\jre\jre\bin\verify.dll
0x00007fffe4bc0000 - 0x00007fffe4be9000 	D:\Program Files\Android\Android Studio\jre\jre\bin\java.dll
0x00007fffe63d0000 - 0x00007fffe63e6000 	D:\Program Files\Android\Android Studio\jre\jre\bin\zip.dll
0x00007fffeb280000 - 0x00007fffec788000 	C:\WINDOWS\System32\SHELL32.dll
0x00007fffe8e80000 - 0x00007fffe955a000 	C:\WINDOWS\System32\windows.storage.dll
0x00007fffe8c50000 - 0x00007fffe8c9c000 	C:\WINDOWS\System32\powrprof.dll
0x00007fffea050000 - 0x00007fffea0a2000 	C:\WINDOWS\System32\shlwapi.dll
0x00007fffe8cd0000 - 0x00007fffe8cdf000 	C:\WINDOWS\System32\kernel.appcore.dll
0x00007fffe9560000 - 0x00007fffe9609000 	C:\WINDOWS\System32\shcore.dll
0x00007fffe8ca0000 - 0x00007fffe8cb4000 	C:\WINDOWS\System32\profapi.dll

VM Arguments:
jvm_args: -Djava.awt.headless=true -Xmx1024M -Dfile.encoding=GBK -Duser.country=CN -Duser.language=zh -Duser.variant 
java_command: com.android.dx.command.Main --dex --force-jumbo --num-threads=4 --multi-dex --output D:\musicbean\app\build\intermediates\transforms\dex\baidu\debug\folders\1000\5\slice_9 D:\musicbean\app\build\intermediates\transforms\instantRunSlicer\baidu\debug\folders\1\5\slice_9
java_class_path (initial): D:\SDK\build-tools\25.0.0\lib\dx.jar
Launcher Type: SUN_STANDARD

Environment Variables:
JAVA_HOME=C:\Program Files\Java\jdk1.8.0_101
CLASSPATH=.;C:\Program Files\Java\jdk1.8.0_101\lib;
PATH=C:\ProgramData\Oracle\Java\javapath;C:\WINDOWS\system32;C:\WINDOWS;C:\WINDOWS\System32\Wbem;C:\WINDOWS\System32\WindowsPowerShell\v1.0\;C:\Program Files\Java\jdk1.8.0_101\bin;C:\Program Files\Java\jdk1.8.0_101\jre\bin;D:\Git\cmd;C:\Users\Administrator\AppData\Local\Microsoft\WindowsApps;
USERNAME=Administrator
OS=Windows_NT
PROCESSOR_IDENTIFIER=Intel64 Family 6 Model 94 Stepping 3, GenuineIntel



---------------  S Y S T E M  ---------------

OS: Windows 10.0 , 64 bit Build 14393 (10.0.14393.1198)

CPU:total 4 (4 cores per cpu, 1 threads per core) family 6 model 94 stepping 3, cmov, cx8, fxsr, mmx, sse, sse2, sse3, ssse3, sse4.1, sse4.2, popcnt, avx, avx2, aes, clmul, erms, rtm, 3dnowpref, lzcnt, tsc, tscinvbit, bmi1, bmi2, adx

Memory: 4k page, physical 8299524k(3027168k free), swap 14749720k(1536k free)

vm_info: OpenJDK 64-Bit Server VM (25.112-b06) for windows-amd64 JRE (1.8.0_112-release-b06), built on Dec  8 2016 00:54:26 by "builder" with MS VC++ 10.0 (VS2010)

time: Mon May 22 14:07:26 2017
elapsed time: 10 seconds (0d 0h 0m 10s)

