#
# There is insufficient memory for the Java Runtime Environment to continue.
# Native memory allocation (malloc) failed to allocate 787856 bytes for Chunk::new
# Possible reasons:
#   The system is out of physical RAM or swap space
#   In 32 bit mode, the process size limit was hit
# Possible solutions:
#   Reduce memory load on the system
#   Increase physical memory or swap space
#   Check if swap backing store is full
#   Use 64 bit Java on a 64 bit OS
#   Decrease Java heap size (-Xmx/-Xms)
#   Decrease number of Java threads
#   Decrease Java thread stack sizes (-Xss)
#   Set larger code cache with -XX:ReservedCodeCacheSize=
# This output file may be truncated or incomplete.
#
#  Out of Memory Error (allocation.cpp:390), pid=14920, tid=0x00000000000016e4
#
# JRE version: OpenJDK Runtime Environment (8.0_112-b06) (build 1.8.0_112-release-b06)
# Java VM: OpenJDK 64-Bit Server VM (25.112-b06 mixed mode windows-amd64 compressed oops)
# Failed to write core dump. Minidumps are not enabled by default on client versions of Windows
#

---------------  T H R E A D  ---------------

Current thread (0x0000000015a88800):  JavaThread "C2 CompilerThread1" daemon [_thread_in_native, id=5860, stack(0x00000000174a0000,0x00000000175a0000)]

Stack: [0x00000000174a0000,0x00000000175a0000]
[error occurred during error reporting (printing stack bounds), id 0xc0000005]

Native frames: (J=compiled Java code, j=interpreted, Vv=VM code, C=native code)


Current CompileTask:
C2:   3201 1225   !   4       com.android.dx.cf.code.BytecodeArray::parseInstruction (2764 bytes)


---------------  P R O C E S S  ---------------

Java Threads: ( => current thread )
  0x0000000017000000 JavaThread "pool-2-thread-4" [_thread_in_Java, id=13528, stack(0x0000000017ca0000,0x0000000017da0000)]
  0x0000000016fff000 JavaThread "pool-2-thread-3" [_thread_in_Java, id=10496, stack(0x0000000017ba0000,0x0000000017ca0000)]
  0x0000000016f0f800 JavaThread "pool-2-thread-2" [_thread_in_Java, id=3104, stack(0x0000000017aa0000,0x0000000017ba0000)]
  0x0000000016f08000 JavaThread "pool-3-thread-1" [_thread_blocked, id=13800, stack(0x00000000179a0000,0x0000000017aa0000)]
  0x0000000016f07000 JavaThread "pool-2-thread-1" [_thread_in_Java, id=13048, stack(0x00000000178a0000,0x00000000179a0000)]
  0x0000000016dff000 JavaThread "Service Thread" daemon [_thread_blocked, id=11332, stack(0x00000000176a0000,0x00000000177a0000)]
  0x0000000016df7000 JavaThread "C1 CompilerThread2" daemon [_thread_blocked, id=12012, stack(0x00000000175a0000,0x00000000176a0000)]
=>0x0000000015a88800 JavaThread "C2 CompilerThread1" daemon [_thread_in_native, id=5860, stack(0x00000000174a0000,0x00000000175a0000)]
  0x0000000015a40000 JavaThread "C2 CompilerThread0" daemon [_thread_in_native, id=3224, stack(0x00000000173a0000,0x00000000174a0000)]
  0x0000000015a87800 JavaThread "Attach Listener" daemon [_thread_blocked, id=8860, stack(0x00000000172a0000,0x00000000173a0000)]
  0x0000000016da8800 JavaThread "Signal Dispatcher" daemon [_thread_blocked, id=12184, stack(0x00000000171a0000,0x00000000172a0000)]
  0x0000000003355800 JavaThread "Finalizer" daemon [_thread_blocked, id=15016, stack(0x0000000016ca0000,0x0000000016da0000)]
  0x0000000003350000 JavaThread "Reference Handler" daemon [_thread_blocked, id=13500, stack(0x0000000016ba0000,0x0000000016ca0000)]
  0x0000000002d5d800 JavaThread "main" [_thread_in_Java, id=5220, stack(0x0000000003160000,0x0000000003260000)]

Other Threads:
  0x00000000159f4800 VMThread [stack: 0x0000000016aa0000,0x0000000016ba0000] [id=8352]
  0x0000000016e01000 WatcherThread [stack: 0x00000000177a0000,0x00000000178a0000] [id=13248]

VM state:not at safepoint (normal execution)

VM Mutex/Monitor currently owned by a thread: None

Heap:
 PSYoungGen      total 38400K, used 33530K [0x00000000eab00000, 0x00000000ed580000, 0x0000000100000000)
  eden space 33280K, 85% used [0x00000000eab00000,0x00000000ec6c23c8,0x00000000ecb80000)
  from space 5120K, 99% used [0x00000000ecb80000,0x00000000ed07c4a8,0x00000000ed080000)
  to   space 5120K, 0% used [0x00000000ed080000,0x00000000ed080000,0x00000000ed580000)
 ParOldGen       total 87552K, used 1742K [0x00000000c0000000, 0x00000000c5580000, 0x00000000eab00000)
  object space 87552K, 1% used [0x00000000c0000000,0x00000000c01b39b0,0x00000000c5580000)
 Metaspace       used 5849K, capacity 6960K, committed 7040K, reserved 1056768K
  class space    used 564K, capacity 616K, committed 640K, reserved 1048576K

Card table byte_map: [0x0000000012720000,0x0000000012930000] byte_map_base: 0x0000000012120000

Marking Bits: (ParMarkBitMap*) 0x00000000630018f0
 Begin Bits: [0x0000000012e90000, 0x0000000013e90000)
 End Bits:   [0x0000000013e90000, 0x0000000014e90000)

Polling page: 0x0000000002cd0000

CodeCache: size=245760Kb used=5289Kb max_used=5289Kb free=240470Kb
 bounds [0x0000000003360000, 0x0000000003890000, 0x0000000012360000]
 total_blobs=1561 nmethods=1298 adapters=177
 compilation: enabled

Compilation events (10 events):
Event: 3.168 Thread 0x0000000016df7000 1310       2       com.android.dx.cf.attrib.AttCode::byteLength (29 bytes)
Event: 3.168 Thread 0x0000000016df7000 nmethod 1310 0x0000000003887010 code [0x00000000038871a0, 0x0000000003887498]
Event: 3.171 Thread 0x0000000016df7000 1311       2       com.android.dx.cf.direct.StdAttributeFactory::lineNumberTable (204 bytes)
Event: 3.172 Thread 0x0000000016df7000 nmethod 1311 0x0000000003887790 code [0x0000000003887ae0, 0x0000000003888c98]
Event: 3.173 Thread 0x0000000016df7000 1313       2       com.android.dx.rop.cst.StdConstantPool::get0Ok (12 bytes)
Event: 3.174 Thread 0x0000000016df7000 nmethod 1313 0x000000000388a650 code [0x000000000388a860, 0x000000000388afd8]
Event: 3.180 Thread 0x0000000016df7000 1314       2       com.android.dx.cf.code.BasicBlocker::visitBranch (98 bytes)
Event: 3.181 Thread 0x0000000016df7000 nmethod 1314 0x000000000388b910 code [0x000000000388bb20, 0x000000000388c2f8]
Event: 3.181 Thread 0x0000000016df7000 1315       2       com.android.dx.cf.code.Simulator$SimVisitor::visitBranch (341 bytes)
Event: 3.182 Thread 0x0000000016df7000 nmethod 1315 0x000000000388d210 code [0x000000000388d440, 0x000000000388dc08]

GC Heap History (2 events):
Event: 2.930 GC heap before
{Heap before GC invocations=1 (full 0):
 PSYoungGen      total 38400K, used 33280K [0x00000000eab00000, 0x00000000ed580000, 0x0000000100000000)
  eden space 33280K, 100% used [0x00000000eab00000,0x00000000ecb80000,0x00000000ecb80000)
  from space 5120K, 0% used [0x00000000ed080000,0x00000000ed080000,0x00000000ed580000)
  to   space 5120K, 0% used [0x00000000ecb80000,0x00000000ecb80000,0x00000000ed080000)
 ParOldGen       total 87552K, used 0K [0x00000000c0000000, 0x00000000c5580000, 0x00000000eab00000)
  object space 87552K, 0% used [0x00000000c0000000,0x00000000c0000000,0x00000000c5580000)
 Metaspace       used 5725K, capacity 6896K, committed 7040K, reserved 1056768K
  class space    used 561K, capacity 616K, committed 640K, reserved 1048576K
Event: 3.040 GC heap after
Heap after GC invocations=1 (full 0):
 PSYoungGen      total 38400K, used 5105K [0x00000000eab00000, 0x00000000ed580000, 0x0000000100000000)
  eden space 33280K, 0% used [0x00000000eab00000,0x00000000eab00000,0x00000000ecb80000)
  from space 5120K, 99% used [0x00000000ecb80000,0x00000000ed07c4a8,0x00000000ed080000)
  to   space 5120K, 0% used [0x00000000ed080000,0x00000000ed080000,0x00000000ed580000)
 ParOldGen       total 87552K, used 1742K [0x00000000c0000000, 0x00000000c5580000, 0x00000000eab00000)
  object space 87552K, 1% used [0x00000000c0000000,0x00000000c01b39b0,0x00000000c5580000)
 Metaspace       used 5725K, capacity 6896K, committed 7040K, reserved 1056768K
  class space    used 561K, capacity 616K, committed 640K, reserved 1048576K
}

Deoptimization events (10 events):
Event: 2.426 Thread 0x0000000016f07000 Uncommon trap: reason=class_check action=maybe_recompile pc=0x0000000003598ef0 method=com.android.dx.ssa.NormalSsaInsn.accept(Lcom/android/dx/ssa/SsaInsn$Visitor;)V @ 9
Event: 2.426 Thread 0x0000000016f07000 Uncommon trap: reason=class_check action=maybe_recompile pc=0x0000000003598ef0 method=com.android.dx.ssa.NormalSsaInsn.accept(Lcom/android/dx/ssa/SsaInsn$Visitor;)V @ 9
Event: 2.762 Thread 0x0000000017000000 Uncommon trap: reason=unstable_if action=reinterpret pc=0x00000000035960c4 method=com.android.dx.rop.code.RegisterSpecSet.put(Lcom/android/dx/rop/code/RegisterSpec;)V @ 77
Event: 2.764 Thread 0x0000000016f07000 Uncommon trap: reason=class_check action=maybe_recompile pc=0x00000000035af208 method=com.android.dx.ssa.NormalSsaInsn.accept(Lcom/android/dx/ssa/SsaInsn$Visitor;)V @ 9
Event: 2.764 Thread 0x0000000016f07000 Uncommon trap: reason=class_check action=maybe_recompile pc=0x0000000003598ef0 method=com.android.dx.ssa.NormalSsaInsn.accept(Lcom/android/dx/ssa/SsaInsn$Visitor;)V @ 9
Event: 2.776 Thread 0x0000000016f0f800 Uncommon trap: reason=null_check action=make_not_entrant pc=0x0000000003595ca8 method=com.android.dx.rop.type.Type.equals(Ljava/lang/Object;)Z @ 8
Event: 2.833 Thread 0x0000000016f07000 Uncommon trap: reason=bimorphic action=maybe_recompile pc=0x00000000037d0534 method=com.android.dx.cf.code.BytecodeArray.parseInstruction(ILcom/android/dx/cf/code/BytecodeArray$Visitor;)I @ 987
Event: 3.060 Thread 0x0000000016f0f800 Uncommon trap: reason=bimorphic action=maybe_recompile pc=0x00000000037d0534 method=com.android.dx.cf.code.BytecodeArray.parseInstruction(ILcom/android/dx/cf/code/BytecodeArray$Visitor;)I @ 987
Event: 3.088 Thread 0x0000000016fff000 Uncommon trap: reason=bimorphic action=maybe_recompile pc=0x00000000037d0534 method=com.android.dx.cf.code.BytecodeArray.parseInstruction(ILcom/android/dx/cf/code/BytecodeArray$Visitor;)I @ 987
Event: 3.088 Thread 0x0000000016fff000 Uncommon trap: reason=bimorphic action=maybe_recompile pc=0x00000000037d0534 method=com.android.dx.cf.code.BytecodeArray.parseInstruction(ILcom/android/dx/cf/code/BytecodeArray$Visitor;)I @ 987

Internal exceptions (3 events):
Event: 1.073 Thread 0x0000000002d5d800 Exception <a 'java/lang/NoSuchMethodError': Method sun.misc.Unsafe.defineClass(Ljava/lang/String;[BII)Ljava/lang/Class; name or signature does not match> (0x00000000eab07c78) thrown at [C:\src\android\AOSP-openjdk\external\jetbrains\jdk\hotspot\src\share\vu²ró>,ñ?
Event: 1.073 Thread 0x0000000002d5d800 Exception <a 'java/lang/NoSuchMethodError': Method sun.misc.Unsafe.prefetchRead(Ljava/lang/Object;J)V name or signature does not match> (0x00000000eab07f60) thrown at [C:\src\android\AOSP-openjdk\external\jetbrains\jdk\hotspot\src\share\vm\prims\jni.cpp, lõ˜ªð¶4@
Event: 2.776 Thread 0x0000000016f0f800 Implicit null exception at 0x0000000003595ba2 to 0x0000000003595c9a

Events (10 events):
Event: 3.131 loading class com/android/dx/cf/attrib/AttRuntimeInvisibleAnnotations
Event: 3.131 loading class com/android/dx/cf/attrib/AttRuntimeInvisibleAnnotations done
Event: 3.132 loading class com/android/dx/cf/attrib/BaseAnnotations
Event: 3.132 loading class com/android/dx/cf/attrib/BaseAnnotations done
Event: 3.166 Thread 0x0000000016f0f800 DEOPT PACKING pc=0x000000000368a10f sp=0x0000000017b9eb80
Event: 3.166 Thread 0x0000000016f0f800 DEOPT UNPACKING pc=0x00000000033a75bf sp=0x0000000017b9e960 mode 0
Event: 3.167 loading class com/android/dx/cf/attrib/AttDeprecated
Event: 3.167 loading class com/android/dx/cf/attrib/AttDeprecated done
Event: 3.167 loading class com/android/dx/cf/attrib/AttRuntimeVisibleAnnotations
Event: 3.167 loading class com/android/dx/cf/attrib/AttRuntimeVisibleAnnotations done


Dynamic libraries:
0x00007ff636230000 - 0x00007ff636261000 	D:\Program Files\Android\Android Studio\jre\bin\java.exe
0x00007fffec7f0000 - 0x00007fffec9c1000 	C:\WINDOWS\SYSTEM32\ntdll.dll
0x00007fffeb1d0000 - 0x00007fffeb27c000 	C:\WINDOWS\System32\KERNEL32.DLL
0x00007fffe96e0000 - 0x00007fffe98fd000 	C:\WINDOWS\System32\KERNELBASE.dll
0x00007fffe9e60000 - 0x00007fffe9f02000 	C:\WINDOWS\System32\ADVAPI32.dll
0x00007fffeaaa0000 - 0x00007fffeab3e000 	C:\WINDOWS\System32\msvcrt.dll
0x00007fffec790000 - 0x00007fffec7e9000 	C:\WINDOWS\System32\sechost.dll
0x00007fffea970000 - 0x00007fffeaa91000 	C:\WINDOWS\System32\RPCRT4.dll
0x00007fffeac40000 - 0x00007fffeada5000 	C:\WINDOWS\System32\USER32.dll
0x00007fffe9d10000 - 0x00007fffe9d2e000 	C:\WINDOWS\System32\win32u.dll
0x00007fffea180000 - 0x00007fffea1b4000 	C:\WINDOWS\System32\GDI32.dll
0x00007fffe9b80000 - 0x00007fffe9d02000 	C:\WINDOWS\System32\gdi32full.dll
0x00007fffe41c0000 - 0x00007fffe443a000 	C:\WINDOWS\WinSxS\amd64_microsoft.windows.common-controls_6595b64144ccf1df_6.0.14393.953_none_42151e83c686086b\COMCTL32.dll
0x00007fffea600000 - 0x00007fffea8c8000 	C:\WINDOWS\System32\combase.dll
0x00007fffe8ce0000 - 0x00007fffe8dd5000 	C:\WINDOWS\System32\ucrtbase.dll
0x00007fffe9670000 - 0x00007fffe96da000 	C:\WINDOWS\System32\bcryptPrimitives.dll
0x00007fffe9da0000 - 0x00007fffe9dce000 	C:\WINDOWS\System32\IMM32.DLL
0x0000000063d40000 - 0x0000000063e12000 	D:\Program Files\Android\Android Studio\jre\jre\bin\msvcr100.dll
0x0000000062840000 - 0x000000006307c000 	D:\Program Files\Android\Android Studio\jre\jre\bin\server\jvm.dll
0x00007fffe9e40000 - 0x00007fffe9e48000 	C:\WINDOWS\System32\PSAPI.DLL
0x00007fffdc320000 - 0x00007fffdc329000 	C:\WINDOWS\SYSTEM32\WSOCK32.dll
0x00007fffea110000 - 0x00007fffea17a000 	C:\WINDOWS\System32\WS2_32.dll
0x00007fffe6c20000 - 0x00007fffe6c43000 	C:\WINDOWS\SYSTEM32\WINMM.dll
0x00007fffe4cf0000 - 0x00007fffe4cfa000 	C:\WINDOWS\SYSTEM32\VERSION.dll
0x00007fffe6b00000 - 0x00007fffe6b2b000 	C:\WINDOWS\SYSTEM32\WINMMBASE.dll
0x00007fffe9d30000 - 0x00007fffe9d72000 	C:\WINDOWS\System32\cfgmgr32.dll
0x00007fffe63d0000 - 0x00007fffe63df000 	D:\Program Files\Android\Android Studio\jre\jre\bin\verify.dll
0x00007fffdde50000 - 0x00007fffdde79000 	D:\Program Files\Android\Android Studio\jre\jre\bin\java.dll
0x00007fffe3930000 - 0x00007fffe3946000 	D:\Program Files\Android\Android Studio\jre\jre\bin\zip.dll
0x00007fffeb280000 - 0x00007fffec788000 	C:\WINDOWS\System32\SHELL32.dll
0x00007fffe8e80000 - 0x00007fffe955a000 	C:\WINDOWS\System32\windows.storage.dll
0x00007fffe8c50000 - 0x00007fffe8c9c000 	C:\WINDOWS\System32\powrprof.dll
0x00007fffea050000 - 0x00007fffea0a2000 	C:\WINDOWS\System32\shlwapi.dll
0x00007fffe8cd0000 - 0x00007fffe8cdf000 	C:\WINDOWS\System32\kernel.appcore.dll
0x00007fffe9560000 - 0x00007fffe9609000 	C:\WINDOWS\System32\shcore.dll
0x00007fffe8ca0000 - 0x00007fffe8cb4000 	C:\WINDOWS\System32\profapi.dll

VM Arguments:
jvm_args: -Djava.awt.headless=true -Xmx1024M -Dfile.encoding=GBK -Duser.country=CN -Duser.language=zh -Duser.variant 
java_command: com.android.dx.command.Main --dex --force-jumbo --num-threads=4 --multi-dex --output D:\musicbean\app\build\intermediates\transforms\dex\baidu\debug\folders\1000\5\slice_5 D:\musicbean\app\build\intermediates\transforms\instantRunSlicer\baidu\debug\folders\1\5\slice_5
java_class_path (initial): D:\SDK\build-tools\25.0.0\lib\dx.jar
Launcher Type: SUN_STANDARD

Environment Variables:
JAVA_HOME=C:\Program Files\Java\jdk1.8.0_101
CLASSPATH=.;C:\Program Files\Java\jdk1.8.0_101\lib;
PATH=C:\ProgramData\Oracle\Java\javapath;C:\WINDOWS\system32;C:\WINDOWS;C:\WINDOWS\System32\Wbem;C:\WINDOWS\System32\WindowsPowerShell\v1.0\;C:\Program Files\Java\jdk1.8.0_101\bin;C:\Program Files\Java\jdk1.8.0_101\jre\bin;D:\Git\cmd;C:\Users\Administrator\AppData\Local\Microsoft\WindowsApps;
USERNAME=Administrator
OS=Windows_NT
PROCESSOR_IDENTIFIER=Intel64 Family 6 Model 94 Stepping 3, GenuineIntel



---------------  S Y S T E M  ---------------

OS: Windows 10.0 , 64 bit Build 14393 (10.0.14393.1198)

CPU:total 4 (4 cores per cpu, 1 threads per core) family 6 model 94 stepping 3, cmov, cx8, fxsr, mmx, sse, sse2, sse3, ssse3, sse4.1, sse4.2, popcnt, avx, avx2, aes, clmul, erms, rtm, 3dnowpref, lzcnt, tsc, tscinvbit, bmi1, bmi2, adx

Memory: 4k page, physical 8299524k(2272172k free), swap 14749720k(4332k free)

vm_info: OpenJDK 64-Bit Server VM (25.112-b06) for windows-amd64 JRE (1.8.0_112-release-b06), built on Dec  8 2016 00:54:26 by "builder" with MS VC++ 10.0 (VS2010)

time: Fri May 19 09:50:01 2017
elapsed time: 3 seconds (0d 0h 0m 3s)

