#
# There is insufficient memory for the Java Runtime Environment to continue.
# Native memory allocation (malloc) failed to allocate 88336 bytes for Chunk::new
# Possible reasons:
#   The system is out of physical RAM or swap space
#   In 32 bit mode, the process size limit was hit
# Possible solutions:
#   Reduce memory load on the system
#   Increase physical memory or swap space
#   Check if swap backing store is full
#   Use 64 bit Java on a 64 bit OS
#   Decrease Java heap size (-Xmx/-Xms)
#   Decrease number of Java threads
#   Decrease Java thread stack sizes (-Xss)
#   Set larger code cache with -XX:ReservedCodeCacheSize=
# This output file may be truncated or incomplete.
#
#  Out of Memory Error (allocation.cpp:390), pid=35928, tid=0x0000000000009c68
#
# JRE version: OpenJDK Runtime Environment (8.0_112-b06) (build 1.8.0_112-release-b06)
# Java VM: OpenJDK 64-Bit Server VM (25.112-b06 mixed mode windows-amd64 compressed oops)
# Failed to write core dump. Minidumps are not enabled by default on client versions of Windows
#

---------------  T H R E A D  ---------------

Current thread (0x0000000014e9a800):  JavaThread "C2 CompilerThread1" daemon [_thread_in_native, id=40040, stack(0x0000000016910000,0x0000000016a10000)]

Stack: [0x0000000016910000,0x0000000016a10000]
[error occurred during error reporting (printing stack bounds), id 0xc0000005]

Native frames: (J=compiled Java code, j=interpreted, Vv=VM code, C=native code)


Current CompileTask:
C2:    996  198   !   4       com.android.dx.cf.cst.ConstantPoolParser::parse0 (731 bytes)


---------------  P R O C E S S  ---------------

Java Threads: ( => current thread )
  0x0000000016476000 JavaThread "pool-2-thread-4" [_thread_new, id=36044, stack(0x0000000000000000,0x0000000000000000)]
  0x0000000016458000 JavaThread "pool-2-thread-3" [_thread_new, id=34400, stack(0x0000000000000000,0x0000000000000000)]
  0x000000001637f000 JavaThread "pool-2-thread-2" [_thread_new, id=35844, stack(0x0000000000000000,0x0000000000000000)]
  0x0000000016377000 JavaThread "pool-3-thread-1" [_thread_new, id=33616, stack(0x0000000000000000,0x0000000000000000)]
  0x0000000016370800 JavaThread "pool-2-thread-1" [_thread_new, id=40704, stack(0x0000000000000000,0x0000000000000000)]
  0x0000000016277000 JavaThread "Service Thread" daemon [_thread_blocked, id=40004, stack(0x0000000016b10000,0x0000000016c10000)]
  0x0000000016271000 JavaThread "C1 CompilerThread2" daemon [_thread_blocked, id=38828, stack(0x0000000016a10000,0x0000000016b10000)]
=>0x0000000014e9a800 JavaThread "C2 CompilerThread1" daemon [_thread_in_native, id=40040, stack(0x0000000016910000,0x0000000016a10000)]
  0x0000000014e98000 JavaThread "C2 CompilerThread0" daemon [_thread_blocked, id=24952, stack(0x0000000016810000,0x0000000016910000)]
  0x0000000014e97800 JavaThread "Attach Listener" daemon [_thread_blocked, id=39904, stack(0x0000000016710000,0x0000000016810000)]
  0x0000000014e51800 JavaThread "Signal Dispatcher" daemon [_thread_blocked, id=40708, stack(0x0000000016610000,0x0000000016710000)]
  0x0000000002745800 JavaThread "Finalizer" daemon [_thread_blocked, id=40352, stack(0x00000000160a0000,0x00000000161a0000)]
  0x0000000002740000 JavaThread "Reference Handler" daemon [_thread_blocked, id=37140, stack(0x0000000015fa0000,0x00000000160a0000)]
  0x000000000234d800 JavaThread "main" [_thread_in_vm, id=37524, stack(0x0000000002550000,0x0000000002650000)]

Other Threads:
  0x0000000014e04800 VMThread [stack: 0x0000000015ea0000,0x0000000015fa0000] [id=36984]
  0x0000000016279000 WatcherThread [stack: 0x0000000016c10000,0x0000000016d10000] [id=36728]

VM state:not at safepoint (normal execution)

VM Mutex/Monitor currently owned by a thread: None

Heap:
 PSYoungGen      total 38400K, used 5326K [0x00000000eab00000, 0x00000000ed580000, 0x0000000100000000)
  eden space 33280K, 16% used [0x00000000eab00000,0x00000000eb033b58,0x00000000ecb80000)
  from space 5120K, 0% used [0x00000000ed080000,0x00000000ed080000,0x00000000ed580000)
  to   space 5120K, 0% used [0x00000000ecb80000,0x00000000ecb80000,0x00000000ed080000)
 ParOldGen       total 87552K, used 0K [0x00000000c0000000, 0x00000000c5580000, 0x00000000eab00000)
  object space 87552K, 0% used [0x00000000c0000000,0x00000000c0000000,0x00000000c5580000)
 Metaspace       used 3935K, capacity 5232K, committed 5376K, reserved 1056768K
  class space    used 426K, capacity 488K, committed 512K, reserved 1048576K

Card table byte_map: [0x0000000011b10000,0x0000000011d20000] byte_map_base: 0x0000000011510000

Marking Bits: (ParMarkBitMap*) 0x00000000630018f0
 Begin Bits: [0x0000000012280000, 0x0000000013280000)
 End Bits:   [0x0000000013280000, 0x0000000014280000)

Polling page: 0x0000000002310000

CodeCache: size=245760Kb used=1626Kb max_used=1637Kb free=244133Kb
 bounds [0x0000000002750000, 0x00000000029c0000, 0x0000000011750000]
 total_blobs=477 nmethods=225 adapters=166
 compilation: enabled

Compilation events (10 events):
Event: 0.955 Thread 0x0000000016271000  218       1       sun.misc.URLClassPath$Loader::getBaseURL (5 bytes)
Event: 0.955 Thread 0x0000000016271000 nmethod 218 0x00000000028e4a90 code [0x00000000028e4be0, 0x00000000028e4cf0]
Event: 0.955 Thread 0x0000000016271000  219       1       java.util.jar.Manifest::getEntries (5 bytes)
Event: 0.955 Thread 0x0000000016271000 nmethod 219 0x00000000028e47d0 code [0x00000000028e4920, 0x00000000028e4a30]
Event: 0.955 Thread 0x0000000016271000  220       1       java.util.jar.Manifest::getMainAttributes (5 bytes)
Event: 0.955 Thread 0x0000000016271000 nmethod 220 0x00000000028e4510 code [0x00000000028e4660, 0x00000000028e4770]
Event: 0.955 Thread 0x0000000016271000  221       1       java.util.jar.JarFile::access$300 (5 bytes)
Event: 0.955 Thread 0x0000000016271000 nmethod 221 0x00000000028e4250 code [0x00000000028e43a0, 0x00000000028e4490]
Event: 0.958 Thread 0x0000000016271000  222       1       java.util.zip.ZStreamRef::address (5 bytes)
Event: 0.958 Thread 0x0000000016271000 nmethod 222 0x00000000028e3d90 code [0x00000000028e3ee0, 0x00000000028e3ff0]

GC Heap History (0 events):
No events

Deoptimization events (0 events):
No events

Internal exceptions (2 events):
Event: 0.464 Thread 0x000000000234d800 Exception <a 'java/lang/NoSuchMethodError': Method sun.misc.Unsafe.defineClass(Ljava/lang/String;[BII)Ljava/lang/Class; name or signature does not match> (0x00000000eab07c78) thrown at [C:\src\android\AOSP-openjdk\external\jetbrains\jdk\hotspot\src\share\v/IÇºÝ?
Event: 0.464 Thread 0x000000000234d800 Exception <a 'java/lang/NoSuchMethodError': Method sun.misc.Unsafe.prefetchRead(Ljava/lang/Object;J)V name or signature does not match> (0x00000000eab07f60) thrown at [C:\src\android\AOSP-openjdk\external\jetbrains\jdk\hotspot\src\share\vm\prims\jni.cpp, l

Events (10 events):
Event: 0.957 loading class com/android/dx/dex/file/EncodedArrayItem
Event: 0.957 loading class com/android/dx/dex/file/EncodedArrayItem done
Event: 0.957 loading class com/android/dx/dex/file/ClassDataItem
Event: 0.957 loading class com/android/dx/dex/file/ClassDataItem done
Event: 0.958 loading class com/android/dx/dex/file/AnnotationsDirectoryItem
Event: 0.958 loading class com/android/dx/dex/file/AnnotationsDirectoryItem done
Event: 0.959 loading class com/android/dx/dex/file/AnnotationSetItem
Event: 0.959 loading class com/android/dx/dex/file/AnnotationSetItem done
Event: 0.959 loading class com/android/dx/dex/cf/AttributeTranslator
Event: 0.959 loading class com/android/dx/dex/cf/AttributeTranslator done


Dynamic libraries:
0x00007ff6a7a20000 - 0x00007ff6a7a51000 	D:\Program Files\Android\Android Studio\jre\bin\java.exe
0x00007fffec7f0000 - 0x00007fffec9c1000 	C:\WINDOWS\SYSTEM32\ntdll.dll
0x00007fffeb1d0000 - 0x00007fffeb27c000 	C:\WINDOWS\System32\KERNEL32.DLL
0x00007fffe96e0000 - 0x00007fffe98fd000 	C:\WINDOWS\System32\KERNELBASE.dll
0x00007fffe9e60000 - 0x00007fffe9f02000 	C:\WINDOWS\System32\ADVAPI32.dll
0x00007fffeaaa0000 - 0x00007fffeab3e000 	C:\WINDOWS\System32\msvcrt.dll
0x00007fffec790000 - 0x00007fffec7e9000 	C:\WINDOWS\System32\sechost.dll
0x00007fffea970000 - 0x00007fffeaa91000 	C:\WINDOWS\System32\RPCRT4.dll
0x00007fffeac40000 - 0x00007fffeada5000 	C:\WINDOWS\System32\USER32.dll
0x00007fffe9d10000 - 0x00007fffe9d2e000 	C:\WINDOWS\System32\win32u.dll
0x00007fffea180000 - 0x00007fffea1b4000 	C:\WINDOWS\System32\GDI32.dll
0x00007fffe9b80000 - 0x00007fffe9d02000 	C:\WINDOWS\System32\gdi32full.dll
0x00007fffe41c0000 - 0x00007fffe443a000 	C:\WINDOWS\WinSxS\amd64_microsoft.windows.common-controls_6595b64144ccf1df_6.0.14393.953_none_42151e83c686086b\COMCTL32.dll
0x00007fffea600000 - 0x00007fffea8c8000 	C:\WINDOWS\System32\combase.dll
0x00007fffe8ce0000 - 0x00007fffe8dd5000 	C:\WINDOWS\System32\ucrtbase.dll
0x00007fffe9670000 - 0x00007fffe96da000 	C:\WINDOWS\System32\bcryptPrimitives.dll
0x00007fffe9da0000 - 0x00007fffe9dce000 	C:\WINDOWS\System32\IMM32.DLL
0x0000000063d40000 - 0x0000000063e12000 	D:\Program Files\Android\Android Studio\jre\jre\bin\msvcr100.dll
0x0000000062840000 - 0x000000006307c000 	D:\Program Files\Android\Android Studio\jre\jre\bin\server\jvm.dll
0x00007fffe9e40000 - 0x00007fffe9e48000 	C:\WINDOWS\System32\PSAPI.DLL
0x00007fffdc320000 - 0x00007fffdc329000 	C:\WINDOWS\SYSTEM32\WSOCK32.dll
0x00007fffea110000 - 0x00007fffea17a000 	C:\WINDOWS\System32\WS2_32.dll
0x00007fffe6c20000 - 0x00007fffe6c43000 	C:\WINDOWS\SYSTEM32\WINMM.dll
0x00007fffe4cf0000 - 0x00007fffe4cfa000 	C:\WINDOWS\SYSTEM32\VERSION.dll
0x00007fffe6b00000 - 0x00007fffe6b2b000 	C:\WINDOWS\SYSTEM32\WINMMBASE.dll
0x00007fffe9d30000 - 0x00007fffe9d72000 	C:\WINDOWS\System32\cfgmgr32.dll
0x00007fffe63f0000 - 0x00007fffe63ff000 	D:\Program Files\Android\Android Studio\jre\jre\bin\verify.dll
0x00007fffe4bc0000 - 0x00007fffe4be9000 	D:\Program Files\Android\Android Studio\jre\jre\bin\java.dll
0x00007fffe63d0000 - 0x00007fffe63e6000 	D:\Program Files\Android\Android Studio\jre\jre\bin\zip.dll
0x00007fffeb280000 - 0x00007fffec788000 	C:\WINDOWS\System32\SHELL32.dll
0x00007fffe8e80000 - 0x00007fffe955a000 	C:\WINDOWS\System32\windows.storage.dll
0x00007fffe8c50000 - 0x00007fffe8c9c000 	C:\WINDOWS\System32\powrprof.dll
0x00007fffea050000 - 0x00007fffea0a2000 	C:\WINDOWS\System32\shlwapi.dll
0x00007fffe8cd0000 - 0x00007fffe8cdf000 	C:\WINDOWS\System32\kernel.appcore.dll
0x00007fffe9560000 - 0x00007fffe9609000 	C:\WINDOWS\System32\shcore.dll
0x00007fffe8ca0000 - 0x00007fffe8cb4000 	C:\WINDOWS\System32\profapi.dll

VM Arguments:
jvm_args: -Djava.awt.headless=true -Xmx1024M -Dfile.encoding=GBK -Duser.country=CN -Duser.language=zh -Duser.variant 
java_command: com.android.dx.command.Main --dex --force-jumbo --num-threads=4 --multi-dex --output D:\musicbean\app\build\intermediates\transforms\dex\baidu\debug\folders\1000\5\slice_0 D:\musicbean\app\build\intermediates\transforms\instantRunSlicer\baidu\debug\folders\1\5\slice_0
java_class_path (initial): D:\SDK\build-tools\25.0.0\lib\dx.jar
Launcher Type: SUN_STANDARD

Environment Variables:
JAVA_HOME=C:\Program Files\Java\jdk1.8.0_101
CLASSPATH=.;C:\Program Files\Java\jdk1.8.0_101\lib;
PATH=C:\ProgramData\Oracle\Java\javapath;C:\WINDOWS\system32;C:\WINDOWS;C:\WINDOWS\System32\Wbem;C:\WINDOWS\System32\WindowsPowerShell\v1.0\;C:\Program Files\Java\jdk1.8.0_101\bin;C:\Program Files\Java\jdk1.8.0_101\jre\bin;D:\Git\cmd;C:\Users\Administrator\AppData\Local\Microsoft\WindowsApps;
USERNAME=Administrator
OS=Windows_NT
PROCESSOR_IDENTIFIER=Intel64 Family 6 Model 94 Stepping 3, GenuineIntel



---------------  S Y S T E M  ---------------

OS: Windows 10.0 , 64 bit Build 14393 (10.0.14393.1198)

CPU:total 4 (4 cores per cpu, 1 threads per core) family 6 model 94 stepping 3, cmov, cx8, fxsr, mmx, sse, sse2, sse3, ssse3, sse4.1, sse4.2, popcnt, avx, avx2, aes, clmul, erms, rtm, 3dnowpref, lzcnt, tsc, tscinvbit, bmi1, bmi2, adx

Memory: 4k page, physical 8299524k(2075784k free), swap 14749720k(4236k free)

vm_info: OpenJDK 64-Bit Server VM (25.112-b06) for windows-amd64 JRE (1.8.0_112-release-b06), built on Dec  8 2016 00:54:26 by "builder" with MS VC++ 10.0 (VS2010)

time: Tue May 23 11:30:06 2017
elapsed time: 0 seconds (0d 0h 0m 0s)

