#
# There is insufficient memory for the Java Runtime Environment to continue.
# Native memory allocation (malloc) failed to allocate 76976 bytes for Chunk::new
# Possible reasons:
#   The system is out of physical RAM or swap space
#   In 32 bit mode, the process size limit was hit
# Possible solutions:
#   Reduce memory load on the system
#   Increase physical memory or swap space
#   Check if swap backing store is full
#   Use 64 bit Java on a 64 bit OS
#   Decrease Java heap size (-Xmx/-Xms)
#   Decrease number of Java threads
#   Decrease Java thread stack sizes (-Xss)
#   Set larger code cache with -XX:ReservedCodeCacheSize=
# This output file may be truncated or incomplete.
#
#  Out of Memory Error (allocation.cpp:390), pid=15784, tid=0x0000000000003fc8
#
# JRE version: OpenJDK Runtime Environment (8.0_112-b06) (build 1.8.0_112-release-b06)
# Java VM: OpenJDK 64-Bit Server VM (25.112-b06 mixed mode windows-amd64 compressed oops)
# Failed to write core dump. Minidumps are not enabled by default on client versions of Windows
#

---------------  T H R E A D  ---------------

Current thread (0x00000000161e3800):  JavaThread "C2 CompilerThread1" daemon [_thread_in_native, id=16328, stack(0x0000000016890000,0x0000000016990000)]

Stack: [0x0000000016890000,0x0000000016990000]
[error occurred during error reporting (printing stack bounds), id 0xc0000005]

Native frames: (J=compiled Java code, j=interpreted, Vv=VM code, C=native code)


Current CompileTask:
C2:   8151 2350 %     4       com.android.dx.ssa.back.SsaToRop::convertBasicBlocks @ 69 (151 bytes)


---------------  P R O C E S S  ---------------

Java Threads: ( => current thread )
  0x00000000163f2000 JavaThread "pool-2-thread-4" [_thread_in_Java, id=7364, stack(0x0000000017090000,0x0000000017190000)]
  0x0000000016303000 JavaThread "pool-2-thread-2" [_thread_in_Java, id=15992, stack(0x0000000016e90000,0x0000000016f90000)]
  0x00000000162f2800 JavaThread "pool-3-thread-1" [_thread_blocked, id=15940, stack(0x0000000016d90000,0x0000000016e90000)]
  0x00000000161ee000 JavaThread "Service Thread" daemon [_thread_blocked, id=15952, stack(0x0000000016a90000,0x0000000016b90000)]
  0x00000000161e6800 JavaThread "C1 CompilerThread2" daemon [_thread_blocked, id=2968, stack(0x0000000016990000,0x0000000016a90000)]
=>0x00000000161e3800 JavaThread "C2 CompilerThread1" daemon [_thread_in_native, id=16328, stack(0x0000000016890000,0x0000000016990000)]
  0x0000000014e50000 JavaThread "C2 CompilerThread0" daemon [_thread_in_native, id=16324, stack(0x0000000016790000,0x0000000016890000)]
  0x0000000014e97800 JavaThread "Attach Listener" daemon [_thread_blocked, id=15988, stack(0x0000000016690000,0x0000000016790000)]
  0x0000000016198800 JavaThread "Signal Dispatcher" daemon [_thread_blocked, id=15872, stack(0x0000000016590000,0x0000000016690000)]
  0x0000000002765800 JavaThread "Finalizer" daemon [_thread_blocked, id=14012, stack(0x0000000016090000,0x0000000016190000)]
  0x0000000002760000 JavaThread "Reference Handler" daemon [_thread_blocked, id=3492, stack(0x0000000015f90000,0x0000000016090000)]
  0x000000000256d800 JavaThread "main" [_thread_blocked, id=15380, stack(0x0000000002390000,0x0000000002490000)]

Other Threads:
  0x0000000014e04800 VMThread [stack: 0x0000000015e90000,0x0000000015f90000] [id=16264]
  0x00000000161f0000 WatcherThread [stack: 0x0000000016b90000,0x0000000016c90000] [id=2556]

VM state:not at safepoint (normal execution)

VM Mutex/Monitor currently owned by a thread: None

Heap:
 PSYoungGen      total 227328K, used 70875K [0x00000000eab00000, 0x00000000ff200000, 0x0000000100000000)
  eden space 168448K, 7% used [0x00000000eab00000,0x00000000eb6bc098,0x00000000f4f80000)
  from space 58880K, 99% used [0x00000000f7f00000,0x00000000fb87adf0,0x00000000fb880000)
  to   space 40960K, 0% used [0x00000000fca00000,0x00000000fca00000,0x00000000ff200000)
 ParOldGen       total 166912K, used 68742K [0x00000000c0000000, 0x00000000ca300000, 0x00000000eab00000)
  object space 166912K, 41% used [0x00000000c0000000,0x00000000c4321a58,0x00000000ca300000)
 Metaspace       used 6091K, capacity 7152K, committed 7296K, reserved 1056768K
  class space    used 566K, capacity 616K, committed 640K, reserved 1048576K

Card table byte_map: [0x0000000011b30000,0x0000000011d40000] byte_map_base: 0x0000000011530000

Marking Bits: (ParMarkBitMap*) 0x00000000630018f0
 Begin Bits: [0x00000000122a0000, 0x00000000132a0000)
 End Bits:   [0x00000000132a0000, 0x00000000142a0000)

Polling page: 0x0000000001fc0000

CodeCache: size=245760Kb used=10878Kb max_used=10888Kb free=234881Kb
 bounds [0x0000000002770000, 0x0000000003220000, 0x0000000011770000]
 total_blobs=2445 nmethods=2181 adapters=177
 compilation: enabled

Compilation events (10 events):
Event: 8.106 Thread 0x00000000161e3800 2347       4       com.android.dx.ssa.SsaBasicBlock::removeAllPhiInsns (18 bytes)
Event: 8.106 Thread 0x0000000014e50000 nmethod 2346 0x0000000002d4d1d0 code [0x0000000002d4d300, 0x0000000002d4d378]
Event: 8.107 Thread 0x0000000014e50000 2348       4       java.util.ArrayList::add (54 bytes)
Event: 8.110 Thread 0x0000000014e50000 nmethod 2348 0x00000000032077d0 code [0x0000000003207920, 0x0000000003207d78]
Event: 8.111 Thread 0x00000000161e3800 nmethod 2347 0x0000000003206dd0 code [0x0000000003206f40, 0x0000000003207318]
Event: 8.112 Thread 0x0000000014e50000 2349       4       com.android.dx.ssa.back.SsaToRop::convertBasicBlock (126 bytes)
Event: 8.117 Thread 0x00000000161e3800 2350 %     4       com.android.dx.ssa.back.SsaToRop::convertBasicBlocks @ 69 (151 bytes)
Event: 8.139 Thread 0x00000000161e6800 2353 %     3       java.util.DualPivotQuicksort::sort @ 429 (614 bytes)
Event: 8.141 Thread 0x00000000161e6800 nmethod 2353% 0x000000000320cc90 code [0x000000000320cf60, 0x000000000320e598]
Event: 8.141 Thread 0x00000000161e6800 2354       3       java.util.DualPivotQuicksort::sort (614 bytes)

GC Heap History (10 events):
Event: 1.753 GC heap before
{Heap before GC invocations=4 (full 0):
 PSYoungGen      total 71680K, used 71648K [0x00000000eab00000, 0x00000000f3700000, 0x0000000100000000)
  eden space 66560K, 100% used [0x00000000eab00000,0x00000000eec00000,0x00000000eec00000)
  from space 5120K, 99% used [0x00000000eec00000,0x00000000ef0f81f0,0x00000000ef100000)
  to   space 5120K, 0% used [0x00000000f3200000,0x00000000f3200000,0x00000000f3700000)
 ParOldGen       total 87552K, used 28392K [0x00000000c0000000, 0x00000000c5580000, 0x00000000eab00000)
  object space 87552K, 32% used [0x00000000c0000000,0x00000000c1bba250,0x00000000c5580000)
 Metaspace       used 5952K, capacity 7024K, committed 7296K, reserved 1056768K
  class space    used 562K, capacity 616K, committed 640K, reserved 1048576K
Event: 1.784 GC heap after
Heap after GC invocations=4 (full 0):
 PSYoungGen      total 138240K, used 5111K [0x00000000eab00000, 0x00000000f3700000, 0x0000000100000000)
  eden space 133120K, 0% used [0x00000000eab00000,0x00000000eab00000,0x00000000f2d00000)
  from space 5120K, 99% used [0x00000000f3200000,0x00000000f36fddf0,0x00000000f3700000)
  to   space 5120K, 0% used [0x00000000f2d00000,0x00000000f2d00000,0x00000000f3200000)
 ParOldGen       total 87552K, used 53324K [0x00000000c0000000, 0x00000000c5580000, 0x00000000eab00000)
  object space 87552K, 60% used [0x00000000c0000000,0x00000000c34130b8,0x00000000c5580000)
 Metaspace       used 5952K, capacity 7024K, committed 7296K, reserved 1056768K
  class space    used 562K, capacity 616K, committed 640K, reserved 1048576K
}
Event: 3.047 GC heap before
{Heap before GC invocations=5 (full 0):
 PSYoungGen      total 138240K, used 138231K [0x00000000eab00000, 0x00000000f3700000, 0x0000000100000000)
  eden space 133120K, 100% used [0x00000000eab00000,0x00000000f2d00000,0x00000000f2d00000)
  from space 5120K, 99% used [0x00000000f3200000,0x00000000f36fddf0,0x00000000f3700000)
  to   space 5120K, 0% used [0x00000000f2d00000,0x00000000f2d00000,0x00000000f3200000)
 ParOldGen       total 87552K, used 53324K [0x00000000c0000000, 0x00000000c5580000, 0x00000000eab00000)
  object space 87552K, 60% used [0x00000000c0000000,0x00000000c34130b8,0x00000000c5580000)
 Metaspace       used 6004K, capacity 7088K, committed 7296K, reserved 1056768K
  class space    used 562K, capacity 616K, committed 640K, reserved 1048576K
Event: 3.352 GC heap after
Heap after GC invocations=5 (full 0):
 PSYoungGen      total 138240K, used 5104K [0x00000000eab00000, 0x0000000100000000, 0x0000000100000000)
  eden space 133120K, 0% used [0x00000000eab00000,0x00000000eab00000,0x00000000f2d00000)
  from space 5120K, 99% used [0x00000000f2d00000,0x00000000f31fc2d8,0x00000000f3200000)
  to   space 55296K, 0% used [0x00000000fca00000,0x00000000fca00000,0x0000000100000000)
 ParOldGen       total 99328K, used 99069K [0x00000000c0000000, 0x00000000c6100000, 0x00000000eab00000)
  object space 99328K, 99% used [0x00000000c0000000,0x00000000c60bf588,0x00000000c6100000)
 Metaspace       used 6004K, capacity 7088K, committed 7296K, reserved 1056768K
  class space    used 562K, capacity 616K, committed 640K, reserved 1048576K
}
Event: 3.352 GC heap before
{Heap before GC invocations=6 (full 1):
 PSYoungGen      total 138240K, used 5104K [0x00000000eab00000, 0x0000000100000000, 0x0000000100000000)
  eden space 133120K, 0% used [0x00000000eab00000,0x00000000eab00000,0x00000000f2d00000)
  from space 5120K, 99% used [0x00000000f2d00000,0x00000000f31fc2d8,0x00000000f3200000)
  to   space 55296K, 0% used [0x00000000fca00000,0x00000000fca00000,0x0000000100000000)
 ParOldGen       total 99328K, used 99069K [0x00000000c0000000, 0x00000000c6100000, 0x00000000eab00000)
  object space 99328K, 99% used [0x00000000c0000000,0x00000000c60bf588,0x00000000c6100000)
 Metaspace       used 6004K, capacity 7088K, committed 7296K, reserved 1056768K
  class space    used 562K, capacity 616K, committed 640K, reserved 1048576K
Event: 4.578 GC heap after
Heap after GC invocations=6 (full 1):
 PSYoungGen      total 138240K, used 0K [0x00000000eab00000, 0x0000000100000000, 0x0000000100000000)
  eden space 133120K, 0% used [0x00000000eab00000,0x00000000eab00000,0x00000000f2d00000)
  from space 5120K, 0% used [0x00000000f2d00000,0x00000000f2d00000,0x00000000f3200000)
  to   space 55296K, 0% used [0x00000000fca00000,0x00000000fca00000,0x0000000100000000)
 ParOldGen       total 166912K, used 60001K [0x00000000c0000000, 0x00000000ca300000, 0x00000000eab00000)
  object space 166912K, 35% used [0x00000000c0000000,0x00000000c3a984c0,0x00000000ca300000)
 Metaspace       used 6004K, capacity 7088K, committed 7296K, reserved 1056768K
  class space    used 562K, capacity 616K, committed 640K, reserved 1048576K
}
Event: 6.011 GC heap before
{Heap before GC invocations=7 (full 1):
 PSYoungGen      total 138240K, used 133120K [0x00000000eab00000, 0x0000000100000000, 0x0000000100000000)
  eden space 133120K, 100% used [0x00000000eab00000,0x00000000f2d00000,0x00000000f2d00000)
  from space 5120K, 0% used [0x00000000f2d00000,0x00000000f2d00000,0x00000000f3200000)
  to   space 55296K, 0% used [0x00000000fca00000,0x00000000fca00000,0x0000000100000000)
 ParOldGen       total 166912K, used 60001K [0x00000000c0000000, 0x00000000ca300000, 0x00000000eab00000)
  object space 166912K, 35% used [0x00000000c0000000,0x00000000c3a984c0,0x00000000ca300000)
 Metaspace       used 6072K, capacity 7152K, committed 7296K, reserved 1056768K
  class space    used 564K, capacity 616K, committed 640K, reserved 1048576K
Event: 6.140 GC heap after
Heap after GC invocations=7 (full 1):
 PSYoungGen      total 209408K, used 40582K [0x00000000eab00000, 0x00000000ff200000, 0x0000000100000000)
  eden space 168448K, 0% used [0x00000000eab00000,0x00000000eab00000,0x00000000f4f80000)
  from space 40960K, 99% used [0x00000000fca00000,0x00000000ff1a1a98,0x00000000ff200000)
  to   space 58880K, 0% used [0x00000000f7f00000,0x00000000f7f00000,0x00000000fb880000)
 ParOldGen       total 166912K, used 60009K [0x00000000c0000000, 0x00000000ca300000, 0x00000000eab00000)
  object space 166912K, 35% used [0x00000000c0000000,0x00000000c3a9a4c0,0x00000000ca300000)
 Metaspace       used 6072K, capacity 7152K, committed 7296K, reserved 1056768K
  class space    used 564K, capacity 616K, committed 640K, reserved 1048576K
}
Event: 7.976 GC heap before
{Heap before GC invocations=8 (full 1):
 PSYoungGen      total 209408K, used 209030K [0x00000000eab00000, 0x00000000ff200000, 0x0000000100000000)
  eden space 168448K, 100% used [0x00000000eab00000,0x00000000f4f80000,0x00000000f4f80000)
  from space 40960K, 99% used [0x00000000fca00000,0x00000000ff1a1a98,0x00000000ff200000)
  to   space 58880K, 0% used [0x00000000f7f00000,0x00000000f7f00000,0x00000000fb880000)
 ParOldGen       total 166912K, used 60009K [0x00000000c0000000, 0x00000000ca300000, 0x00000000eab00000)
  object space 166912K, 35% used [0x00000000c0000000,0x00000000c3a9a4c0,0x00000000ca300000)
 Metaspace       used 6091K, capacity 7152K, committed 7296K, reserved 1056768K
  class space    used 566K, capacity 616K, committed 640K, reserved 1048576K
Event: 8.089 GC heap after
Heap after GC invocations=8 (full 1):
 PSYoungGen      total 227328K, used 58859K [0x00000000eab00000, 0x00000000ff200000, 0x0000000100000000)
  eden space 168448K, 0% used [0x00000000eab00000,0x00000000eab00000,0x00000000f4f80000)
  from space 58880K, 99% used [0x00000000f7f00000,0x00000000fb87adf0,0x00000000fb880000)
  to   space 40960K, 0% used [0x00000000fca00000,0x00000000fca00000,0x00000000ff200000)
 ParOldGen       total 166912K, used 68742K [0x00000000c0000000, 0x00000000ca300000, 0x00000000eab00000)
  object space 166912K, 41% used [0x00000000c0000000,0x00000000c4321a58,0x00000000ca300000)
 Metaspace       used 6091K, capacity 7152K, committed 7296K, reserved 1056768K
  class space    used 566K, capacity 616K, committed 640K, reserved 1048576K
}

Deoptimization events (10 events):
Event: 5.844 Thread 0x0000000016303000 Uncommon trap: reason=class_check action=maybe_recompile pc=0x00000000030423fc method=com.android.dx.ssa.SCCP.replaceConstants()V @ 127
Event: 5.844 Thread 0x0000000016303000 Uncommon trap: reason=unstable_if action=reinterpret pc=0x0000000002e92538 method=com.android.dx.ssa.LiteralOpUpgrader$1.visitNonMoveInsn(Lcom/android/dx/ssa/NormalSsaInsn;)V @ 137
Event: 5.846 Thread 0x0000000016303000 Uncommon trap: reason=class_check action=maybe_recompile pc=0x00000000030423fc method=com.android.dx.ssa.SCCP.replaceConstants()V @ 127
Event: 6.163 Thread 0x00000000163eb800 Uncommon trap: reason=bimorphic action=maybe_recompile pc=0x0000000002f9806c method=com.android.dx.cf.code.Merger.mergeType(Lcom/android/dx/rop/type/TypeBearer;Lcom/android/dx/rop/type/TypeBearer;)Lcom/android/dx/rop/type/TypeBearer; @ 21
Event: 6.246 Thread 0x00000000163eb800 Uncommon trap: reason=unstable_if action=reinterpret pc=0x0000000003006090 method=com.android.dx.cf.code.ByteCatchList.listFor(I)Lcom/android/dx/cf/code/ByteCatchList; @ 47
Event: 6.246 Thread 0x00000000163eb800 Uncommon trap: reason=unstable_if action=reinterpret pc=0x0000000002fdbb9c method=com.android.dx.cf.code.ByteCatchList.listFor(I)Lcom/android/dx/cf/code/ByteCatchList; @ 47
Event: 6.246 Thread 0x00000000163eb800 Uncommon trap: reason=unstable_if action=reinterpret pc=0x0000000002fecb2c method=com.android.dx.cf.code.ByteCatchList.listFor(I)Lcom/android/dx/cf/code/ByteCatchList; @ 47
Event: 6.246 Thread 0x00000000163eb800 Uncommon trap: reason=unstable_if action=reinterpret pc=0x0000000002bd113c method=com.android.dx.util.IntList.binarysearch(I)I @ 105
Event: 6.247 Thread 0x00000000163eb800 Uncommon trap: reason=unstable_if action=reinterpret pc=0x0000000002f63008 method=com.android.dx.ssa.SsaBasicBlock.newFromRop(Lcom/android/dx/rop/code/RopMethod;ILcom/android/dx/ssa/SsaMethod;)Lcom/android/dx/ssa/SsaBasicBlock; @ 164
Event: 6.247 Thread 0x00000000163eb800 Uncommon trap: reason=unstable_if action=reinterpret pc=0x0000000002fba1f8 method=com.android.dx.ssa.SsaMethod.blockIndexToRopLabel(I)I @ 1

Internal exceptions (4 events):
Event: 0.103 Thread 0x000000000256d800 Exception <a 'java/lang/NoSuchMethodError': Method sun.misc.Unsafe.defineClass(Ljava/lang/String;[BII)Ljava/lang/Class; name or signature does not match> (0x00000000eab07c78) thrown at [C:\src\android\AOSP-openjdk\external\jetbrains\jdk\hotspot\src\share\v[¶%ÔHº?
Event: 0.103 Thread 0x000000000256d800 Exception <a 'java/lang/NoSuchMethodError': Method sun.misc.Unsafe.prefetchRead(Ljava/lang/Object;J)V name or signature does not match> (0x00000000eab07f60) thrown at [C:\src\android\AOSP-openjdk\external\jetbrains\jdk\hotspot\src\share\vm\prims\jni.cpp, l@öz÷Ç{é?
Event: 0.796 Thread 0x0000000016303000 Implicit null exception at 0x0000000002b492e2 to 0x0000000002b493da
Event: 0.854 Thread 0x00000000163f2000 Implicit null exception at 0x0000000002bc5026 to 0x0000000002bc75c1

Events (10 events):
Event: 8.095 Executing VM operation: RevokeBias
Event: 8.095 Executing VM operation: RevokeBias done
Event: 8.095 Executing VM operation: RevokeBias
Event: 8.095 Executing VM operation: RevokeBias done
Event: 8.095 Executing VM operation: RevokeBias
Event: 8.095 Executing VM operation: RevokeBias done
Event: 8.095 Executing VM operation: RevokeBias
Event: 8.095 Executing VM operation: RevokeBias done
Event: 8.095 Executing VM operation: RevokeBias
Event: 8.095 Executing VM operation: RevokeBias done


Dynamic libraries:
0x00007ff636230000 - 0x00007ff636261000 	D:\Program Files\Android\Android Studio\jre\bin\java.exe
0x00007fffec7f0000 - 0x00007fffec9c1000 	C:\WINDOWS\SYSTEM32\ntdll.dll
0x00007fffeb1d0000 - 0x00007fffeb27c000 	C:\WINDOWS\System32\KERNEL32.DLL
0x00007fffe96e0000 - 0x00007fffe98fd000 	C:\WINDOWS\System32\KERNELBASE.dll
0x00007fffe9e60000 - 0x00007fffe9f02000 	C:\WINDOWS\System32\ADVAPI32.dll
0x00007fffeaaa0000 - 0x00007fffeab3e000 	C:\WINDOWS\System32\msvcrt.dll
0x00007fffec790000 - 0x00007fffec7e9000 	C:\WINDOWS\System32\sechost.dll
0x00007fffea970000 - 0x00007fffeaa91000 	C:\WINDOWS\System32\RPCRT4.dll
0x00007fffeac40000 - 0x00007fffeada5000 	C:\WINDOWS\System32\USER32.dll
0x00007fffe9d10000 - 0x00007fffe9d2e000 	C:\WINDOWS\System32\win32u.dll
0x00007fffea180000 - 0x00007fffea1b4000 	C:\WINDOWS\System32\GDI32.dll
0x00007fffe9b80000 - 0x00007fffe9d02000 	C:\WINDOWS\System32\gdi32full.dll
0x00007fffe41c0000 - 0x00007fffe443a000 	C:\WINDOWS\WinSxS\amd64_microsoft.windows.common-controls_6595b64144ccf1df_6.0.14393.953_none_42151e83c686086b\COMCTL32.dll
0x00007fffea600000 - 0x00007fffea8c8000 	C:\WINDOWS\System32\combase.dll
0x00007fffe8ce0000 - 0x00007fffe8dd5000 	C:\WINDOWS\System32\ucrtbase.dll
0x00007fffe9670000 - 0x00007fffe96da000 	C:\WINDOWS\System32\bcryptPrimitives.dll
0x00007fffe9da0000 - 0x00007fffe9dce000 	C:\WINDOWS\System32\IMM32.DLL
0x0000000063d40000 - 0x0000000063e12000 	D:\Program Files\Android\Android Studio\jre\jre\bin\msvcr100.dll
0x0000000062840000 - 0x000000006307c000 	D:\Program Files\Android\Android Studio\jre\jre\bin\server\jvm.dll
0x00007fffe9e40000 - 0x00007fffe9e48000 	C:\WINDOWS\System32\PSAPI.DLL
0x00007fffdc320000 - 0x00007fffdc329000 	C:\WINDOWS\SYSTEM32\WSOCK32.dll
0x00007fffea110000 - 0x00007fffea17a000 	C:\WINDOWS\System32\WS2_32.dll
0x00007fffe6c20000 - 0x00007fffe6c43000 	C:\WINDOWS\SYSTEM32\WINMM.dll
0x00007fffe4cf0000 - 0x00007fffe4cfa000 	C:\WINDOWS\SYSTEM32\VERSION.dll
0x00007fffe6b00000 - 0x00007fffe6b2b000 	C:\WINDOWS\SYSTEM32\WINMMBASE.dll
0x00007fffe9d30000 - 0x00007fffe9d72000 	C:\WINDOWS\System32\cfgmgr32.dll
0x00007fffe63e0000 - 0x00007fffe63ef000 	D:\Program Files\Android\Android Studio\jre\jre\bin\verify.dll
0x00007fffe4bc0000 - 0x00007fffe4be9000 	D:\Program Files\Android\Android Studio\jre\jre\bin\java.dll
0x00007fffe4ba0000 - 0x00007fffe4bb6000 	D:\Program Files\Android\Android Studio\jre\jre\bin\zip.dll
0x00007fffeb280000 - 0x00007fffec788000 	C:\WINDOWS\System32\SHELL32.dll
0x00007fffe8e80000 - 0x00007fffe955a000 	C:\WINDOWS\System32\windows.storage.dll
0x00007fffe8c50000 - 0x00007fffe8c9c000 	C:\WINDOWS\System32\powrprof.dll
0x00007fffea050000 - 0x00007fffea0a2000 	C:\WINDOWS\System32\shlwapi.dll
0x00007fffe8cd0000 - 0x00007fffe8cdf000 	C:\WINDOWS\System32\kernel.appcore.dll
0x00007fffe9560000 - 0x00007fffe9609000 	C:\WINDOWS\System32\shcore.dll
0x00007fffe8ca0000 - 0x00007fffe8cb4000 	C:\WINDOWS\System32\profapi.dll

VM Arguments:
jvm_args: -Djava.awt.headless=true -Xmx1024M -Dfile.encoding=GBK -Duser.country=CN -Duser.language=zh -Duser.variant 
java_command: com.android.dx.command.Main --dex --force-jumbo --num-threads=4 --multi-dex --output D:\musicbean\app\build\intermediates\transforms\dex\baidu\debug\folders\1000\5\slice_2 D:\musicbean\app\build\intermediates\transforms\instantRunSlicer\baidu\debug\folders\1\5\slice_2
java_class_path (initial): D:\SDK\build-tools\25.0.0\lib\dx.jar
Launcher Type: SUN_STANDARD

Environment Variables:
JAVA_HOME=C:\Program Files\Java\jdk1.8.0_101
CLASSPATH=.;C:\Program Files\Java\jdk1.8.0_101\lib;
PATH=C:\ProgramData\Oracle\Java\javapath;C:\WINDOWS\system32;C:\WINDOWS;C:\WINDOWS\System32\Wbem;C:\WINDOWS\System32\WindowsPowerShell\v1.0\;C:\Program Files\Java\jdk1.8.0_101\bin;C:\Program Files\Java\jdk1.8.0_101\jre\bin;D:\Git\cmd;C:\Users\Administrator\AppData\Local\Microsoft\WindowsApps;
USERNAME=Administrator
OS=Windows_NT
PROCESSOR_IDENTIFIER=Intel64 Family 6 Model 94 Stepping 3, GenuineIntel



---------------  S Y S T E M  ---------------

OS: Windows 10.0 , 64 bit Build 14393 (10.0.14393.1198)

CPU:total 4 (4 cores per cpu, 1 threads per core) family 6 model 94 stepping 3, cmov, cx8, fxsr, mmx, sse, sse2, sse3, ssse3, sse4.1, sse4.2, popcnt, avx, avx2, aes, clmul, erms, rtm, 3dnowpref, lzcnt, tsc, tscinvbit, bmi1, bmi2, adx

Memory: 4k page, physical 8299524k(2577048k free), swap 14749720k(5128k free)

vm_info: OpenJDK 64-Bit Server VM (25.112-b06) for windows-amd64 JRE (1.8.0_112-release-b06), built on Dec  8 2016 00:54:26 by "builder" with MS VC++ 10.0 (VS2010)

time: Fri May 19 13:22:00 2017
elapsed time: 8 seconds (0d 0h 0m 8s)

