#
# There is insufficient memory for the Java Runtime Environment to continue.
# Native memory allocation (malloc) failed to allocate 382896 bytes for Chunk::new
# Possible reasons:
#   The system is out of physical RAM or swap space
#   In 32 bit mode, the process size limit was hit
# Possible solutions:
#   Reduce memory load on the system
#   Increase physical memory or swap space
#   Check if swap backing store is full
#   Use 64 bit Java on a 64 bit OS
#   Decrease Java heap size (-Xmx/-Xms)
#   Decrease number of Java threads
#   Decrease Java thread stack sizes (-Xss)
#   Set larger code cache with -XX:ReservedCodeCacheSize=
# This output file may be truncated or incomplete.
#
#  Out of Memory Error (allocation.cpp:390), pid=13872, tid=0x0000000000009d58
#
# JRE version: OpenJDK Runtime Environment (8.0_112-b06) (build 1.8.0_112-release-b06)
# Java VM: OpenJDK 64-Bit Server VM (25.112-b06 mixed mode windows-amd64 compressed oops)
# Failed to write core dump. Minidumps are not enabled by default on client versions of Windows
#

---------------  T H R E A D  ---------------

Current thread (0x0000000014e5a000):  JavaThread "C2 CompilerThread1" daemon [_thread_in_native, id=40280, stack(0x00000000168b0000,0x00000000169b0000)]

Stack: [0x00000000168b0000,0x00000000169b0000]
[error occurred during error reporting (printing stack bounds), id 0xc0000005]

Native frames: (J=compiled Java code, j=interpreted, Vv=VM code, C=native code)


Current CompileTask:
C2:   1897 1410   !   4       com.android.dx.cf.code.Ropper::processBlock (1101 bytes)


---------------  P R O C E S S  ---------------

Java Threads: ( => current thread )
  0x0000000016487800 JavaThread "pool-2-thread-4" [_thread_blocked, id=5108, stack(0x00000000178b0000,0x00000000179b0000)]
  0x000000001644b800 JavaThread "pool-2-thread-3" [_thread_in_Java, id=38548, stack(0x0000000016fb0000,0x00000000170b0000)]
  0x0000000016444000 JavaThread "pool-2-thread-2" [_thread_blocked, id=8036, stack(0x0000000016eb0000,0x0000000016fb0000)]
  0x0000000016301000 JavaThread "pool-3-thread-1" [_thread_blocked, id=7516, stack(0x0000000016db0000,0x0000000016eb0000)]
  0x0000000016304000 JavaThread "pool-2-thread-1" [_thread_blocked, id=13956, stack(0x0000000016cb0000,0x0000000016db0000)]
  0x0000000016210000 JavaThread "Service Thread" daemon [_thread_blocked, id=15488, stack(0x0000000016ab0000,0x0000000016bb0000)]
  0x0000000014e5e800 JavaThread "C1 CompilerThread2" daemon [_thread_blocked, id=36428, stack(0x00000000169b0000,0x0000000016ab0000)]
=>0x0000000014e5a000 JavaThread "C2 CompilerThread1" daemon [_thread_in_native, id=40280, stack(0x00000000168b0000,0x00000000169b0000)]
  0x0000000014e0b000 JavaThread "C2 CompilerThread0" daemon [_thread_in_native, id=13860, stack(0x00000000167b0000,0x00000000168b0000)]
  0x0000000014e59800 JavaThread "Attach Listener" daemon [_thread_blocked, id=35780, stack(0x00000000166b0000,0x00000000167b0000)]
  0x0000000014df6800 JavaThread "Signal Dispatcher" daemon [_thread_blocked, id=5240, stack(0x00000000165b0000,0x00000000166b0000)]
  0x0000000002725800 JavaThread "Finalizer" daemon [_thread_blocked, id=40032, stack(0x0000000016050000,0x0000000016150000)]
  0x0000000002720000 JavaThread "Reference Handler" daemon [_thread_blocked, id=7448, stack(0x0000000015f50000,0x0000000016050000)]
  0x000000000262d800 JavaThread "main" [_thread_in_native, id=5032, stack(0x00000000024d0000,0x00000000025d0000)]

Other Threads:
  0x0000000014dc4800 VMThread [stack: 0x0000000015e50000,0x0000000015f50000] [id=12344]
  0x0000000016212000 WatcherThread [stack: 0x0000000016bb0000,0x0000000016cb0000] [id=30016]

VM state:not at safepoint (normal execution)

VM Mutex/Monitor currently owned by a thread: None

Heap:
 PSYoungGen      total 71680K, used 67876K [0x00000000eab00000, 0x00000000ef600000, 0x0000000100000000)
  eden space 66560K, 94% used [0x00000000eab00000,0x00000000ee8506f0,0x00000000eec00000)
  from space 5120K, 99% used [0x00000000ef100000,0x00000000ef5f8a70,0x00000000ef600000)
  to   space 5120K, 0% used [0x00000000eec00000,0x00000000eec00000,0x00000000ef100000)
 ParOldGen       total 87552K, used 16714K [0x00000000c0000000, 0x00000000c5580000, 0x00000000eab00000)
  object space 87552K, 19% used [0x00000000c0000000,0x00000000c1052b80,0x00000000c5580000)
 Metaspace       used 5768K, capacity 6896K, committed 7040K, reserved 1056768K
  class space    used 560K, capacity 616K, committed 640K, reserved 1048576K

Card table byte_map: [0x0000000011af0000,0x0000000011d00000] byte_map_base: 0x00000000114f0000

Marking Bits: (ParMarkBitMap*) 0x00000000630418f0
 Begin Bits: [0x0000000012260000, 0x0000000013260000)
 End Bits:   [0x0000000013260000, 0x0000000014260000)

Polling page: 0x00000000008d0000

CodeCache: size=245760Kb used=5628Kb max_used=5629Kb free=240131Kb
 bounds [0x0000000002730000, 0x0000000002cc0000, 0x0000000011730000]
 total_blobs=1625 nmethods=1362 adapters=177
 compilation: enabled

Compilation events (10 events):
Event: 1.780 Thread 0x0000000014e0b000 nmethod 1398 0x0000000002c9e3d0 code [0x0000000002c9e520, 0x0000000002c9e7b8]
Event: 1.780 Thread 0x0000000014e0b000 1405   !   4       com.android.dx.cf.code.RopperMachine::run (1550 bytes)
Event: 1.808 Thread 0x0000000014e5e800 1416       2       com.android.dx.dex.code.RopToDop::dopFor (792 bytes)
Event: 1.809 Thread 0x0000000014e5e800 nmethod 1416 0x0000000002cb15d0 code [0x0000000002cb18e0, 0x0000000002cb2748]
Event: 1.810 Thread 0x0000000014e5e800 1418       1       com.android.dx.dex.file.DexFile::getMethodIds (5 bytes)
Event: 1.810 Thread 0x0000000014e5e800 nmethod 1418 0x0000000002caded0 code [0x0000000002cae020, 0x0000000002cae130]
Event: 1.810 Thread 0x0000000014e5e800 1419       1       com.android.dx.util.Bits::makeBitSet (11 bytes)
Event: 1.811 Thread 0x0000000014e5e800 nmethod 1419 0x0000000002cadad0 code [0x0000000002cadc20, 0x0000000002cadd90]
Event: 1.811 Thread 0x0000000014e5e800 1420       2       java.util.TreeMap$Values::iterator (19 bytes)
Event: 1.811 Thread 0x0000000014e5e800 nmethod 1420 0x0000000002cb1090 code [0x0000000002cb1200, 0x0000000002cb1470]

GC Heap History (4 events):
Event: 0.750 GC heap before
{Heap before GC invocations=1 (full 0):
 PSYoungGen      total 38400K, used 33280K [0x00000000eab00000, 0x00000000ed580000, 0x0000000100000000)
  eden space 33280K, 100% used [0x00000000eab00000,0x00000000ecb80000,0x00000000ecb80000)
  from space 5120K, 0% used [0x00000000ed080000,0x00000000ed080000,0x00000000ed580000)
  to   space 5120K, 0% used [0x00000000ecb80000,0x00000000ecb80000,0x00000000ed080000)
 ParOldGen       total 87552K, used 0K [0x00000000c0000000, 0x00000000c5580000, 0x00000000eab00000)
  object space 87552K, 0% used [0x00000000c0000000,0x00000000c0000000,0x00000000c5580000)
 Metaspace       used 5626K, capacity 6768K, committed 7040K, reserved 1056768K
  class space    used 559K, capacity 616K, committed 640K, reserved 1048576K
Event: 0.763 GC heap after
Heap after GC invocations=1 (full 0):
 PSYoungGen      total 38400K, used 5112K [0x00000000eab00000, 0x00000000ef600000, 0x0000000100000000)
  eden space 33280K, 0% used [0x00000000eab00000,0x00000000eab00000,0x00000000ecb80000)
  from space 5120K, 99% used [0x00000000ecb80000,0x00000000ed07e098,0x00000000ed080000)
  to   space 5120K, 0% used [0x00000000ef100000,0x00000000ef100000,0x00000000ef600000)
 ParOldGen       total 87552K, used 8366K [0x00000000c0000000, 0x00000000c5580000, 0x00000000eab00000)
  object space 87552K, 9% used [0x00000000c0000000,0x00000000c082bb90,0x00000000c5580000)
 Metaspace       used 5626K, capacity 6768K, committed 7040K, reserved 1056768K
  class space    used 559K, capacity 616K, committed 640K, reserved 1048576K
}
Event: 1.023 GC heap before
{Heap before GC invocations=2 (full 0):
 PSYoungGen      total 38400K, used 38392K [0x00000000eab00000, 0x00000000ef600000, 0x0000000100000000)
  eden space 33280K, 100% used [0x00000000eab00000,0x00000000ecb80000,0x00000000ecb80000)
  from space 5120K, 99% used [0x00000000ecb80000,0x00000000ed07e098,0x00000000ed080000)
  to   space 5120K, 0% used [0x00000000ef100000,0x00000000ef100000,0x00000000ef600000)
 ParOldGen       total 87552K, used 8366K [0x00000000c0000000, 0x00000000c5580000, 0x00000000eab00000)
  object space 87552K, 9% used [0x00000000c0000000,0x00000000c082bb90,0x00000000c5580000)
 Metaspace       used 5688K, capacity 6832K, committed 7040K, reserved 1056768K
  class space    used 560K, capacity 616K, committed 640K, reserved 1048576K
Event: 1.054 GC heap after
Heap after GC invocations=2 (full 0):
 PSYoungGen      total 71680K, used 5090K [0x00000000eab00000, 0x00000000ef600000, 0x0000000100000000)
  eden space 66560K, 0% used [0x00000000eab00000,0x00000000eab00000,0x00000000eec00000)
  from space 5120K, 99% used [0x00000000ef100000,0x00000000ef5f8a70,0x00000000ef600000)
  to   space 5120K, 0% used [0x00000000eec00000,0x00000000eec00000,0x00000000ef100000)
 ParOldGen       total 87552K, used 16714K [0x00000000c0000000, 0x00000000c5580000, 0x00000000eab00000)
  object space 87552K, 19% used [0x00000000c0000000,0x00000000c1052b80,0x00000000c5580000)
 Metaspace       used 5688K, capacity 6832K, committed 7040K, reserved 1056768K
  class space    used 560K, capacity 616K, committed 640K, reserved 1048576K
}

Deoptimization events (10 events):
Event: 0.936 Thread 0x0000000016487800 Uncommon trap: reason=class_check action=maybe_recompile pc=0x0000000002a2268c method=com.android.dx.ssa.NormalSsaInsn.accept(Lcom/android/dx/ssa/SsaInsn$Visitor;)V @ 9
Event: 0.936 Thread 0x0000000016487800 Uncommon trap: reason=class_check action=maybe_recompile pc=0x0000000002a2268c method=com.android.dx.ssa.NormalSsaInsn.accept(Lcom/android/dx/ssa/SsaInsn$Visitor;)V @ 9
Event: 1.293 Thread 0x0000000016487800 Uncommon trap: reason=unstable_if action=reinterpret pc=0x0000000002b29024 method=com.android.dx.cf.code.RopperMachine.jopToRopOpcode(ILcom/android/dx/rop/cst/Constant;)I @ 1044
Event: 1.740 Thread 0x000000001644b800 Uncommon trap: reason=class_check action=maybe_recompile pc=0x0000000002b6b38c method=com.android.dx.rop.code.DexTranslationAdvice.hasConstantOperation(Lcom/android/dx/rop/code/Rop;Lcom/android/dx/rop/code/RegisterSpec;Lcom/android/dx/rop/code/RegisterSpec
Event: 1.740 Thread 0x000000001644b800 Uncommon trap: reason=class_check action=maybe_recompile pc=0x0000000002b6b38c method=com.android.dx.rop.code.DexTranslationAdvice.hasConstantOperation(Lcom/android/dx/rop/code/Rop;Lcom/android/dx/rop/code/RegisterSpec;Lcom/android/dx/rop/code/RegisterSpec›leþ ôû?
Event: 1.747 Thread 0x000000001644b800 Uncommon trap: reason=unstable_if action=reinterpret pc=0x0000000002b556c0 method=com.android.dx.rop.code.RegisterSpecSet.put(Lcom/android/dx/rop/code/RegisterSpec;)V @ 77
Event: 1.747 Thread 0x000000001644b800 Uncommon trap: reason=unstable_if action=reinterpret pc=0x0000000002a83048 method=com.android.dx.rop.code.RegisterSpecSet.put(Lcom/android/dx/rop/code/RegisterSpec;)V @ 77
Event: 1.750 Thread 0x000000001644b800 Uncommon trap: reason=bimorphic action=maybe_recompile pc=0x0000000002b6b234 method=com.android.dx.ssa.LiteralOpUpgrader.tryReplacingWithConstant(Lcom/android/dx/ssa/NormalSsaInsn;)Z @ 52
Event: 1.753 Thread 0x000000001644b800 Uncommon trap: reason=unstable_if action=reinterpret pc=0x0000000002c8d1d8 method=com.android.dx.rop.code.RegisterSpecSet.put(Lcom/android/dx/rop/code/RegisterSpec;)V @ 77
Event: 1.753 Thread 0x000000001644b800 Uncommon trap: reason=unstable_if action=reinterpret pc=0x0000000002c8a448 method=com.android.dx.dex.code.RopToDop.dopFor(Lcom/android/dx/rop/code/Insn;)Lcom/android/dx/dex/code/Dop; @ 747

Internal exceptions (2 events):
Event: 0.027 Thread 0x000000000262d800 Exception <a 'java/lang/NoSuchMethodError': Method sun.misc.Unsafe.defineClass(Ljava/lang/String;[BII)Ljava/lang/Class; name or signature does not match> (0x00000000eab07c78) thrown at [C:\src\android\AOSP-openjdk\external\jetbrains\jdk\hotspot\src\share\v9‘suÚ-œ?
Event: 0.028 Thread 0x000000000262d800 Exception <a 'java/lang/NoSuchMethodError': Method sun.misc.Unsafe.prefetchRead(Ljava/lang/Object;J)V name or signature does not match> (0x00000000eab07f60) thrown at [C:\src\android\AOSP-openjdk\external\jetbrains\jdk\hotspot\src\share\vm\prims\jni.cpp, l

Events (10 events):
Event: 1.747 Thread 0x000000001644b800 DEOPT UNPACKING pc=0x000000000277556a sp=0x00000000170ae990 mode 2
Event: 1.750 Thread 0x000000001644b800 Uncommon trap: trap_request=0xffffffc6 fr.pc=0x0000000002b6b234
Event: 1.750 Thread 0x000000001644b800 DEOPT PACKING pc=0x0000000002b6b234 sp=0x00000000170aeac0
Event: 1.750 Thread 0x000000001644b800 DEOPT UNPACKING pc=0x000000000277556a sp=0x00000000170ae998 mode 2
Event: 1.753 Thread 0x000000001644b800 Uncommon trap: trap_request=0xffffff65 fr.pc=0x0000000002c8d1d8
Event: 1.753 Thread 0x000000001644b800 DEOPT PACKING pc=0x0000000002c8d1d8 sp=0x00000000170aecd0
Event: 1.753 Thread 0x000000001644b800 DEOPT UNPACKING pc=0x000000000277556a sp=0x00000000170aec20 mode 2
Event: 1.753 Thread 0x000000001644b800 Uncommon trap: trap_request=0xffffff65 fr.pc=0x0000000002c8a448
Event: 1.753 Thread 0x000000001644b800 DEOPT PACKING pc=0x0000000002c8a448 sp=0x00000000170ae8f0
Event: 1.753 Thread 0x000000001644b800 DEOPT UNPACKING pc=0x000000000277556a sp=0x00000000170ae890 mode 2


Dynamic libraries:
0x00007ff720e80000 - 0x00007ff720eb1000 	D:\Program Files\Android\Android Studio\jre\bin\java.exe
0x00007fffec7f0000 - 0x00007fffec9c1000 	C:\WINDOWS\SYSTEM32\ntdll.dll
0x00007fffeb1d0000 - 0x00007fffeb27c000 	C:\WINDOWS\System32\KERNEL32.DLL
0x00007fffe96e0000 - 0x00007fffe98fd000 	C:\WINDOWS\System32\KERNELBASE.dll
0x00007fffe9e60000 - 0x00007fffe9f02000 	C:\WINDOWS\System32\ADVAPI32.dll
0x00007fffeaaa0000 - 0x00007fffeab3e000 	C:\WINDOWS\System32\msvcrt.dll
0x00007fffec790000 - 0x00007fffec7e9000 	C:\WINDOWS\System32\sechost.dll
0x00007fffea970000 - 0x00007fffeaa91000 	C:\WINDOWS\System32\RPCRT4.dll
0x00007fffeac40000 - 0x00007fffeada5000 	C:\WINDOWS\System32\USER32.dll
0x00007fffe9d10000 - 0x00007fffe9d2e000 	C:\WINDOWS\System32\win32u.dll
0x00007fffea180000 - 0x00007fffea1b4000 	C:\WINDOWS\System32\GDI32.dll
0x00007fffe9b80000 - 0x00007fffe9d02000 	C:\WINDOWS\System32\gdi32full.dll
0x00007fffe41c0000 - 0x00007fffe443a000 	C:\WINDOWS\WinSxS\amd64_microsoft.windows.common-controls_6595b64144ccf1df_6.0.14393.953_none_42151e83c686086b\COMCTL32.dll
0x00007fffea600000 - 0x00007fffea8c8000 	C:\WINDOWS\System32\combase.dll
0x00007fffe8ce0000 - 0x00007fffe8dd5000 	C:\WINDOWS\System32\ucrtbase.dll
0x00007fffe9670000 - 0x00007fffe96da000 	C:\WINDOWS\System32\bcryptPrimitives.dll
0x00007fffe9da0000 - 0x00007fffe9dce000 	C:\WINDOWS\System32\IMM32.DLL
0x00000000633b0000 - 0x0000000063482000 	D:\Program Files\Android\Android Studio\jre\jre\bin\msvcr100.dll
0x0000000062880000 - 0x00000000630bc000 	D:\Program Files\Android\Android Studio\jre\jre\bin\server\jvm.dll
0x00007fffe9e40000 - 0x00007fffe9e48000 	C:\WINDOWS\System32\PSAPI.DLL
0x00007fffe6df0000 - 0x00007fffe6df9000 	C:\WINDOWS\SYSTEM32\WSOCK32.dll
0x00007fffea110000 - 0x00007fffea17a000 	C:\WINDOWS\System32\WS2_32.dll
0x00007fffe6c20000 - 0x00007fffe6c43000 	C:\WINDOWS\SYSTEM32\WINMM.dll
0x00007fffe4cf0000 - 0x00007fffe4cfa000 	C:\WINDOWS\SYSTEM32\VERSION.dll
0x00007fffe6b00000 - 0x00007fffe6b2b000 	C:\WINDOWS\SYSTEM32\WINMMBASE.dll
0x00007fffe9d30000 - 0x00007fffe9d72000 	C:\WINDOWS\System32\cfgmgr32.dll
0x00007fffe65b0000 - 0x00007fffe65bf000 	D:\Program Files\Android\Android Studio\jre\jre\bin\verify.dll
0x00007fffe6580000 - 0x00007fffe65a9000 	D:\Program Files\Android\Android Studio\jre\jre\bin\java.dll
0x00007fffe6420000 - 0x00007fffe6436000 	D:\Program Files\Android\Android Studio\jre\jre\bin\zip.dll
0x00007fffeb280000 - 0x00007fffec788000 	C:\WINDOWS\System32\SHELL32.dll
0x00007fffe8e80000 - 0x00007fffe955a000 	C:\WINDOWS\System32\windows.storage.dll
0x00007fffe8c50000 - 0x00007fffe8c9c000 	C:\WINDOWS\System32\powrprof.dll
0x00007fffea050000 - 0x00007fffea0a2000 	C:\WINDOWS\System32\shlwapi.dll
0x00007fffe8cd0000 - 0x00007fffe8cdf000 	C:\WINDOWS\System32\kernel.appcore.dll
0x00007fffe9560000 - 0x00007fffe9609000 	C:\WINDOWS\System32\shcore.dll
0x00007fffe8ca0000 - 0x00007fffe8cb4000 	C:\WINDOWS\System32\profapi.dll

VM Arguments:
jvm_args: -Djava.awt.headless=true -Xmx1024M -Dfile.encoding=GBK -Duser.country=CN -Duser.language=zh -Duser.variant 
java_command: com.android.dx.command.Main --dex --force-jumbo --num-threads=4 --multi-dex --output D:\musicbean\app\build\intermediates\transforms\dex\baidu\debug\folders\1000\5\slice_3 D:\musicbean\app\build\intermediates\transforms\instantRunSlicer\baidu\debug\folders\1\5\slice_3
java_class_path (initial): D:\SDK\build-tools\25.0.0\lib\dx.jar
Launcher Type: SUN_STANDARD

Environment Variables:
JAVA_HOME=C:\Program Files\Java\jdk1.8.0_101
CLASSPATH=.;C:\Program Files\Java\jdk1.8.0_101\lib;
PATH=C:\ProgramData\Oracle\Java\javapath;C:\WINDOWS\system32;C:\WINDOWS;C:\WINDOWS\System32\Wbem;C:\WINDOWS\System32\WindowsPowerShell\v1.0\;C:\Program Files\Java\jdk1.8.0_101\bin;C:\Program Files\Java\jdk1.8.0_101\jre\bin;D:\Git\cmd;C:\Users\Administrator\AppData\Local\Microsoft\WindowsApps;
USERNAME=Administrator
OS=Windows_NT
PROCESSOR_IDENTIFIER=Intel64 Family 6 Model 94 Stepping 3, GenuineIntel



---------------  S Y S T E M  ---------------

OS: Windows 10.0 , 64 bit Build 14393 (10.0.14393.1198)

CPU:total 4 (4 cores per cpu, 1 threads per core) family 6 model 94 stepping 3, cmov, cx8, fxsr, mmx, sse, sse2, sse3, ssse3, sse4.1, sse4.2, popcnt, avx, avx2, aes, clmul, erms, rtm, 3dnowpref, lzcnt, tsc, tscinvbit, bmi1, bmi2, adx

Memory: 4k page, physical 8299524k(2487444k free), swap 14749720k(3472k free)

vm_info: OpenJDK 64-Bit Server VM (25.112-b06) for windows-amd64 JRE (1.8.0_112-release-b06), built on Dec  8 2016 00:54:26 by "builder" with MS VC++ 10.0 (VS2010)

time: Mon May 29 12:35:46 2017
elapsed time: 1 seconds (0d 0h 0m 1s)

