#
# There is insufficient memory for the Java Runtime Environment to continue.
# Native memory allocation (malloc) failed to allocate 32744 bytes for ChunkPool::allocate
# Possible reasons:
#   The system is out of physical RAM or swap space
#   In 32 bit mode, the process size limit was hit
# Possible solutions:
#   Reduce memory load on the system
#   Increase physical memory or swap space
#   Check if swap backing store is full
#   Use 64 bit Java on a 64 bit OS
#   Decrease Java heap size (-Xmx/-Xms)
#   Decrease number of Java threads
#   Decrease Java thread stack sizes (-Xss)
#   Set larger code cache with -XX:ReservedCodeCacheSize=
# This output file may be truncated or incomplete.
#
#  Out of Memory Error (allocation.cpp:273), pid=29832, tid=0x0000000000006420
#
# JRE version: OpenJDK Runtime Environment (8.0_112-b06) (build 1.8.0_112-release-b06)
# Java VM: OpenJDK 64-Bit Server VM (25.112-b06 mixed mode windows-amd64 compressed oops)
# Failed to write core dump. Minidumps are not enabled by default on client versions of Windows
#

---------------  T H R E A D  ---------------

Current thread (0x0000000016853800):  JavaThread "C2 CompilerThread1" daemon [_thread_in_native, id=25632, stack(0x0000000016f00000,0x0000000017000000)]

Stack: [0x0000000016f00000,0x0000000017000000]
[error occurred during error reporting (printing stack bounds), id 0xc0000005]

Native frames: (J=compiled Java code, j=interpreted, Vv=VM code, C=native code)


Current CompileTask:
C2:   6181 1594       4       com.android.dx.rop.code.LocalVariableExtractor::processBlock (327 bytes)


---------------  P R O C E S S  ---------------

Java Threads: ( => current thread )
  0x0000000016a6e000 JavaThread "pool-2-thread-4" [_thread_in_Java, id=16496, stack(0x0000000017700000,0x0000000017800000)]
  0x0000000016a9f000 JavaThread "pool-2-thread-3" [_thread_in_Java, id=31804, stack(0x0000000017600000,0x0000000017700000)]
  0x0000000016a65800 JavaThread "pool-2-thread-2" [_thread_in_Java, id=31060, stack(0x0000000017500000,0x0000000017600000)]
  0x0000000016967800 JavaThread "pool-3-thread-1" [_thread_blocked, id=28504, stack(0x0000000017400000,0x0000000017500000)]
  0x0000000016967000 JavaThread "pool-2-thread-1" [_thread_in_Java, id=16772, stack(0x0000000017300000,0x0000000017400000)]
  0x000000001685e000 JavaThread "Service Thread" daemon [_thread_blocked, id=31500, stack(0x0000000017100000,0x0000000017200000)]
  0x0000000016856000 JavaThread "C1 CompilerThread2" daemon [_thread_blocked, id=32552, stack(0x0000000017000000,0x0000000017100000)]
=>0x0000000016853800 JavaThread "C2 CompilerThread1" daemon [_thread_in_native, id=25632, stack(0x0000000016f00000,0x0000000017000000)]
  0x0000000015460800 JavaThread "C2 CompilerThread0" daemon [_thread_in_native, id=34288, stack(0x0000000016e00000,0x0000000016f00000)]
  0x000000001545f800 JavaThread "Attach Listener" daemon [_thread_blocked, id=34464, stack(0x0000000016d00000,0x0000000016e00000)]
  0x0000000016808800 JavaThread "Signal Dispatcher" daemon [_thread_blocked, id=34316, stack(0x0000000016c00000,0x0000000016d00000)]
  0x0000000002d75800 JavaThread "Finalizer" daemon [_thread_blocked, id=34036, stack(0x00000000166a0000,0x00000000167a0000)]
  0x0000000002d70000 JavaThread "Reference Handler" daemon [_thread_blocked, id=34112, stack(0x00000000165a0000,0x00000000166a0000)]
  0x0000000002c7d800 JavaThread "main" [_thread_in_Java, id=34416, stack(0x0000000002b20000,0x0000000002c20000)]

Other Threads:
  0x0000000015414800 VMThread [stack: 0x00000000164a0000,0x00000000165a0000] [id=34360]
  0x0000000016860000 WatcherThread [stack: 0x0000000017200000,0x0000000017300000] [id=32216]

VM state:not at safepoint (normal execution)

VM Mutex/Monitor currently owned by a thread: None

Heap:
 PSYoungGen      total 71680K, used 31212K [0x00000000eab00000, 0x00000000f6b00000, 0x0000000100000000)
  eden space 66560K, 46% used [0x00000000eab00000,0x00000000ec97b380,0x00000000eec00000)
  from space 5120K, 0% used [0x00000000eec00000,0x00000000eec00000,0x00000000ef100000)
  to   space 31744K, 0% used [0x00000000f4c00000,0x00000000f4c00000,0x00000000f6b00000)
 ParOldGen       total 87552K, used 33903K [0x00000000c0000000, 0x00000000c5580000, 0x00000000eab00000)
  object space 87552K, 38% used [0x00000000c0000000,0x00000000c211be70,0x00000000c5580000)
 Metaspace       used 5840K, capacity 6960K, committed 7040K, reserved 1056768K
  class space    used 563K, capacity 616K, committed 640K, reserved 1048576K

Card table byte_map: [0x0000000012140000,0x0000000012350000] byte_map_base: 0x0000000011b40000

Marking Bits: (ParMarkBitMap*) 0x00000000630018f0
 Begin Bits: [0x00000000128b0000, 0x00000000138b0000)
 End Bits:   [0x00000000138b0000, 0x00000000148b0000)

Polling page: 0x0000000000c20000

CodeCache: size=245760Kb used=7743Kb max_used=7743Kb free=238016Kb
 bounds [0x0000000002d80000, 0x0000000003520000, 0x0000000011d80000]
 total_blobs=1826 nmethods=1561 adapters=177
 compilation: enabled

Compilation events (10 events):
Event: 4.339 Thread 0x0000000016856000 1607       3       com.android.dx.ssa.SsaInsn::makeFromRop (10 bytes)
Event: 4.340 Thread 0x0000000016856000 nmethod 1607 0x00000000034f65d0 code [0x00000000034f6760, 0x00000000034f6be8]
Event: 4.340 Thread 0x0000000016856000 1608       3       com.android.dx.ssa.SsaMethod::makeNewSsaReg (26 bytes)
Event: 4.340 Thread 0x0000000016856000 nmethod 1608 0x00000000034ff8d0 code [0x00000000034ffa20, 0x00000000034ffc90]
Event: 4.357 Thread 0x0000000015460800 nmethod 1588 0x000000000350f390 code [0x000000000350f5a0, 0x00000000035102c0]
Event: 4.357 Thread 0x0000000015460800 1593       4       com.android.dx.ssa.back.IdenticalBlockCombiner::process (323 bytes)
Event: 4.361 Thread 0x0000000016856000 1610       3       com.android.dx.rop.code.Rop::<init> (15 bytes)
Event: 4.361 Thread 0x0000000016856000 nmethod 1610 0x00000000034fc150 code [0x00000000034fc2c0, 0x00000000034fc468]
Event: 6.176 Thread 0x0000000016856000 1615       3       com.android.dx.ssa.DeadCodeRemover::run (194 bytes)
Event: 6.178 Thread 0x0000000016856000 nmethod 1615 0x00000000035113d0 code [0x0000000003511740, 0x00000000035134c8]

GC Heap History (10 events):
Event: 2.152 GC heap before
{Heap before GC invocations=2 (full 0):
 PSYoungGen      total 38400K, used 38373K [0x00000000eab00000, 0x00000000ed580000, 0x0000000100000000)
  eden space 33280K, 100% used [0x00000000eab00000,0x00000000ecb80000,0x00000000ecb80000)
  from space 5120K, 99% used [0x00000000ecb80000,0x00000000ed0796e8,0x00000000ed080000)
  to   space 5120K, 0% used [0x00000000ed080000,0x00000000ed080000,0x00000000ed580000)
 ParOldGen       total 87552K, used 4104K [0x00000000c0000000, 0x00000000c5580000, 0x00000000eab00000)
  object space 87552K, 4% used [0x00000000c0000000,0x00000000c0402368,0x00000000c5580000)
 Metaspace       used 5711K, capacity 6832K, committed 7040K, reserved 1056768K
  class space    used 560K, capacity 616K, committed 640K, reserved 1048576K
Event: 2.203 GC heap after
Heap after GC invocations=2 (full 0):
 PSYoungGen      total 38400K, used 5111K [0x00000000eab00000, 0x00000000ef600000, 0x0000000100000000)
  eden space 33280K, 0% used [0x00000000eab00000,0x00000000eab00000,0x00000000ecb80000)
  from space 5120K, 99% used [0x00000000ed080000,0x00000000ed57df88,0x00000000ed580000)
  to   space 5120K, 0% used [0x00000000ecb80000,0x00000000ecb80000,0x00000000ed080000)
 ParOldGen       total 87552K, used 19970K [0x00000000c0000000, 0x00000000c5580000, 0x00000000eab00000)
  object space 87552K, 22% used [0x00000000c0000000,0x00000000c1380b90,0x00000000c5580000)
 Metaspace       used 5711K, capacity 6832K, committed 7040K, reserved 1056768K
  class space    used 560K, capacity 616K, committed 640K, reserved 1048576K
}
Event: 2.653 GC heap before
{Heap before GC invocations=3 (full 0):
 PSYoungGen      total 38400K, used 38391K [0x00000000eab00000, 0x00000000ef600000, 0x0000000100000000)
  eden space 33280K, 100% used [0x00000000eab00000,0x00000000ecb80000,0x00000000ecb80000)
  from space 5120K, 99% used [0x00000000ed080000,0x00000000ed57df88,0x00000000ed580000)
  to   space 5120K, 0% used [0x00000000ecb80000,0x00000000ecb80000,0x00000000ed080000)
 ParOldGen       total 87552K, used 19970K [0x00000000c0000000, 0x00000000c5580000, 0x00000000eab00000)
  object space 87552K, 22% used [0x00000000c0000000,0x00000000c1380b90,0x00000000c5580000)
 Metaspace       used 5738K, capacity 6896K, committed 7040K, reserved 1056768K
  class space    used 560K, capacity 616K, committed 640K, reserved 1048576K
Event: 2.739 GC heap after
Heap after GC invocations=3 (full 0):
 PSYoungGen      total 38400K, used 5109K [0x00000000eab00000, 0x00000000ef600000, 0x0000000100000000)
  eden space 33280K, 0% used [0x00000000eab00000,0x00000000eab00000,0x00000000ecb80000)
  from space 5120K, 99% used [0x00000000ecb80000,0x00000000ed07d768,0x00000000ed080000)
  to   space 5120K, 0% used [0x00000000ef100000,0x00000000ef100000,0x00000000ef600000)
 ParOldGen       total 87552K, used 31131K [0x00000000c0000000, 0x00000000c5580000, 0x00000000eab00000)
  object space 87552K, 35% used [0x00000000c0000000,0x00000000c1e66f98,0x00000000c5580000)
 Metaspace       used 5738K, capacity 6896K, committed 7040K, reserved 1056768K
  class space    used 560K, capacity 616K, committed 640K, reserved 1048576K
}
Event: 3.407 GC heap before
{Heap before GC invocations=4 (full 0):
 PSYoungGen      total 38400K, used 38389K [0x00000000eab00000, 0x00000000ef600000, 0x0000000100000000)
  eden space 33280K, 100% used [0x00000000eab00000,0x00000000ecb80000,0x00000000ecb80000)
  from space 5120K, 99% used [0x00000000ecb80000,0x00000000ed07d768,0x00000000ed080000)
  to   space 5120K, 0% used [0x00000000ef100000,0x00000000ef100000,0x00000000ef600000)
 ParOldGen       total 87552K, used 31131K [0x00000000c0000000, 0x00000000c5580000, 0x00000000eab00000)
  object space 87552K, 35% used [0x00000000c0000000,0x00000000c1e66f98,0x00000000c5580000)
 Metaspace       used 5795K, capacity 6896K, committed 7040K, reserved 1056768K
  class space    used 561K, capacity 616K, committed 640K, reserved 1048576K
Event: 3.426 GC heap after
Heap after GC invocations=4 (full 0):
 PSYoungGen      total 71680K, used 5089K [0x00000000eab00000, 0x00000000ef600000, 0x0000000100000000)
  eden space 66560K, 0% used [0x00000000eab00000,0x00000000eab00000,0x00000000eec00000)
  from space 5120K, 99% used [0x00000000ef100000,0x00000000ef5f8578,0x00000000ef600000)
  to   space 5120K, 0% used [0x00000000eec00000,0x00000000eec00000,0x00000000ef100000)
 ParOldGen       total 87552K, used 44769K [0x00000000c0000000, 0x00000000c5580000, 0x00000000eab00000)
  object space 87552K, 51% used [0x00000000c0000000,0x00000000c2bb86e0,0x00000000c5580000)
 Metaspace       used 5795K, capacity 6896K, committed 7040K, reserved 1056768K
  class space    used 561K, capacity 616K, committed 640K, reserved 1048576K
}
Event: 4.507 GC heap before
{Heap before GC invocations=5 (full 0):
 PSYoungGen      total 71680K, used 71649K [0x00000000eab00000, 0x00000000ef600000, 0x0000000100000000)
  eden space 66560K, 100% used [0x00000000eab00000,0x00000000eec00000,0x00000000eec00000)
  from space 5120K, 99% used [0x00000000ef100000,0x00000000ef5f8578,0x00000000ef600000)
  to   space 5120K, 0% used [0x00000000eec00000,0x00000000eec00000,0x00000000ef100000)
 ParOldGen       total 87552K, used 44769K [0x00000000c0000000, 0x00000000c5580000, 0x00000000eab00000)
  object space 87552K, 51% used [0x00000000c0000000,0x00000000c2bb86e0,0x00000000c5580000)
 Metaspace       used 5840K, capacity 6960K, committed 7040K, reserved 1056768K
  class space    used 563K, capacity 616K, committed 640K, reserved 1048576K
Event: 5.000 GC heap after
Heap after GC invocations=5 (full 0):
 PSYoungGen      total 71680K, used 5119K [0x00000000eab00000, 0x00000000f6b00000, 0x0000000100000000)
  eden space 66560K, 0% used [0x00000000eab00000,0x00000000eab00000,0x00000000eec00000)
  from space 5120K, 99% used [0x00000000eec00000,0x00000000ef0ffd80,0x00000000ef100000)
  to   space 31744K, 0% used [0x00000000f4c00000,0x00000000f4c00000,0x00000000f6b00000)
 ParOldGen       total 87552K, used 70268K [0x00000000c0000000, 0x00000000c5580000, 0x00000000eab00000)
  object space 87552K, 80% used [0x00000000c0000000,0x00000000c449f290,0x00000000c5580000)
 Metaspace       used 5840K, capacity 6960K, committed 7040K, reserved 1056768K
  class space    used 563K, capacity 616K, committed 640K, reserved 1048576K
}
Event: 5.000 GC heap before
{Heap before GC invocations=6 (full 1):
 PSYoungGen      total 71680K, used 5119K [0x00000000eab00000, 0x00000000f6b00000, 0x0000000100000000)
  eden space 66560K, 0% used [0x00000000eab00000,0x00000000eab00000,0x00000000eec00000)
  from space 5120K, 99% used [0x00000000eec00000,0x00000000ef0ffd80,0x00000000ef100000)
  to   space 31744K, 0% used [0x00000000f4c00000,0x00000000f4c00000,0x00000000f6b00000)
 ParOldGen       total 87552K, used 70268K [0x00000000c0000000, 0x00000000c5580000, 0x00000000eab00000)
  object space 87552K, 80% used [0x00000000c0000000,0x00000000c449f290,0x00000000c5580000)
 Metaspace       used 5840K, capacity 6960K, committed 7040K, reserved 1056768K
  class space    used 563K, capacity 616K, committed 640K, reserved 1048576K
Event: 6.142 GC heap after
Heap after GC invocations=6 (full 1):
 PSYoungGen      total 71680K, used 0K [0x00000000eab00000, 0x00000000f6b00000, 0x0000000100000000)
  eden space 66560K, 0% used [0x00000000eab00000,0x00000000eab00000,0x00000000eec00000)
  from space 5120K, 0% used [0x00000000eec00000,0x00000000eec00000,0x00000000ef100000)
  to   space 31744K, 0% used [0x00000000f4c00000,0x00000000f4c00000,0x00000000f6b00000)
 ParOldGen       total 87552K, used 33903K [0x00000000c0000000, 0x00000000c5580000, 0x00000000eab00000)
  object space 87552K, 38% used [0x00000000c0000000,0x00000000c211be70,0x00000000c5580000)
 Metaspace       used 5840K, capacity 6960K, committed 7040K, reserved 1056768K
  class space    used 563K, capacity 616K, committed 640K, reserved 1048576K
}

Deoptimization events (10 events):
Event: 3.621 Thread 0x0000000016a65800 Uncommon trap: reason=speculate_class_check action=maybe_recompile pc=0x0000000003287ac8 method=com.android.dx.rop.cst.CstLiteral32.equals(Ljava/lang/Object;)Z @ 20
Event: 3.621 Thread 0x0000000016a65800 Uncommon trap: reason=speculate_class_check action=maybe_recompile pc=0x0000000003287ac8 method=com.android.dx.rop.cst.CstLiteral32.equals(Ljava/lang/Object;)Z @ 20
Event: 3.621 Thread 0x0000000016a65800 Uncommon trap: reason=class_check action=maybe_recompile pc=0x000000000324fff8 method=com.android.dx.ssa.SCCP.setLatticeValueTo(IILcom/android/dx/rop/cst/Constant;)Z @ 43
Event: 3.621 Thread 0x0000000016a65800 Uncommon trap: reason=speculate_class_check action=maybe_recompile pc=0x0000000003287ac8 method=com.android.dx.rop.cst.CstLiteral32.equals(Ljava/lang/Object;)Z @ 20
Event: 3.621 Thread 0x0000000016a65800 Uncommon trap: reason=class_check action=maybe_recompile pc=0x000000000324fff8 method=com.android.dx.ssa.SCCP.setLatticeValueTo(IILcom/android/dx/rop/cst/Constant;)Z @ 43
Event: 3.621 Thread 0x0000000016a65800 Uncommon trap: reason=speculate_class_check action=maybe_recompile pc=0x0000000003287ac8 method=com.android.dx.rop.cst.CstLiteral32.equals(Ljava/lang/Object;)Z @ 20
Event: 3.621 Thread 0x0000000016a65800 Uncommon trap: reason=class_check action=maybe_recompile pc=0x000000000324fff8 method=com.android.dx.ssa.SCCP.setLatticeValueTo(IILcom/android/dx/rop/cst/Constant;)Z @ 43
Event: 3.903 Thread 0x0000000002c7d800 Uncommon trap: reason=class_check action=maybe_recompile pc=0x00000000032c57f0 method=com.android.dx.rop.code.DexTranslationAdvice.hasConstantOperation(Lcom/android/dx/rop/code/Rop;Lcom/android/dx/rop/code/RegisterSpec;Lcom/android/dx/rop/code/RegisterSpecW£ìÙí;@
Event: 3.904 Thread 0x0000000002c7d800 Uncommon trap: reason=unstable_if action=reinterpret pc=0x000000000327eb74 method=com.android.dx.rop.code.RegisterSpecSet.equals(Ljava/lang/Object;)Z @ 41
Event: 3.906 Thread 0x0000000002c7d800 Uncommon trap: reason=class_check action=maybe_recompile pc=0x00000000032c57f0 method=com.android.dx.rop.code.DexTranslationAdvice.hasConstantOperation(Lcom/android/dx/rop/code/Rop;Lcom/android/dx/rop/code/RegisterSpec;Lcom/android/dx/rop/code/RegisterSpec0©«£A˜@

Internal exceptions (3 events):
Event: 0.381 Thread 0x0000000002c7d800 Exception <a 'java/lang/NoSuchMethodError': Method sun.misc.Unsafe.defineClass(Ljava/lang/String;[BII)Ljava/lang/Class; name or signature does not match> (0x00000000eab07c78) thrown at [C:\src\android\AOSP-openjdk\external\jetbrains\jdk\hotspot\src\share\vﬂÄZΩafÿ?
Event: 0.381 Thread 0x0000000002c7d800 Exception <a 'java/lang/NoSuchMethodError': Method sun.misc.Unsafe.prefetchRead(Ljava/lang/Object;J)V name or signature does not match> (0x00000000eab07f60) thrown at [C:\src\android\AOSP-openjdk\external\jetbrains\jdk\hotspot\src\share\vm\prims\jni.cpp, lÃç≠Lá@
Event: 3.566 Thread 0x0000000016a65800 Implicit null exception at 0x0000000002ff2de2 to 0x0000000002ff2ee9

Events (10 events):
Event: 4.296 Thread 0x0000000016a9f000 DEOPT PACKING pc=0x000000000326b482 sp=0x00000000176fe9f0
Event: 4.296 Thread 0x0000000016a9f000 DEOPT UNPACKING pc=0x0000000002dc75bf sp=0x00000000176fe758 mode 0
Event: 4.362 Executing VM operation: ParallelGCFailedAllocation
Event: 6.142 Executing VM operation: ParallelGCFailedAllocation done
Event: 6.169 Thread 0x0000000016a9f000 DEOPT PACKING pc=0x0000000003201830 sp=0x00000000176fe950
Event: 6.169 Thread 0x0000000016a9f000 DEOPT UNPACKING pc=0x0000000002dc75bf sp=0x00000000176fe798 mode 0
Event: 6.175 Thread 0x0000000016a65800 DEOPT PACKING pc=0x0000000003333e6c sp=0x00000000175fecb0
Event: 6.175 Thread 0x0000000016a65800 DEOPT UNPACKING pc=0x0000000002dc75bf sp=0x00000000175fea40 mode 0
Event: 6.176 Thread 0x0000000002c7d800 DEOPT PACKING pc=0x00000000031edc92 sp=0x0000000002c1dde0
Event: 6.176 Thread 0x0000000002c7d800 DEOPT UNPACKING pc=0x0000000002dc75bf sp=0x0000000002c1db88 mode 0


Dynamic libraries:
0x00007ff636230000 - 0x00007ff636261000 	D:\Program Files\Android\Android Studio\jre\bin\java.exe
0x00007fffec7f0000 - 0x00007fffec9c1000 	C:\WINDOWS\SYSTEM32\ntdll.dll
0x00007fffeb1d0000 - 0x00007fffeb27c000 	C:\WINDOWS\System32\KERNEL32.DLL
0x00007fffe96e0000 - 0x00007fffe98fd000 	C:\WINDOWS\System32\KERNELBASE.dll
0x00007fffe9e60000 - 0x00007fffe9f02000 	C:\WINDOWS\System32\ADVAPI32.dll
0x00007fffeaaa0000 - 0x00007fffeab3e000 	C:\WINDOWS\System32\msvcrt.dll
0x00007fffec790000 - 0x00007fffec7e9000 	C:\WINDOWS\System32\sechost.dll
0x00007fffea970000 - 0x00007fffeaa91000 	C:\WINDOWS\System32\RPCRT4.dll
0x00007fffeac40000 - 0x00007fffeada5000 	C:\WINDOWS\System32\USER32.dll
0x00007fffe9d10000 - 0x00007fffe9d2e000 	C:\WINDOWS\System32\win32u.dll
0x00007fffea180000 - 0x00007fffea1b4000 	C:\WINDOWS\System32\GDI32.dll
0x00007fffe9b80000 - 0x00007fffe9d02000 	C:\WINDOWS\System32\gdi32full.dll
0x00007fffe41c0000 - 0x00007fffe443a000 	C:\WINDOWS\WinSxS\amd64_microsoft.windows.common-controls_6595b64144ccf1df_6.0.14393.953_none_42151e83c686086b\COMCTL32.dll
0x00007fffea600000 - 0x00007fffea8c8000 	C:\WINDOWS\System32\combase.dll
0x00007fffe8ce0000 - 0x00007fffe8dd5000 	C:\WINDOWS\System32\ucrtbase.dll
0x00007fffe9670000 - 0x00007fffe96da000 	C:\WINDOWS\System32\bcryptPrimitives.dll
0x00007fffe9da0000 - 0x00007fffe9dce000 	C:\WINDOWS\System32\IMM32.DLL
0x0000000063d40000 - 0x0000000063e12000 	D:\Program Files\Android\Android Studio\jre\jre\bin\msvcr100.dll
0x0000000062840000 - 0x000000006307c000 	D:\Program Files\Android\Android Studio\jre\jre\bin\server\jvm.dll
0x00007fffe9e40000 - 0x00007fffe9e48000 	C:\WINDOWS\System32\PSAPI.DLL
0x00007fffdc320000 - 0x00007fffdc329000 	C:\WINDOWS\SYSTEM32\WSOCK32.dll
0x00007fffea110000 - 0x00007fffea17a000 	C:\WINDOWS\System32\WS2_32.dll
0x00007fffe6c20000 - 0x00007fffe6c43000 	C:\WINDOWS\SYSTEM32\WINMM.dll
0x00007fffe4cf0000 - 0x00007fffe4cfa000 	C:\WINDOWS\SYSTEM32\VERSION.dll
0x00007fffe6b00000 - 0x00007fffe6b2b000 	C:\WINDOWS\SYSTEM32\WINMMBASE.dll
0x00007fffe9d30000 - 0x00007fffe9d72000 	C:\WINDOWS\System32\cfgmgr32.dll
0x00007fffe63f0000 - 0x00007fffe63ff000 	D:\Program Files\Android\Android Studio\jre\jre\bin\verify.dll
0x00007fffe4bc0000 - 0x00007fffe4be9000 	D:\Program Files\Android\Android Studio\jre\jre\bin\java.dll
0x00007fffe63d0000 - 0x00007fffe63e6000 	D:\Program Files\Android\Android Studio\jre\jre\bin\zip.dll
0x00007fffeb280000 - 0x00007fffec788000 	C:\WINDOWS\System32\SHELL32.dll
0x00007fffe8e80000 - 0x00007fffe955a000 	C:\WINDOWS\System32\windows.storage.dll
0x00007fffe8c50000 - 0x00007fffe8c9c000 	C:\WINDOWS\System32\powrprof.dll
0x00007fffea050000 - 0x00007fffea0a2000 	C:\WINDOWS\System32\shlwapi.dll
0x00007fffe8cd0000 - 0x00007fffe8cdf000 	C:\WINDOWS\System32\kernel.appcore.dll
0x00007fffe9560000 - 0x00007fffe9609000 	C:\WINDOWS\System32\shcore.dll
0x00007fffe8ca0000 - 0x00007fffe8cb4000 	C:\WINDOWS\System32\profapi.dll

VM Arguments:
jvm_args: -Djava.awt.headless=true -Xmx1024M -Dfile.encoding=GBK -Duser.country=CN -Duser.language=zh -Duser.variant 
java_command: com.android.dx.command.Main --dex --force-jumbo --num-threads=4 --multi-dex --output D:\musicbean\app\build\intermediates\transforms\dex\baidu\debug\folders\1000\5\slice_3 D:\musicbean\app\build\intermediates\transforms\instantRunSlicer\baidu\debug\folders\1\5\slice_3
java_class_path (initial): D:\SDK\build-tools\25.0.0\lib\dx.jar
Launcher Type: SUN_STANDARD

Environment Variables:
JAVA_HOME=C:\Program Files\Java\jdk1.8.0_101
CLASSPATH=.;C:\Program Files\Java\jdk1.8.0_101\lib;
PATH=C:\ProgramData\Oracle\Java\javapath;C:\WINDOWS\system32;C:\WINDOWS;C:\WINDOWS\System32\Wbem;C:\WINDOWS\System32\WindowsPowerShell\v1.0\;C:\Program Files\Java\jdk1.8.0_101\bin;C:\Program Files\Java\jdk1.8.0_101\jre\bin;D:\Git\cmd;C:\Users\Administrator\AppData\Local\Microsoft\WindowsApps;
USERNAME=Administrator
OS=Windows_NT
PROCESSOR_IDENTIFIER=Intel64 Family 6 Model 94 Stepping 3, GenuineIntel



---------------  S Y S T E M  ---------------

OS: Windows 10.0 , 64 bit Build 14393 (10.0.14393.1198)

CPU:total 4 (4 cores per cpu, 1 threads per core) family 6 model 94 stepping 3, cmov, cx8, fxsr, mmx, sse, sse2, sse3, ssse3, sse4.1, sse4.2, popcnt, avx, avx2, aes, clmul, erms, rtm, 3dnowpref, lzcnt, tsc, tscinvbit, bmi1, bmi2, adx

Memory: 4k page, physical 8299524k(2815124k free), swap 14749720k(1692k free)

vm_info: OpenJDK 64-Bit Server VM (25.112-b06) for windows-amd64 JRE (1.8.0_112-release-b06), built on Dec  8 2016 00:54:26 by "builder" with MS VC++ 10.0 (VS2010)

time: Mon May 22 14:07:54 2017
elapsed time: 6 seconds (0d 0h 0m 6s)

