#
# There is insufficient memory for the Java Runtime Environment to continue.
# Native memory allocation (malloc) failed to allocate 195136 bytes for Chunk::new
# Possible reasons:
#   The system is out of physical RAM or swap space
#   In 32 bit mode, the process size limit was hit
# Possible solutions:
#   Reduce memory load on the system
#   Increase physical memory or swap space
#   Check if swap backing store is full
#   Use 64 bit Java on a 64 bit OS
#   Decrease Java heap size (-Xmx/-Xms)
#   Decrease number of Java threads
#   Decrease Java thread stack sizes (-Xss)
#   Set larger code cache with -XX:ReservedCodeCacheSize=
# This output file may be truncated or incomplete.
#
#  Out of Memory Error (allocation.cpp:390), pid=10112, tid=0x0000000000001a20
#
# JRE version: OpenJDK Runtime Environment (8.0_112-b06) (build 1.8.0_112-release-b06)
# Java VM: OpenJDK 64-Bit Server VM (25.112-b06 mixed mode windows-amd64 compressed oops)
# Failed to write core dump. Minidumps are not enabled by default on client versions of Windows
#

---------------  T H R E A D  ---------------

Current thread (0x0000000015328800):  JavaThread "C2 CompilerThread1" daemon [_thread_in_native, id=6688, stack(0x0000000016da0000,0x0000000016ea0000)]

Stack: [0x0000000016da0000,0x0000000016ea0000]
[error occurred during error reporting (printing stack bounds), id 0xc0000005]

Native frames: (J=compiled Java code, j=interpreted, Vv=VM code, C=native code)


Current CompileTask:
C2:  11780 2220   !   4       com.android.dx.rop.type.Type::intern (319 bytes)


---------------  P R O C E S S  ---------------

Java Threads: ( => current thread )
  0x000000001680c800 JavaThread "pool-1-thread-1" [_thread_in_vm, id=948, stack(0x000000001ae10000,0x000000001af10000)]
  0x00000000166ff000 JavaThread "Service Thread" daemon [_thread_blocked, id=15112, stack(0x0000000016fa0000,0x00000000170a0000)]
  0x00000000166f7000 JavaThread "C1 CompilerThread2" daemon [_thread_blocked, id=14920, stack(0x0000000016ea0000,0x0000000016fa0000)]
=>0x0000000015328800 JavaThread "C2 CompilerThread1" daemon [_thread_in_native, id=6688, stack(0x0000000016da0000,0x0000000016ea0000)]
  0x00000000152e0000 JavaThread "C2 CompilerThread0" daemon [_thread_blocked, id=4656, stack(0x0000000016ca0000,0x0000000016da0000)]
  0x0000000015327800 JavaThread "Attach Listener" daemon [_thread_blocked, id=11076, stack(0x0000000016ba0000,0x0000000016ca0000)]
  0x00000000166a8800 JavaThread "Signal Dispatcher" daemon [_thread_blocked, id=11648, stack(0x0000000016aa0000,0x0000000016ba0000)]
  0x0000000002bf5800 JavaThread "Finalizer" daemon [_thread_blocked, id=3652, stack(0x0000000016540000,0x0000000016640000)]
  0x0000000002bf0000 JavaThread "Reference Handler" daemon [_thread_blocked, id=12980, stack(0x0000000016440000,0x0000000016540000)]
  0x00000000027fd800 JavaThread "main" [_thread_blocked, id=15332, stack(0x0000000002a00000,0x0000000002b00000)]

Other Threads:
  0x0000000015294800 VMThread [stack: 0x0000000016340000,0x0000000016440000] [id=11652]
  0x0000000016701000 WatcherThread [stack: 0x00000000170a0000,0x00000000171a0000] [id=15340]

VM state:not at safepoint (normal execution)

VM Mutex/Monitor currently owned by a thread: None

Heap:
 PSYoungGen      total 88576K, used 11717K [0x00000000eab00000, 0x00000000fb980000, 0x0000000100000000)
  eden space 83456K, 7% used [0x00000000eab00000,0x00000000eb177200,0x00000000efc80000)
  from space 5120K, 99% used [0x00000000f3200000,0x00000000f36fa318,0x00000000f3700000)
  to   space 54784K, 0% used [0x00000000efc80000,0x00000000efc80000,0x00000000f3200000)
 ParOldGen       total 198656K, used 74681K [0x00000000c0000000, 0x00000000cc200000, 0x00000000eab00000)
  object space 198656K, 37% used [0x00000000c0000000,0x00000000c48ee6e8,0x00000000cc200000)
 Metaspace       used 6318K, capacity 7344K, committed 7552K, reserved 1056768K
  class space    used 587K, capacity 616K, committed 640K, reserved 1048576K

Card table byte_map: [0x0000000011fc0000,0x00000000121d0000] byte_map_base: 0x00000000119c0000

Marking Bits: (ParMarkBitMap*) 0x00000000630018f0
 Begin Bits: [0x0000000012730000, 0x0000000013730000)
 End Bits:   [0x0000000013730000, 0x0000000014730000)

Polling page: 0x0000000000cd0000

CodeCache: size=245760Kb used=9455Kb max_used=9455Kb free=236304Kb
 bounds [0x0000000002c00000, 0x0000000003550000, 0x0000000011c00000]
 total_blobs=2322 nmethods=2057 adapters=178
 compilation: enabled

Compilation events (10 events):
Event: 11.773 Thread 0x00000000166f7000 nmethod 2217 0x0000000003535490 code [0x0000000003535720, 0x0000000003536838]
Event: 11.775 Thread 0x00000000166f7000 2218       3       com.android.dx.dex.file.ProtoIdItem::writeTo (331 bytes)
Event: 11.775 Thread 0x0000000015328800 2220   !   4       com.android.dx.rop.type.Type::intern (319 bytes)
Event: 11.778 Thread 0x00000000166f7000 nmethod 2218 0x0000000003536fd0 code [0x0000000003537700, 0x000000000353c8f8]
Event: 11.778 Thread 0x00000000166f7000 2221       3       com.android.dx.util.ByteArrayAnnotatedOutput::writeShort (64 bytes)
Event: 11.778 Thread 0x00000000166f7000 nmethod 2221 0x0000000002db3850 code [0x0000000002db39e0, 0x0000000002db3d98]
Event: 11.778 Thread 0x00000000166f7000 2219       3       com.android.dx.dex.file.TypeIdsSection::indexOf (23 bytes)
Event: 11.778 Thread 0x00000000166f7000 nmethod 2219 0x0000000002db3210 code [0x0000000002db33a0, 0x0000000002db3738]
Event: 11.778 Thread 0x00000000166f7000 2222       3       com.android.dx.dex.file.MemberIdItem::writeTo (231 bytes)
Event: 11.779 Thread 0x00000000152e0000 2225       4       com.android.dx.util.ByteArrayAnnotatedOutput::writeInt (90 bytes)

GC Heap History (10 events):
Event: 6.020 GC heap before
{Heap before GC invocations=4 (full 0):
 PSYoungGen      total 71680K, used 71668K [0x00000000eab00000, 0x00000000f3700000, 0x0000000100000000)
  eden space 66560K, 100% used [0x00000000eab00000,0x00000000eec00000,0x00000000eec00000)
  from space 5120K, 99% used [0x00000000eec00000,0x00000000ef0fd1b8,0x00000000ef100000)
  to   space 5120K, 0% used [0x00000000f3200000,0x00000000f3200000,0x00000000f3700000)
 ParOldGen       total 87552K, used 43777K [0x00000000c0000000, 0x00000000c5580000, 0x00000000eab00000)
  object space 87552K, 50% used [0x00000000c0000000,0x00000000c2ac0610,0x00000000c5580000)
 Metaspace       used 5897K, capacity 7024K, committed 7296K, reserved 1056768K
  class space    used 567K, capacity 616K, committed 640K, reserved 1048576K
Event: 6.046 GC heap after
Heap after GC invocations=4 (full 0):
 PSYoungGen      total 138240K, used 5094K [0x00000000eab00000, 0x00000000f3700000, 0x0000000100000000)
  eden space 133120K, 0% used [0x00000000eab00000,0x00000000eab00000,0x00000000f2d00000)
  from space 5120K, 99% used [0x00000000f3200000,0x00000000f36f9920,0x00000000f3700000)
  to   space 5120K, 0% used [0x00000000f2d00000,0x00000000f2d00000,0x00000000f3200000)
 ParOldGen       total 87552K, used 68128K [0x00000000c0000000, 0x00000000c5580000, 0x00000000eab00000)
  object space 87552K, 77% used [0x00000000c0000000,0x00000000c4288130,0x00000000c5580000)
 Metaspace       used 5897K, capacity 7024K, committed 7296K, reserved 1056768K
  class space    used 567K, capacity 616K, committed 640K, reserved 1048576K
}
Event: 6.046 GC heap before
{Heap before GC invocations=5 (full 1):
 PSYoungGen      total 138240K, used 5094K [0x00000000eab00000, 0x00000000f3700000, 0x0000000100000000)
  eden space 133120K, 0% used [0x00000000eab00000,0x00000000eab00000,0x00000000f2d00000)
  from space 5120K, 99% used [0x00000000f3200000,0x00000000f36f9920,0x00000000f3700000)
  to   space 5120K, 0% used [0x00000000f2d00000,0x00000000f2d00000,0x00000000f3200000)
 ParOldGen       total 87552K, used 68128K [0x00000000c0000000, 0x00000000c5580000, 0x00000000eab00000)
  object space 87552K, 77% used [0x00000000c0000000,0x00000000c4288130,0x00000000c5580000)
 Metaspace       used 5897K, capacity 7024K, committed 7296K, reserved 1056768K
  class space    used 567K, capacity 616K, committed 640K, reserved 1048576K
Event: 7.418 GC heap after
Heap after GC invocations=5 (full 1):
 PSYoungGen      total 138240K, used 0K [0x00000000eab00000, 0x00000000f3700000, 0x0000000100000000)
  eden space 133120K, 0% used [0x00000000eab00000,0x00000000eab00000,0x00000000f2d00000)
  from space 5120K, 0% used [0x00000000f3200000,0x00000000f3200000,0x00000000f3700000)
  to   space 5120K, 0% used [0x00000000f2d00000,0x00000000f2d00000,0x00000000f3200000)
 ParOldGen       total 156672K, used 65785K [0x00000000c0000000, 0x00000000c9900000, 0x00000000eab00000)
  object space 156672K, 41% used [0x00000000c0000000,0x00000000c403e4a8,0x00000000c9900000)
 Metaspace       used 5897K, capacity 7024K, committed 7296K, reserved 1056768K
  class space    used 567K, capacity 616K, committed 640K, reserved 1048576K
}
Event: 8.144 GC heap before
{Heap before GC invocations=6 (full 1):
 PSYoungGen      total 138240K, used 133120K [0x00000000eab00000, 0x00000000f3700000, 0x0000000100000000)
  eden space 133120K, 100% used [0x00000000eab00000,0x00000000f2d00000,0x00000000f2d00000)
  from space 5120K, 0% used [0x00000000f3200000,0x00000000f3200000,0x00000000f3700000)
  to   space 5120K, 0% used [0x00000000f2d00000,0x00000000f2d00000,0x00000000f3200000)
 ParOldGen       total 156672K, used 65785K [0x00000000c0000000, 0x00000000c9900000, 0x00000000eab00000)
  object space 156672K, 41% used [0x00000000c0000000,0x00000000c403e4a8,0x00000000c9900000)
 Metaspace       used 5946K, capacity 7024K, committed 7296K, reserved 1056768K
  class space    used 567K, capacity 616K, committed 640K, reserved 1048576K
Event: 8.295 GC heap after
Heap after GC invocations=6 (full 1):
 PSYoungGen      total 138240K, used 5092K [0x00000000eab00000, 0x00000000f3700000, 0x0000000100000000)
  eden space 133120K, 0% used [0x00000000eab00000,0x00000000eab00000,0x00000000f2d00000)
  from space 5120K, 99% used [0x00000000f2d00000,0x00000000f31f93b8,0x00000000f3200000)
  to   space 5120K, 0% used [0x00000000f3200000,0x00000000f3200000,0x00000000f3700000)
 ParOldGen       total 156672K, used 110333K [0x00000000c0000000, 0x00000000c9900000, 0x00000000eab00000)
  object space 156672K, 70% used [0x00000000c0000000,0x00000000c6bbf518,0x00000000c9900000)
 Metaspace       used 5946K, capacity 7024K, committed 7296K, reserved 1056768K
  class space    used 567K, capacity 616K, committed 640K, reserved 1048576K
}
Event: 8.295 GC heap before
{Heap before GC invocations=7 (full 2):
 PSYoungGen      total 138240K, used 5092K [0x00000000eab00000, 0x00000000f3700000, 0x0000000100000000)
  eden space 133120K, 0% used [0x00000000eab00000,0x00000000eab00000,0x00000000f2d00000)
  from space 5120K, 99% used [0x00000000f2d00000,0x00000000f31f93b8,0x00000000f3200000)
  to   space 5120K, 0% used [0x00000000f3200000,0x00000000f3200000,0x00000000f3700000)
 ParOldGen       total 156672K, used 110333K [0x00000000c0000000, 0x00000000c9900000, 0x00000000eab00000)
  object space 156672K, 70% used [0x00000000c0000000,0x00000000c6bbf518,0x00000000c9900000)
 Metaspace       used 5946K, capacity 7024K, committed 7296K, reserved 1056768K
  class space    used 567K, capacity 616K, committed 640K, reserved 1048576K
Event: 9.054 GC heap after
Heap after GC invocations=7 (full 2):
 PSYoungGen      total 138240K, used 0K [0x00000000eab00000, 0x00000000f3700000, 0x0000000100000000)
  eden space 133120K, 0% used [0x00000000eab00000,0x00000000eab00000,0x00000000f2d00000)
  from space 5120K, 0% used [0x00000000f2d00000,0x00000000f2d00000,0x00000000f3200000)
  to   space 5120K, 0% used [0x00000000f3200000,0x00000000f3200000,0x00000000f3700000)
 ParOldGen       total 198656K, used 56650K [0x00000000c0000000, 0x00000000cc200000, 0x00000000eab00000)
  object space 198656K, 28% used [0x00000000c0000000,0x00000000c3752958,0x00000000cc200000)
 Metaspace       used 5946K, capacity 7024K, committed 7296K, reserved 1056768K
  class space    used 567K, capacity 616K, committed 640K, reserved 1048576K
}
Event: 10.625 GC heap before
{Heap before GC invocations=8 (full 2):
 PSYoungGen      total 138240K, used 133120K [0x00000000eab00000, 0x00000000f3700000, 0x0000000100000000)
  eden space 133120K, 100% used [0x00000000eab00000,0x00000000f2d00000,0x00000000f2d00000)
  from space 5120K, 0% used [0x00000000f2d00000,0x00000000f2d00000,0x00000000f3200000)
  to   space 5120K, 0% used [0x00000000f3200000,0x00000000f3200000,0x00000000f3700000)
 ParOldGen       total 198656K, used 56650K [0x00000000c0000000, 0x00000000cc200000, 0x00000000eab00000)
  object space 198656K, 28% used [0x00000000c0000000,0x00000000c3752958,0x00000000cc200000)
 Metaspace       used 6030K, capacity 7088K, committed 7296K, reserved 1056768K
  class space    used 573K, capacity 616K, committed 640K, reserved 1048576K
Event: 10.756 GC heap after
Heap after GC invocations=8 (full 2):
 PSYoungGen      total 88576K, used 5096K [0x00000000eab00000, 0x00000000fb980000, 0x0000000100000000)
  eden space 83456K, 0% used [0x00000000eab00000,0x00000000eab00000,0x00000000efc80000)
  from space 5120K, 99% used [0x00000000f3200000,0x00000000f36fa318,0x00000000f3700000)
  to   space 54784K, 0% used [0x00000000efc80000,0x00000000efc80000,0x00000000f3200000)
 ParOldGen       total 198656K, used 74681K [0x00000000c0000000, 0x00000000cc200000, 0x00000000eab00000)
  object space 198656K, 37% used [0x00000000c0000000,0x00000000c48ee6e8,0x00000000cc200000)
 Metaspace       used 6030K, capacity 7088K, committed 7296K, reserved 1056768K
  class space    used 573K, capacity 616K, committed 640K, reserved 1048576K
}

Deoptimization events (10 events):
Event: 10.778 Thread 0x000000001680c800 Uncommon trap: reason=speculate_class_check action=maybe_recompile pc=0x000000000301fb80 method=com.android.dx.util.FixedSizeList.equals(Ljava/lang/Object;)Z @ 25
Event: 10.778 Thread 0x000000001680c800 Uncommon trap: reason=class_check action=maybe_recompile pc=0x000000000300414c method=java.util.Arrays.equals([Ljava/lang/Object;[Ljava/lang/Object;)Z @ 62
Event: 10.778 Thread 0x000000001680c800 Uncommon trap: reason=speculate_class_check action=maybe_recompile pc=0x000000000301fb80 method=com.android.dx.util.FixedSizeList.equals(Ljava/lang/Object;)Z @ 25
Event: 10.778 Thread 0x000000001680c800 Uncommon trap: reason=class_check action=maybe_recompile pc=0x000000000300414c method=java.util.Arrays.equals([Ljava/lang/Object;[Ljava/lang/Object;)Z @ 62
Event: 10.778 Thread 0x000000001680c800 Uncommon trap: reason=speculate_class_check action=maybe_recompile pc=0x000000000301fb80 method=com.android.dx.util.FixedSizeList.equals(Ljava/lang/Object;)Z @ 25
Event: 10.778 Thread 0x000000001680c800 Uncommon trap: reason=class_check action=maybe_recompile pc=0x000000000300414c method=java.util.Arrays.equals([Ljava/lang/Object;[Ljava/lang/Object;)Z @ 62
Event: 10.778 Thread 0x000000001680c800 Uncommon trap: reason=unstable_if action=reinterpret pc=0x0000000003460f34 method=java.util.TreeMap.put(Ljava/lang/Object;Ljava/lang/Object;)Ljava/lang/Object; @ 163
Event: 11.307 Thread 0x000000001680c800 Uncommon trap: reason=unstable_if action=reinterpret pc=0x00000000034bbd58 method=com.android.dx.dex.code.LocalList$MakeState.snapshot(ILcom/android/dx/rop/code/RegisterSpecSet;)V @ 51
Event: 11.431 Thread 0x000000001680c800 Uncommon trap: reason=unstable_if action=reinterpret pc=0x00000000034ff960 method=com.android.dx.dex.code.OutputFinisher.align64bits([Lcom/android/dx/dex/code/Dop;)V @ 172
Event: 11.768 Thread 0x000000001680c800 Uncommon trap: reason=unstable_if action=reinterpret pc=0x0000000002dcd444 method=com.android.dx.util.ByteArrayAnnotatedOutput.writeByte(I)V @ 13

Internal exceptions (3 events):
Event: 0.176 Thread 0x00000000027fd800 Exception <a 'java/lang/NoSuchMethodError': Method sun.misc.Unsafe.defineClass(Ljava/lang/String;[BII)Ljava/lang/Class; name or signature does not match> (0x00000000eab07c78) thrown at [C:\src\android\AOSP-openjdk\external\jetbrains\jdk\hotspot\src\share\vÏ‹±×lƒÆ?
Event: 0.176 Thread 0x00000000027fd800 Exception <a 'java/lang/NoSuchMethodError': Method sun.misc.Unsafe.prefetchRead(Ljava/lang/Object;J)V name or signature does not match> (0x00000000eab07f60) thrown at [C:\src\android\AOSP-openjdk\external\jetbrains\jdk\hotspot\src\share\vm\prims\jni.cpp, lÿD´Ú÷þ?
Event: 1.936 Thread 0x0000000016817000 Implicit null exception at 0x0000000002ea4ca2 to 0x0000000002ea4d9a

Events (10 events):
Event: 11.757 loading class com/android/dx/dex/file/DebugInfoEncoder$2 done
Event: 11.765 loading class com/android/dex/EncodedValueCodec
Event: 11.765 loading class com/android/dex/EncodedValueCodec done
Event: 11.766 loading class com/android/dx/dex/file/MapItem
Event: 11.766 loading class com/android/dx/dex/file/MapItem done
Event: 11.768 loading class com/android/dex/DexFormat
Event: 11.768 loading class com/android/dex/DexFormat done
Event: 11.768 Thread 0x000000001680c800 Uncommon trap: trap_request=0xffffff65 fr.pc=0x0000000002dcd444
Event: 11.768 Thread 0x000000001680c800 DEOPT PACKING pc=0x0000000002dcd444 sp=0x000000001af0f0a0
Event: 11.768 Thread 0x000000001680c800 DEOPT UNPACKING pc=0x0000000002c4556a sp=0x000000001af0f058 mode 2


Dynamic libraries:
0x00007ff636230000 - 0x00007ff636261000 	D:\Program Files\Android\Android Studio\jre\bin\java.exe
0x00007fffec7f0000 - 0x00007fffec9c1000 	C:\WINDOWS\SYSTEM32\ntdll.dll
0x00007fffeb1d0000 - 0x00007fffeb27c000 	C:\WINDOWS\System32\KERNEL32.DLL
0x00007fffe96e0000 - 0x00007fffe98fd000 	C:\WINDOWS\System32\KERNELBASE.dll
0x00007fffe9e60000 - 0x00007fffe9f02000 	C:\WINDOWS\System32\ADVAPI32.dll
0x00007fffeaaa0000 - 0x00007fffeab3e000 	C:\WINDOWS\System32\msvcrt.dll
0x00007fffec790000 - 0x00007fffec7e9000 	C:\WINDOWS\System32\sechost.dll
0x00007fffea970000 - 0x00007fffeaa91000 	C:\WINDOWS\System32\RPCRT4.dll
0x00007fffeac40000 - 0x00007fffeada5000 	C:\WINDOWS\System32\USER32.dll
0x00007fffe9d10000 - 0x00007fffe9d2e000 	C:\WINDOWS\System32\win32u.dll
0x00007fffea180000 - 0x00007fffea1b4000 	C:\WINDOWS\System32\GDI32.dll
0x00007fffe9b80000 - 0x00007fffe9d02000 	C:\WINDOWS\System32\gdi32full.dll
0x00007fffe41c0000 - 0x00007fffe443a000 	C:\WINDOWS\WinSxS\amd64_microsoft.windows.common-controls_6595b64144ccf1df_6.0.14393.953_none_42151e83c686086b\COMCTL32.dll
0x00007fffea600000 - 0x00007fffea8c8000 	C:\WINDOWS\System32\combase.dll
0x00007fffe8ce0000 - 0x00007fffe8dd5000 	C:\WINDOWS\System32\ucrtbase.dll
0x00007fffe9670000 - 0x00007fffe96da000 	C:\WINDOWS\System32\bcryptPrimitives.dll
0x00007fffe9da0000 - 0x00007fffe9dce000 	C:\WINDOWS\System32\IMM32.DLL
0x0000000063530000 - 0x0000000063602000 	D:\Program Files\Android\Android Studio\jre\jre\bin\msvcr100.dll
0x0000000062840000 - 0x000000006307c000 	D:\Program Files\Android\Android Studio\jre\jre\bin\server\jvm.dll
0x00007fffe9e40000 - 0x00007fffe9e48000 	C:\WINDOWS\System32\PSAPI.DLL
0x00007fffdc320000 - 0x00007fffdc329000 	C:\WINDOWS\SYSTEM32\WSOCK32.dll
0x00007fffea110000 - 0x00007fffea17a000 	C:\WINDOWS\System32\WS2_32.dll
0x00007fffe6c20000 - 0x00007fffe6c43000 	C:\WINDOWS\SYSTEM32\WINMM.dll
0x00007fffe4cf0000 - 0x00007fffe4cfa000 	C:\WINDOWS\SYSTEM32\VERSION.dll
0x00007fffe6b00000 - 0x00007fffe6b2b000 	C:\WINDOWS\SYSTEM32\WINMMBASE.dll
0x00007fffe9d30000 - 0x00007fffe9d72000 	C:\WINDOWS\System32\cfgmgr32.dll
0x00007fffe63d0000 - 0x00007fffe63df000 	D:\Program Files\Android\Android Studio\jre\jre\bin\verify.dll
0x00007fffdde50000 - 0x00007fffdde79000 	D:\Program Files\Android\Android Studio\jre\jre\bin\java.dll
0x00007fffe3930000 - 0x00007fffe3946000 	D:\Program Files\Android\Android Studio\jre\jre\bin\zip.dll
0x00007fffeb280000 - 0x00007fffec788000 	C:\WINDOWS\System32\SHELL32.dll
0x00007fffe8e80000 - 0x00007fffe955a000 	C:\WINDOWS\System32\windows.storage.dll
0x00007fffe8c50000 - 0x00007fffe8c9c000 	C:\WINDOWS\System32\powrprof.dll
0x00007fffea050000 - 0x00007fffea0a2000 	C:\WINDOWS\System32\shlwapi.dll
0x00007fffe8cd0000 - 0x00007fffe8cdf000 	C:\WINDOWS\System32\kernel.appcore.dll
0x00007fffe9560000 - 0x00007fffe9609000 	C:\WINDOWS\System32\shcore.dll
0x00007fffe8ca0000 - 0x00007fffe8cb4000 	C:\WINDOWS\System32\profapi.dll

VM Arguments:
jvm_args: -Djava.awt.headless=true -Xmx1024M -Dfile.encoding=GBK -Duser.country=CN -Duser.language=zh -Duser.variant 
java_command: com.android.dx.command.Main --dex --force-jumbo --num-threads=4 --multi-dex --output D:\musicbean\app\build\intermediates\transforms\dex\baidu\debug\folders\1000\5\slice_4 D:\musicbean\app\build\intermediates\transforms\instantRunSlicer\baidu\debug\folders\1\5\slice_4
java_class_path (initial): D:\SDK\build-tools\25.0.0\lib\dx.jar
Launcher Type: SUN_STANDARD

Environment Variables:
JAVA_HOME=C:\Program Files\Java\jdk1.8.0_101
CLASSPATH=.;C:\Program Files\Java\jdk1.8.0_101\lib;
PATH=C:\ProgramData\Oracle\Java\javapath;C:\WINDOWS\system32;C:\WINDOWS;C:\WINDOWS\System32\Wbem;C:\WINDOWS\System32\WindowsPowerShell\v1.0\;C:\Program Files\Java\jdk1.8.0_101\bin;C:\Program Files\Java\jdk1.8.0_101\jre\bin;D:\Git\cmd;C:\Users\Administrator\AppData\Local\Microsoft\WindowsApps;
USERNAME=Administrator
OS=Windows_NT
PROCESSOR_IDENTIFIER=Intel64 Family 6 Model 94 Stepping 3, GenuineIntel



---------------  S Y S T E M  ---------------

OS: Windows 10.0 , 64 bit Build 14393 (10.0.14393.1198)

CPU:total 4 (4 cores per cpu, 1 threads per core) family 6 model 94 stepping 3, cmov, cx8, fxsr, mmx, sse, sse2, sse3, ssse3, sse4.1, sse4.2, popcnt, avx, avx2, aes, clmul, erms, rtm, 3dnowpref, lzcnt, tsc, tscinvbit, bmi1, bmi2, adx

Memory: 4k page, physical 8299524k(1814792k free), swap 14749720k(5212k free)

vm_info: OpenJDK 64-Bit Server VM (25.112-b06) for windows-amd64 JRE (1.8.0_112-release-b06), built on Dec  8 2016 00:54:26 by "builder" with MS VC++ 10.0 (VS2010)

time: Tue May 16 10:57:36 2017
elapsed time: 11 seconds (0d 0h 0m 11s)

