#
# There is insufficient memory for the Java Runtime Environment to continue.
# Native memory allocation (malloc) failed to allocate 82112 bytes for Chunk::new
# Possible reasons:
#   The system is out of physical RAM or swap space
#   In 32 bit mode, the process size limit was hit
# Possible solutions:
#   Reduce memory load on the system
#   Increase physical memory or swap space
#   Check if swap backing store is full
#   Use 64 bit Java on a 64 bit OS
#   Decrease Java heap size (-Xmx/-Xms)
#   Decrease number of Java threads
#   Decrease Java thread stack sizes (-Xss)
#   Set larger code cache with -XX:ReservedCodeCacheSize=
# This output file may be truncated or incomplete.
#
#  Out of Memory Error (allocation.cpp:390), pid=8204, tid=0x0000000000005790
#
# JRE version: OpenJDK Runtime Environment (8.0_112-b06) (build 1.8.0_112-release-b06)
# Java VM: OpenJDK 64-Bit Server VM (25.112-b06 mixed mode windows-amd64 compressed oops)
# Failed to write core dump. Minidumps are not enabled by default on client versions of Windows
#

---------------  T H R E A D  ---------------

Current thread (0x0000000015540800):  JavaThread "C2 CompilerThread0" daemon [_thread_in_native, id=22416, stack(0x0000000016e90000,0x0000000016f90000)]

Stack: [0x0000000016e90000,0x0000000016f90000]
[error occurred during error reporting (printing stack bounds), id 0xc0000005]

Native frames: (J=compiled Java code, j=interpreted, Vv=VM code, C=native code)


Current CompileTask:
C2:   6951 1591       4       com.android.dx.ssa.SsaMethod::buildUseList (112 bytes)


---------------  P R O C E S S  ---------------

Java Threads: ( => current thread )
  0x0000000016b05800 JavaThread "pool-2-thread-4" [_thread_in_Java, id=3476, stack(0x0000000017790000,0x0000000017890000)]
  0x0000000016b03800 JavaThread "pool-2-thread-3" [_thread_in_Java, id=23444, stack(0x0000000017690000,0x0000000017790000)]
  0x00000000169ee800 JavaThread "pool-2-thread-2" [_thread_in_Java, id=31916, stack(0x0000000017590000,0x0000000017690000)]
  0x00000000169eb000 JavaThread "pool-3-thread-1" [_thread_blocked, id=12604, stack(0x0000000017490000,0x0000000017590000)]
  0x00000000169ea000 JavaThread "pool-2-thread-1" [_thread_in_Java, id=40600, stack(0x0000000017390000,0x0000000017490000)]
  0x00000000168ee000 JavaThread "Service Thread" daemon [_thread_blocked, id=39968, stack(0x0000000017190000,0x0000000017290000)]
  0x00000000168e6800 JavaThread "C1 CompilerThread2" daemon [_thread_in_native, id=8908, stack(0x0000000017090000,0x0000000017190000)]
  0x000000001558e000 JavaThread "C2 CompilerThread1" daemon [_thread_in_native, id=4224, stack(0x0000000016f90000,0x0000000017090000)]
=>0x0000000015540800 JavaThread "C2 CompilerThread0" daemon [_thread_in_native, id=22416, stack(0x0000000016e90000,0x0000000016f90000)]
  0x000000001553f800 JavaThread "Attach Listener" daemon [_thread_blocked, id=31112, stack(0x0000000016d90000,0x0000000016e90000)]
  0x0000000016898800 JavaThread "Signal Dispatcher" daemon [_thread_blocked, id=39860, stack(0x0000000016c90000,0x0000000016d90000)]
  0x0000000002e55800 JavaThread "Finalizer" daemon [_thread_blocked, id=39652, stack(0x0000000016790000,0x0000000016890000)]
  0x0000000002e50000 JavaThread "Reference Handler" daemon [_thread_blocked, id=28356, stack(0x0000000016690000,0x0000000016790000)]
  0x0000000002d5d800 JavaThread "main" [_thread_in_Java, id=35884, stack(0x0000000002c30000,0x0000000002d30000)]

Other Threads:
  0x00000000154f4800 VMThread [stack: 0x0000000016590000,0x0000000016690000] [id=13692]
  0x00000000168f0000 WatcherThread [stack: 0x0000000017290000,0x0000000017390000] [id=38580]

VM state:not at safepoint (normal execution)

VM Mutex/Monitor currently owned by a thread: None

Heap:
 PSYoungGen      total 138240K, used 50048K [0x00000000eab00000, 0x00000000f3700000, 0x0000000100000000)
  eden space 133120K, 37% used [0x00000000eab00000,0x00000000edbe01c8,0x00000000f2d00000)
  from space 5120K, 0% used [0x00000000f3200000,0x00000000f3200000,0x00000000f3700000)
  to   space 5120K, 0% used [0x00000000f2d00000,0x00000000f2d00000,0x00000000f3200000)
 ParOldGen       total 87552K, used 40138K [0x00000000c0000000, 0x00000000c5580000, 0x00000000eab00000)
  object space 87552K, 45% used [0x00000000c0000000,0x00000000c2732a50,0x00000000c5580000)
 Metaspace       used 5858K, capacity 6960K, committed 7040K, reserved 1056768K
  class space    used 563K, capacity 616K, committed 640K, reserved 1048576K

Card table byte_map: [0x0000000012220000,0x0000000012430000] byte_map_base: 0x0000000011c20000

Marking Bits: (ParMarkBitMap*) 0x00000000630418f0
 Begin Bits: [0x0000000012990000, 0x0000000013990000)
 End Bits:   [0x0000000013990000, 0x0000000014990000)

Polling page: 0x00000000010f0000

CodeCache: size=245760Kb used=7594Kb max_used=7609Kb free=238165Kb
 bounds [0x0000000002e60000, 0x00000000035e0000, 0x0000000011e60000]
 total_blobs=1852 nmethods=1588 adapters=177
 compilation: enabled

Compilation events (10 events):
Event: 6.926 Thread 0x00000000168e6800 nmethod 1619 0x00000000035aa0d0 code [0x00000000035aa240, 0x00000000035aa428]
Event: 6.933 Thread 0x00000000168e6800 1620       3       com.android.dx.ssa.DomFront::run (264 bytes)
Event: 6.935 Thread 0x00000000168e6800 nmethod 1620 0x00000000035cc250 code [0x00000000035cc800, 0x00000000035d00f8]
Event: 6.939 Thread 0x0000000015540800 nmethod 1615 0x00000000035d2110 code [0x00000000035d23e0, 0x00000000035d41f8]
Event: 6.939 Thread 0x0000000015540800 1591       4       com.android.dx.ssa.SsaMethod::buildUseList (112 bytes)
Event: 6.949 Thread 0x00000000168e6800 1621       2       com.android.dx.cf.iface.StdMethodList::get (9 bytes)
Event: 6.949 Thread 0x00000000168e6800 nmethod 1621 0x00000000035c1990 code [0x00000000035c1b00, 0x00000000035c1cc8]
Event: 6.949 Thread 0x00000000168e6800 1622       2       com.android.dx.rop.code.AccessFlags::isPrivate (12 bytes)
Event: 6.949 Thread 0x00000000168e6800 nmethod 1622 0x00000000035c1650 code [0x00000000035c17a0, 0x00000000035c18f0]
Event: 6.950 Thread 0x00000000168e6800 1623       2       com.android.dx.cf.code.ConcreteMethod::getEffectiveDescriptor (10 bytes)

GC Heap History (10 events):
Event: 1.773 GC heap before
{Heap before GC invocations=1 (full 0):
 PSYoungGen      total 38400K, used 33280K [0x00000000eab00000, 0x00000000ed580000, 0x0000000100000000)
  eden space 33280K, 100% used [0x00000000eab00000,0x00000000ecb80000,0x00000000ecb80000)
  from space 5120K, 0% used [0x00000000ed080000,0x00000000ed080000,0x00000000ed580000)
  to   space 5120K, 0% used [0x00000000ecb80000,0x00000000ecb80000,0x00000000ed080000)
 ParOldGen       total 87552K, used 0K [0x00000000c0000000, 0x00000000c5580000, 0x00000000eab00000)
  object space 87552K, 0% used [0x00000000c0000000,0x00000000c0000000,0x00000000c5580000)
 Metaspace       used 5694K, capacity 6832K, committed 7040K, reserved 1056768K
  class space    used 559K, capacity 616K, committed 640K, reserved 1048576K
Event: 1.927 GC heap after
Heap after GC invocations=1 (full 0):
 PSYoungGen      total 38400K, used 5094K [0x00000000eab00000, 0x00000000ef600000, 0x0000000100000000)
  eden space 33280K, 0% used [0x00000000eab00000,0x00000000eab00000,0x00000000ecb80000)
  from space 5120K, 99% used [0x00000000ecb80000,0x00000000ed079b28,0x00000000ed080000)
  to   space 5120K, 0% used [0x00000000ef100000,0x00000000ef100000,0x00000000ef600000)
 ParOldGen       total 87552K, used 4535K [0x00000000c0000000, 0x00000000c5580000, 0x00000000eab00000)
  object space 87552K, 5% used [0x00000000c0000000,0x00000000c046df10,0x00000000c5580000)
 Metaspace       used 5694K, capacity 6832K, committed 7040K, reserved 1056768K
  class space    used 559K, capacity 616K, committed 640K, reserved 1048576K
}
Event: 2.772 GC heap before
{Heap before GC invocations=2 (full 0):
 PSYoungGen      total 38400K, used 38374K [0x00000000eab00000, 0x00000000ef600000, 0x0000000100000000)
  eden space 33280K, 100% used [0x00000000eab00000,0x00000000ecb80000,0x00000000ecb80000)
  from space 5120K, 99% used [0x00000000ecb80000,0x00000000ed079b28,0x00000000ed080000)
  to   space 5120K, 0% used [0x00000000ef100000,0x00000000ef100000,0x00000000ef600000)
 ParOldGen       total 87552K, used 4535K [0x00000000c0000000, 0x00000000c5580000, 0x00000000eab00000)
  object space 87552K, 5% used [0x00000000c0000000,0x00000000c046df10,0x00000000c5580000)
 Metaspace       used 5726K, capacity 6832K, committed 7040K, reserved 1056768K
  class space    used 560K, capacity 616K, committed 640K, reserved 1048576K
Event: 3.083 GC heap after
Heap after GC invocations=2 (full 0):
 PSYoungGen      total 71680K, used 5118K [0x00000000eab00000, 0x00000000ef600000, 0x0000000100000000)
  eden space 66560K, 0% used [0x00000000eab00000,0x00000000eab00000,0x00000000eec00000)
  from space 5120K, 99% used [0x00000000ef100000,0x00000000ef5ff8e0,0x00000000ef600000)
  to   space 5120K, 0% used [0x00000000eec00000,0x00000000eec00000,0x00000000ef100000)
 ParOldGen       total 87552K, used 18589K [0x00000000c0000000, 0x00000000c5580000, 0x00000000eab00000)
  object space 87552K, 21% used [0x00000000c0000000,0x00000000c12276d8,0x00000000c5580000)
 Metaspace       used 5726K, capacity 6832K, committed 7040K, reserved 1056768K
  class space    used 560K, capacity 616K, committed 640K, reserved 1048576K
}
Event: 4.736 GC heap before
{Heap before GC invocations=3 (full 0):
 PSYoungGen      total 71680K, used 71678K [0x00000000eab00000, 0x00000000ef600000, 0x0000000100000000)
  eden space 66560K, 100% used [0x00000000eab00000,0x00000000eec00000,0x00000000eec00000)
  from space 5120K, 99% used [0x00000000ef100000,0x00000000ef5ff8e0,0x00000000ef600000)
  to   space 5120K, 0% used [0x00000000eec00000,0x00000000eec00000,0x00000000ef100000)
 ParOldGen       total 87552K, used 18589K [0x00000000c0000000, 0x00000000c5580000, 0x00000000eab00000)
  object space 87552K, 21% used [0x00000000c0000000,0x00000000c12276d8,0x00000000c5580000)
 Metaspace       used 5851K, capacity 6960K, committed 7040K, reserved 1056768K
  class space    used 563K, capacity 616K, committed 640K, reserved 1048576K
Event: 4.776 GC heap after
Heap after GC invocations=3 (full 0):
 PSYoungGen      total 71680K, used 5099K [0x00000000eab00000, 0x00000000f3700000, 0x0000000100000000)
  eden space 66560K, 0% used [0x00000000eab00000,0x00000000eab00000,0x00000000eec00000)
  from space 5120K, 99% used [0x00000000eec00000,0x00000000ef0faee0,0x00000000ef100000)
  to   space 5120K, 0% used [0x00000000f3200000,0x00000000f3200000,0x00000000f3700000)
 ParOldGen       total 87552K, used 44826K [0x00000000c0000000, 0x00000000c5580000, 0x00000000eab00000)
  object space 87552K, 51% used [0x00000000c0000000,0x00000000c2bc6ad0,0x00000000c5580000)
 Metaspace       used 5851K, capacity 6960K, committed 7040K, reserved 1056768K
  class space    used 563K, capacity 616K, committed 640K, reserved 1048576K
}
Event: 5.592 GC heap before
{Heap before GC invocations=4 (full 0):
 PSYoungGen      total 71680K, used 71659K [0x00000000eab00000, 0x00000000f3700000, 0x0000000100000000)
  eden space 66560K, 100% used [0x00000000eab00000,0x00000000eec00000,0x00000000eec00000)
  from space 5120K, 99% used [0x00000000eec00000,0x00000000ef0faee0,0x00000000ef100000)
  to   space 5120K, 0% used [0x00000000f3200000,0x00000000f3200000,0x00000000f3700000)
 ParOldGen       total 87552K, used 44826K [0x00000000c0000000, 0x00000000c5580000, 0x00000000eab00000)
  object space 87552K, 51% used [0x00000000c0000000,0x00000000c2bc6ad0,0x00000000c5580000)
 Metaspace       used 5856K, capacity 6960K, committed 7040K, reserved 1056768K
  class space    used 563K, capacity 616K, committed 640K, reserved 1048576K
Event: 5.618 GC heap after
Heap after GC invocations=4 (full 0):
 PSYoungGen      total 138240K, used 5108K [0x00000000eab00000, 0x00000000f3700000, 0x0000000100000000)
  eden space 133120K, 0% used [0x00000000eab00000,0x00000000eab00000,0x00000000f2d00000)
  from space 5120K, 99% used [0x00000000f3200000,0x00000000f36fd198,0x00000000f3700000)
  to   space 5120K, 0% used [0x00000000f2d00000,0x00000000f2d00000,0x00000000f3200000)
 ParOldGen       total 87552K, used 68221K [0x00000000c0000000, 0x00000000c5580000, 0x00000000eab00000)
  object space 87552K, 77% used [0x00000000c0000000,0x00000000c429f700,0x00000000c5580000)
 Metaspace       used 5856K, capacity 6960K, committed 7040K, reserved 1056768K
  class space    used 563K, capacity 616K, committed 640K, reserved 1048576K
}
Event: 5.618 GC heap before
{Heap before GC invocations=5 (full 1):
 PSYoungGen      total 138240K, used 5108K [0x00000000eab00000, 0x00000000f3700000, 0x0000000100000000)
  eden space 133120K, 0% used [0x00000000eab00000,0x00000000eab00000,0x00000000f2d00000)
  from space 5120K, 99% used [0x00000000f3200000,0x00000000f36fd198,0x00000000f3700000)
  to   space 5120K, 0% used [0x00000000f2d00000,0x00000000f2d00000,0x00000000f3200000)
 ParOldGen       total 87552K, used 68221K [0x00000000c0000000, 0x00000000c5580000, 0x00000000eab00000)
  object space 87552K, 77% used [0x00000000c0000000,0x00000000c429f700,0x00000000c5580000)
 Metaspace       used 5856K, capacity 6960K, committed 7040K, reserved 1056768K
  class space    used 563K, capacity 616K, committed 640K, reserved 1048576K
Event: 6.817 GC heap after
Heap after GC invocations=5 (full 1):
 PSYoungGen      total 138240K, used 0K [0x00000000eab00000, 0x00000000f3700000, 0x0000000100000000)
  eden space 133120K, 0% used [0x00000000eab00000,0x00000000eab00000,0x00000000f2d00000)
  from space 5120K, 0% used [0x00000000f3200000,0x00000000f3200000,0x00000000f3700000)
  to   space 5120K, 0% used [0x00000000f2d00000,0x00000000f2d00000,0x00000000f3200000)
 ParOldGen       total 87552K, used 40138K [0x00000000c0000000, 0x00000000c5580000, 0x00000000eab00000)
  object space 87552K, 45% used [0x00000000c0000000,0x00000000c2732a50,0x00000000c5580000)
 Metaspace       used 5856K, capacity 6960K, committed 7040K, reserved 1056768K
  class space    used 563K, capacity 616K, committed 640K, reserved 1048576K
}

Deoptimization events (10 events):
Event: 4.469 Thread 0x0000000016b03800 Uncommon trap: reason=unstable_if action=reinterpret pc=0x00000000032ebf18 method=com.android.dx.ssa.SsaConverter.nodeNeedsUniquePredecessor(Lcom/android/dx/ssa/SsaBasicBlock;)Z @ 23
Event: 4.470 Thread 0x0000000016b03800 Uncommon trap: reason=unstable_if action=reinterpret pc=0x00000000033bdf0c method=com.android.dx.ssa.DeadCodeRemover.isCircularNoSideEffect(ILjava/util/BitSet;)Z @ 9
Event: 4.471 Thread 0x0000000016b03800 Uncommon trap: reason=speculate_class_check action=maybe_recompile pc=0x0000000003377e48 method=com.android.dx.rop.cst.CstLiteral32.equals(Ljava/lang/Object;)Z @ 20
Event: 4.471 Thread 0x0000000016b03800 Uncommon trap: reason=speculate_class_check action=maybe_recompile pc=0x0000000003377e48 method=com.android.dx.rop.cst.CstLiteral32.equals(Ljava/lang/Object;)Z @ 20
Event: 4.471 Thread 0x0000000016b03800 Uncommon trap: reason=class_check action=maybe_recompile pc=0x000000000346f738 method=com.android.dx.ssa.SCCP.setLatticeValueTo(IILcom/android/dx/rop/cst/Constant;)Z @ 43
Event: 4.471 Thread 0x0000000016b03800 Uncommon trap: reason=speculate_class_check action=maybe_recompile pc=0x0000000003377e48 method=com.android.dx.rop.cst.CstLiteral32.equals(Ljava/lang/Object;)Z @ 20
Event: 4.471 Thread 0x0000000016b03800 Uncommon trap: reason=class_check action=maybe_recompile pc=0x000000000346f738 method=com.android.dx.ssa.SCCP.setLatticeValueTo(IILcom/android/dx/rop/cst/Constant;)Z @ 43
Event: 4.471 Thread 0x0000000016b03800 Uncommon trap: reason=speculate_class_check action=maybe_recompile pc=0x0000000003377e48 method=com.android.dx.rop.cst.CstLiteral32.equals(Ljava/lang/Object;)Z @ 20
Event: 4.471 Thread 0x0000000016b03800 Uncommon trap: reason=class_check action=maybe_recompile pc=0x000000000343fec4 method=com.android.dx.ssa.SCCP.setLatticeValueTo(IILcom/android/dx/rop/cst/Constant;)Z @ 43
Event: 4.901 Thread 0x0000000002d5d800 Uncommon trap: reason=unstable_if action=reinterpret pc=0x000000000348eea4 method=com.android.dx.rop.code.RegisterSpecSet.equals(Ljava/lang/Object;)Z @ 41

Internal exceptions (3 events):
Event: 0.034 Thread 0x0000000002d5d800 Exception <a 'java/lang/NoSuchMethodError': Method sun.misc.Unsafe.defineClass(Ljava/lang/String;[BII)Ljava/lang/Class; name or signature does not match> (0x00000000eab07c78) thrown at [C:\src\android\AOSP-openjdk\external\jetbrains\jdk\hotspot\src\share\v~ÝšÔ¡¡?
Event: 0.034 Thread 0x0000000002d5d800 Exception <a 'java/lang/NoSuchMethodError': Method sun.misc.Unsafe.prefetchRead(Ljava/lang/Object;J)V name or signature does not match> (0x00000000eab07f60) thrown at [C:\src\android\AOSP-openjdk\external\jetbrains\jdk\hotspot\src\share\vm\prims\jni.cpp, lÄÑyÜ@
Event: 4.465 Thread 0x0000000016b03800 Implicit null exception at 0x0000000003205862 to 0x0000000003205969

Events (10 events):
Event: 6.861 Thread 0x0000000002d5d800 DEOPT PACKING pc=0x0000000003265841 sp=0x0000000002d2dfe0
Event: 6.861 Thread 0x0000000002d5d800 DEOPT UNPACKING pc=0x0000000002ea75bf sp=0x0000000002d2dd30 mode 0
Event: 6.887 Thread 0x0000000002d5d800 DEOPT PACKING pc=0x00000000032dbd91 sp=0x0000000002d2dd30
Event: 6.887 Thread 0x0000000002d5d800 DEOPT UNPACKING pc=0x0000000002ea75bf sp=0x0000000002d2db10 mode 0
Event: 6.889 Thread 0x0000000002d5d800 DEOPT PACKING pc=0x0000000003265841 sp=0x0000000002d2dfe0
Event: 6.889 Thread 0x0000000002d5d800 DEOPT UNPACKING pc=0x0000000002ea75bf sp=0x0000000002d2dd30 mode 0
Event: 6.908 Thread 0x0000000016b03800 DEOPT PACKING pc=0x000000000338fcc2 sp=0x000000001778ee30
Event: 6.908 Thread 0x0000000016b03800 DEOPT UNPACKING pc=0x0000000002ea75bf sp=0x000000001778eb98 mode 0
Event: 6.933 Thread 0x00000000169ee800 DEOPT PACKING pc=0x00000000033e944a sp=0x000000001768eaf0
Event: 6.933 Thread 0x00000000169ee800 DEOPT UNPACKING pc=0x0000000002ea75bf sp=0x000000001768e908 mode 0


Dynamic libraries:
0x00007ff6a7a20000 - 0x00007ff6a7a51000 	D:\Program Files\Android\Android Studio\jre\bin\java.exe
0x00007fffec7f0000 - 0x00007fffec9c1000 	C:\WINDOWS\SYSTEM32\ntdll.dll
0x00007fffeb1d0000 - 0x00007fffeb27c000 	C:\WINDOWS\System32\KERNEL32.DLL
0x00007fffe96e0000 - 0x00007fffe98fd000 	C:\WINDOWS\System32\KERNELBASE.dll
0x00007fffe9e60000 - 0x00007fffe9f02000 	C:\WINDOWS\System32\ADVAPI32.dll
0x00007fffeaaa0000 - 0x00007fffeab3e000 	C:\WINDOWS\System32\msvcrt.dll
0x00007fffec790000 - 0x00007fffec7e9000 	C:\WINDOWS\System32\sechost.dll
0x00007fffea970000 - 0x00007fffeaa91000 	C:\WINDOWS\System32\RPCRT4.dll
0x00007fffeac40000 - 0x00007fffeada5000 	C:\WINDOWS\System32\USER32.dll
0x00007fffe9d10000 - 0x00007fffe9d2e000 	C:\WINDOWS\System32\win32u.dll
0x00007fffea180000 - 0x00007fffea1b4000 	C:\WINDOWS\System32\GDI32.dll
0x00007fffe9b80000 - 0x00007fffe9d02000 	C:\WINDOWS\System32\gdi32full.dll
0x00007fffe41c0000 - 0x00007fffe443a000 	C:\WINDOWS\WinSxS\amd64_microsoft.windows.common-controls_6595b64144ccf1df_6.0.14393.953_none_42151e83c686086b\COMCTL32.dll
0x00007fffea600000 - 0x00007fffea8c8000 	C:\WINDOWS\System32\combase.dll
0x00007fffe8ce0000 - 0x00007fffe8dd5000 	C:\WINDOWS\System32\ucrtbase.dll
0x00007fffe9670000 - 0x00007fffe96da000 	C:\WINDOWS\System32\bcryptPrimitives.dll
0x00007fffe9da0000 - 0x00007fffe9dce000 	C:\WINDOWS\System32\IMM32.DLL
0x0000000063bb0000 - 0x0000000063c82000 	D:\Program Files\Android\Android Studio\jre\jre\bin\msvcr100.dll
0x0000000062880000 - 0x00000000630bc000 	D:\Program Files\Android\Android Studio\jre\jre\bin\server\jvm.dll
0x00007fffe9e40000 - 0x00007fffe9e48000 	C:\WINDOWS\System32\PSAPI.DLL
0x00007fffe6560000 - 0x00007fffe6569000 	C:\WINDOWS\SYSTEM32\WSOCK32.dll
0x00007fffe6c20000 - 0x00007fffe6c43000 	C:\WINDOWS\SYSTEM32\WINMM.dll
0x00007fffea110000 - 0x00007fffea17a000 	C:\WINDOWS\System32\WS2_32.dll
0x00007fffe4cf0000 - 0x00007fffe4cfa000 	C:\WINDOWS\SYSTEM32\VERSION.dll
0x00007fffe6b00000 - 0x00007fffe6b2b000 	C:\WINDOWS\SYSTEM32\WINMMBASE.dll
0x00007fffe9d30000 - 0x00007fffe9d72000 	C:\WINDOWS\System32\cfgmgr32.dll
0x00007fffe6550000 - 0x00007fffe655f000 	D:\Program Files\Android\Android Studio\jre\jre\bin\verify.dll
0x00007fffe4bc0000 - 0x00007fffe4be9000 	D:\Program Files\Android\Android Studio\jre\jre\bin\java.dll
0x00007fffe6410000 - 0x00007fffe6426000 	D:\Program Files\Android\Android Studio\jre\jre\bin\zip.dll
0x00007fffeb280000 - 0x00007fffec788000 	C:\WINDOWS\System32\SHELL32.dll
0x00007fffe8e80000 - 0x00007fffe955a000 	C:\WINDOWS\System32\windows.storage.dll
0x00007fffe8c50000 - 0x00007fffe8c9c000 	C:\WINDOWS\System32\powrprof.dll
0x00007fffea050000 - 0x00007fffea0a2000 	C:\WINDOWS\System32\shlwapi.dll
0x00007fffe8cd0000 - 0x00007fffe8cdf000 	C:\WINDOWS\System32\kernel.appcore.dll
0x00007fffe9560000 - 0x00007fffe9609000 	C:\WINDOWS\System32\shcore.dll
0x00007fffe8ca0000 - 0x00007fffe8cb4000 	C:\WINDOWS\System32\profapi.dll

VM Arguments:
jvm_args: -Djava.awt.headless=true -Xmx1024M -Dfile.encoding=GBK -Duser.country=CN -Duser.language=zh -Duser.variant 
java_command: com.android.dx.command.Main --dex --force-jumbo --num-threads=4 --multi-dex --output D:\musicbean\app\build\intermediates\transforms\dex\baidu\debug\folders\1000\5\slice_3 D:\musicbean\app\build\intermediates\transforms\instantRunSlicer\baidu\debug\folders\1\5\slice_3
java_class_path (initial): D:\SDK\build-tools\25.0.0\lib\dx.jar
Launcher Type: SUN_STANDARD

Environment Variables:
JAVA_HOME=C:\Program Files\Java\jdk1.8.0_101
CLASSPATH=.;C:\Program Files\Java\jdk1.8.0_101\lib;
PATH=C:\ProgramData\Oracle\Java\javapath;C:\WINDOWS\system32;C:\WINDOWS;C:\WINDOWS\System32\Wbem;C:\WINDOWS\System32\WindowsPowerShell\v1.0\;C:\Program Files\Java\jdk1.8.0_101\bin;C:\Program Files\Java\jdk1.8.0_101\jre\bin;D:\Git\cmd;C:\Users\Administrator\AppData\Local\Microsoft\WindowsApps;
USERNAME=Administrator
OS=Windows_NT
PROCESSOR_IDENTIFIER=Intel64 Family 6 Model 94 Stepping 3, GenuineIntel



---------------  S Y S T E M  ---------------

OS: Windows 10.0 , 64 bit Build 14393 (10.0.14393.1198)

CPU:total 4 (4 cores per cpu, 1 threads per core) family 6 model 94 stepping 3, cmov, cx8, fxsr, mmx, sse, sse2, sse3, ssse3, sse4.1, sse4.2, popcnt, avx, avx2, aes, clmul, erms, rtm, 3dnowpref, lzcnt, tsc, tscinvbit, bmi1, bmi2, adx

Memory: 4k page, physical 8299524k(1580004k free), swap 14749720k(1072k free)

vm_info: OpenJDK 64-Bit Server VM (25.112-b06) for windows-amd64 JRE (1.8.0_112-release-b06), built on Dec  8 2016 00:54:26 by "builder" with MS VC++ 10.0 (VS2010)

time: Tue May 23 15:44:37 2017
elapsed time: 6 seconds (0d 0h 0m 6s)

