#
# There is insufficient memory for the Java Runtime Environment to continue.
# Native memory allocation (malloc) failed to allocate 988752 bytes for Chunk::new
# Possible reasons:
#   The system is out of physical RAM or swap space
#   In 32 bit mode, the process size limit was hit
# Possible solutions:
#   Reduce memory load on the system
#   Increase physical memory or swap space
#   Check if swap backing store is full
#   Use 64 bit Java on a 64 bit OS
#   Decrease Java heap size (-Xmx/-Xms)
#   Decrease number of Java threads
#   Decrease Java thread stack sizes (-Xss)
#   Set larger code cache with -XX:ReservedCodeCacheSize=
# This output file may be truncated or incomplete.
#
#  Out of Memory Error (allocation.cpp:390), pid=32968, tid=0x000000000000838c
#
# JRE version: OpenJDK Runtime Environment (8.0_112-b06) (build 1.8.0_112-release-b06)
# Java VM: OpenJDK 64-Bit Server VM (25.112-b06 mixed mode windows-amd64 compressed oops)
# Failed to write core dump. Minidumps are not enabled by default on client versions of Windows
#

---------------  T H R E A D  ---------------

Current thread (0x00000000153d8800):  JavaThread "C2 CompilerThread1" daemon [_thread_in_native, id=33676, stack(0x0000000016df0000,0x0000000016ef0000)]

Stack: [0x0000000016df0000,0x0000000016ef0000]
[error occurred during error reporting (printing stack bounds), id 0xc0000005]

Native frames: (J=compiled Java code, j=interpreted, Vv=VM code, C=native code)


Current CompileTask:
C2:   4897 1910       4       com.android.dx.ssa.SsaConverter::placePhiFunctions (394 bytes)


---------------  P R O C E S S  ---------------

Java Threads: ( => current thread )
  0x0000000016852800 JavaThread "pool-1-thread-1" [_thread_in_Java, id=33776, stack(0x0000000019e90000,0x0000000019f90000)]
  0x000000001676a800 JavaThread "Service Thread" daemon [_thread_blocked, id=32760, stack(0x0000000016ff0000,0x00000000170f0000)]
  0x0000000016747000 JavaThread "C1 CompilerThread2" daemon [_thread_blocked, id=29880, stack(0x0000000016ef0000,0x0000000016ff0000)]
=>0x00000000153d8800 JavaThread "C2 CompilerThread1" daemon [_thread_in_native, id=33676, stack(0x0000000016df0000,0x0000000016ef0000)]
  0x0000000015390800 JavaThread "C2 CompilerThread0" daemon [_thread_in_native, id=31052, stack(0x0000000016cf0000,0x0000000016df0000)]
  0x00000000153d7800 JavaThread "Attach Listener" daemon [_thread_blocked, id=33692, stack(0x0000000016bf0000,0x0000000016cf0000)]
  0x00000000166f8800 JavaThread "Signal Dispatcher" daemon [_thread_blocked, id=30976, stack(0x0000000016af0000,0x0000000016bf0000)]
  0x0000000002bd5800 JavaThread "Finalizer" daemon [_thread_blocked, id=18376, stack(0x00000000165f0000,0x00000000166f0000)]
  0x0000000002bd0000 JavaThread "Reference Handler" daemon [_thread_blocked, id=33684, stack(0x00000000164f0000,0x00000000165f0000)]
  0x0000000002cad800 JavaThread "main" [_thread_blocked, id=31640, stack(0x0000000002670000,0x0000000002770000)]

Other Threads:
  0x0000000015344800 VMThread [stack: 0x00000000163f0000,0x00000000164f0000] [id=33092]
  0x000000001676c800 WatcherThread [stack: 0x00000000170f0000,0x00000000171f0000] [id=33056]

VM state:not at safepoint (normal execution)

VM Mutex/Monitor currently owned by a thread: None

Heap:
 PSYoungGen      total 145408K, used 87365K [0x00000000eab00000, 0x00000000fbc00000, 0x0000000100000000)
  eden space 101376K, 86% used [0x00000000eab00000,0x00000000f0051510,0x00000000f0e00000)
  from space 44032K, 0% used [0x00000000f0e00000,0x00000000f0e00000,0x00000000f3900000)
  to   space 60928K, 0% used [0x00000000f8080000,0x00000000f8080000,0x00000000fbc00000)
 ParOldGen       total 133120K, used 64933K [0x00000000c0000000, 0x00000000c8200000, 0x00000000eab00000)
  object space 133120K, 48% used [0x00000000c0000000,0x00000000c3f694d0,0x00000000c8200000)
 Metaspace       used 6229K, capacity 7280K, committed 7552K, reserved 1056768K
  class space    used 583K, capacity 616K, committed 640K, reserved 1048576K

Card table byte_map: [0x0000000012070000,0x0000000012280000] byte_map_base: 0x0000000011a70000

Marking Bits: (ParMarkBitMap*) 0x00000000630018f0
 Begin Bits: [0x00000000127e0000, 0x00000000137e0000)
 End Bits:   [0x00000000137e0000, 0x00000000147e0000)

Polling page: 0x0000000000bd0000

CodeCache: size=245760Kb used=9496Kb max_used=9500Kb free=236263Kb
 bounds [0x0000000002cb0000, 0x0000000003600000, 0x0000000011cb0000]
 total_blobs=2280 nmethods=2016 adapters=177
 compilation: enabled

Compilation events (10 events):
Event: 4.864 Thread 0x0000000016747000 2146   !   2       com.android.dx.dex.code.LocalList$Entry::<init> (91 bytes)
Event: 4.864 Thread 0x0000000016747000 nmethod 2146 0x00000000035ea690 code [0x00000000035ea860, 0x00000000035ead18]
Event: 4.864 Thread 0x0000000016747000 2148       2       com.android.dx.dex.code.LocalList::set (7 bytes)
Event: 4.865 Thread 0x0000000016747000 nmethod 2148 0x00000000035e9ad0 code [0x00000000035e9c80, 0x00000000035ea0e8]
Event: 4.865 Thread 0x0000000016747000 2147       2       com.android.dx.dex.code.LocalList$Entry::compareTo (9 bytes)
Event: 4.865 Thread 0x0000000016747000 nmethod 2147 0x00000000035f8790 code [0x00000000035f8900, 0x00000000035f8aa8]
Event: 4.870 Thread 0x0000000015390800 nmethod 2012 0x00000000035fc6d0 code [0x00000000035fc880, 0x00000000035fd788]
Event: 4.870 Thread 0x0000000015390800 1986       4       com.android.dx.dex.code.OutputFinisher::addConstants (93 bytes)
Event: 4.875 Thread 0x0000000016747000 2152       2       com.android.dx.dex.code.LocalList$MakeState::startLocal (266 bytes)
Event: 4.877 Thread 0x0000000016747000 nmethod 2152 0x00000000035f9d90 code [0x00000000035fa0e0, 0x00000000035fb038]

GC Heap History (10 events):
Event: 2.948 GC heap before
{Heap before GC invocations=5 (full 1):
 PSYoungGen      total 71680K, used 5099K [0x00000000eab00000, 0x00000000ef600000, 0x0000000100000000)
  eden space 66560K, 0% used [0x00000000eab00000,0x00000000eab00000,0x00000000eec00000)
  from space 5120K, 99% used [0x00000000ef100000,0x00000000ef5faf98,0x00000000ef600000)
  to   space 5120K, 0% used [0x00000000eec00000,0x00000000eec00000,0x00000000ef100000)
 ParOldGen       total 87552K, used 66588K [0x00000000c0000000, 0x00000000c5580000, 0x00000000eab00000)
  object space 87552K, 76% used [0x00000000c0000000,0x00000000c4107300,0x00000000c5580000)
 Metaspace       used 5888K, capacity 7024K, committed 7296K, reserved 1056768K
  class space    used 567K, capacity 616K, committed 640K, reserved 1048576K
Event: 3.234 GC heap after
Heap after GC invocations=5 (full 1):
 PSYoungGen      total 71680K, used 0K [0x00000000eab00000, 0x00000000ef600000, 0x0000000100000000)
  eden space 66560K, 0% used [0x00000000eab00000,0x00000000eab00000,0x00000000eec00000)
  from space 5120K, 0% used [0x00000000ef100000,0x00000000ef100000,0x00000000ef600000)
  to   space 5120K, 0% used [0x00000000eec00000,0x00000000eec00000,0x00000000ef100000)
 ParOldGen       total 133120K, used 51478K [0x00000000c0000000, 0x00000000c8200000, 0x00000000eab00000)
  object space 133120K, 38% used [0x00000000c0000000,0x00000000c3245be8,0x00000000c8200000)
 Metaspace       used 5888K, capacity 7024K, committed 7296K, reserved 1056768K
  class space    used 567K, capacity 616K, committed 640K, reserved 1048576K
}
Event: 3.445 GC heap before
{Heap before GC invocations=6 (full 1):
 PSYoungGen      total 71680K, used 66560K [0x00000000eab00000, 0x00000000ef600000, 0x0000000100000000)
  eden space 66560K, 100% used [0x00000000eab00000,0x00000000eec00000,0x00000000eec00000)
  from space 5120K, 0% used [0x00000000ef100000,0x00000000ef100000,0x00000000ef600000)
  to   space 5120K, 0% used [0x00000000eec00000,0x00000000eec00000,0x00000000ef100000)
 ParOldGen       total 133120K, used 51478K [0x00000000c0000000, 0x00000000c8200000, 0x00000000eab00000)
  object space 133120K, 38% used [0x00000000c0000000,0x00000000c3245be8,0x00000000c8200000)
 Metaspace       used 5891K, capacity 7024K, committed 7296K, reserved 1056768K
  class space    used 567K, capacity 616K, committed 640K, reserved 1048576K
Event: 3.468 GC heap after
Heap after GC invocations=6 (full 1):
 PSYoungGen      total 71680K, used 5120K [0x00000000eab00000, 0x00000000f6700000, 0x0000000100000000)
  eden space 66560K, 0% used [0x00000000eab00000,0x00000000eab00000,0x00000000eec00000)
  from space 5120K, 100% used [0x00000000eec00000,0x00000000ef100000,0x00000000ef100000)
  to   space 44544K, 0% used [0x00000000f3b80000,0x00000000f3b80000,0x00000000f6700000)
 ParOldGen       total 133120K, used 80011K [0x00000000c0000000, 0x00000000c8200000, 0x00000000eab00000)
  object space 133120K, 60% used [0x00000000c0000000,0x00000000c4e22f98,0x00000000c8200000)
 Metaspace       used 5891K, capacity 7024K, committed 7296K, reserved 1056768K
  class space    used 567K, capacity 616K, committed 640K, reserved 1048576K
}
Event: 3.869 GC heap before
{Heap before GC invocations=7 (full 1):
 PSYoungGen      total 71680K, used 71680K [0x00000000eab00000, 0x00000000f6700000, 0x0000000100000000)
  eden space 66560K, 100% used [0x00000000eab00000,0x00000000eec00000,0x00000000eec00000)
  from space 5120K, 100% used [0x00000000eec00000,0x00000000ef100000,0x00000000ef100000)
  to   space 44544K, 0% used [0x00000000f3b80000,0x00000000f3b80000,0x00000000f6700000)
 ParOldGen       total 133120K, used 80011K [0x00000000c0000000, 0x00000000c8200000, 0x00000000eab00000)
  object space 133120K, 60% used [0x00000000c0000000,0x00000000c4e22f98,0x00000000c8200000)
 Metaspace       used 5919K, capacity 7024K, committed 7296K, reserved 1056768K
  class space    used 567K, capacity 616K, committed 640K, reserved 1048576K
Event: 3.895 GC heap after
Heap after GC invocations=7 (full 1):
 PSYoungGen      total 142848K, used 29385K [0x00000000eab00000, 0x00000000f6400000, 0x0000000100000000)
  eden space 101376K, 0% used [0x00000000eab00000,0x00000000eab00000,0x00000000f0e00000)
  from space 41472K, 70% used [0x00000000f3b80000,0x00000000f5832798,0x00000000f6400000)
  to   space 44032K, 0% used [0x00000000f0e00000,0x00000000f0e00000,0x00000000f3900000)
 ParOldGen       total 133120K, used 80011K [0x00000000c0000000, 0x00000000c8200000, 0x00000000eab00000)
  object space 133120K, 60% used [0x00000000c0000000,0x00000000c4e22f98,0x00000000c8200000)
 Metaspace       used 5919K, capacity 7024K, committed 7296K, reserved 1056768K
  class space    used 567K, capacity 616K, committed 640K, reserved 1048576K
}
Event: 4.142 GC heap before
{Heap before GC invocations=8 (full 1):
 PSYoungGen      total 142848K, used 130761K [0x00000000eab00000, 0x00000000f6400000, 0x0000000100000000)
  eden space 101376K, 100% used [0x00000000eab00000,0x00000000f0e00000,0x00000000f0e00000)
  from space 41472K, 70% used [0x00000000f3b80000,0x00000000f5832798,0x00000000f6400000)
  to   space 44032K, 0% used [0x00000000f0e00000,0x00000000f0e00000,0x00000000f3900000)
 ParOldGen       total 133120K, used 80011K [0x00000000c0000000, 0x00000000c8200000, 0x00000000eab00000)
  object space 133120K, 60% used [0x00000000c0000000,0x00000000c4e22f98,0x00000000c8200000)
 Metaspace       used 5960K, capacity 7088K, committed 7296K, reserved 1056768K
  class space    used 568K, capacity 616K, committed 640K, reserved 1048576K
Event: 4.187 GC heap after
Heap after GC invocations=8 (full 1):
 PSYoungGen      total 145408K, used 44006K [0x00000000eab00000, 0x00000000fbc00000, 0x0000000100000000)
  eden space 101376K, 0% used [0x00000000eab00000,0x00000000eab00000,0x00000000f0e00000)
  from space 44032K, 99% used [0x00000000f0e00000,0x00000000f38f9bf0,0x00000000f3900000)
  to   space 60928K, 0% used [0x00000000f8080000,0x00000000f8080000,0x00000000fbc00000)
 ParOldGen       total 133120K, used 99947K [0x00000000c0000000, 0x00000000c8200000, 0x00000000eab00000)
  object space 133120K, 75% used [0x00000000c0000000,0x00000000c619aff0,0x00000000c8200000)
 Metaspace       used 5960K, capacity 7088K, committed 7296K, reserved 1056768K
  class space    used 568K, capacity 616K, committed 640K, reserved 1048576K
}
Event: 4.187 GC heap before
{Heap before GC invocations=9 (full 2):
 PSYoungGen      total 145408K, used 44006K [0x00000000eab00000, 0x00000000fbc00000, 0x0000000100000000)
  eden space 101376K, 0% used [0x00000000eab00000,0x00000000eab00000,0x00000000f0e00000)
  from space 44032K, 99% used [0x00000000f0e00000,0x00000000f38f9bf0,0x00000000f3900000)
  to   space 60928K, 0% used [0x00000000f8080000,0x00000000f8080000,0x00000000fbc00000)
 ParOldGen       total 133120K, used 99947K [0x00000000c0000000, 0x00000000c8200000, 0x00000000eab00000)
  object space 133120K, 75% used [0x00000000c0000000,0x00000000c619aff0,0x00000000c8200000)
 Metaspace       used 5960K, capacity 7088K, committed 7296K, reserved 1056768K
  class space    used 568K, capacity 616K, committed 640K, reserved 1048576K
Event: 4.393 GC heap after
Heap after GC invocations=9 (full 2):
 PSYoungGen      total 145408K, used 0K [0x00000000eab00000, 0x00000000fbc00000, 0x0000000100000000)
  eden space 101376K, 0% used [0x00000000eab00000,0x00000000eab00000,0x00000000f0e00000)
  from space 44032K, 0% used [0x00000000f0e00000,0x00000000f0e00000,0x00000000f3900000)
  to   space 60928K, 0% used [0x00000000f8080000,0x00000000f8080000,0x00000000fbc00000)
 ParOldGen       total 133120K, used 64933K [0x00000000c0000000, 0x00000000c8200000, 0x00000000eab00000)
  object space 133120K, 48% used [0x00000000c0000000,0x00000000c3f694d0,0x00000000c8200000)
 Metaspace       used 5960K, capacity 7088K, committed 7296K, reserved 1056768K
  class space    used 568K, capacity 616K, committed 640K, reserved 1048576K
}

Deoptimization events (10 events):
Event: 4.719 Thread 0x0000000016852800 Uncommon trap: reason=bimorphic action=maybe_recompile pc=0x0000000002f2d6d4 method=java.util.HashMap.getNode(ILjava/lang/Object;)Ljava/util/HashMap$Node; @ 126
Event: 4.731 Thread 0x0000000016852800 Uncommon trap: reason=speculate_class_check action=maybe_recompile pc=0x0000000003046808 method=com.android.dx.util.FixedSizeList.equals(Ljava/lang/Object;)Z @ 25
Event: 4.731 Thread 0x0000000016852800 Uncommon trap: reason=class_check action=maybe_recompile pc=0x000000000304f50c method=java.util.Arrays.equals([Ljava/lang/Object;[Ljava/lang/Object;)Z @ 62
Event: 4.731 Thread 0x0000000016852800 Uncommon trap: reason=speculate_class_check action=maybe_recompile pc=0x0000000003046808 method=com.android.dx.util.FixedSizeList.equals(Ljava/lang/Object;)Z @ 25
Event: 4.731 Thread 0x0000000016852800 Uncommon trap: reason=class_check action=maybe_recompile pc=0x000000000304f50c method=java.util.Arrays.equals([Ljava/lang/Object;[Ljava/lang/Object;)Z @ 62
Event: 4.731 Thread 0x0000000016852800 Uncommon trap: reason=speculate_class_check action=maybe_recompile pc=0x0000000003046808 method=com.android.dx.util.FixedSizeList.equals(Ljava/lang/Object;)Z @ 25
Event: 4.731 Thread 0x0000000016852800 Uncommon trap: reason=class_check action=maybe_recompile pc=0x000000000304f50c method=java.util.Arrays.equals([Ljava/lang/Object;[Ljava/lang/Object;)Z @ 62
Event: 4.731 Thread 0x0000000016852800 Uncommon trap: reason=speculate_class_check action=maybe_recompile pc=0x0000000003046808 method=com.android.dx.util.FixedSizeList.equals(Ljava/lang/Object;)Z @ 25
Event: 4.731 Thread 0x0000000016852800 Uncommon trap: reason=class_check action=maybe_recompile pc=0x000000000304f50c method=java.util.Arrays.equals([Ljava/lang/Object;[Ljava/lang/Object;)Z @ 62
Event: 4.863 Thread 0x0000000016852800 Uncommon trap: reason=unstable_if action=reinterpret pc=0x00000000035ee498 method=com.android.dx.dex.code.LocalList$MakeState.snapshot(ILcom/android/dx/rop/code/RegisterSpecSet;)V @ 51

Internal exceptions (3 events):
Event: 0.047 Thread 0x0000000002cad800 Exception <a 'java/lang/NoSuchMethodError': Method sun.misc.Unsafe.defineClass(Ljava/lang/String;[BII)Ljava/lang/Class; name or signature does not match> (0x00000000eab07c78) thrown at [C:\src\android\AOSP-openjdk\external\jetbrains\jdk\hotspot\src\share\vb;Åùý§?
Event: 0.047 Thread 0x0000000002cad800 Exception <a 'java/lang/NoSuchMethodError': Method sun.misc.Unsafe.prefetchRead(Ljava/lang/Object;J)V name or signature does not match> (0x00000000eab07f60) thrown at [C:\src\android\AOSP-openjdk\external\jetbrains\jdk\hotspot\src\share\vm\prims\jni.cpp, lï‘ÍUóú?
Event: 1.632 Thread 0x0000000016952800 Implicit null exception at 0x00000000032166b4 to 0x000000000321707e

Events (10 events):
Event: 4.731 loading class com/android/dx/dex/code/CatchTable$Entry done
Event: 4.731 loading class com/android/dx/util/ByteArrayAnnotatedOutput
Event: 4.731 loading class com/android/dx/util/ByteArrayAnnotatedOutput done
Event: 4.763 Thread 0x0000000016852800 DEOPT PACKING pc=0x0000000003599bf6 sp=0x0000000019f8eb20
Event: 4.763 Thread 0x0000000016852800 DEOPT UNPACKING pc=0x0000000002cf75bf sp=0x0000000019f8e8d0 mode 0
Event: 4.764 Thread 0x0000000016852800 DEOPT PACKING pc=0x0000000003599bf6 sp=0x0000000019f8eb20
Event: 4.764 Thread 0x0000000016852800 DEOPT UNPACKING pc=0x0000000002cf75bf sp=0x0000000019f8e8d0 mode 0
Event: 4.863 Thread 0x0000000016852800 Uncommon trap: trap_request=0xffffff65 fr.pc=0x00000000035ee498
Event: 4.863 Thread 0x0000000016852800 DEOPT PACKING pc=0x00000000035ee498 sp=0x0000000019f8eb60
Event: 4.863 Thread 0x0000000016852800 DEOPT UNPACKING pc=0x0000000002cf556a sp=0x0000000019f8eb40 mode 2


Dynamic libraries:
0x00007ff636230000 - 0x00007ff636261000 	D:\Program Files\Android\Android Studio\jre\bin\java.exe
0x00007fffec7f0000 - 0x00007fffec9c1000 	C:\WINDOWS\SYSTEM32\ntdll.dll
0x00007fffeb1d0000 - 0x00007fffeb27c000 	C:\WINDOWS\System32\KERNEL32.DLL
0x00007fffe96e0000 - 0x00007fffe98fd000 	C:\WINDOWS\System32\KERNELBASE.dll
0x00007fffe9e60000 - 0x00007fffe9f02000 	C:\WINDOWS\System32\ADVAPI32.dll
0x00007fffeaaa0000 - 0x00007fffeab3e000 	C:\WINDOWS\System32\msvcrt.dll
0x00007fffec790000 - 0x00007fffec7e9000 	C:\WINDOWS\System32\sechost.dll
0x00007fffea970000 - 0x00007fffeaa91000 	C:\WINDOWS\System32\RPCRT4.dll
0x00007fffeac40000 - 0x00007fffeada5000 	C:\WINDOWS\System32\USER32.dll
0x00007fffe9d10000 - 0x00007fffe9d2e000 	C:\WINDOWS\System32\win32u.dll
0x00007fffea180000 - 0x00007fffea1b4000 	C:\WINDOWS\System32\GDI32.dll
0x00007fffe9b80000 - 0x00007fffe9d02000 	C:\WINDOWS\System32\gdi32full.dll
0x00007fffe41c0000 - 0x00007fffe443a000 	C:\WINDOWS\WinSxS\amd64_microsoft.windows.common-controls_6595b64144ccf1df_6.0.14393.953_none_42151e83c686086b\COMCTL32.dll
0x00007fffea600000 - 0x00007fffea8c8000 	C:\WINDOWS\System32\combase.dll
0x00007fffe8ce0000 - 0x00007fffe8dd5000 	C:\WINDOWS\System32\ucrtbase.dll
0x00007fffe9670000 - 0x00007fffe96da000 	C:\WINDOWS\System32\bcryptPrimitives.dll
0x00007fffe9da0000 - 0x00007fffe9dce000 	C:\WINDOWS\System32\IMM32.DLL
0x0000000063d40000 - 0x0000000063e12000 	D:\Program Files\Android\Android Studio\jre\jre\bin\msvcr100.dll
0x0000000062840000 - 0x000000006307c000 	D:\Program Files\Android\Android Studio\jre\jre\bin\server\jvm.dll
0x00007fffe9e40000 - 0x00007fffe9e48000 	C:\WINDOWS\System32\PSAPI.DLL
0x00007fffdc320000 - 0x00007fffdc329000 	C:\WINDOWS\SYSTEM32\WSOCK32.dll
0x00007fffea110000 - 0x00007fffea17a000 	C:\WINDOWS\System32\WS2_32.dll
0x00007fffe6c20000 - 0x00007fffe6c43000 	C:\WINDOWS\SYSTEM32\WINMM.dll
0x00007fffe4cf0000 - 0x00007fffe4cfa000 	C:\WINDOWS\SYSTEM32\VERSION.dll
0x00007fffe6b00000 - 0x00007fffe6b2b000 	C:\WINDOWS\SYSTEM32\WINMMBASE.dll
0x00007fffe9d30000 - 0x00007fffe9d72000 	C:\WINDOWS\System32\cfgmgr32.dll
0x00007fffe63f0000 - 0x00007fffe63ff000 	D:\Program Files\Android\Android Studio\jre\jre\bin\verify.dll
0x00007fffe4bc0000 - 0x00007fffe4be9000 	D:\Program Files\Android\Android Studio\jre\jre\bin\java.dll
0x00007fffe63d0000 - 0x00007fffe63e6000 	D:\Program Files\Android\Android Studio\jre\jre\bin\zip.dll
0x00007fffeb280000 - 0x00007fffec788000 	C:\WINDOWS\System32\SHELL32.dll
0x00007fffe8e80000 - 0x00007fffe955a000 	C:\WINDOWS\System32\windows.storage.dll
0x00007fffe8c50000 - 0x00007fffe8c9c000 	C:\WINDOWS\System32\powrprof.dll
0x00007fffea050000 - 0x00007fffea0a2000 	C:\WINDOWS\System32\shlwapi.dll
0x00007fffe8cd0000 - 0x00007fffe8cdf000 	C:\WINDOWS\System32\kernel.appcore.dll
0x00007fffe9560000 - 0x00007fffe9609000 	C:\WINDOWS\System32\shcore.dll
0x00007fffe8ca0000 - 0x00007fffe8cb4000 	C:\WINDOWS\System32\profapi.dll

VM Arguments:
jvm_args: -Djava.awt.headless=true -Xmx1024M -Dfile.encoding=GBK -Duser.country=CN -Duser.language=zh -Duser.variant 
java_command: com.android.dx.command.Main --dex --force-jumbo --num-threads=4 --multi-dex --output D:\musicbean\app\build\intermediates\transforms\dex\baidu\debug\folders\1000\5\slice_4 D:\musicbean\app\build\intermediates\transforms\instantRunSlicer\baidu\debug\folders\1\5\slice_4
java_class_path (initial): D:\SDK\build-tools\25.0.0\lib\dx.jar
Launcher Type: SUN_STANDARD

Environment Variables:
JAVA_HOME=C:\Program Files\Java\jdk1.8.0_101
CLASSPATH=.;C:\Program Files\Java\jdk1.8.0_101\lib;
PATH=C:\ProgramData\Oracle\Java\javapath;C:\WINDOWS\system32;C:\WINDOWS;C:\WINDOWS\System32\Wbem;C:\WINDOWS\System32\WindowsPowerShell\v1.0\;C:\Program Files\Java\jdk1.8.0_101\bin;C:\Program Files\Java\jdk1.8.0_101\jre\bin;D:\Git\cmd;C:\Users\Administrator\AppData\Local\Microsoft\WindowsApps;
USERNAME=Administrator
OS=Windows_NT
PROCESSOR_IDENTIFIER=Intel64 Family 6 Model 94 Stepping 3, GenuineIntel



---------------  S Y S T E M  ---------------

OS: Windows 10.0 , 64 bit Build 14393 (10.0.14393.1198)

CPU:total 4 (4 cores per cpu, 1 threads per core) family 6 model 94 stepping 3, cmov, cx8, fxsr, mmx, sse, sse2, sse3, ssse3, sse4.1, sse4.2, popcnt, avx, avx2, aes, clmul, erms, rtm, 3dnowpref, lzcnt, tsc, tscinvbit, bmi1, bmi2, adx

Memory: 4k page, physical 8299524k(2481024k free), swap 14749720k(6020k free)

vm_info: OpenJDK 64-Bit Server VM (25.112-b06) for windows-amd64 JRE (1.8.0_112-release-b06), built on Dec  8 2016 00:54:26 by "builder" with MS VC++ 10.0 (VS2010)

time: Mon May 22 13:23:49 2017
elapsed time: 4 seconds (0d 0h 0m 4s)

