#
# There is insufficient memory for the Java Runtime Environment to continue.
# Native memory allocation (malloc) failed to allocate 60496 bytes for Chunk::new
# Possible reasons:
#   The system is out of physical RAM or swap space
#   In 32 bit mode, the process size limit was hit
# Possible solutions:
#   Reduce memory load on the system
#   Increase physical memory or swap space
#   Check if swap backing store is full
#   Use 64 bit Java on a 64 bit OS
#   Decrease Java heap size (-Xmx/-Xms)
#   Decrease number of Java threads
#   Decrease Java thread stack sizes (-Xss)
#   Set larger code cache with -XX:ReservedCodeCacheSize=
# This output file may be truncated or incomplete.
#
#  Out of Memory Error (allocation.cpp:390), pid=29436, tid=0x0000000000007cec
#
# JRE version: OpenJDK Runtime Environment (8.0_112-b06) (build 1.8.0_112-release-b06)
# Java VM: OpenJDK 64-Bit Server VM (25.112-b06 mixed mode windows-amd64 compressed oops)
# Failed to write core dump. Minidumps are not enabled by default on client versions of Windows
#

---------------  T H R E A D  ---------------

Current thread (0x0000000014fe0000):  JavaThread "C2 CompilerThread0" daemon [_thread_in_native, id=31980, stack(0x0000000016940000,0x0000000016a40000)]

Stack: [0x0000000016940000,0x0000000016a40000]
[error occurred during error reporting (printing stack bounds), id 0xc0000005]

Native frames: (J=compiled Java code, j=interpreted, Vv=VM code, C=native code)


Current CompileTask:
C2:   3451 1155       4       com.android.dx.ssa.SsaBasicBlock::forEachInsn (37 bytes)


---------------  P R O C E S S  ---------------

Java Threads: ( => current thread )
  0x00000000165b4800 JavaThread "pool-2-thread-4" [_thread_in_Java, id=33556, stack(0x0000000017240000,0x0000000017340000)]
  0x00000000165a0800 JavaThread "pool-2-thread-3" [_thread_in_Java, id=33544, stack(0x0000000017140000,0x0000000017240000)]
  0x00000000164bf800 JavaThread "pool-2-thread-2" [_thread_in_Java, id=33468, stack(0x0000000017040000,0x0000000017140000)]
  0x00000000164bb000 JavaThread "pool-3-thread-1" [_thread_blocked, id=33440, stack(0x0000000016f40000,0x0000000017040000)]
  0x000000001639e800 JavaThread "Service Thread" daemon [_thread_blocked, id=33484, stack(0x0000000016c40000,0x0000000016d40000)]
  0x0000000016397000 JavaThread "C1 CompilerThread2" daemon [_thread_in_native, id=32856, stack(0x0000000016b40000,0x0000000016c40000)]
  0x0000000015028800 JavaThread "C2 CompilerThread1" daemon [_thread_in_native, id=32436, stack(0x0000000016a40000,0x0000000016b40000)]
=>0x0000000014fe0000 JavaThread "C2 CompilerThread0" daemon [_thread_in_native, id=31980, stack(0x0000000016940000,0x0000000016a40000)]
  0x0000000015027800 JavaThread "Attach Listener" daemon [_thread_blocked, id=30816, stack(0x0000000016840000,0x0000000016940000)]
  0x0000000016348800 JavaThread "Signal Dispatcher" daemon [_thread_blocked, id=31804, stack(0x0000000016740000,0x0000000016840000)]
  0x00000000028fc000 JavaThread "Finalizer" daemon [_thread_blocked, id=27296, stack(0x0000000016240000,0x0000000016340000)]
  0x00000000028f1000 JavaThread "Reference Handler" daemon [_thread_blocked, id=32796, stack(0x0000000016140000,0x0000000016240000)]
  0x00000000026fd800 JavaThread "main" [_thread_blocked, id=33460, stack(0x0000000002700000,0x0000000002800000)]

Other Threads:
  0x0000000014f94800 VMThread [stack: 0x0000000016040000,0x0000000016140000] [id=30388]
  0x00000000163a0000 WatcherThread [stack: 0x0000000016d40000,0x0000000016e40000] [id=33492]

VM state:not at safepoint (normal execution)

VM Mutex/Monitor currently owned by a thread: None

Heap:
 PSYoungGen      total 38400K, used 29395K [0x00000000eab00000, 0x00000000ed580000, 0x0000000100000000)
  eden space 33280K, 73% used [0x00000000eab00000,0x00000000ec2bc4a8,0x00000000ecb80000)
  from space 5120K, 99% used [0x00000000ecb80000,0x00000000ed078ac8,0x00000000ed080000)
  to   space 5120K, 0% used [0x00000000ed080000,0x00000000ed080000,0x00000000ed580000)
 ParOldGen       total 87552K, used 1475K [0x00000000c0000000, 0x00000000c5580000, 0x00000000eab00000)
  object space 87552K, 1% used [0x00000000c0000000,0x00000000c0170d38,0x00000000c5580000)
 Metaspace       used 5973K, capacity 6896K, committed 7040K, reserved 1056768K
  class space    used 578K, capacity 616K, committed 640K, reserved 1048576K

Card table byte_map: [0x0000000011cc0000,0x0000000011ed0000] byte_map_base: 0x00000000116c0000

Marking Bits: (ParMarkBitMap*) 0x00000000630018f0
 Begin Bits: [0x0000000012430000, 0x0000000013430000)
 End Bits:   [0x0000000013430000, 0x0000000014430000)

Polling page: 0x0000000000a00000

CodeCache: size=245760Kb used=4808Kb max_used=4808Kb free=240951Kb
 bounds [0x0000000002900000, 0x0000000002dc0000, 0x0000000011900000]
 total_blobs=1462 nmethods=1192 adapters=184
 compilation: enabled

Compilation events (10 events):
Event: 3.434 Thread 0x0000000016397000 1195       1       java.util.HashMap$Node::getValue (5 bytes)
Event: 3.434 Thread 0x0000000016397000 nmethod 1195 0x0000000002da6fd0 code [0x0000000002da7120, 0x0000000002da7230]
Event: 3.434 Thread 0x0000000016397000 1169       1       com.android.dx.dex.file.DexFile::getFieldIds (5 bytes)
Event: 3.434 Thread 0x0000000016397000 nmethod 1169 0x0000000002da7290 code [0x0000000002da73e0, 0x0000000002da74f0]
Event: 3.434 Thread 0x0000000016397000 1172       1       com.android.dx.rop.annotation.Annotation::getType (5 bytes)
Event: 3.434 Thread 0x0000000016397000 nmethod 1172 0x0000000002da7550 code [0x0000000002da76a0, 0x0000000002da77b0]
Event: 3.434 Thread 0x0000000016397000 1204       1       com.android.dx.cf.code.Ropper$ExceptionHandlerSetup::getCaughtType (5 bytes)
Event: 3.434 Thread 0x0000000016397000 nmethod 1204 0x0000000002da7810 code [0x0000000002da7960, 0x0000000002da7a70]
Event: 3.434 Thread 0x0000000016397000 1175       1       java.util.concurrent.locks.AbstractQueuedSynchronizer::getState (5 bytes)
Event: 3.434 Thread 0x0000000016397000 nmethod 1175 0x0000000002da7ad0 code [0x0000000002da7c20, 0x0000000002da7d30]

GC Heap History (2 events):
Event: 3.241 GC heap before
{Heap before GC invocations=1 (full 0):
 PSYoungGen      total 38400K, used 33280K [0x00000000eab00000, 0x00000000ed580000, 0x0000000100000000)
  eden space 33280K, 100% used [0x00000000eab00000,0x00000000ecb80000,0x00000000ecb80000)
  from space 5120K, 0% used [0x00000000ed080000,0x00000000ed080000,0x00000000ed580000)
  to   space 5120K, 0% used [0x00000000ecb80000,0x00000000ecb80000,0x00000000ed080000)
 ParOldGen       total 87552K, used 0K [0x00000000c0000000, 0x00000000c5580000, 0x00000000eab00000)
  object space 87552K, 0% used [0x00000000c0000000,0x00000000c0000000,0x00000000c5580000)
 Metaspace       used 5928K, capacity 6896K, committed 7040K, reserved 1056768K
  class space    used 575K, capacity 616K, committed 640K, reserved 1048576K
Event: 3.314 GC heap after
Heap after GC invocations=1 (full 0):
 PSYoungGen      total 38400K, used 5090K [0x00000000eab00000, 0x00000000ed580000, 0x0000000100000000)
  eden space 33280K, 0% used [0x00000000eab00000,0x00000000eab00000,0x00000000ecb80000)
  from space 5120K, 99% used [0x00000000ecb80000,0x00000000ed078ac8,0x00000000ed080000)
  to   space 5120K, 0% used [0x00000000ed080000,0x00000000ed080000,0x00000000ed580000)
 ParOldGen       total 87552K, used 1475K [0x00000000c0000000, 0x00000000c5580000, 0x00000000eab00000)
  object space 87552K, 1% used [0x00000000c0000000,0x00000000c0170d38,0x00000000c5580000)
 Metaspace       used 5928K, capacity 6896K, committed 7040K, reserved 1056768K
  class space    used 575K, capacity 616K, committed 640K, reserved 1048576K
}

Deoptimization events (10 events):
Event: 2.529 Thread 0x00000000164ba800 Uncommon trap: reason=null_check action=make_not_entrant pc=0x0000000002c27694 method=com.android.dx.ssa.SsaRenamer.getLocalForNewReg(I)Lcom/android/dx/rop/code/LocalItem; @ 19
Event: 2.580 Thread 0x00000000165a0800 Uncommon trap: reason=unstable_if action=reinterpret pc=0x0000000002bac86c method=com.android.dx.rop.code.RegisterSpecSet.put(Lcom/android/dx/rop/code/RegisterSpec;)V @ 77
Event: 2.816 Thread 0x00000000164bf800 Uncommon trap: reason=unstable_if action=reinterpret pc=0x0000000002ca2e84 method=com.android.dx.rop.code.RegisterSpec.equals(ILcom/android/dx/rop/type/TypeBearer;Lcom/android/dx/rop/code/LocalItem;)Z @ 42
Event: 2.820 Thread 0x00000000164bf800 Uncommon trap: reason=unstable_if action=reinterpret pc=0x0000000002d2149c method=com.android.dx.rop.cst.Constant.compareTo(Lcom/android/dx/rop/cst/Constant;)I @ 12
Event: 3.198 Thread 0x00000000164bf800 Uncommon trap: reason=unstable_if action=reinterpret pc=0x0000000002d20928 method=com.android.dx.util.IntList.binarysearch(I)I @ 105
Event: 3.225 Thread 0x00000000164bf800 Uncommon trap: reason=class_check action=maybe_recompile pc=0x0000000002c853d0 method=com.android.dx.ssa.NormalSsaInsn.accept(Lcom/android/dx/ssa/SsaInsn$Visitor;)V @ 9
Event: 3.225 Thread 0x00000000164bf800 Uncommon trap: reason=class_check action=maybe_recompile pc=0x0000000002c853d0 method=com.android.dx.ssa.NormalSsaInsn.accept(Lcom/android/dx/ssa/SsaInsn$Visitor;)V @ 9
Event: 3.225 Thread 0x00000000164bf800 Uncommon trap: reason=class_check action=maybe_recompile pc=0x0000000002c853d0 method=com.android.dx.ssa.NormalSsaInsn.accept(Lcom/android/dx/ssa/SsaInsn$Visitor;)V @ 9
Event: 3.226 Thread 0x00000000164bf800 Uncommon trap: reason=class_check action=maybe_recompile pc=0x0000000002c853d0 method=com.android.dx.ssa.NormalSsaInsn.accept(Lcom/android/dx/ssa/SsaInsn$Visitor;)V @ 9
Event: 3.226 Thread 0x00000000164bf800 Uncommon trap: reason=class_check action=maybe_recompile pc=0x0000000002b6e7f0 method=com.android.dx.ssa.NormalSsaInsn.accept(Lcom/android/dx/ssa/SsaInsn$Visitor;)V @ 9

Internal exceptions (3 events):
Event: 0.030 Thread 0x00000000026fd800 Exception <a 'java/lang/NoSuchMethodError': Method sun.misc.Unsafe.defineClass(Ljava/lang/String;[BII)Ljava/lang/Class; name or signature does not match> (0x00000000eab07c78) thrown at [C:\src\android\AOSP-openjdk\external\jetbrains\jdk\hotspot\src\share\vžiþç’æž?
Event: 0.030 Thread 0x00000000026fd800 Exception <a 'java/lang/NoSuchMethodError': Method sun.misc.Unsafe.prefetchRead(Ljava/lang/Object;J)V name or signature does not match> (0x00000000eab07f60) thrown at [C:\src\android\AOSP-openjdk\external\jetbrains\jdk\hotspot\src\share\vm\prims\jni.cpp, lá£:l„:@
Event: 2.529 Thread 0x00000000164ba800 Implicit null exception at 0x0000000002c24d0c to 0x0000000002c27649

Events (10 events):
Event: 3.332 Thread 0x00000000164bf800 DEOPT PACKING pc=0x0000000002c9990d sp=0x000000001713e6d0
Event: 3.332 Thread 0x00000000164bf800 DEOPT UNPACKING pc=0x00000000029475bf sp=0x000000001713e440 mode 0
Event: 3.332 Thread 0x00000000164bf800 DEOPT PACKING pc=0x0000000002ca5f97 sp=0x000000001713e780
Event: 3.332 Thread 0x00000000164bf800 DEOPT UNPACKING pc=0x00000000029475bf sp=0x000000001713e550 mode 0
Event: 3.381 Thread 0x00000000165b4800 DEOPT PACKING pc=0x0000000002c9990d sp=0x000000001733e700
Event: 3.381 Thread 0x00000000165b4800 DEOPT UNPACKING pc=0x00000000029475bf sp=0x000000001733e480 mode 0
Event: 3.425 loading class java/util/HashMap$KeySet
Event: 3.425 loading class java/util/HashMap$KeySet done
Event: 3.425 loading class java/util/HashMap$KeyIterator
Event: 3.426 loading class java/util/HashMap$KeyIterator done


Dynamic libraries:
0x00007ff636230000 - 0x00007ff636261000 	D:\Program Files\Android\Android Studio\jre\bin\java.exe
0x00007fffec7f0000 - 0x00007fffec9c1000 	C:\WINDOWS\SYSTEM32\ntdll.dll
0x00007fffeb1d0000 - 0x00007fffeb27c000 	C:\WINDOWS\System32\KERNEL32.DLL
0x00007fffe96e0000 - 0x00007fffe98fd000 	C:\WINDOWS\System32\KERNELBASE.dll
0x00007fffe9e60000 - 0x00007fffe9f02000 	C:\WINDOWS\System32\ADVAPI32.dll
0x00007fffeaaa0000 - 0x00007fffeab3e000 	C:\WINDOWS\System32\msvcrt.dll
0x00007fffec790000 - 0x00007fffec7e9000 	C:\WINDOWS\System32\sechost.dll
0x00007fffea970000 - 0x00007fffeaa91000 	C:\WINDOWS\System32\RPCRT4.dll
0x00007fffeac40000 - 0x00007fffeada5000 	C:\WINDOWS\System32\USER32.dll
0x00007fffe9d10000 - 0x00007fffe9d2e000 	C:\WINDOWS\System32\win32u.dll
0x00007fffea180000 - 0x00007fffea1b4000 	C:\WINDOWS\System32\GDI32.dll
0x00007fffe9b80000 - 0x00007fffe9d02000 	C:\WINDOWS\System32\gdi32full.dll
0x00007fffe41c0000 - 0x00007fffe443a000 	C:\WINDOWS\WinSxS\amd64_microsoft.windows.common-controls_6595b64144ccf1df_6.0.14393.953_none_42151e83c686086b\COMCTL32.dll
0x00007fffea600000 - 0x00007fffea8c8000 	C:\WINDOWS\System32\combase.dll
0x00007fffe8ce0000 - 0x00007fffe8dd5000 	C:\WINDOWS\System32\ucrtbase.dll
0x00007fffe9670000 - 0x00007fffe96da000 	C:\WINDOWS\System32\bcryptPrimitives.dll
0x00007fffe9da0000 - 0x00007fffe9dce000 	C:\WINDOWS\System32\IMM32.DLL
0x0000000063d40000 - 0x0000000063e12000 	D:\Program Files\Android\Android Studio\jre\jre\bin\msvcr100.dll
0x0000000062840000 - 0x000000006307c000 	D:\Program Files\Android\Android Studio\jre\jre\bin\server\jvm.dll
0x00007fffe9e40000 - 0x00007fffe9e48000 	C:\WINDOWS\System32\PSAPI.DLL
0x00007fffdc320000 - 0x00007fffdc329000 	C:\WINDOWS\SYSTEM32\WSOCK32.dll
0x00007fffe6c20000 - 0x00007fffe6c43000 	C:\WINDOWS\SYSTEM32\WINMM.dll
0x00007fffea110000 - 0x00007fffea17a000 	C:\WINDOWS\System32\WS2_32.dll
0x00007fffe4cf0000 - 0x00007fffe4cfa000 	C:\WINDOWS\SYSTEM32\VERSION.dll
0x00007fffe6b00000 - 0x00007fffe6b2b000 	C:\WINDOWS\SYSTEM32\WINMMBASE.dll
0x00007fffe9d30000 - 0x00007fffe9d72000 	C:\WINDOWS\System32\cfgmgr32.dll
0x00007fffe63f0000 - 0x00007fffe63ff000 	D:\Program Files\Android\Android Studio\jre\jre\bin\verify.dll
0x00007fffe4bc0000 - 0x00007fffe4be9000 	D:\Program Files\Android\Android Studio\jre\jre\bin\java.dll
0x00007fffe63d0000 - 0x00007fffe63e6000 	D:\Program Files\Android\Android Studio\jre\jre\bin\zip.dll
0x00007fffeb280000 - 0x00007fffec788000 	C:\WINDOWS\System32\SHELL32.dll
0x00007fffe8e80000 - 0x00007fffe955a000 	C:\WINDOWS\System32\windows.storage.dll
0x00007fffe8c50000 - 0x00007fffe8c9c000 	C:\WINDOWS\System32\powrprof.dll
0x00007fffea050000 - 0x00007fffea0a2000 	C:\WINDOWS\System32\shlwapi.dll
0x00007fffe8cd0000 - 0x00007fffe8cdf000 	C:\WINDOWS\System32\kernel.appcore.dll
0x00007fffe9560000 - 0x00007fffe9609000 	C:\WINDOWS\System32\shcore.dll
0x00007fffe8ca0000 - 0x00007fffe8cb4000 	C:\WINDOWS\System32\profapi.dll

VM Arguments:
jvm_args: -Djava.awt.headless=true -Xmx1024M -Dfile.encoding=GBK -Duser.country=CN -Duser.language=zh -Duser.variant 
java_command: com.android.dx.command.Main --dex --force-jumbo --num-threads=4 --multi-dex --output D:\musicbean\app\build\intermediates\transforms\dex\baidu\debug\folders\1000\2\aliMobileSecSdk_d4e0a383b068aea685b8c211aebf10b5d2d25a0b D:\musicbean\app\libs\aliMobileSecSdk.jar
java_class_path (initial): D:\SDK\build-tools\25.0.0\lib\dx.jar
Launcher Type: SUN_STANDARD

Environment Variables:
JAVA_HOME=C:\Program Files\Java\jdk1.8.0_101
CLASSPATH=.;C:\Program Files\Java\jdk1.8.0_101\lib;
PATH=C:\ProgramData\Oracle\Java\javapath;C:\WINDOWS\system32;C:\WINDOWS;C:\WINDOWS\System32\Wbem;C:\WINDOWS\System32\WindowsPowerShell\v1.0\;C:\Program Files\Java\jdk1.8.0_101\bin;C:\Program Files\Java\jdk1.8.0_101\jre\bin;D:\Git\cmd;C:\Users\Administrator\AppData\Local\Microsoft\WindowsApps;
USERNAME=Administrator
OS=Windows_NT
PROCESSOR_IDENTIFIER=Intel64 Family 6 Model 94 Stepping 3, GenuineIntel



---------------  S Y S T E M  ---------------

OS: Windows 10.0 , 64 bit Build 14393 (10.0.14393.1198)

CPU:total 4 (4 cores per cpu, 1 threads per core) family 6 model 94 stepping 3, cmov, cx8, fxsr, mmx, sse, sse2, sse3, ssse3, sse4.1, sse4.2, popcnt, avx, avx2, aes, clmul, erms, rtm, 3dnowpref, lzcnt, tsc, tscinvbit, bmi1, bmi2, adx

Memory: 4k page, physical 8299524k(2564040k free), swap 14749720k(2064k free)

vm_info: OpenJDK 64-Bit Server VM (25.112-b06) for windows-amd64 JRE (1.8.0_112-release-b06), built on Dec  8 2016 00:54:26 by "builder" with MS VC++ 10.0 (VS2010)

time: Mon May 22 13:23:44 2017
elapsed time: 3 seconds (0d 0h 0m 3s)

