#
# There is insufficient memory for the Java Runtime Environment to continue.
# Native memory allocation (malloc) failed to allocate 176096 bytes for Chunk::new
# Possible reasons:
#   The system is out of physical RAM or swap space
#   In 32 bit mode, the process size limit was hit
# Possible solutions:
#   Reduce memory load on the system
#   Increase physical memory or swap space
#   Check if swap backing store is full
#   Use 64 bit Java on a 64 bit OS
#   Decrease Java heap size (-Xmx/-Xms)
#   Decrease number of Java threads
#   Decrease Java thread stack sizes (-Xss)
#   Set larger code cache with -XX:ReservedCodeCacheSize=
# This output file may be truncated or incomplete.
#
#  Out of Memory Error (allocation.cpp:390), pid=33952, tid=0x0000000000008558
#
# JRE version: OpenJDK Runtime Environment (8.0_112-b06) (build 1.8.0_112-release-b06)
# Java VM: OpenJDK 64-Bit Server VM (25.112-b06 mixed mode windows-amd64 compressed oops)
# Failed to write core dump. Minidumps are not enabled by default on client versions of Windows
#

---------------  T H R E A D  ---------------

Current thread (0x0000000015030000):  JavaThread "C2 CompilerThread0" daemon [_thread_in_native, id=34136, stack(0x0000000016980000,0x0000000016a80000)]

Stack: [0x0000000016980000,0x0000000016a80000]
[error occurred during error reporting (printing stack bounds), id 0xc0000005]

Native frames: (J=compiled Java code, j=interpreted, Vv=VM code, C=native code)


Current CompileTask:
C2:   6111 1938 %     4       com.android.dx.dex.code.OutputFinisher::assignIndices @ 8 (46 bytes)


---------------  P R O C E S S  ---------------

Java Threads: ( => current thread )
  0x00000000164db000 JavaThread "pool-1-thread-1" [_thread_in_Java, id=34560, stack(0x0000000019b20000,0x0000000019c20000)]
  0x00000000163e7000 JavaThread "Service Thread" daemon [_thread_blocked, id=34172, stack(0x0000000016c80000,0x0000000016d80000)]
  0x00000000163df000 JavaThread "C1 CompilerThread2" daemon [_thread_in_native, id=34144, stack(0x0000000016b80000,0x0000000016c80000)]
  0x0000000015078800 JavaThread "C2 CompilerThread1" daemon [_thread_in_native, id=34140, stack(0x0000000016a80000,0x0000000016b80000)]
=>0x0000000015030000 JavaThread "C2 CompilerThread0" daemon [_thread_in_native, id=34136, stack(0x0000000016980000,0x0000000016a80000)]
  0x0000000015077800 JavaThread "Attach Listener" daemon [_thread_blocked, id=34132, stack(0x0000000016880000,0x0000000016980000)]
  0x0000000016388800 JavaThread "Signal Dispatcher" daemon [_thread_blocked, id=34128, stack(0x0000000016780000,0x0000000016880000)]
  0x0000000002945800 JavaThread "Finalizer" daemon [_thread_blocked, id=34108, stack(0x0000000016280000,0x0000000016380000)]
  0x0000000002940000 JavaThread "Reference Handler" daemon [_thread_blocked, id=34104, stack(0x0000000016180000,0x0000000016280000)]
  0x0000000000c2d800 JavaThread "main" [_thread_blocked, id=34068, stack(0x0000000002370000,0x0000000002470000)]

Other Threads:
  0x0000000014fe4800 VMThread [stack: 0x0000000016080000,0x0000000016180000] [id=34100]
  0x00000000163e9000 WatcherThread [stack: 0x0000000016d80000,0x0000000016e80000] [id=34176]

VM state:not at safepoint (normal execution)

VM Mutex/Monitor currently owned by a thread: None

Heap:
 PSYoungGen      total 159744K, used 89006K [0x00000000eab00000, 0x00000000fc600000, 0x0000000100000000)
  eden space 119808K, 40% used [0x00000000eab00000,0x00000000edaeee40,0x00000000f2000000)
  from space 39936K, 99% used [0x00000000f2000000,0x00000000f46fcd70,0x00000000f4700000)
  to   space 58880K, 0% used [0x00000000f8c80000,0x00000000f8c80000,0x00000000fc600000)
 ParOldGen       total 130560K, used 76045K [0x00000000c0000000, 0x00000000c7f80000, 0x00000000eab00000)
  object space 130560K, 58% used [0x00000000c0000000,0x00000000c4a436f0,0x00000000c7f80000)
 Metaspace       used 6183K, capacity 7216K, committed 7296K, reserved 1056768K
  class space    used 582K, capacity 616K, committed 640K, reserved 1048576K

Card table byte_map: [0x0000000011d10000,0x0000000011f20000] byte_map_base: 0x0000000011710000

Marking Bits: (ParMarkBitMap*) 0x00000000630018f0
 Begin Bits: [0x0000000012480000, 0x0000000013480000)
 End Bits:   [0x0000000013480000, 0x0000000014480000)

Polling page: 0x0000000000b90000

CodeCache: size=245760Kb used=8051Kb max_used=8055Kb free=237709Kb
 bounds [0x0000000002950000, 0x0000000003140000, 0x0000000011950000]
 total_blobs=2155 nmethods=1892 adapters=177
 compilation: enabled

Compilation events (10 events):
Event: 6.102 Thread 0x00000000163df000 1937       3       com.android.dx.dex.code.form.Form31c::isCompatible (133 bytes)
Event: 6.103 Thread 0x00000000163df000 nmethod 1937 0x000000000312e510 code [0x000000000312e740, 0x000000000312fb68]
Event: 6.104 Thread 0x0000000015030000 nmethod 1927 0x0000000003133310 code [0x0000000003133480, 0x0000000003133bd8]
Event: 6.104 Thread 0x0000000015030000 1938 %     4       com.android.dx.dex.code.OutputFinisher::assignIndices @ 8 (46 bytes)
Event: 6.107 Thread 0x0000000015078800 nmethod 1933% 0x0000000003134450 code [0x00000000031345e0, 0x0000000003134d38]
Event: 6.107 Thread 0x0000000015078800 1932 %     4       com.android.dx.dex.code.OutputFinisher::assignAddresses @ 12 (51 bytes)
Event: 6.109 Thread 0x0000000015078800 nmethod 1932% 0x000000000311b050 code [0x000000000311b1a0, 0x000000000311b3b8]
Event: 6.109 Thread 0x0000000015078800 1940 %     4       com.android.dx.dex.code.OutputFinisher::align64bits @ 44 (247 bytes)
Event: 6.110 Thread 0x00000000163df000 1942       3       com.android.dx.dex.file.StringIdsSection::get (49 bytes)
Event: 6.111 Thread 0x00000000163df000 nmethod 1942 0x00000000031325d0 code [0x00000000031327c0, 0x0000000003133018]

GC Heap History (10 events):
Event: 1.767 GC heap before
{Heap before GC invocations=4 (full 0):
 PSYoungGen      total 38400K, used 38375K [0x00000000eab00000, 0x00000000ef600000, 0x0000000100000000)
  eden space 33280K, 100% used [0x00000000eab00000,0x00000000ecb80000,0x00000000ecb80000)
  from space 5120K, 99% used [0x00000000ecb80000,0x00000000ed079fd8,0x00000000ed080000)
  to   space 5120K, 0% used [0x00000000ef100000,0x00000000ef100000,0x00000000ef600000)
 ParOldGen       total 87552K, used 27244K [0x00000000c0000000, 0x00000000c5580000, 0x00000000eab00000)
  object space 87552K, 31% used [0x00000000c0000000,0x00000000c1a9b058,0x00000000c5580000)
 Metaspace       used 5874K, capacity 7024K, committed 7296K, reserved 1056768K
  class space    used 564K, capacity 616K, committed 640K, reserved 1048576K
Event: 1.784 GC heap after
Heap after GC invocations=4 (full 0):
 PSYoungGen      total 71680K, used 5096K [0x00000000eab00000, 0x00000000ef600000, 0x0000000100000000)
  eden space 66560K, 0% used [0x00000000eab00000,0x00000000eab00000,0x00000000eec00000)
  from space 5120K, 99% used [0x00000000ef100000,0x00000000ef5fa2c8,0x00000000ef600000)
  to   space 5120K, 0% used [0x00000000eec00000,0x00000000eec00000,0x00000000ef100000)
 ParOldGen       total 87552K, used 44135K [0x00000000c0000000, 0x00000000c5580000, 0x00000000eab00000)
  object space 87552K, 50% used [0x00000000c0000000,0x00000000c2b19e80,0x00000000c5580000)
 Metaspace       used 5874K, capacity 7024K, committed 7296K, reserved 1056768K
  class space    used 564K, capacity 616K, committed 640K, reserved 1048576K
}
Event: 1.904 GC heap before
{Heap before GC invocations=5 (full 0):
 PSYoungGen      total 71680K, used 71656K [0x00000000eab00000, 0x00000000ef600000, 0x0000000100000000)
  eden space 66560K, 100% used [0x00000000eab00000,0x00000000eec00000,0x00000000eec00000)
  from space 5120K, 99% used [0x00000000ef100000,0x00000000ef5fa2c8,0x00000000ef600000)
  to   space 5120K, 0% used [0x00000000eec00000,0x00000000eec00000,0x00000000ef100000)
 ParOldGen       total 87552K, used 44135K [0x00000000c0000000, 0x00000000c5580000, 0x00000000eab00000)
  object space 87552K, 50% used [0x00000000c0000000,0x00000000c2b19e80,0x00000000c5580000)
 Metaspace       used 5886K, capacity 7024K, committed 7296K, reserved 1056768K
  class space    used 564K, capacity 616K, committed 640K, reserved 1048576K
Event: 1.934 GC heap after
Heap after GC invocations=5 (full 0):
 PSYoungGen      total 71680K, used 5095K [0x00000000eab00000, 0x00000000f7900000, 0x0000000100000000)
  eden space 66560K, 0% used [0x00000000eab00000,0x00000000eab00000,0x00000000eec00000)
  from space 5120K, 99% used [0x00000000eec00000,0x00000000ef0f9fd8,0x00000000ef100000)
  to   space 38912K, 0% used [0x00000000f5300000,0x00000000f5300000,0x00000000f7900000)
 ParOldGen       total 87552K, used 73620K [0x00000000c0000000, 0x00000000c5580000, 0x00000000eab00000)
  object space 87552K, 84% used [0x00000000c0000000,0x00000000c47e51f0,0x00000000c5580000)
 Metaspace       used 5886K, capacity 7024K, committed 7296K, reserved 1056768K
  class space    used 564K, capacity 616K, committed 640K, reserved 1048576K
}
Event: 1.934 GC heap before
{Heap before GC invocations=6 (full 1):
 PSYoungGen      total 71680K, used 5095K [0x00000000eab00000, 0x00000000f7900000, 0x0000000100000000)
  eden space 66560K, 0% used [0x00000000eab00000,0x00000000eab00000,0x00000000eec00000)
  from space 5120K, 99% used [0x00000000eec00000,0x00000000ef0f9fd8,0x00000000ef100000)
  to   space 38912K, 0% used [0x00000000f5300000,0x00000000f5300000,0x00000000f7900000)
 ParOldGen       total 87552K, used 73620K [0x00000000c0000000, 0x00000000c5580000, 0x00000000eab00000)
  object space 87552K, 84% used [0x00000000c0000000,0x00000000c47e51f0,0x00000000c5580000)
 Metaspace       used 5886K, capacity 7024K, committed 7296K, reserved 1056768K
  class space    used 564K, capacity 616K, committed 640K, reserved 1048576K
Event: 2.088 GC heap after
Heap after GC invocations=6 (full 1):
 PSYoungGen      total 71680K, used 0K [0x00000000eab00000, 0x00000000f7900000, 0x0000000100000000)
  eden space 66560K, 0% used [0x00000000eab00000,0x00000000eab00000,0x00000000eec00000)
  from space 5120K, 0% used [0x00000000eec00000,0x00000000eec00000,0x00000000ef100000)
  to   space 38912K, 0% used [0x00000000f5300000,0x00000000f5300000,0x00000000f7900000)
 ParOldGen       total 130560K, used 52357K [0x00000000c0000000, 0x00000000c7f80000, 0x00000000eab00000)
  object space 130560K, 40% used [0x00000000c0000000,0x00000000c3321660,0x00000000c7f80000)
 Metaspace       used 5886K, capacity 7024K, committed 7296K, reserved 1056768K
  class space    used 564K, capacity 616K, committed 640K, reserved 1048576K
}
Event: 2.303 GC heap before
{Heap before GC invocations=7 (full 1):
 PSYoungGen      total 71680K, used 66560K [0x00000000eab00000, 0x00000000f7900000, 0x0000000100000000)
  eden space 66560K, 100% used [0x00000000eab00000,0x00000000eec00000,0x00000000eec00000)
  from space 5120K, 0% used [0x00000000eec00000,0x00000000eec00000,0x00000000ef100000)
  to   space 38912K, 0% used [0x00000000f5300000,0x00000000f5300000,0x00000000f7900000)
 ParOldGen       total 130560K, used 52357K [0x00000000c0000000, 0x00000000c7f80000, 0x00000000eab00000)
  object space 130560K, 40% used [0x00000000c0000000,0x00000000c3321660,0x00000000c7f80000)
 Metaspace       used 5920K, capacity 7024K, committed 7296K, reserved 1056768K
  class space    used 565K, capacity 616K, committed 640K, reserved 1048576K
Event: 2.321 GC heap after
Heap after GC invocations=7 (full 1):
 PSYoungGen      total 135680K, used 27535K [0x00000000eab00000, 0x00000000f6e00000, 0x0000000100000000)
  eden space 108032K, 0% used [0x00000000eab00000,0x00000000eab00000,0x00000000f1480000)
  from space 27648K, 99% used [0x00000000f5300000,0x00000000f6de3cb0,0x00000000f6e00000)
  to   space 39936K, 0% used [0x00000000f2000000,0x00000000f2000000,0x00000000f4700000)
 ParOldGen       total 130560K, used 52365K [0x00000000c0000000, 0x00000000c7f80000, 0x00000000eab00000)
  object space 130560K, 40% used [0x00000000c0000000,0x00000000c3323660,0x00000000c7f80000)
 Metaspace       used 5920K, capacity 7024K, committed 7296K, reserved 1056768K
  class space    used 565K, capacity 616K, committed 640K, reserved 1048576K
}
Event: 2.729 GC heap before
{Heap before GC invocations=8 (full 1):
 PSYoungGen      total 135680K, used 135567K [0x00000000eab00000, 0x00000000f6e00000, 0x0000000100000000)
  eden space 108032K, 100% used [0x00000000eab00000,0x00000000f1480000,0x00000000f1480000)
  from space 27648K, 99% used [0x00000000f5300000,0x00000000f6de3cb0,0x00000000f6e00000)
  to   space 39936K, 0% used [0x00000000f2000000,0x00000000f2000000,0x00000000f4700000)
 ParOldGen       total 130560K, used 52365K [0x00000000c0000000, 0x00000000c7f80000, 0x00000000eab00000)
  object space 130560K, 40% used [0x00000000c0000000,0x00000000c3323660,0x00000000c7f80000)
 Metaspace       used 5935K, capacity 7024K, committed 7296K, reserved 1056768K
  class space    used 566K, capacity 616K, committed 640K, reserved 1048576K
Event: 2.760 GC heap after
Heap after GC invocations=8 (full 1):
 PSYoungGen      total 159744K, used 39923K [0x00000000eab00000, 0x00000000fc600000, 0x0000000100000000)
  eden space 119808K, 0% used [0x00000000eab00000,0x00000000eab00000,0x00000000f2000000)
  from space 39936K, 99% used [0x00000000f2000000,0x00000000f46fcd70,0x00000000f4700000)
  to   space 58880K, 0% used [0x00000000f8c80000,0x00000000f8c80000,0x00000000fc600000)
 ParOldGen       total 130560K, used 76045K [0x00000000c0000000, 0x00000000c7f80000, 0x00000000eab00000)
  object space 130560K, 58% used [0x00000000c0000000,0x00000000c4a436f0,0x00000000c7f80000)
 Metaspace       used 5935K, capacity 7024K, committed 7296K, reserved 1056768K
  class space    used 566K, capacity 616K, committed 640K, reserved 1048576K
}

Deoptimization events (10 events):
Event: 5.965 Thread 0x00000000164db000 Uncommon trap: reason=class_check action=maybe_recompile pc=0x0000000002c7f3cc method=java.util.Arrays.equals([Ljava/lang/Object;[Ljava/lang/Object;)Z @ 62
Event: 5.965 Thread 0x00000000164db000 Uncommon trap: reason=speculate_class_check action=maybe_recompile pc=0x0000000002fb5348 method=com.android.dx.util.FixedSizeList.equals(Ljava/lang/Object;)Z @ 25
Event: 5.965 Thread 0x00000000164db000 Uncommon trap: reason=class_check action=maybe_recompile pc=0x0000000002c7f3cc method=java.util.Arrays.equals([Ljava/lang/Object;[Ljava/lang/Object;)Z @ 62
Event: 5.965 Thread 0x00000000164db000 Uncommon trap: reason=speculate_class_check action=maybe_recompile pc=0x0000000002fb5348 method=com.android.dx.util.FixedSizeList.equals(Ljava/lang/Object;)Z @ 25
Event: 5.965 Thread 0x00000000164db000 Uncommon trap: reason=class_check action=maybe_recompile pc=0x0000000002c7f3cc method=java.util.Arrays.equals([Ljava/lang/Object;[Ljava/lang/Object;)Z @ 62
Event: 5.965 Thread 0x00000000164db000 Uncommon trap: reason=speculate_class_check action=maybe_recompile pc=0x0000000002fb5348 method=com.android.dx.util.FixedSizeList.equals(Ljava/lang/Object;)Z @ 25
Event: 5.965 Thread 0x00000000164db000 Uncommon trap: reason=class_check action=maybe_recompile pc=0x0000000002c7f3cc method=java.util.Arrays.equals([Ljava/lang/Object;[Ljava/lang/Object;)Z @ 62
Event: 5.969 Thread 0x00000000164db000 Uncommon trap: reason=unstable_if action=reinterpret pc=0x00000000030bf5b4 method=java.util.TreeMap.put(Ljava/lang/Object;Ljava/lang/Object;)Ljava/lang/Object; @ 163
Event: 5.979 Thread 0x00000000164db000 Uncommon trap: reason=unstable_if action=reinterpret pc=0x0000000002fe04e8 method=com.android.dx.rop.code.RegisterSpecSet.equals(Ljava/lang/Object;)Z @ 30
Event: 5.986 Thread 0x00000000164db000 Uncommon trap: reason=unstable_if action=reinterpret pc=0x00000000030ff9dc method=com.android.dx.dex.code.LocalList$MakeState.snapshot(ILcom/android/dx/rop/code/RegisterSpecSet;)V @ 51

Internal exceptions (4 events):
Event: 0.177 Thread 0x0000000000c2d800 Exception <a 'java/lang/NoSuchMethodError': Method sun.misc.Unsafe.defineClass(Ljava/lang/String;[BII)Ljava/lang/Class; name or signature does not match> (0x00000000eab07c78) thrown at [C:\src\android\AOSP-openjdk\external\jetbrains\jdk\hotspot\src\share\vñ×³IºµÆ?
Event: 0.177 Thread 0x0000000000c2d800 Exception <a 'java/lang/NoSuchMethodError': Method sun.misc.Unsafe.prefetchRead(Ljava/lang/Object;J)V name or signature does not match> (0x00000000eab07f60) thrown at [C:\src\android\AOSP-openjdk\external\jetbrains\jdk\hotspot\src\share\vm\prims\jni.cpp, lÂãy4†×ô?
Event: 1.303 Thread 0x00000000165e0000 Implicit null exception at 0x0000000002c5e622 to 0x0000000002c5e71a
Event: 1.321 Thread 0x00000000165e0000 Implicit null exception at 0x0000000002ce130c to 0x0000000002ce2909

Events (10 events):
Event: 5.969 Thread 0x00000000164db000 DEOPT PACKING pc=0x00000000030bf5b4 sp=0x0000000019c1ee50
Event: 5.969 Thread 0x00000000164db000 DEOPT UNPACKING pc=0x000000000299556a sp=0x0000000019c1ee30 mode 2
Event: 5.979 Thread 0x00000000164db000 Uncommon trap: trap_request=0xffffff65 fr.pc=0x0000000002fe04e8
Event: 5.979 Thread 0x00000000164db000 DEOPT PACKING pc=0x0000000002fe04e8 sp=0x0000000019c1eb90
Event: 5.979 Thread 0x00000000164db000 DEOPT UNPACKING pc=0x000000000299556a sp=0x0000000019c1eb10 mode 2
Event: 5.986 Thread 0x00000000164db000 Uncommon trap: trap_request=0xffffff65 fr.pc=0x00000000030ff9dc
Event: 5.986 Thread 0x00000000164db000 DEOPT PACKING pc=0x00000000030ff9dc sp=0x0000000019c1edf0
Event: 5.986 Thread 0x00000000164db000 DEOPT UNPACKING pc=0x000000000299556a sp=0x0000000019c1edb8 mode 2
Event: 6.107 Thread 0x00000000164db000 DEOPT PACKING pc=0x0000000003117068 sp=0x0000000019c1ec90
Event: 6.107 Thread 0x00000000164db000 DEOPT UNPACKING pc=0x00000000029975bf sp=0x0000000019c1eae0 mode 0


Dynamic libraries:
0x00007ff636230000 - 0x00007ff636261000 	D:\Program Files\Android\Android Studio\jre\bin\java.exe
0x00007fffec7f0000 - 0x00007fffec9c1000 	C:\WINDOWS\SYSTEM32\ntdll.dll
0x00007fffeb1d0000 - 0x00007fffeb27c000 	C:\WINDOWS\System32\KERNEL32.DLL
0x00007fffe96e0000 - 0x00007fffe98fd000 	C:\WINDOWS\System32\KERNELBASE.dll
0x00007fffe9e60000 - 0x00007fffe9f02000 	C:\WINDOWS\System32\ADVAPI32.dll
0x00007fffeaaa0000 - 0x00007fffeab3e000 	C:\WINDOWS\System32\msvcrt.dll
0x00007fffec790000 - 0x00007fffec7e9000 	C:\WINDOWS\System32\sechost.dll
0x00007fffea970000 - 0x00007fffeaa91000 	C:\WINDOWS\System32\RPCRT4.dll
0x00007fffeac40000 - 0x00007fffeada5000 	C:\WINDOWS\System32\USER32.dll
0x00007fffe9d10000 - 0x00007fffe9d2e000 	C:\WINDOWS\System32\win32u.dll
0x00007fffea180000 - 0x00007fffea1b4000 	C:\WINDOWS\System32\GDI32.dll
0x00007fffe9b80000 - 0x00007fffe9d02000 	C:\WINDOWS\System32\gdi32full.dll
0x00007fffe41c0000 - 0x00007fffe443a000 	C:\WINDOWS\WinSxS\amd64_microsoft.windows.common-controls_6595b64144ccf1df_6.0.14393.953_none_42151e83c686086b\COMCTL32.dll
0x00007fffea600000 - 0x00007fffea8c8000 	C:\WINDOWS\System32\combase.dll
0x00007fffe8ce0000 - 0x00007fffe8dd5000 	C:\WINDOWS\System32\ucrtbase.dll
0x00007fffe9670000 - 0x00007fffe96da000 	C:\WINDOWS\System32\bcryptPrimitives.dll
0x00007fffe9da0000 - 0x00007fffe9dce000 	C:\WINDOWS\System32\IMM32.DLL
0x0000000063d40000 - 0x0000000063e12000 	D:\Program Files\Android\Android Studio\jre\jre\bin\msvcr100.dll
0x0000000062840000 - 0x000000006307c000 	D:\Program Files\Android\Android Studio\jre\jre\bin\server\jvm.dll
0x00007fffe9e40000 - 0x00007fffe9e48000 	C:\WINDOWS\System32\PSAPI.DLL
0x00007fffdc320000 - 0x00007fffdc329000 	C:\WINDOWS\SYSTEM32\WSOCK32.dll
0x00007fffea110000 - 0x00007fffea17a000 	C:\WINDOWS\System32\WS2_32.dll
0x00007fffe6c20000 - 0x00007fffe6c43000 	C:\WINDOWS\SYSTEM32\WINMM.dll
0x00007fffe4cf0000 - 0x00007fffe4cfa000 	C:\WINDOWS\SYSTEM32\VERSION.dll
0x00007fffe6b00000 - 0x00007fffe6b2b000 	C:\WINDOWS\SYSTEM32\WINMMBASE.dll
0x00007fffe9d30000 - 0x00007fffe9d72000 	C:\WINDOWS\System32\cfgmgr32.dll
0x00007fffe63f0000 - 0x00007fffe63ff000 	D:\Program Files\Android\Android Studio\jre\jre\bin\verify.dll
0x00007fffe4bc0000 - 0x00007fffe4be9000 	D:\Program Files\Android\Android Studio\jre\jre\bin\java.dll
0x00007fffe63d0000 - 0x00007fffe63e6000 	D:\Program Files\Android\Android Studio\jre\jre\bin\zip.dll
0x00007fffeb280000 - 0x00007fffec788000 	C:\WINDOWS\System32\SHELL32.dll
0x00007fffe8e80000 - 0x00007fffe955a000 	C:\WINDOWS\System32\windows.storage.dll
0x00007fffe8c50000 - 0x00007fffe8c9c000 	C:\WINDOWS\System32\powrprof.dll
0x00007fffea050000 - 0x00007fffea0a2000 	C:\WINDOWS\System32\shlwapi.dll
0x00007fffe8cd0000 - 0x00007fffe8cdf000 	C:\WINDOWS\System32\kernel.appcore.dll
0x00007fffe9560000 - 0x00007fffe9609000 	C:\WINDOWS\System32\shcore.dll
0x00007fffe8ca0000 - 0x00007fffe8cb4000 	C:\WINDOWS\System32\profapi.dll

VM Arguments:
jvm_args: -Djava.awt.headless=true -Xmx1024M -Dfile.encoding=GBK -Duser.country=CN -Duser.language=zh -Duser.variant 
java_command: com.android.dx.command.Main --dex --force-jumbo --num-threads=4 --multi-dex --output D:\musicbean\app\build\intermediates\transforms\dex\baidu\debug\folders\1000\5\slice_5 D:\musicbean\app\build\intermediates\transforms\instantRunSlicer\baidu\debug\folders\1\5\slice_5
java_class_path (initial): D:\SDK\build-tools\25.0.0\lib\dx.jar
Launcher Type: SUN_STANDARD

Environment Variables:
JAVA_HOME=C:\Program Files\Java\jdk1.8.0_101
CLASSPATH=.;C:\Program Files\Java\jdk1.8.0_101\lib;
PATH=C:\ProgramData\Oracle\Java\javapath;C:\WINDOWS\system32;C:\WINDOWS;C:\WINDOWS\System32\Wbem;C:\WINDOWS\System32\WindowsPowerShell\v1.0\;C:\Program Files\Java\jdk1.8.0_101\bin;C:\Program Files\Java\jdk1.8.0_101\jre\bin;D:\Git\cmd;C:\Users\Administrator\AppData\Local\Microsoft\WindowsApps;
USERNAME=Administrator
OS=Windows_NT
PROCESSOR_IDENTIFIER=Intel64 Family 6 Model 94 Stepping 3, GenuineIntel



---------------  S Y S T E M  ---------------

OS: Windows 10.0 , 64 bit Build 14393 (10.0.14393.1198)

CPU:total 4 (4 cores per cpu, 1 threads per core) family 6 model 94 stepping 3, cmov, cx8, fxsr, mmx, sse, sse2, sse3, ssse3, sse4.1, sse4.2, popcnt, avx, avx2, aes, clmul, erms, rtm, 3dnowpref, lzcnt, tsc, tscinvbit, bmi1, bmi2, adx

Memory: 4k page, physical 8299524k(2516448k free), swap 14749720k(2156k free)

vm_info: OpenJDK 64-Bit Server VM (25.112-b06) for windows-amd64 JRE (1.8.0_112-release-b06), built on Dec  8 2016 00:54:26 by "builder" with MS VC++ 10.0 (VS2010)

time: Mon May 22 14:04:58 2017
elapsed time: 6 seconds (0d 0h 0m 6s)

