#
# There is insufficient memory for the Java Runtime Environment to continue.
# Native memory allocation (malloc) failed to allocate 44976 bytes for Chunk::new
# Possible reasons:
#   The system is out of physical RAM or swap space
#   In 32 bit mode, the process size limit was hit
# Possible solutions:
#   Reduce memory load on the system
#   Increase physical memory or swap space
#   Check if swap backing store is full
#   Use 64 bit Java on a 64 bit OS
#   Decrease Java heap size (-Xmx/-Xms)
#   Decrease number of Java threads
#   Decrease Java thread stack sizes (-Xss)
#   Set larger code cache with -XX:ReservedCodeCacheSize=
# This output file may be truncated or incomplete.
#
#  Out of Memory Error (allocation.cpp:390), pid=30020, tid=0x0000000000007d20
#
# JRE version: OpenJDK Runtime Environment (8.0_112-b06) (build 1.8.0_112-release-b06)
# Java VM: OpenJDK 64-Bit Server VM (25.112-b06 mixed mode windows-amd64 compressed oops)
# Failed to write core dump. Minidumps are not enabled by default on client versions of Windows
#

---------------  T H R E A D  ---------------

Current thread (0x00000000155a0000):  JavaThread "C2 CompilerThread0" daemon [_thread_in_native, id=32032, stack(0x0000000016ef0000,0x0000000016ff0000)]

Stack: [0x0000000016ef0000,0x0000000016ff0000]
[error occurred during error reporting (printing stack bounds), id 0xc0000005]

Native frames: (J=compiled Java code, j=interpreted, Vv=VM code, C=native code)


Current CompileTask:
C2:   5004 1561       4       com.android.dx.rop.code.BasicBlockList$RegCountVisitor::visitThrowingCstInsn (6 bytes)


---------------  P R O C E S S  ---------------

Java Threads: ( => current thread )
  0x0000000016bab800 JavaThread "pool-2-thread-4" [_thread_in_Java, id=32832, stack(0x00000000177f0000,0x00000000178f0000)]
  0x0000000016b49000 JavaThread "pool-2-thread-3" [_thread_in_vm, id=32816, stack(0x00000000176f0000,0x00000000177f0000)]
  0x0000000016a6f800 JavaThread "pool-2-thread-2" [_thread_blocked, id=32812, stack(0x00000000175f0000,0x00000000176f0000)]
  0x0000000016a6b800 JavaThread "pool-3-thread-1" [_thread_blocked, id=32808, stack(0x00000000174f0000,0x00000000175f0000)]
  0x0000000016a6b000 JavaThread "pool-2-thread-1" [_thread_in_Java, id=32804, stack(0x00000000173f0000,0x00000000174f0000)]
  0x000000001694f000 JavaThread "Service Thread" daemon [_thread_blocked, id=20640, stack(0x00000000171f0000,0x00000000172f0000)]
  0x0000000016947000 JavaThread "C1 CompilerThread2" daemon [_thread_in_native, id=32352, stack(0x00000000170f0000,0x00000000171f0000)]
  0x00000000155e8800 JavaThread "C2 CompilerThread1" daemon [_thread_in_native, id=30420, stack(0x0000000016ff0000,0x00000000170f0000)]
=>0x00000000155a0000 JavaThread "C2 CompilerThread0" daemon [_thread_in_native, id=32032, stack(0x0000000016ef0000,0x0000000016ff0000)]
  0x00000000155e7800 JavaThread "Attach Listener" daemon [_thread_blocked, id=31072, stack(0x0000000016df0000,0x0000000016ef0000)]
  0x00000000168f8800 JavaThread "Signal Dispatcher" daemon [_thread_blocked, id=29988, stack(0x0000000016cf0000,0x0000000016df0000)]
  0x0000000002eb5800 JavaThread "Finalizer" daemon [_thread_blocked, id=29820, stack(0x00000000167f0000,0x00000000168f0000)]
  0x0000000002eb0000 JavaThread "Reference Handler" daemon [_thread_blocked, id=30748, stack(0x00000000166f0000,0x00000000167f0000)]
  0x000000000104d800 JavaThread "main" [_thread_in_native, id=25604, stack(0x0000000002cc0000,0x0000000002dc0000)]

Other Threads:
  0x0000000015554800 VMThread [stack: 0x00000000165f0000,0x00000000166f0000] [id=29964]
  0x0000000016951000 WatcherThread [stack: 0x00000000172f0000,0x00000000173f0000] [id=30692]

VM state:not at safepoint (normal execution)

VM Mutex/Monitor currently owned by a thread: None

Heap:
 PSYoungGen      total 38400K, used 33622K [0x00000000eab00000, 0x00000000ef600000, 0x0000000100000000)
  eden space 33280K, 85% used [0x00000000eab00000,0x00000000ec6d69c8,0x00000000ecb80000)
  from space 5120K, 99% used [0x00000000ecb80000,0x00000000ed07f068,0x00000000ed080000)
  to   space 5120K, 0% used [0x00000000ef100000,0x00000000ef100000,0x00000000ef600000)
 ParOldGen       total 87552K, used 20502K [0x00000000c0000000, 0x00000000c5580000, 0x00000000eab00000)
  object space 87552K, 23% used [0x00000000c0000000,0x00000000c1405af0,0x00000000c5580000)
 Metaspace       used 5862K, capacity 6960K, committed 7040K, reserved 1056768K
  class space    used 561K, capacity 616K, committed 640K, reserved 1048576K

Card table byte_map: [0x0000000012280000,0x0000000012490000] byte_map_base: 0x0000000011c80000

Marking Bits: (ParMarkBitMap*) 0x00000000630018f0
 Begin Bits: [0x00000000129f0000, 0x00000000139f0000)
 End Bits:   [0x00000000139f0000, 0x00000000149f0000)

Polling page: 0x0000000000fb0000

CodeCache: size=245760Kb used=6362Kb max_used=6371Kb free=239397Kb
 bounds [0x0000000002ec0000, 0x0000000003500000, 0x0000000011ec0000]
 total_blobs=1754 nmethods=1491 adapters=177
 compilation: enabled

Compilation events (10 events):
Event: 4.959 Thread 0x00000000155a0000 nmethod 1555 0x00000000034cf8d0 code [0x00000000034cfa20, 0x00000000034cfdd8]
Event: 4.996 Thread 0x0000000016947000 1556       3       com.android.dx.dex.file.OffsettedItem::<init> (44 bytes)
Event: 4.997 Thread 0x0000000016947000 nmethod 1556 0x00000000034cf050 code [0x00000000034cf200, 0x00000000034cf6d8]
Event: 4.997 Thread 0x00000000155a0000 1557       4       java.lang.AbstractStringBuilder::append (50 bytes)
Event: 5.001 Thread 0x0000000016947000 1562       3       com.android.dx.dex.code.OutputFinisher::updateInfo (44 bytes)
Event: 5.001 Thread 0x00000000155a0000 nmethod 1557 0x00000000034d1390 code [0x00000000034d14e0, 0x00000000034d1918]
Event: 5.001 Thread 0x00000000155a0000 1558       4       com.android.dx.rop.code.PlainInsn::withNewRegisters (18 bytes)
Event: 5.001 Thread 0x0000000016947000 nmethod 1562 0x00000000034aedd0 code [0x00000000034aef40, 0x00000000034af308]
Event: 5.002 Thread 0x00000000155a0000 nmethod 1558 0x00000000034ceb10 code [0x00000000034cec60, 0x00000000034cee18]
Event: 5.002 Thread 0x00000000155a0000 1561       4       com.android.dx.rop.code.BasicBlockList$RegCountVisitor::visitThrowingCstInsn (6 bytes)

GC Heap History (6 events):
Event: 3.084 GC heap before
{Heap before GC invocations=1 (full 0):
 PSYoungGen      total 38400K, used 33280K [0x00000000eab00000, 0x00000000ed580000, 0x0000000100000000)
  eden space 33280K, 100% used [0x00000000eab00000,0x00000000ecb80000,0x00000000ecb80000)
  from space 5120K, 0% used [0x00000000ed080000,0x00000000ed080000,0x00000000ed580000)
  to   space 5120K, 0% used [0x00000000ecb80000,0x00000000ecb80000,0x00000000ed080000)
 ParOldGen       total 87552K, used 0K [0x00000000c0000000, 0x00000000c5580000, 0x00000000eab00000)
  object space 87552K, 0% used [0x00000000c0000000,0x00000000c0000000,0x00000000c5580000)
 Metaspace       used 5709K, capacity 6832K, committed 7040K, reserved 1056768K
  class space    used 559K, capacity 616K, committed 640K, reserved 1048576K
Event: 3.113 GC heap after
Heap after GC invocations=1 (full 0):
 PSYoungGen      total 38400K, used 5091K [0x00000000eab00000, 0x00000000ed580000, 0x0000000100000000)
  eden space 33280K, 0% used [0x00000000eab00000,0x00000000eab00000,0x00000000ecb80000)
  from space 5120K, 99% used [0x00000000ecb80000,0x00000000ed078cb0,0x00000000ed080000)
  to   space 5120K, 0% used [0x00000000ed080000,0x00000000ed080000,0x00000000ed580000)
 ParOldGen       total 87552K, used 1918K [0x00000000c0000000, 0x00000000c5580000, 0x00000000eab00000)
  object space 87552K, 2% used [0x00000000c0000000,0x00000000c01df970,0x00000000c5580000)
 Metaspace       used 5709K, capacity 6832K, committed 7040K, reserved 1056768K
  class space    used 559K, capacity 616K, committed 640K, reserved 1048576K
}
Event: 3.684 GC heap before
{Heap before GC invocations=2 (full 0):
 PSYoungGen      total 38400K, used 38371K [0x00000000eab00000, 0x00000000ed580000, 0x0000000100000000)
  eden space 33280K, 100% used [0x00000000eab00000,0x00000000ecb80000,0x00000000ecb80000)
  from space 5120K, 99% used [0x00000000ecb80000,0x00000000ed078cb0,0x00000000ed080000)
  to   space 5120K, 0% used [0x00000000ed080000,0x00000000ed080000,0x00000000ed580000)
 ParOldGen       total 87552K, used 1918K [0x00000000c0000000, 0x00000000c5580000, 0x00000000eab00000)
  object space 87552K, 2% used [0x00000000c0000000,0x00000000c01df970,0x00000000c5580000)
 Metaspace       used 5835K, capacity 6960K, committed 7040K, reserved 1056768K
  class space    used 559K, capacity 616K, committed 640K, reserved 1048576K
Event: 3.699 GC heap after
Heap after GC invocations=2 (full 0):
 PSYoungGen      total 38400K, used 5102K [0x00000000eab00000, 0x00000000ed580000, 0x0000000100000000)
  eden space 33280K, 0% used [0x00000000eab00000,0x00000000eab00000,0x00000000ecb80000)
  from space 5120K, 99% used [0x00000000ed080000,0x00000000ed57bb78,0x00000000ed580000)
  to   space 5120K, 0% used [0x00000000ecb80000,0x00000000ecb80000,0x00000000ed080000)
 ParOldGen       total 87552K, used 10728K [0x00000000c0000000, 0x00000000c5580000, 0x00000000eab00000)
  object space 87552K, 12% used [0x00000000c0000000,0x00000000c0a7a018,0x00000000c5580000)
 Metaspace       used 5835K, capacity 6960K, committed 7040K, reserved 1056768K
  class space    used 559K, capacity 616K, committed 640K, reserved 1048576K
}
Event: 4.027 GC heap before
{Heap before GC invocations=3 (full 0):
 PSYoungGen      total 38400K, used 38382K [0x00000000eab00000, 0x00000000ed580000, 0x0000000100000000)
  eden space 33280K, 100% used [0x00000000eab00000,0x00000000ecb80000,0x00000000ecb80000)
  from space 5120K, 99% used [0x00000000ed080000,0x00000000ed57bb78,0x00000000ed580000)
  to   space 5120K, 0% used [0x00000000ecb80000,0x00000000ecb80000,0x00000000ed080000)
 ParOldGen       total 87552K, used 10728K [0x00000000c0000000, 0x00000000c5580000, 0x00000000eab00000)
  object space 87552K, 12% used [0x00000000c0000000,0x00000000c0a7a018,0x00000000c5580000)
 Metaspace       used 5844K, capacity 6960K, committed 7040K, reserved 1056768K
  class space    used 560K, capacity 616K, committed 640K, reserved 1048576K
Event: 4.218 GC heap after
Heap after GC invocations=3 (full 0):
 PSYoungGen      total 38400K, used 5116K [0x00000000eab00000, 0x00000000ef600000, 0x0000000100000000)
  eden space 33280K, 0% used [0x00000000eab00000,0x00000000eab00000,0x00000000ecb80000)
  from space 5120K, 99% used [0x00000000ecb80000,0x00000000ed07f068,0x00000000ed080000)
  to   space 5120K, 0% used [0x00000000ef100000,0x00000000ef100000,0x00000000ef600000)
 ParOldGen       total 87552K, used 20502K [0x00000000c0000000, 0x00000000c5580000, 0x00000000eab00000)
  object space 87552K, 23% used [0x00000000c0000000,0x00000000c1405af0,0x00000000c5580000)
 Metaspace       used 5844K, capacity 6960K, committed 7040K, reserved 1056768K
  class space    used 560K, capacity 616K, committed 640K, reserved 1048576K
}

Deoptimization events (10 events):
Event: 2.707 Thread 0x0000000016b49000 Uncommon trap: reason=unstable_if action=reinterpret pc=0x00000000031a9110 method=com.android.dx.rop.code.RegisterSpec.equals(ILcom/android/dx/rop/type/TypeBearer;Lcom/android/dx/rop/code/LocalItem;)Z @ 16
Event: 2.707 Thread 0x0000000016b49000 Uncommon trap: reason=unstable_if action=reinterpret pc=0x000000000318cdd8 method=com.android.dx.rop.code.RegisterSpec.equals(ILcom/android/dx/rop/type/TypeBearer;Lcom/android/dx/rop/code/LocalItem;)Z @ 16
Event: 2.717 Thread 0x0000000016bab800 Uncommon trap: reason=unstable_if action=reinterpret pc=0x00000000031cf2fc method=com.android.dx.ssa.SsaRenamer$BlockRenamer.addMapping(ILcom/android/dx/rop/code/RegisterSpec;)V @ 120
Event: 3.114 Thread 0x0000000016bab800 Uncommon trap: reason=null_check action=make_not_entrant pc=0x00000000032ec488 method=com.android.dx.ssa.SsaRenamer.getLocalForNewReg(I)Lcom/android/dx/rop/code/LocalItem; @ 19
Event: 3.121 Thread 0x0000000016bab800 Uncommon trap: reason=bimorphic action=maybe_recompile pc=0x00000000032f86f4 method=java.util.HashMap.getNode(ILjava/lang/Object;)Ljava/util/HashMap$Node; @ 126
Event: 3.121 Thread 0x0000000016bab800 Uncommon trap: reason=bimorphic action=maybe_recompile pc=0x00000000032f86f4 method=java.util.HashMap.getNode(ILjava/lang/Object;)Ljava/util/HashMap$Node; @ 126
Event: 3.121 Thread 0x0000000016bab800 Uncommon trap: reason=bimorphic action=maybe_recompile pc=0x00000000032f86f4 method=java.util.HashMap.getNode(ILjava/lang/Object;)Ljava/util/HashMap$Node; @ 126
Event: 3.122 Thread 0x0000000016bab800 Uncommon trap: reason=bimorphic action=maybe_recompile pc=0x00000000032f86f4 method=java.util.HashMap.getNode(ILjava/lang/Object;)Ljava/util/HashMap$Node; @ 126
Event: 3.122 Thread 0x0000000016bab800 Uncommon trap: reason=bimorphic action=maybe_recompile pc=0x00000000032f3dd4 method=java.util.HashMap.getNode(ILjava/lang/Object;)Ljava/util/HashMap$Node; @ 126
Event: 4.267 Thread 0x0000000016b49000 Uncommon trap: reason=unstable_if action=reinterpret pc=0x00000000032df734 method=com.android.dx.dex.code.OutputFinisher.hasLocalInfo(Lcom/android/dx/dex/code/DalvInsn;)Z @ 24

Internal exceptions (4 events):
Event: 0.032 Thread 0x000000000104d800 Exception <a 'java/lang/NoSuchMethodError': Method sun.misc.Unsafe.defineClass(Ljava/lang/String;[BII)Ljava/lang/Class; name or signature does not match> (0x00000000eab07c78) thrown at [C:\src\android\AOSP-openjdk\external\jetbrains\jdk\hotspot\src\share\v•¾_.- ?
Event: 0.032 Thread 0x000000000104d800 Exception <a 'java/lang/NoSuchMethodError': Method sun.misc.Unsafe.prefetchRead(Ljava/lang/Object;J)V name or signature does not match> (0x00000000eab07f60) thrown at [C:\src\android\AOSP-openjdk\external\jetbrains\jdk\hotspot\src\share\vm\prims\jni.cpp, l£
Event: 2.705 Thread 0x0000000016b49000 Implicit null exception at 0x00000000032e11a2 to 0x00000000032e129a
Event: 3.114 Thread 0x0000000016bab800 Implicit null exception at 0x00000000032e9be6 to 0x00000000032ec461

Events (10 events):
Event: 4.314 Thread 0x0000000016bab800 DEOPT PACKING pc=0x00000000031e9da1 sp=0x00000000178ee410
Event: 4.314 Thread 0x0000000016bab800 DEOPT UNPACKING pc=0x0000000002f075bf sp=0x00000000178ee180 mode 0
Event: 4.319 Thread 0x0000000016b49000 DEOPT PACKING pc=0x000000000327b925 sp=0x00000000177ee910
Event: 4.319 Thread 0x0000000016b49000 DEOPT UNPACKING pc=0x0000000002f075bf sp=0x00000000177ee700 mode 0
Event: 4.392 Thread 0x0000000016b49000 DEOPT PACKING pc=0x00000000031e9da1 sp=0x00000000177ee960
Event: 4.392 Thread 0x0000000016b49000 DEOPT UNPACKING pc=0x0000000002f075bf sp=0x00000000177ee6e0 mode 0
Event: 4.396 Thread 0x0000000016b49000 DEOPT PACKING pc=0x000000000336d6cc sp=0x00000000177ee940
Event: 4.396 Thread 0x0000000016b49000 DEOPT UNPACKING pc=0x0000000002f075bf sp=0x00000000177ee688 mode 0
Event: 5.002 loading class com/android/dx/rop/code/RegisterSpec$1
Event: 5.002 loading class com/android/dx/rop/code/RegisterSpec$1 done


Dynamic libraries:
0x00007ff636230000 - 0x00007ff636261000 	D:\Program Files\Android\Android Studio\jre\bin\java.exe
0x00007fffec7f0000 - 0x00007fffec9c1000 	C:\WINDOWS\SYSTEM32\ntdll.dll
0x00007fffeb1d0000 - 0x00007fffeb27c000 	C:\WINDOWS\System32\KERNEL32.DLL
0x00007fffe96e0000 - 0x00007fffe98fd000 	C:\WINDOWS\System32\KERNELBASE.dll
0x00007fffe9e60000 - 0x00007fffe9f02000 	C:\WINDOWS\System32\ADVAPI32.dll
0x00007fffeaaa0000 - 0x00007fffeab3e000 	C:\WINDOWS\System32\msvcrt.dll
0x00007fffec790000 - 0x00007fffec7e9000 	C:\WINDOWS\System32\sechost.dll
0x00007fffea970000 - 0x00007fffeaa91000 	C:\WINDOWS\System32\RPCRT4.dll
0x00007fffeac40000 - 0x00007fffeada5000 	C:\WINDOWS\System32\USER32.dll
0x00007fffe9d10000 - 0x00007fffe9d2e000 	C:\WINDOWS\System32\win32u.dll
0x00007fffea180000 - 0x00007fffea1b4000 	C:\WINDOWS\System32\GDI32.dll
0x00007fffe9b80000 - 0x00007fffe9d02000 	C:\WINDOWS\System32\gdi32full.dll
0x00007fffe41c0000 - 0x00007fffe443a000 	C:\WINDOWS\WinSxS\amd64_microsoft.windows.common-controls_6595b64144ccf1df_6.0.14393.953_none_42151e83c686086b\COMCTL32.dll
0x00007fffea600000 - 0x00007fffea8c8000 	C:\WINDOWS\System32\combase.dll
0x00007fffe8ce0000 - 0x00007fffe8dd5000 	C:\WINDOWS\System32\ucrtbase.dll
0x00007fffe9670000 - 0x00007fffe96da000 	C:\WINDOWS\System32\bcryptPrimitives.dll
0x00007fffe9da0000 - 0x00007fffe9dce000 	C:\WINDOWS\System32\IMM32.DLL
0x0000000063d40000 - 0x0000000063e12000 	D:\Program Files\Android\Android Studio\jre\jre\bin\msvcr100.dll
0x0000000062840000 - 0x000000006307c000 	D:\Program Files\Android\Android Studio\jre\jre\bin\server\jvm.dll
0x00007fffe9e40000 - 0x00007fffe9e48000 	C:\WINDOWS\System32\PSAPI.DLL
0x00007fffdc320000 - 0x00007fffdc329000 	C:\WINDOWS\SYSTEM32\WSOCK32.dll
0x00007fffea110000 - 0x00007fffea17a000 	C:\WINDOWS\System32\WS2_32.dll
0x00007fffe6c20000 - 0x00007fffe6c43000 	C:\WINDOWS\SYSTEM32\WINMM.dll
0x00007fffe4cf0000 - 0x00007fffe4cfa000 	C:\WINDOWS\SYSTEM32\VERSION.dll
0x00007fffe6b00000 - 0x00007fffe6b2b000 	C:\WINDOWS\SYSTEM32\WINMMBASE.dll
0x00007fffe9d30000 - 0x00007fffe9d72000 	C:\WINDOWS\System32\cfgmgr32.dll
0x00007fffe63f0000 - 0x00007fffe63ff000 	D:\Program Files\Android\Android Studio\jre\jre\bin\verify.dll
0x00007fffe4bc0000 - 0x00007fffe4be9000 	D:\Program Files\Android\Android Studio\jre\jre\bin\java.dll
0x00007fffe63d0000 - 0x00007fffe63e6000 	D:\Program Files\Android\Android Studio\jre\jre\bin\zip.dll
0x00007fffeb280000 - 0x00007fffec788000 	C:\WINDOWS\System32\SHELL32.dll
0x00007fffe8e80000 - 0x00007fffe955a000 	C:\WINDOWS\System32\windows.storage.dll
0x00007fffe8c50000 - 0x00007fffe8c9c000 	C:\WINDOWS\System32\powrprof.dll
0x00007fffea050000 - 0x00007fffea0a2000 	C:\WINDOWS\System32\shlwapi.dll
0x00007fffe8cd0000 - 0x00007fffe8cdf000 	C:\WINDOWS\System32\kernel.appcore.dll
0x00007fffe9560000 - 0x00007fffe9609000 	C:\WINDOWS\System32\shcore.dll
0x00007fffe8ca0000 - 0x00007fffe8cb4000 	C:\WINDOWS\System32\profapi.dll

VM Arguments:
jvm_args: -Djava.awt.headless=true -Xmx1024M -Dfile.encoding=GBK -Duser.country=CN -Duser.language=zh -Duser.variant 
java_command: com.android.dx.command.Main --dex --force-jumbo --num-threads=4 --multi-dex --output D:\musicbean\app\build\intermediates\transforms\dex\baidu\debug\folders\1000\5\slice_2 D:\musicbean\app\build\intermediates\transforms\instantRunSlicer\baidu\debug\folders\1\5\slice_2
java_class_path (initial): D:\SDK\build-tools\25.0.0\lib\dx.jar
Launcher Type: SUN_STANDARD

Environment Variables:
JAVA_HOME=C:\Program Files\Java\jdk1.8.0_101
CLASSPATH=.;C:\Program Files\Java\jdk1.8.0_101\lib;
PATH=C:\ProgramData\Oracle\Java\javapath;C:\WINDOWS\system32;C:\WINDOWS;C:\WINDOWS\System32\Wbem;C:\WINDOWS\System32\WindowsPowerShell\v1.0\;C:\Program Files\Java\jdk1.8.0_101\bin;C:\Program Files\Java\jdk1.8.0_101\jre\bin;D:\Git\cmd;C:\Users\Administrator\AppData\Local\Microsoft\WindowsApps;
USERNAME=Administrator
OS=Windows_NT
PROCESSOR_IDENTIFIER=Intel64 Family 6 Model 94 Stepping 3, GenuineIntel



---------------  S Y S T E M  ---------------

OS: Windows 10.0 , 64 bit Build 14393 (10.0.14393.1198)

CPU:total 4 (4 cores per cpu, 1 threads per core) family 6 model 94 stepping 3, cmov, cx8, fxsr, mmx, sse, sse2, sse3, ssse3, sse4.1, sse4.2, popcnt, avx, avx2, aes, clmul, erms, rtm, 3dnowpref, lzcnt, tsc, tscinvbit, bmi1, bmi2, adx

Memory: 4k page, physical 8299524k(2476516k free), swap 14749720k(76k free)

vm_info: OpenJDK 64-Bit Server VM (25.112-b06) for windows-amd64 JRE (1.8.0_112-release-b06), built on Dec  8 2016 00:54:26 by "builder" with MS VC++ 10.0 (VS2010)

time: Mon May 22 13:23:00 2017
elapsed time: 5 seconds (0d 0h 0m 5s)

