#
# There is insufficient memory for the Java Runtime Environment to continue.
# Native memory allocation (malloc) failed to allocate 197136 bytes for Chunk::new
# Possible reasons:
#   The system is out of physical RAM or swap space
#   In 32 bit mode, the process size limit was hit
# Possible solutions:
#   Reduce memory load on the system
#   Increase physical memory or swap space
#   Check if swap backing store is full
#   Use 64 bit Java on a 64 bit OS
#   Decrease Java heap size (-Xmx/-Xms)
#   Decrease number of Java threads
#   Decrease Java thread stack sizes (-Xss)
#   Set larger code cache with -XX:ReservedCodeCacheSize=
# This output file may be truncated or incomplete.
#
#  Out of Memory Error (allocation.cpp:390), pid=4184, tid=0x0000000000005b14
#
# JRE version: OpenJDK Runtime Environment (8.0_112-b06) (build 1.8.0_112-release-b06)
# Java VM: OpenJDK 64-Bit Server VM (25.112-b06 mixed mode windows-amd64 compressed oops)
# Failed to write core dump. Minidumps are not enabled by default on client versions of Windows
#

---------------  T H R E A D  ---------------

Current thread (0x00000000159cf800):  JavaThread "C2 CompilerThread0" daemon [_thread_in_native, id=23316, stack(0x0000000017310000,0x0000000017410000)]

Stack: [0x0000000017310000,0x0000000017410000]
[error occurred during error reporting (printing stack bounds), id 0xc0000005]

Native frames: (J=compiled Java code, j=interpreted, Vv=VM code, C=native code)


Current CompileTask:
C2:  10927 2247 %     4       com.android.dx.dex.code.LocalList::make @ 16 (102 bytes)


---------------  P R O C E S S  ---------------

Java Threads: ( => current thread )
  0x00000000181c6000 JavaThread "pool-1-thread-1" [_thread_in_vm, id=7976, stack(0x000000001b480000,0x000000001b580000)]
  0x0000000016d71000 JavaThread "Service Thread" daemon [_thread_blocked, id=35044, stack(0x0000000017610000,0x0000000017710000)]
  0x0000000016d66000 JavaThread "C1 CompilerThread2" daemon [_thread_blocked, id=8312, stack(0x0000000017510000,0x0000000017610000)]
  0x0000000015a19800 JavaThread "C2 CompilerThread1" daemon [_thread_blocked, id=33052, stack(0x0000000017410000,0x0000000017510000)]
=>0x00000000159cf800 JavaThread "C2 CompilerThread0" daemon [_thread_in_native, id=23316, stack(0x0000000017310000,0x0000000017410000)]
  0x0000000015a17800 JavaThread "Attach Listener" daemon [_thread_blocked, id=37536, stack(0x0000000017210000,0x0000000017310000)]
  0x0000000016d18800 JavaThread "Signal Dispatcher" daemon [_thread_blocked, id=40472, stack(0x0000000017110000,0x0000000017210000)]
  0x00000000032eb000 JavaThread "Finalizer" daemon [_thread_blocked, id=1280, stack(0x0000000016c10000,0x0000000016d10000)]
  0x00000000032e0000 JavaThread "Reference Handler" daemon [_thread_blocked, id=32836, stack(0x0000000016b10000,0x0000000016c10000)]
  0x00000000031ed800 JavaThread "main" [_thread_blocked, id=36888, stack(0x0000000003060000,0x0000000003160000)]

Other Threads:
  0x0000000015985800 VMThread [stack: 0x0000000016a10000,0x0000000016b10000] [id=32732]
  0x0000000016d73000 WatcherThread [stack: 0x0000000017710000,0x0000000017810000] [id=37216]

VM state:not at safepoint (normal execution)

VM Mutex/Monitor currently owned by a thread: None

Heap:
 PSYoungGen      total 232448K, used 201665K [0x00000000eab00000, 0x00000000fea00000, 0x0000000100000000)
  eden space 181760K, 83% used [0x00000000eab00000,0x00000000f3ec9fb0,0x00000000f5c80000)
  from space 50688K, 99% used [0x00000000fb880000,0x00000000fe9a6770,0x00000000fea00000)
  to   space 65024K, 0% used [0x00000000f6b00000,0x00000000f6b00000,0x00000000faa80000)
 ParOldGen       total 198144K, used 75640K [0x00000000c0000000, 0x00000000cc180000, 0x00000000eab00000)
  object space 198144K, 38% used [0x00000000c0000000,0x00000000c49de288,0x00000000cc180000)
 Metaspace       used 6270K, capacity 7280K, committed 7552K, reserved 1056768K
  class space    used 584K, capacity 616K, committed 640K, reserved 1048576K

Card table byte_map: [0x00000000126b0000,0x00000000128c0000] byte_map_base: 0x00000000120b0000

Marking Bits: (ParMarkBitMap*) 0x00000000630418f0
 Begin Bits: [0x0000000012e20000, 0x0000000013e20000)
 End Bits:   [0x0000000013e20000, 0x0000000014e20000)

Polling page: 0x0000000002c60000

CodeCache: size=245760Kb used=10656Kb max_used=10669Kb free=235103Kb
 bounds [0x00000000032f0000, 0x0000000003d70000, 0x00000000122f0000]
 total_blobs=2439 nmethods=2176 adapters=177
 compilation: enabled

Compilation events (10 events):
Event: 10.911 Thread 0x00000000159cf800 nmethod 2242 0x0000000003d53410 code [0x0000000003d53560, 0x0000000003d53788]
Event: 10.911 Thread 0x0000000015a19800 2243 %     4       com.android.dx.dex.code.OutputFinisher::massageInstructions @ 17 (89 bytes)
Event: 10.915 Thread 0x00000000159cf800 2244 %     4       com.android.dx.dex.code.DalvInsnList::makeImmutable @ 18 (51 bytes)
Event: 10.917 Thread 0x0000000015a19800 nmethod 2243% 0x0000000003d61610 code [0x0000000003d617a0, 0x0000000003d61e18]
Event: 10.917 Thread 0x0000000015a19800 2245 %     4       com.android.dx.dex.code.OutputFinisher::calculateReservedCount @ 16 (122 bytes)
Event: 10.921 Thread 0x0000000015a19800 nmethod 2245% 0x0000000003d63ad0 code [0x0000000003d63c40, 0x0000000003d640d8]
Event: 10.921 Thread 0x00000000159cf800 nmethod 2244% 0x0000000003d54550 code [0x0000000003d546c0, 0x0000000003d54bf8]
Event: 10.921 Thread 0x0000000015a19800 2246       4       com.android.dx.dex.code.OutputFinisher::calculateReservedCount (122 bytes)
Event: 10.923 Thread 0x00000000159cf800 2247 %     4       com.android.dx.dex.code.LocalList::make @ 16 (102 bytes)
Event: 10.925 Thread 0x0000000015a19800 nmethod 2246 0x0000000003d64710 code [0x0000000003d64880, 0x0000000003d64c78]

GC Heap History (10 events):
Event: 6.509 GC heap before
{Heap before GC invocations=4 (full 0):
 PSYoungGen      total 71680K, used 71652K [0x00000000eab00000, 0x00000000f3700000, 0x0000000100000000)
  eden space 66560K, 100% used [0x00000000eab00000,0x00000000eec00000,0x00000000eec00000)
  from space 5120K, 99% used [0x00000000eec00000,0x00000000ef0f9360,0x00000000ef100000)
  to   space 5120K, 0% used [0x00000000f3200000,0x00000000f3200000,0x00000000f3700000)
 ParOldGen       total 87552K, used 47696K [0x00000000c0000000, 0x00000000c5580000, 0x00000000eab00000)
  object space 87552K, 54% used [0x00000000c0000000,0x00000000c2e943c8,0x00000000c5580000)
 Metaspace       used 5893K, capacity 7024K, committed 7296K, reserved 1056768K
  class space    used 566K, capacity 616K, committed 640K, reserved 1048576K
Event: 6.533 GC heap after
Heap after GC invocations=4 (full 0):
 PSYoungGen      total 138240K, used 5097K [0x00000000eab00000, 0x00000000f3700000, 0x0000000100000000)
  eden space 133120K, 0% used [0x00000000eab00000,0x00000000eab00000,0x00000000f2d00000)
  from space 5120K, 99% used [0x00000000f3200000,0x00000000f36fa510,0x00000000f3700000)
  to   space 5120K, 0% used [0x00000000f2d00000,0x00000000f2d00000,0x00000000f3200000)
 ParOldGen       total 87552K, used 66931K [0x00000000c0000000, 0x00000000c5580000, 0x00000000eab00000)
  object space 87552K, 76% used [0x00000000c0000000,0x00000000c415cfc0,0x00000000c5580000)
 Metaspace       used 5893K, capacity 7024K, committed 7296K, reserved 1056768K
  class space    used 566K, capacity 616K, committed 640K, reserved 1048576K
}
Event: 6.533 GC heap before
{Heap before GC invocations=5 (full 1):
 PSYoungGen      total 138240K, used 5097K [0x00000000eab00000, 0x00000000f3700000, 0x0000000100000000)
  eden space 133120K, 0% used [0x00000000eab00000,0x00000000eab00000,0x00000000f2d00000)
  from space 5120K, 99% used [0x00000000f3200000,0x00000000f36fa510,0x00000000f3700000)
  to   space 5120K, 0% used [0x00000000f2d00000,0x00000000f2d00000,0x00000000f3200000)
 ParOldGen       total 87552K, used 66931K [0x00000000c0000000, 0x00000000c5580000, 0x00000000eab00000)
  object space 87552K, 76% used [0x00000000c0000000,0x00000000c415cfc0,0x00000000c5580000)
 Metaspace       used 5893K, capacity 7024K, committed 7296K, reserved 1056768K
  class space    used 566K, capacity 616K, committed 640K, reserved 1048576K
Event: 7.068 GC heap after
Heap after GC invocations=5 (full 1):
 PSYoungGen      total 138240K, used 0K [0x00000000eab00000, 0x00000000f3700000, 0x0000000100000000)
  eden space 133120K, 0% used [0x00000000eab00000,0x00000000eab00000,0x00000000f2d00000)
  from space 5120K, 0% used [0x00000000f3200000,0x00000000f3200000,0x00000000f3700000)
  to   space 5120K, 0% used [0x00000000f2d00000,0x00000000f2d00000,0x00000000f3200000)
 ParOldGen       total 98816K, used 22513K [0x00000000c0000000, 0x00000000c6080000, 0x00000000eab00000)
  object space 98816K, 22% used [0x00000000c0000000,0x00000000c15fc7c8,0x00000000c6080000)
 Metaspace       used 5893K, capacity 7024K, committed 7296K, reserved 1056768K
  class space    used 566K, capacity 616K, committed 640K, reserved 1048576K
}
Event: 7.665 GC heap before
{Heap before GC invocations=6 (full 1):
 PSYoungGen      total 138240K, used 133120K [0x00000000eab00000, 0x00000000f3700000, 0x0000000100000000)
  eden space 133120K, 100% used [0x00000000eab00000,0x00000000f2d00000,0x00000000f2d00000)
  from space 5120K, 0% used [0x00000000f3200000,0x00000000f3200000,0x00000000f3700000)
  to   space 5120K, 0% used [0x00000000f2d00000,0x00000000f2d00000,0x00000000f3200000)
 ParOldGen       total 98816K, used 22513K [0x00000000c0000000, 0x00000000c6080000, 0x00000000eab00000)
  object space 98816K, 22% used [0x00000000c0000000,0x00000000c15fc7c8,0x00000000c6080000)
 Metaspace       used 5985K, capacity 7088K, committed 7296K, reserved 1056768K
  class space    used 567K, capacity 616K, committed 640K, reserved 1048576K
Event: 7.725 GC heap after
Heap after GC invocations=6 (full 1):
 PSYoungGen      total 138240K, used 5106K [0x00000000eab00000, 0x00000000ff100000, 0x0000000100000000)
  eden space 133120K, 0% used [0x00000000eab00000,0x00000000eab00000,0x00000000f2d00000)
  from space 5120K, 99% used [0x00000000f2d00000,0x00000000f31fc838,0x00000000f3200000)
  to   space 57856K, 0% used [0x00000000fb880000,0x00000000fb880000,0x00000000ff100000)
 ParOldGen       total 98816K, used 73238K [0x00000000c0000000, 0x00000000c6080000, 0x00000000eab00000)
  object space 98816K, 74% used [0x00000000c0000000,0x00000000c4785930,0x00000000c6080000)
 Metaspace       used 5985K, capacity 7088K, committed 7296K, reserved 1056768K
  class space    used 567K, capacity 616K, committed 640K, reserved 1048576K
}
Event: 7.725 GC heap before
{Heap before GC invocations=7 (full 2):
 PSYoungGen      total 138240K, used 5106K [0x00000000eab00000, 0x00000000ff100000, 0x0000000100000000)
  eden space 133120K, 0% used [0x00000000eab00000,0x00000000eab00000,0x00000000f2d00000)
  from space 5120K, 99% used [0x00000000f2d00000,0x00000000f31fc838,0x00000000f3200000)
  to   space 57856K, 0% used [0x00000000fb880000,0x00000000fb880000,0x00000000ff100000)
 ParOldGen       total 98816K, used 73238K [0x00000000c0000000, 0x00000000c6080000, 0x00000000eab00000)
  object space 98816K, 74% used [0x00000000c0000000,0x00000000c4785930,0x00000000c6080000)
 Metaspace       used 5985K, capacity 7088K, committed 7296K, reserved 1056768K
  class space    used 567K, capacity 616K, committed 640K, reserved 1048576K
Event: 8.016 GC heap after
Heap after GC invocations=7 (full 2):
 PSYoungGen      total 138240K, used 0K [0x00000000eab00000, 0x00000000ff100000, 0x0000000100000000)
  eden space 133120K, 0% used [0x00000000eab00000,0x00000000eab00000,0x00000000f2d00000)
  from space 5120K, 0% used [0x00000000f2d00000,0x00000000f2d00000,0x00000000f3200000)
  to   space 57856K, 0% used [0x00000000fb880000,0x00000000fb880000,0x00000000ff100000)
 ParOldGen       total 198144K, used 75640K [0x00000000c0000000, 0x00000000cc180000, 0x00000000eab00000)
  object space 198144K, 38% used [0x00000000c0000000,0x00000000c49de288,0x00000000cc180000)
 Metaspace       used 5985K, capacity 7088K, committed 7296K, reserved 1056768K
  class space    used 567K, capacity 616K, committed 640K, reserved 1048576K
}
Event: 8.536 GC heap before
{Heap before GC invocations=8 (full 2):
 PSYoungGen      total 138240K, used 133120K [0x00000000eab00000, 0x00000000ff100000, 0x0000000100000000)
  eden space 133120K, 100% used [0x00000000eab00000,0x00000000f2d00000,0x00000000f2d00000)
  from space 5120K, 0% used [0x00000000f2d00000,0x00000000f2d00000,0x00000000f3200000)
  to   space 57856K, 0% used [0x00000000fb880000,0x00000000fb880000,0x00000000ff100000)
 ParOldGen       total 198144K, used 75640K [0x00000000c0000000, 0x00000000cc180000, 0x00000000eab00000)
  object space 198144K, 38% used [0x00000000c0000000,0x00000000c49de288,0x00000000cc180000)
 Metaspace       used 5990K, capacity 7088K, committed 7296K, reserved 1056768K
  class space    used 567K, capacity 616K, committed 640K, reserved 1048576K
Event: 8.573 GC heap after
Heap after GC invocations=8 (full 2):
 PSYoungGen      total 232448K, used 50329K [0x00000000eab00000, 0x00000000fea00000, 0x0000000100000000)
  eden space 181760K, 0% used [0x00000000eab00000,0x00000000eab00000,0x00000000f5c80000)
  from space 50688K, 99% used [0x00000000fb880000,0x00000000fe9a6770,0x00000000fea00000)
  to   space 65024K, 0% used [0x00000000f6b00000,0x00000000f6b00000,0x00000000faa80000)
 ParOldGen       total 198144K, used 75640K [0x00000000c0000000, 0x00000000cc180000, 0x00000000eab00000)
  object space 198144K, 38% used [0x00000000c0000000,0x00000000c49de288,0x00000000cc180000)
 Metaspace       used 5990K, capacity 7088K, committed 7296K, reserved 1056768K
  class space    used 567K, capacity 616K, committed 640K, reserved 1048576K
}

Deoptimization events (10 events):
Event: 9.353 Thread 0x00000000181c6000 Uncommon trap: reason=class_check action=maybe_recompile pc=0x0000000003c27cec method=java.util.HashMap.putVal(ILjava/lang/Object;Ljava/lang/Object;ZZ)Ljava/lang/Object; @ 203
Event: 9.354 Thread 0x00000000181c6000 Uncommon trap: reason=bimorphic action=maybe_recompile pc=0x0000000003ab266c method=java.util.HashMap.getNode(ILjava/lang/Object;)Ljava/util/HashMap$Node; @ 126
Event: 9.354 Thread 0x00000000181c6000 Uncommon trap: reason=class_check action=maybe_recompile pc=0x0000000003c27cec method=java.util.HashMap.putVal(ILjava/lang/Object;Ljava/lang/Object;ZZ)Ljava/lang/Object; @ 203
Event: 9.354 Thread 0x00000000181c6000 Uncommon trap: reason=class_check action=maybe_recompile pc=0x0000000003c27cec method=java.util.HashMap.putVal(ILjava/lang/Object;Ljava/lang/Object;ZZ)Ljava/lang/Object; @ 203
Event: 9.354 Thread 0x00000000181c6000 Uncommon trap: reason=class_check action=maybe_recompile pc=0x0000000003c27cec method=java.util.HashMap.putVal(ILjava/lang/Object;Ljava/lang/Object;ZZ)Ljava/lang/Object; @ 203
Event: 9.499 Thread 0x00000000181c6000 Uncommon trap: reason=speculate_class_check action=maybe_recompile pc=0x000000000360090c method=com.android.dx.util.FixedSizeList.equals(Ljava/lang/Object;)Z @ 25
Event: 9.499 Thread 0x00000000181c6000 Uncommon trap: reason=speculate_class_check action=maybe_recompile pc=0x000000000360090c method=com.android.dx.util.FixedSizeList.equals(Ljava/lang/Object;)Z @ 25
Event: 9.500 Thread 0x00000000181c6000 Uncommon trap: reason=speculate_class_check action=maybe_recompile pc=0x000000000360090c method=com.android.dx.util.FixedSizeList.equals(Ljava/lang/Object;)Z @ 25
Event: 9.500 Thread 0x00000000181c6000 Uncommon trap: reason=speculate_class_check action=maybe_recompile pc=0x000000000360090c method=com.android.dx.util.FixedSizeList.equals(Ljava/lang/Object;)Z @ 25
Event: 9.500 Thread 0x00000000181c6000 Uncommon trap: reason=unstable_if action=reinterpret pc=0x00000000039dcba4 method=java.util.TreeMap.put(Ljava/lang/Object;Ljava/lang/Object;)Ljava/lang/Object; @ 163

Internal exceptions (3 events):
Event: 0.035 Thread 0x00000000031ed800 Exception <a 'java/lang/NoSuchMethodError': Method sun.misc.Unsafe.defineClass(Ljava/lang/String;[BII)Ljava/lang/Class; name or signature does not match> (0x00000000eab07c78) thrown at [C:\src\android\AOSP-openjdk\external\jetbrains\jdk\hotspot\src\share\vÑ'Aá(È¡?
Event: 0.035 Thread 0x00000000031ed800 Exception <a 'java/lang/NoSuchMethodError': Method sun.misc.Unsafe.prefetchRead(Ljava/lang/Object;J)V name or signature does not match> (0x00000000eab07f60) thrown at [C:\src\android\AOSP-openjdk\external\jetbrains\jdk\hotspot\src\share\vm\prims\jni.cpp, l‰&Ÿ€bó@
Event: 6.488 Thread 0x0000000016f91800 Implicit null exception at 0x0000000003827898 to 0x0000000003828655

Events (10 events):
Event: 10.380 Thread 0x00000000181c6000 DEOPT PACKING pc=0x0000000003d15be1 sp=0x000000001b57ebd0
Event: 10.380 Thread 0x00000000181c6000 DEOPT UNPACKING pc=0x00000000033375bf sp=0x000000001b57e950 mode 0
Event: 10.396 Thread 0x00000000181c6000 DEOPT PACKING pc=0x0000000003d1f8a8 sp=0x000000001b57eae0
Event: 10.396 Thread 0x00000000181c6000 DEOPT UNPACKING pc=0x00000000033375bf sp=0x000000001b57e930 mode 0
Event: 10.660 Thread 0x00000000181c6000 DEOPT PACKING pc=0x0000000003d2b37b sp=0x000000001b57ec00
Event: 10.660 Thread 0x00000000181c6000 DEOPT UNPACKING pc=0x00000000033375bf sp=0x000000001b57e960 mode 0
Event: 10.911 Thread 0x00000000181c6000 DEOPT PACKING pc=0x0000000003d24075 sp=0x000000001b57ecf0
Event: 10.911 Thread 0x00000000181c6000 DEOPT UNPACKING pc=0x00000000033375bf sp=0x000000001b57ea70 mode 0
Event: 10.922 Thread 0x00000000181c6000 DEOPT PACKING pc=0x0000000003d251c6 sp=0x000000001b57eb80
Event: 10.922 Thread 0x00000000181c6000 DEOPT UNPACKING pc=0x00000000033375bf sp=0x000000001b57e8e8 mode 0


Dynamic libraries:
0x00007ff6a7a20000 - 0x00007ff6a7a51000 	D:\Program Files\Android\Android Studio\jre\bin\java.exe
0x00007fffec7f0000 - 0x00007fffec9c1000 	C:\WINDOWS\SYSTEM32\ntdll.dll
0x00007fffeb1d0000 - 0x00007fffeb27c000 	C:\WINDOWS\System32\KERNEL32.DLL
0x00007fffe96e0000 - 0x00007fffe98fd000 	C:\WINDOWS\System32\KERNELBASE.dll
0x00007fffe9e60000 - 0x00007fffe9f02000 	C:\WINDOWS\System32\ADVAPI32.dll
0x00007fffeaaa0000 - 0x00007fffeab3e000 	C:\WINDOWS\System32\msvcrt.dll
0x00007fffec790000 - 0x00007fffec7e9000 	C:\WINDOWS\System32\sechost.dll
0x00007fffea970000 - 0x00007fffeaa91000 	C:\WINDOWS\System32\RPCRT4.dll
0x00007fffeac40000 - 0x00007fffeada5000 	C:\WINDOWS\System32\USER32.dll
0x00007fffe9d10000 - 0x00007fffe9d2e000 	C:\WINDOWS\System32\win32u.dll
0x00007fffea180000 - 0x00007fffea1b4000 	C:\WINDOWS\System32\GDI32.dll
0x00007fffe9b80000 - 0x00007fffe9d02000 	C:\WINDOWS\System32\gdi32full.dll
0x00007fffe41c0000 - 0x00007fffe443a000 	C:\WINDOWS\WinSxS\amd64_microsoft.windows.common-controls_6595b64144ccf1df_6.0.14393.953_none_42151e83c686086b\COMCTL32.dll
0x00007fffea600000 - 0x00007fffea8c8000 	C:\WINDOWS\System32\combase.dll
0x00007fffe8ce0000 - 0x00007fffe8dd5000 	C:\WINDOWS\System32\ucrtbase.dll
0x00007fffe9670000 - 0x00007fffe96da000 	C:\WINDOWS\System32\bcryptPrimitives.dll
0x00007fffe9da0000 - 0x00007fffe9dce000 	C:\WINDOWS\System32\IMM32.DLL
0x0000000063bb0000 - 0x0000000063c82000 	D:\Program Files\Android\Android Studio\jre\jre\bin\msvcr100.dll
0x0000000062880000 - 0x00000000630bc000 	D:\Program Files\Android\Android Studio\jre\jre\bin\server\jvm.dll
0x00007fffe9e40000 - 0x00007fffe9e48000 	C:\WINDOWS\System32\PSAPI.DLL
0x00007fffe6560000 - 0x00007fffe6569000 	C:\WINDOWS\SYSTEM32\WSOCK32.dll
0x00007fffea110000 - 0x00007fffea17a000 	C:\WINDOWS\System32\WS2_32.dll
0x00007fffe6c20000 - 0x00007fffe6c43000 	C:\WINDOWS\SYSTEM32\WINMM.dll
0x00007fffe4cf0000 - 0x00007fffe4cfa000 	C:\WINDOWS\SYSTEM32\VERSION.dll
0x00007fffe6b00000 - 0x00007fffe6b2b000 	C:\WINDOWS\SYSTEM32\WINMMBASE.dll
0x00007fffe9d30000 - 0x00007fffe9d72000 	C:\WINDOWS\System32\cfgmgr32.dll
0x00007fffe6550000 - 0x00007fffe655f000 	D:\Program Files\Android\Android Studio\jre\jre\bin\verify.dll
0x00007fffe4bc0000 - 0x00007fffe4be9000 	D:\Program Files\Android\Android Studio\jre\jre\bin\java.dll
0x00007fffe6410000 - 0x00007fffe6426000 	D:\Program Files\Android\Android Studio\jre\jre\bin\zip.dll
0x00007fffeb280000 - 0x00007fffec788000 	C:\WINDOWS\System32\SHELL32.dll
0x00007fffe8e80000 - 0x00007fffe955a000 	C:\WINDOWS\System32\windows.storage.dll
0x00007fffe8c50000 - 0x00007fffe8c9c000 	C:\WINDOWS\System32\powrprof.dll
0x00007fffea050000 - 0x00007fffea0a2000 	C:\WINDOWS\System32\shlwapi.dll
0x00007fffe8cd0000 - 0x00007fffe8cdf000 	C:\WINDOWS\System32\kernel.appcore.dll
0x00007fffe9560000 - 0x00007fffe9609000 	C:\WINDOWS\System32\shcore.dll
0x00007fffe8ca0000 - 0x00007fffe8cb4000 	C:\WINDOWS\System32\profapi.dll

VM Arguments:
jvm_args: -Djava.awt.headless=true -Xmx1024M -Dfile.encoding=GBK -Duser.country=CN -Duser.language=zh -Duser.variant 
java_command: com.android.dx.command.Main --dex --force-jumbo --num-threads=4 --multi-dex --output D:\musicbean\app\build\intermediates\transforms\dex\baidu\debug\folders\1000\5\slice_4 D:\musicbean\app\build\intermediates\transforms\instantRunSlicer\baidu\debug\folders\1\5\slice_4
java_class_path (initial): D:\SDK\build-tools\25.0.0\lib\dx.jar
Launcher Type: SUN_STANDARD

Environment Variables:
JAVA_HOME=C:\Program Files\Java\jdk1.8.0_101
CLASSPATH=.;C:\Program Files\Java\jdk1.8.0_101\lib;
PATH=C:\ProgramData\Oracle\Java\javapath;C:\WINDOWS\system32;C:\WINDOWS;C:\WINDOWS\System32\Wbem;C:\WINDOWS\System32\WindowsPowerShell\v1.0\;C:\Program Files\Java\jdk1.8.0_101\bin;C:\Program Files\Java\jdk1.8.0_101\jre\bin;D:\Git\cmd;C:\Users\Administrator\AppData\Local\Microsoft\WindowsApps;
USERNAME=Administrator
OS=Windows_NT
PROCESSOR_IDENTIFIER=Intel64 Family 6 Model 94 Stepping 3, GenuineIntel



---------------  S Y S T E M  ---------------

OS: Windows 10.0 , 64 bit Build 14393 (10.0.14393.1198)

CPU:total 4 (4 cores per cpu, 1 threads per core) family 6 model 94 stepping 3, cmov, cx8, fxsr, mmx, sse, sse2, sse3, ssse3, sse4.1, sse4.2, popcnt, avx, avx2, aes, clmul, erms, rtm, 3dnowpref, lzcnt, tsc, tscinvbit, bmi1, bmi2, adx

Memory: 4k page, physical 8299524k(1744288k free), swap 14749720k(4152k free)

vm_info: OpenJDK 64-Bit Server VM (25.112-b06) for windows-amd64 JRE (1.8.0_112-release-b06), built on Dec  8 2016 00:54:26 by "builder" with MS VC++ 10.0 (VS2010)

time: Tue May 23 15:44:41 2017
elapsed time: 10 seconds (0d 0h 0m 10s)

