#
# There is insufficient memory for the Java Runtime Environment to continue.
# Native memory allocation (malloc) failed to allocate 32744 bytes for ChunkPool::allocate
# Possible reasons:
#   The system is out of physical RAM or swap space
#   In 32 bit mode, the process size limit was hit
# Possible solutions:
#   Reduce memory load on the system
#   Increase physical memory or swap space
#   Check if swap backing store is full
#   Use 64 bit Java on a 64 bit OS
#   Decrease Java heap size (-Xmx/-Xms)
#   Decrease number of Java threads
#   Decrease Java thread stack sizes (-Xss)
#   Set larger code cache with -XX:ReservedCodeCacheSize=
# This output file may be truncated or incomplete.
#
#  Out of Memory Error (allocation.cpp:273), pid=31532, tid=0x000000000000088c
#
# JRE version: OpenJDK Runtime Environment (8.0_112-b06) (build 1.8.0_112-release-b06)
# Java VM: OpenJDK 64-Bit Server VM (25.112-b06 mixed mode windows-amd64 compressed oops)
# Failed to write core dump. Minidumps are not enabled by default on client versions of Windows
#

---------------  T H R E A D  ---------------

Current thread (0x0000000015c50800):  JavaThread "C2 CompilerThread0" daemon [_thread_in_native, id=2188, stack(0x0000000017590000,0x0000000017690000)]

Stack: [0x0000000017590000,0x0000000017690000]
[error occurred during error reporting (printing stack bounds), id 0xc0000005]

Native frames: (J=compiled Java code, j=interpreted, Vv=VM code, C=native code)


Current CompileTask:
C2:   7344 1997       4       com.android.dx.ssa.back.IdenticalBlockCombiner::process (323 bytes)


---------------  P R O C E S S  ---------------

Java Threads: ( => current thread )
  0x0000000017130000 JavaThread "pool-2-thread-3" [_thread_in_Java, id=30012, stack(0x0000000017d90000,0x0000000017e90000)]
  0x00000000170fe800 JavaThread "pool-2-thread-2" [_thread_in_Java, id=30864, stack(0x0000000017c90000,0x0000000017d90000)]
  0x00000000170f6800 JavaThread "pool-3-thread-1" [_thread_blocked, id=31580, stack(0x0000000017b90000,0x0000000017c90000)]
  0x00000000170f5800 JavaThread "pool-2-thread-1" [_thread_in_Java, id=31484, stack(0x0000000017a90000,0x0000000017b90000)]
  0x000000001700e800 JavaThread "Service Thread" daemon [_thread_blocked, id=29364, stack(0x0000000017890000,0x0000000017990000)]
  0x0000000016f9b800 JavaThread "C1 CompilerThread2" daemon [_thread_blocked, id=25392, stack(0x0000000017790000,0x0000000017890000)]
  0x0000000015c99000 JavaThread "C2 CompilerThread1" daemon [_thread_in_native, id=31712, stack(0x0000000017690000,0x0000000017790000)]
=>0x0000000015c50800 JavaThread "C2 CompilerThread0" daemon [_thread_in_native, id=2188, stack(0x0000000017590000,0x0000000017690000)]
  0x0000000015c4f800 JavaThread "Attach Listener" daemon [_thread_blocked, id=30120, stack(0x0000000017490000,0x0000000017590000)]
  0x0000000016f98800 JavaThread "Signal Dispatcher" daemon [_thread_blocked, id=29908, stack(0x0000000017390000,0x0000000017490000)]
  0x000000000356b000 JavaThread "Finalizer" daemon [_thread_blocked, id=29724, stack(0x0000000016e90000,0x0000000016f90000)]
  0x0000000003560000 JavaThread "Reference Handler" daemon [_thread_blocked, id=29764, stack(0x0000000016d90000,0x0000000016e90000)]
  0x000000000346d800 JavaThread "main" [_thread_blocked, id=29816, stack(0x00000000032a0000,0x00000000033a0000)]

Other Threads:
  0x0000000015c04800 VMThread [stack: 0x0000000016c90000,0x0000000016d90000] [id=24660]
  0x0000000016fcf000 WatcherThread [stack: 0x0000000017990000,0x0000000017a90000] [id=29840]

VM state:not at safepoint (normal execution)

VM Mutex/Monitor currently owned by a thread: None

Heap:
 PSYoungGen      total 233472K, used 23714K [0x00000000eab00000, 0x00000000ff500000, 0x0000000100000000)
  eden space 176128K, 13% used [0x00000000eab00000,0x00000000ec228970,0x00000000f5700000)
  from space 57344K, 0% used [0x00000000f9b80000,0x00000000f9b80000,0x00000000fd380000)
  to   space 70144K, 0% used [0x00000000f5700000,0x00000000f5700000,0x00000000f9b80000)
 ParOldGen       total 148480K, used 79189K [0x00000000c0000000, 0x00000000c9100000, 0x00000000eab00000)
  object space 148480K, 53% used [0x00000000c0000000,0x00000000c4d55518,0x00000000c9100000)
 Metaspace       used 6010K, capacity 7088K, committed 7296K, reserved 1056768K
  class space    used 568K, capacity 616K, committed 640K, reserved 1048576K

Card table byte_map: [0x0000000012930000,0x0000000012b40000] byte_map_base: 0x0000000012330000

Marking Bits: (ParMarkBitMap*) 0x00000000630018f0
 Begin Bits: [0x00000000130a0000, 0x00000000140a0000)
 End Bits:   [0x00000000140a0000, 0x00000000150a0000)

Polling page: 0x00000000015d0000

CodeCache: size=245760Kb used=8932Kb max_used=8939Kb free=236827Kb
 bounds [0x0000000003570000, 0x0000000003e40000, 0x0000000012570000]
 total_blobs=2186 nmethods=1923 adapters=177
 compilation: enabled

Compilation events (10 events):
Event: 7.310 Thread 0x0000000016f9b800 1993       3       com.android.dx.ssa.back.FirstFitLocalCombiningAllocator::addMapping (76 bytes)
Event: 7.311 Thread 0x0000000016f9b800 nmethod 1993 0x0000000003e28110 code [0x0000000003e283a0, 0x0000000003e29498]
Event: 7.311 Thread 0x0000000016f9b800 1994       3       com.android.dx.ssa.InterferenceRegisterMapper::addInterfence (62 bytes)
Event: 7.312 Thread 0x0000000016f9b800 nmethod 1994 0x0000000003e29d90 code [0x0000000003e2a060, 0x0000000003e2b3a8]
Event: 7.321 Thread 0x0000000015c50800 nmethod 1979 0x0000000003e2fc10 code [0x0000000003e2fe20, 0x0000000003e30c68]
Event: 7.321 Thread 0x0000000015c50800 1987       4       com.android.dx.util.BitIntSet::merge (148 bytes)
Event: 7.330 Thread 0x0000000015c50800 nmethod 1987 0x0000000003e32390 code [0x0000000003e32500, 0x0000000003e32c58]
Event: 7.330 Thread 0x0000000015c50800 1997       4       com.android.dx.ssa.back.IdenticalBlockCombiner::process (323 bytes)
Event: 7.334 Thread 0x0000000016f9b800 1999       3       com.android.dx.ssa.back.InterferenceGraph::<init> (42 bytes)
Event: 7.335 Thread 0x0000000016f9b800 nmethod 1999 0x0000000003e2e4d0 code [0x0000000003e2e700, 0x0000000003e2f418]

GC Heap History (10 events):
Event: 1.396 GC heap before
{Heap before GC invocations=4 (full 0):
 PSYoungGen      total 71680K, used 71650K [0x00000000eab00000, 0x00000000f3700000, 0x0000000100000000)
  eden space 66560K, 100% used [0x00000000eab00000,0x00000000eec00000,0x00000000eec00000)
  from space 5120K, 99% used [0x00000000eec00000,0x00000000ef0f8b20,0x00000000ef100000)
  to   space 5120K, 0% used [0x00000000f3200000,0x00000000f3200000,0x00000000f3700000)
 ParOldGen       total 87552K, used 37440K [0x00000000c0000000, 0x00000000c5580000, 0x00000000eab00000)
  object space 87552K, 42% used [0x00000000c0000000,0x00000000c2490198,0x00000000c5580000)
 Metaspace       used 5842K, capacity 6960K, committed 7040K, reserved 1056768K
  class space    used 565K, capacity 616K, committed 640K, reserved 1048576K
Event: 1.424 GC heap after
Heap after GC invocations=4 (full 0):
 PSYoungGen      total 138240K, used 5092K [0x00000000eab00000, 0x00000000f3700000, 0x0000000100000000)
  eden space 133120K, 0% used [0x00000000eab00000,0x00000000eab00000,0x00000000f2d00000)
  from space 5120K, 99% used [0x00000000f3200000,0x00000000f36f9228,0x00000000f3700000)
  to   space 5120K, 0% used [0x00000000f2d00000,0x00000000f2d00000,0x00000000f3200000)
 ParOldGen       total 87552K, used 67652K [0x00000000c0000000, 0x00000000c5580000, 0x00000000eab00000)
  object space 87552K, 77% used [0x00000000c0000000,0x00000000c42112d0,0x00000000c5580000)
 Metaspace       used 5842K, capacity 6960K, committed 7040K, reserved 1056768K
  class space    used 565K, capacity 616K, committed 640K, reserved 1048576K
}
Event: 1.424 GC heap before
{Heap before GC invocations=5 (full 1):
 PSYoungGen      total 138240K, used 5092K [0x00000000eab00000, 0x00000000f3700000, 0x0000000100000000)
  eden space 133120K, 0% used [0x00000000eab00000,0x00000000eab00000,0x00000000f2d00000)
  from space 5120K, 99% used [0x00000000f3200000,0x00000000f36f9228,0x00000000f3700000)
  to   space 5120K, 0% used [0x00000000f2d00000,0x00000000f2d00000,0x00000000f3200000)
 ParOldGen       total 87552K, used 67652K [0x00000000c0000000, 0x00000000c5580000, 0x00000000eab00000)
  object space 87552K, 77% used [0x00000000c0000000,0x00000000c42112d0,0x00000000c5580000)
 Metaspace       used 5842K, capacity 6960K, committed 7040K, reserved 1056768K
  class space    used 565K, capacity 616K, committed 640K, reserved 1048576K
Event: 1.707 GC heap after
Heap after GC invocations=5 (full 1):
 PSYoungGen      total 138240K, used 0K [0x00000000eab00000, 0x00000000f3700000, 0x0000000100000000)
  eden space 133120K, 0% used [0x00000000eab00000,0x00000000eab00000,0x00000000f2d00000)
  from space 5120K, 0% used [0x00000000f3200000,0x00000000f3200000,0x00000000f3700000)
  to   space 5120K, 0% used [0x00000000f2d00000,0x00000000f2d00000,0x00000000f3200000)
 ParOldGen       total 148480K, used 52920K [0x00000000c0000000, 0x00000000c9100000, 0x00000000eab00000)
  object space 148480K, 35% used [0x00000000c0000000,0x00000000c33ae3d8,0x00000000c9100000)
 Metaspace       used 5842K, capacity 6960K, committed 7040K, reserved 1056768K
  class space    used 565K, capacity 616K, committed 640K, reserved 1048576K
}
Event: 2.839 GC heap before
{Heap before GC invocations=6 (full 1):
 PSYoungGen      total 138240K, used 133120K [0x00000000eab00000, 0x00000000f3700000, 0x0000000100000000)
  eden space 133120K, 100% used [0x00000000eab00000,0x00000000f2d00000,0x00000000f2d00000)
  from space 5120K, 0% used [0x00000000f3200000,0x00000000f3200000,0x00000000f3700000)
  to   space 5120K, 0% used [0x00000000f2d00000,0x00000000f2d00000,0x00000000f3200000)
 ParOldGen       total 148480K, used 52920K [0x00000000c0000000, 0x00000000c9100000, 0x00000000eab00000)
  object space 148480K, 35% used [0x00000000c0000000,0x00000000c33ae3d8,0x00000000c9100000)
 Metaspace       used 5937K, capacity 7024K, committed 7296K, reserved 1056768K
  class space    used 568K, capacity 616K, committed 640K, reserved 1048576K
Event: 3.398 GC heap after
Heap after GC invocations=6 (full 1):
 PSYoungGen      total 138240K, used 5118K [0x00000000eab00000, 0x00000000fd380000, 0x0000000100000000)
  eden space 133120K, 0% used [0x00000000eab00000,0x00000000eab00000,0x00000000f2d00000)
  from space 5120K, 99% used [0x00000000f2d00000,0x00000000f31ff930,0x00000000f3200000)
  to   space 57344K, 0% used [0x00000000f9b80000,0x00000000f9b80000,0x00000000fd380000)
 ParOldGen       total 148480K, used 96591K [0x00000000c0000000, 0x00000000c9100000, 0x00000000eab00000)
  object space 148480K, 65% used [0x00000000c0000000,0x00000000c5e53fc8,0x00000000c9100000)
 Metaspace       used 5937K, capacity 7024K, committed 7296K, reserved 1056768K
  class space    used 568K, capacity 616K, committed 640K, reserved 1048576K
}
Event: 4.871 GC heap before
{Heap before GC invocations=7 (full 1):
 PSYoungGen      total 138240K, used 138238K [0x00000000eab00000, 0x00000000fd380000, 0x0000000100000000)
  eden space 133120K, 100% used [0x00000000eab00000,0x00000000f2d00000,0x00000000f2d00000)
  from space 5120K, 99% used [0x00000000f2d00000,0x00000000f31ff930,0x00000000f3200000)
  to   space 57344K, 0% used [0x00000000f9b80000,0x00000000f9b80000,0x00000000fd380000)
 ParOldGen       total 148480K, used 96591K [0x00000000c0000000, 0x00000000c9100000, 0x00000000eab00000)
  object space 148480K, 65% used [0x00000000c0000000,0x00000000c5e53fc8,0x00000000c9100000)
 Metaspace       used 6003K, capacity 7088K, committed 7296K, reserved 1056768K
  class space    used 568K, capacity 616K, committed 640K, reserved 1048576K
Event: 5.412 GC heap after
Heap after GC invocations=7 (full 1):
 PSYoungGen      total 233472K, used 57332K [0x00000000eab00000, 0x00000000ff500000, 0x0000000100000000)
  eden space 176128K, 0% used [0x00000000eab00000,0x00000000eab00000,0x00000000f5700000)
  from space 57344K, 99% used [0x00000000f9b80000,0x00000000fd37d2b8,0x00000000fd380000)
  to   space 70144K, 0% used [0x00000000f5700000,0x00000000f5700000,0x00000000f9b80000)
 ParOldGen       total 148480K, used 97614K [0x00000000c0000000, 0x00000000c9100000, 0x00000000eab00000)
  object space 148480K, 65% used [0x00000000c0000000,0x00000000c5f538a8,0x00000000c9100000)
 Metaspace       used 6003K, capacity 7088K, committed 7296K, reserved 1056768K
  class space    used 568K, capacity 616K, committed 640K, reserved 1048576K
}
Event: 5.412 GC heap before
{Heap before GC invocations=8 (full 2):
 PSYoungGen      total 233472K, used 57332K [0x00000000eab00000, 0x00000000ff500000, 0x0000000100000000)
  eden space 176128K, 0% used [0x00000000eab00000,0x00000000eab00000,0x00000000f5700000)
  from space 57344K, 99% used [0x00000000f9b80000,0x00000000fd37d2b8,0x00000000fd380000)
  to   space 70144K, 0% used [0x00000000f5700000,0x00000000f5700000,0x00000000f9b80000)
 ParOldGen       total 148480K, used 97614K [0x00000000c0000000, 0x00000000c9100000, 0x00000000eab00000)
  object space 148480K, 65% used [0x00000000c0000000,0x00000000c5f538a8,0x00000000c9100000)
 Metaspace       used 6003K, capacity 7088K, committed 7296K, reserved 1056768K
  class space    used 568K, capacity 616K, committed 640K, reserved 1048576K
Event: 7.291 GC heap after
Heap after GC invocations=8 (full 2):
 PSYoungGen      total 233472K, used 0K [0x00000000eab00000, 0x00000000ff500000, 0x0000000100000000)
  eden space 176128K, 0% used [0x00000000eab00000,0x00000000eab00000,0x00000000f5700000)
  from space 57344K, 0% used [0x00000000f9b80000,0x00000000f9b80000,0x00000000fd380000)
  to   space 70144K, 0% used [0x00000000f5700000,0x00000000f5700000,0x00000000f9b80000)
 ParOldGen       total 148480K, used 79189K [0x00000000c0000000, 0x00000000c9100000, 0x00000000eab00000)
  object space 148480K, 53% used [0x00000000c0000000,0x00000000c4d55518,0x00000000c9100000)
 Metaspace       used 6003K, capacity 7088K, committed 7296K, reserved 1056768K
  class space    used 568K, capacity 616K, committed 640K, reserved 1048576K
}

Deoptimization events (10 events):
Event: 2.414 Thread 0x00000000170f5800 Uncommon trap: reason=bimorphic action=maybe_recompile pc=0x0000000003aeabe8 method=com.android.dx.ssa.SCCP.setLatticeValueTo(IILcom/android/dx/rop/cst/Constant;)Z @ 43
Event: 2.414 Thread 0x00000000170f5800 Uncommon trap: reason=bimorphic action=maybe_recompile pc=0x0000000003aeabe8 method=com.android.dx.ssa.SCCP.setLatticeValueTo(IILcom/android/dx/rop/cst/Constant;)Z @ 43
Event: 2.414 Thread 0x00000000170f5800 Uncommon trap: reason=bimorphic action=maybe_recompile pc=0x0000000003aeabe8 method=com.android.dx.ssa.SCCP.setLatticeValueTo(IILcom/android/dx/rop/cst/Constant;)Z @ 43
Event: 2.414 Thread 0x00000000170f5800 Uncommon trap: reason=unstable_if action=reinterpret pc=0x0000000003bcf4a0 method=com.android.dx.rop.code.RegisterSpecSet.put(Lcom/android/dx/rop/code/RegisterSpec;)V @ 77
Event: 2.429 Thread 0x0000000017130000 Uncommon trap: reason=class_check action=maybe_recompile pc=0x0000000003a82528 method=com.android.dx.cf.code.RopperMachine.run(Lcom/android/dx/cf/code/Frame;II)V @ 988
Event: 2.503 Thread 0x00000000170f5800 Uncommon trap: reason=unstable_if action=reinterpret pc=0x0000000003af1920 method=com.android.dx.ssa.SsaRenamer$BlockRenamer.addMapping(ILcom/android/dx/rop/code/RegisterSpec;)V @ 120
Event: 2.513 Thread 0x00000000170f5800 Uncommon trap: reason=class_check action=maybe_recompile pc=0x0000000003a82528 method=com.android.dx.cf.code.RopperMachine.run(Lcom/android/dx/cf/code/Frame;II)V @ 988
Event: 3.518 Thread 0x0000000017130000 Uncommon trap: reason=bimorphic action=maybe_recompile pc=0x0000000003a1087c method=com.android.dx.cf.code.BytecodeArray.parseInstruction(ILcom/android/dx/cf/code/BytecodeArray$Visitor;)I @ 939
Event: 3.518 Thread 0x0000000017130000 Uncommon trap: reason=bimorphic action=maybe_recompile pc=0x0000000003a1087c method=com.android.dx.cf.code.BytecodeArray.parseInstruction(ILcom/android/dx/cf/code/BytecodeArray$Visitor;)I @ 939
Event: 4.055 Thread 0x00000000170fe800 Uncommon trap: reason=class_check action=maybe_recompile pc=0x0000000003a82528 method=com.android.dx.cf.code.RopperMachine.run(Lcom/android/dx/cf/code/Frame;II)V @ 988

Internal exceptions (2 events):
Event: 0.029 Thread 0x000000000346d800 Exception <a 'java/lang/NoSuchMethodError': Method sun.misc.Unsafe.defineClass(Ljava/lang/String;[BII)Ljava/lang/Class; name or signature does not match> (0x00000000eab07c78) thrown at [C:\src\android\AOSP-openjdk\external\jetbrains\jdk\hotspot\src\share\v\x­æuž?
Event: 0.029 Thread 0x000000000346d800 Exception <a 'java/lang/NoSuchMethodError': Method sun.misc.Unsafe.prefetchRead(Ljava/lang/Object;J)V name or signature does not match> (0x00000000eab07f60) thrown at [C:\src\android\AOSP-openjdk\external\jetbrains\jdk\hotspot\src\share\vm\prims\jni.cpp, l

Events (10 events):
Event: 7.311 Thread 0x00000000170f5800 DEOPT PACKING pc=0x0000000003a7e8cd sp=0x0000000017b8e740
Event: 7.311 Thread 0x00000000170f5800 DEOPT UNPACKING pc=0x00000000035b75bf sp=0x0000000017b8e440 mode 0
Event: 7.311 Thread 0x00000000170f5800 DEOPT PACKING pc=0x0000000003a7e8cd sp=0x0000000017b8e740
Event: 7.311 Thread 0x00000000170f5800 DEOPT UNPACKING pc=0x00000000035b75bf sp=0x0000000017b8e440 mode 0
Event: 7.322 Thread 0x00000000170fe800 DEOPT PACKING pc=0x0000000003b47629 sp=0x0000000017d8e860
Event: 7.322 Thread 0x00000000170fe800 DEOPT UNPACKING pc=0x00000000035b75bf sp=0x0000000017d8e608 mode 0
Event: 7.326 Thread 0x00000000170f5800 DEOPT PACKING pc=0x0000000003c2dc82 sp=0x0000000017b8ea30
Event: 7.326 Thread 0x00000000170f5800 DEOPT UNPACKING pc=0x00000000035b75bf sp=0x0000000017b8e798 mode 0
Event: 7.334 Thread 0x0000000017130000 DEOPT PACKING pc=0x0000000003a728aa sp=0x0000000017e8eba0
Event: 7.334 Thread 0x0000000017130000 DEOPT UNPACKING pc=0x00000000035b75bf sp=0x0000000017e8e958 mode 0


Dynamic libraries:
0x00007ff636230000 - 0x00007ff636261000 	D:\Program Files\Android\Android Studio\jre\bin\java.exe
0x00007fffec7f0000 - 0x00007fffec9c1000 	C:\WINDOWS\SYSTEM32\ntdll.dll
0x00007fffeb1d0000 - 0x00007fffeb27c000 	C:\WINDOWS\System32\KERNEL32.DLL
0x00007fffe96e0000 - 0x00007fffe98fd000 	C:\WINDOWS\System32\KERNELBASE.dll
0x00007fffe9e60000 - 0x00007fffe9f02000 	C:\WINDOWS\System32\ADVAPI32.dll
0x00007fffeaaa0000 - 0x00007fffeab3e000 	C:\WINDOWS\System32\msvcrt.dll
0x00007fffec790000 - 0x00007fffec7e9000 	C:\WINDOWS\System32\sechost.dll
0x00007fffea970000 - 0x00007fffeaa91000 	C:\WINDOWS\System32\RPCRT4.dll
0x00007fffeac40000 - 0x00007fffeada5000 	C:\WINDOWS\System32\USER32.dll
0x00007fffe9d10000 - 0x00007fffe9d2e000 	C:\WINDOWS\System32\win32u.dll
0x00007fffea180000 - 0x00007fffea1b4000 	C:\WINDOWS\System32\GDI32.dll
0x00007fffe9b80000 - 0x00007fffe9d02000 	C:\WINDOWS\System32\gdi32full.dll
0x00007fffe41c0000 - 0x00007fffe443a000 	C:\WINDOWS\WinSxS\amd64_microsoft.windows.common-controls_6595b64144ccf1df_6.0.14393.953_none_42151e83c686086b\COMCTL32.dll
0x00007fffea600000 - 0x00007fffea8c8000 	C:\WINDOWS\System32\combase.dll
0x00007fffe8ce0000 - 0x00007fffe8dd5000 	C:\WINDOWS\System32\ucrtbase.dll
0x00007fffe9670000 - 0x00007fffe96da000 	C:\WINDOWS\System32\bcryptPrimitives.dll
0x00007fffe9da0000 - 0x00007fffe9dce000 	C:\WINDOWS\System32\IMM32.DLL
0x0000000063d40000 - 0x0000000063e12000 	D:\Program Files\Android\Android Studio\jre\jre\bin\msvcr100.dll
0x0000000062840000 - 0x000000006307c000 	D:\Program Files\Android\Android Studio\jre\jre\bin\server\jvm.dll
0x00007fffe9e40000 - 0x00007fffe9e48000 	C:\WINDOWS\System32\PSAPI.DLL
0x00007fffdc320000 - 0x00007fffdc329000 	C:\WINDOWS\SYSTEM32\WSOCK32.dll
0x00007fffe6c20000 - 0x00007fffe6c43000 	C:\WINDOWS\SYSTEM32\WINMM.dll
0x00007fffe4cf0000 - 0x00007fffe4cfa000 	C:\WINDOWS\SYSTEM32\VERSION.dll
0x00007fffea110000 - 0x00007fffea17a000 	C:\WINDOWS\System32\WS2_32.dll
0x00007fffe6b00000 - 0x00007fffe6b2b000 	C:\WINDOWS\SYSTEM32\WINMMBASE.dll
0x00007fffe9d30000 - 0x00007fffe9d72000 	C:\WINDOWS\System32\cfgmgr32.dll
0x00007fffe63e0000 - 0x00007fffe63ef000 	D:\Program Files\Android\Android Studio\jre\jre\bin\verify.dll
0x00007fffe4bc0000 - 0x00007fffe4be9000 	D:\Program Files\Android\Android Studio\jre\jre\bin\java.dll
0x00007fffe4ba0000 - 0x00007fffe4bb6000 	D:\Program Files\Android\Android Studio\jre\jre\bin\zip.dll
0x00007fffeb280000 - 0x00007fffec788000 	C:\WINDOWS\System32\SHELL32.dll
0x00007fffe8e80000 - 0x00007fffe955a000 	C:\WINDOWS\System32\windows.storage.dll
0x00007fffe8c50000 - 0x00007fffe8c9c000 	C:\WINDOWS\System32\powrprof.dll
0x00007fffea050000 - 0x00007fffea0a2000 	C:\WINDOWS\System32\shlwapi.dll
0x00007fffe8cd0000 - 0x00007fffe8cdf000 	C:\WINDOWS\System32\kernel.appcore.dll
0x00007fffe9560000 - 0x00007fffe9609000 	C:\WINDOWS\System32\shcore.dll
0x00007fffe8ca0000 - 0x00007fffe8cb4000 	C:\WINDOWS\System32\profapi.dll

VM Arguments:
jvm_args: -Djava.awt.headless=true -Xmx1024M -Dfile.encoding=GBK -Duser.country=CN -Duser.language=zh -Duser.variant 
java_command: com.android.dx.command.Main --dex --force-jumbo --num-threads=4 --multi-dex --output D:\musicbean\app\build\intermediates\transforms\dex\baidu\debug\folders\1000\5\slice_4 D:\musicbean\app\build\intermediates\transforms\instantRunSlicer\baidu\debug\folders\1\5\slice_4
java_class_path (initial): D:\SDK\build-tools\25.0.0\lib\dx.jar
Launcher Type: SUN_STANDARD

Environment Variables:
JAVA_HOME=C:\Program Files\Java\jdk1.8.0_101
CLASSPATH=.;C:\Program Files\Java\jdk1.8.0_101\lib;
PATH=C:\ProgramData\Oracle\Java\javapath;C:\WINDOWS\system32;C:\WINDOWS;C:\WINDOWS\System32\Wbem;C:\WINDOWS\System32\WindowsPowerShell\v1.0\;C:\Program Files\Java\jdk1.8.0_101\bin;C:\Program Files\Java\jdk1.8.0_101\jre\bin;D:\Git\cmd;C:\Users\Administrator\AppData\Local\Microsoft\WindowsApps;
USERNAME=Administrator
OS=Windows_NT
PROCESSOR_IDENTIFIER=Intel64 Family 6 Model 94 Stepping 3, GenuineIntel



---------------  S Y S T E M  ---------------

OS: Windows 10.0 , 64 bit Build 14393 (10.0.14393.1198)

CPU:total 4 (4 cores per cpu, 1 threads per core) family 6 model 94 stepping 3, cmov, cx8, fxsr, mmx, sse, sse2, sse3, ssse3, sse4.1, sse4.2, popcnt, avx, avx2, aes, clmul, erms, rtm, 3dnowpref, lzcnt, tsc, tscinvbit, bmi1, bmi2, adx

Memory: 4k page, physical 8299524k(1500940k free), swap 14749720k(4176k free)

vm_info: OpenJDK 64-Bit Server VM (25.112-b06) for windows-amd64 JRE (1.8.0_112-release-b06), built on Dec  8 2016 00:54:26 by "builder" with MS VC++ 10.0 (VS2010)

time: Mon May 22 10:18:27 2017
elapsed time: 7 seconds (0d 0h 0m 7s)

