#
# There is insufficient memory for the Java Runtime Environment to continue.
# Native memory allocation (malloc) failed to allocate 1095056 bytes for Chunk::new
# Possible reasons:
#   The system is out of physical RAM or swap space
#   In 32 bit mode, the process size limit was hit
# Possible solutions:
#   Reduce memory load on the system
#   Increase physical memory or swap space
#   Check if swap backing store is full
#   Use 64 bit Java on a 64 bit OS
#   Decrease Java heap size (-Xmx/-Xms)
#   Decrease number of Java threads
#   Decrease Java thread stack sizes (-Xss)
#   Set larger code cache with -XX:ReservedCodeCacheSize=
# This output file may be truncated or incomplete.
#
#  Out of Memory Error (allocation.cpp:390), pid=33596, tid=0x0000000000008358
#
# JRE version: OpenJDK Runtime Environment (8.0_112-b06) (build 1.8.0_112-release-b06)
# Java VM: OpenJDK 64-Bit Server VM (25.112-b06 mixed mode windows-amd64 compressed oops)
# Failed to write core dump. Minidumps are not enabled by default on client versions of Windows
#

---------------  T H R E A D  ---------------

Current thread (0x0000000017023800):  JavaThread "C2 CompilerThread1" daemon [_thread_in_native, id=33624, stack(0x00000000176d0000,0x00000000177d0000)]

Stack: [0x00000000176d0000,0x00000000177d0000]
[error occurred during error reporting (printing stack bounds), id 0xc0000005]

Native frames: (J=compiled Java code, j=interpreted, Vv=VM code, C=native code)


Current CompileTask:
C2:   6419 1782       4       com.android.dx.dex.code.OutputFinisher::addConstants (93 bytes)


---------------  P R O C E S S  ---------------

Java Threads: ( => current thread )
  0x0000000017130000 JavaThread "pool-1-thread-1" [_thread_in_vm, id=29300, stack(0x000000001a770000,0x000000001a870000)]
  0x000000001702e000 JavaThread "Service Thread" daemon [_thread_blocked, id=32384, stack(0x00000000178d0000,0x00000000179d0000)]
  0x0000000017026800 JavaThread "C1 CompilerThread2" daemon [_thread_blocked, id=33464, stack(0x00000000177d0000,0x00000000178d0000)]
=>0x0000000017023800 JavaThread "C2 CompilerThread1" daemon [_thread_in_native, id=33624, stack(0x00000000176d0000,0x00000000177d0000)]
  0x0000000015c90000 JavaThread "C2 CompilerThread0" daemon [_thread_blocked, id=31536, stack(0x00000000175d0000,0x00000000176d0000)]
  0x0000000015cd7800 JavaThread "Attach Listener" daemon [_thread_blocked, id=32440, stack(0x00000000174d0000,0x00000000175d0000)]
  0x0000000016fd8800 JavaThread "Signal Dispatcher" daemon [_thread_blocked, id=33356, stack(0x00000000173d0000,0x00000000174d0000)]
  0x00000000035a5800 JavaThread "Finalizer" daemon [_thread_blocked, id=31992, stack(0x0000000016ed0000,0x0000000016fd0000)]
  0x00000000035a0000 JavaThread "Reference Handler" daemon [_thread_blocked, id=29460, stack(0x0000000016dd0000,0x0000000016ed0000)]
  0x000000000303d800 JavaThread "main" [_thread_blocked, id=31640, stack(0x0000000002f00000,0x0000000003000000)]

Other Threads:
  0x0000000015c44800 VMThread [stack: 0x0000000016cd0000,0x0000000016dd0000] [id=24700]
  0x0000000017030000 WatcherThread [stack: 0x00000000179d0000,0x0000000017ad0000] [id=22160]

VM state:not at safepoint (normal execution)

VM Mutex/Monitor currently owned by a thread: None

Heap:
 PSYoungGen      total 138240K, used 86293K [0x00000000eab00000, 0x00000000f3700000, 0x0000000100000000)
  eden space 133120K, 64% used [0x00000000eab00000,0x00000000eff45728,0x00000000f2d00000)
  from space 5120K, 0% used [0x00000000f2d00000,0x00000000f2d00000,0x00000000f3200000)
  to   space 5120K, 0% used [0x00000000f3200000,0x00000000f3200000,0x00000000f3700000)
 ParOldGen       total 190464K, used 68037K [0x00000000c0000000, 0x00000000cba00000, 0x00000000eab00000)
  object space 190464K, 35% used [0x00000000c0000000,0x00000000c4271728,0x00000000cba00000)
 Metaspace       used 6078K, capacity 7152K, committed 7296K, reserved 1056768K
  class space    used 580K, capacity 616K, committed 640K, reserved 1048576K

Card table byte_map: [0x0000000012970000,0x0000000012b80000] byte_map_base: 0x0000000012370000

Marking Bits: (ParMarkBitMap*) 0x00000000630018f0
 Begin Bits: [0x00000000130e0000, 0x00000000140e0000)
 End Bits:   [0x00000000140e0000, 0x00000000150e0000)

Polling page: 0x0000000001700000

CodeCache: size=245760Kb used=8583Kb max_used=8594Kb free=237176Kb
 bounds [0x00000000035b0000, 0x0000000003e20000, 0x00000000125b0000]
 total_blobs=1986 nmethods=1723 adapters=177
 compilation: enabled

Compilation events (10 events):
Event: 6.401 Thread 0x0000000017026800 1860       1       com.android.dx.dex.code.ZeroSizeInsn::codeSize (2 bytes)
Event: 6.401 Thread 0x0000000017026800 nmethod 1860 0x0000000003e17b90 code [0x0000000003e17ce0, 0x0000000003e17df0]
Event: 6.401 Thread 0x0000000017026800 1861       3       com.android.dx.dex.code.DalvInsn::setAddress (20 bytes)
Event: 6.401 Thread 0x0000000017026800 nmethod 1861 0x0000000003e17e50 code [0x0000000003e17fc0, 0x0000000003e18208]
Event: 6.401 Thread 0x0000000017026800 1862       3       com.android.dx.dex.code.DalvInsnList::set (7 bytes)
Event: 6.401 Thread 0x0000000017026800 nmethod 1862 0x0000000003e182d0 code [0x0000000003e184a0, 0x0000000003e18c88]
Event: 6.401 Thread 0x0000000015c90000 1863   !   4       com.android.dx.rop.code.RegisterSpecSet::get (18 bytes)
Event: 6.401 Thread 0x0000000017026800 1864       1       com.android.dx.dex.code.CstInsn::getConstant (5 bytes)
Event: 6.402 Thread 0x0000000017026800 nmethod 1864 0x0000000003e19250 code [0x0000000003e193a0, 0x0000000003e194b0]
Event: 6.402 Thread 0x0000000015c90000 nmethod 1863 0x0000000003d2f650 code [0x0000000003d2f780, 0x0000000003d2f818]

GC Heap History (10 events):
Event: 2.791 GC heap before
{Heap before GC invocations=3 (full 0):
 PSYoungGen      total 71680K, used 71666K [0x00000000eab00000, 0x00000000ef600000, 0x0000000100000000)
  eden space 66560K, 100% used [0x00000000eab00000,0x00000000eec00000,0x00000000eec00000)
  from space 5120K, 99% used [0x00000000ef100000,0x00000000ef5fcac8,0x00000000ef600000)
  to   space 5120K, 0% used [0x00000000eec00000,0x00000000eec00000,0x00000000ef100000)
 ParOldGen       total 87552K, used 15389K [0x00000000c0000000, 0x00000000c5580000, 0x00000000eab00000)
  object space 87552K, 17% used [0x00000000c0000000,0x00000000c0f07560,0x00000000c5580000)
 Metaspace       used 5873K, capacity 6960K, committed 7040K, reserved 1056768K
  class space    used 565K, capacity 616K, committed 640K, reserved 1048576K
Event: 2.863 GC heap after
Heap after GC invocations=3 (full 0):
 PSYoungGen      total 71680K, used 5117K [0x00000000eab00000, 0x00000000f3700000, 0x0000000100000000)
  eden space 66560K, 0% used [0x00000000eab00000,0x00000000eab00000,0x00000000eec00000)
  from space 5120K, 99% used [0x00000000eec00000,0x00000000ef0ff510,0x00000000ef100000)
  to   space 5120K, 0% used [0x00000000f3200000,0x00000000f3200000,0x00000000f3700000)
 ParOldGen       total 87552K, used 44102K [0x00000000c0000000, 0x00000000c5580000, 0x00000000eab00000)
  object space 87552K, 50% used [0x00000000c0000000,0x00000000c2b11820,0x00000000c5580000)
 Metaspace       used 5873K, capacity 6960K, committed 7040K, reserved 1056768K
  class space    used 565K, capacity 616K, committed 640K, reserved 1048576K
}
Event: 3.612 GC heap before
{Heap before GC invocations=4 (full 0):
 PSYoungGen      total 71680K, used 71677K [0x00000000eab00000, 0x00000000f3700000, 0x0000000100000000)
  eden space 66560K, 100% used [0x00000000eab00000,0x00000000eec00000,0x00000000eec00000)
  from space 5120K, 99% used [0x00000000eec00000,0x00000000ef0ff510,0x00000000ef100000)
  to   space 5120K, 0% used [0x00000000f3200000,0x00000000f3200000,0x00000000f3700000)
 ParOldGen       total 87552K, used 44102K [0x00000000c0000000, 0x00000000c5580000, 0x00000000eab00000)
  object space 87552K, 50% used [0x00000000c0000000,0x00000000c2b11820,0x00000000c5580000)
 Metaspace       used 5883K, capacity 7024K, committed 7296K, reserved 1056768K
  class space    used 565K, capacity 616K, committed 640K, reserved 1048576K
Event: 3.644 GC heap after
Heap after GC invocations=4 (full 0):
 PSYoungGen      total 138240K, used 5092K [0x00000000eab00000, 0x00000000f3700000, 0x0000000100000000)
  eden space 133120K, 0% used [0x00000000eab00000,0x00000000eab00000,0x00000000f2d00000)
  from space 5120K, 99% used [0x00000000f3200000,0x00000000f36f9288,0x00000000f3700000)
  to   space 5120K, 0% used [0x00000000f2d00000,0x00000000f2d00000,0x00000000f3200000)
 ParOldGen       total 87552K, used 70680K [0x00000000c0000000, 0x00000000c5580000, 0x00000000eab00000)
  object space 87552K, 80% used [0x00000000c0000000,0x00000000c45060f8,0x00000000c5580000)
 Metaspace       used 5883K, capacity 7024K, committed 7296K, reserved 1056768K
  class space    used 565K, capacity 616K, committed 640K, reserved 1048576K
}
Event: 3.644 GC heap before
{Heap before GC invocations=5 (full 1):
 PSYoungGen      total 138240K, used 5092K [0x00000000eab00000, 0x00000000f3700000, 0x0000000100000000)
  eden space 133120K, 0% used [0x00000000eab00000,0x00000000eab00000,0x00000000f2d00000)
  from space 5120K, 99% used [0x00000000f3200000,0x00000000f36f9288,0x00000000f3700000)
  to   space 5120K, 0% used [0x00000000f2d00000,0x00000000f2d00000,0x00000000f3200000)
 ParOldGen       total 87552K, used 70680K [0x00000000c0000000, 0x00000000c5580000, 0x00000000eab00000)
  object space 87552K, 80% used [0x00000000c0000000,0x00000000c45060f8,0x00000000c5580000)
 Metaspace       used 5883K, capacity 7024K, committed 7296K, reserved 1056768K
  class space    used 565K, capacity 616K, committed 640K, reserved 1048576K
Event: 4.004 GC heap after
Heap after GC invocations=5 (full 1):
 PSYoungGen      total 138240K, used 0K [0x00000000eab00000, 0x00000000f3700000, 0x0000000100000000)
  eden space 133120K, 0% used [0x00000000eab00000,0x00000000eab00000,0x00000000f2d00000)
  from space 5120K, 0% used [0x00000000f3200000,0x00000000f3200000,0x00000000f3700000)
  to   space 5120K, 0% used [0x00000000f2d00000,0x00000000f2d00000,0x00000000f3200000)
 ParOldGen       total 137728K, used 53234K [0x00000000c0000000, 0x00000000c8680000, 0x00000000eab00000)
  object space 137728K, 38% used [0x00000000c0000000,0x00000000c33fcbd8,0x00000000c8680000)
 Metaspace       used 5883K, capacity 7024K, committed 7296K, reserved 1056768K
  class space    used 565K, capacity 616K, committed 640K, reserved 1048576K
}
Event: 5.105 GC heap before
{Heap before GC invocations=6 (full 1):
 PSYoungGen      total 138240K, used 133120K [0x00000000eab00000, 0x00000000f3700000, 0x0000000100000000)
  eden space 133120K, 100% used [0x00000000eab00000,0x00000000f2d00000,0x00000000f2d00000)
  from space 5120K, 0% used [0x00000000f3200000,0x00000000f3200000,0x00000000f3700000)
  to   space 5120K, 0% used [0x00000000f2d00000,0x00000000f2d00000,0x00000000f3200000)
 ParOldGen       total 137728K, used 53234K [0x00000000c0000000, 0x00000000c8680000, 0x00000000eab00000)
  object space 137728K, 38% used [0x00000000c0000000,0x00000000c33fcbd8,0x00000000c8680000)
 Metaspace       used 5909K, capacity 7024K, committed 7296K, reserved 1056768K
  class space    used 567K, capacity 616K, committed 640K, reserved 1048576K
Event: 5.222 GC heap after
Heap after GC invocations=6 (full 1):
 PSYoungGen      total 138240K, used 5104K [0x00000000eab00000, 0x00000000f3700000, 0x0000000100000000)
  eden space 133120K, 0% used [0x00000000eab00000,0x00000000eab00000,0x00000000f2d00000)
  from space 5120K, 99% used [0x00000000f2d00000,0x00000000f31fc320,0x00000000f3200000)
  to   space 5120K, 0% used [0x00000000f3200000,0x00000000f3200000,0x00000000f3700000)
 ParOldGen       total 137728K, used 97519K [0x00000000c0000000, 0x00000000c8680000, 0x00000000eab00000)
  object space 137728K, 70% used [0x00000000c0000000,0x00000000c5f3bd28,0x00000000c8680000)
 Metaspace       used 5909K, capacity 7024K, committed 7296K, reserved 1056768K
  class space    used 567K, capacity 616K, committed 640K, reserved 1048576K
}
Event: 5.222 GC heap before
{Heap before GC invocations=7 (full 2):
 PSYoungGen      total 138240K, used 5104K [0x00000000eab00000, 0x00000000f3700000, 0x0000000100000000)
  eden space 133120K, 0% used [0x00000000eab00000,0x00000000eab00000,0x00000000f2d00000)
  from space 5120K, 99% used [0x00000000f2d00000,0x00000000f31fc320,0x00000000f3200000)
  to   space 5120K, 0% used [0x00000000f3200000,0x00000000f3200000,0x00000000f3700000)
 ParOldGen       total 137728K, used 97519K [0x00000000c0000000, 0x00000000c8680000, 0x00000000eab00000)
  object space 137728K, 70% used [0x00000000c0000000,0x00000000c5f3bd28,0x00000000c8680000)
 Metaspace       used 5909K, capacity 7024K, committed 7296K, reserved 1056768K
  class space    used 567K, capacity 616K, committed 640K, reserved 1048576K
Event: 5.556 GC heap after
Heap after GC invocations=7 (full 2):
 PSYoungGen      total 138240K, used 0K [0x00000000eab00000, 0x00000000f3700000, 0x0000000100000000)
  eden space 133120K, 0% used [0x00000000eab00000,0x00000000eab00000,0x00000000f2d00000)
  from space 5120K, 0% used [0x00000000f2d00000,0x00000000f2d00000,0x00000000f3200000)
  to   space 5120K, 0% used [0x00000000f3200000,0x00000000f3200000,0x00000000f3700000)
 ParOldGen       total 190464K, used 68037K [0x00000000c0000000, 0x00000000cba00000, 0x00000000eab00000)
  object space 190464K, 35% used [0x00000000c0000000,0x00000000c4271728,0x00000000cba00000)
 Metaspace       used 5909K, capacity 7024K, committed 7296K, reserved 1056768K
  class space    used 567K, capacity 616K, committed 640K, reserved 1048576K
}

Deoptimization events (10 events):
Event: 6.170 Thread 0x0000000017130000 Uncommon trap: reason=class_check action=maybe_recompile pc=0x00000000039fe218 method=java.util.Arrays.hashCode([Ljava/lang/Object;)I @ 43
Event: 6.170 Thread 0x0000000017130000 Uncommon trap: reason=class_check action=maybe_recompile pc=0x00000000039da9f8 method=java.util.Arrays.hashCode([Ljava/lang/Object;)I @ 43
Event: 6.246 Thread 0x0000000017130000 Uncommon trap: reason=bimorphic action=maybe_recompile pc=0x00000000037f20c4 method=java.util.HashMap.getNode(ILjava/lang/Object;)Ljava/util/HashMap$Node; @ 126
Event: 6.246 Thread 0x0000000017130000 Uncommon trap: reason=class_check action=maybe_recompile pc=0x0000000003d1be6c method=java.util.HashMap.putVal(ILjava/lang/Object;Ljava/lang/Object;ZZ)Ljava/lang/Object; @ 203
Event: 6.247 Thread 0x0000000017130000 Uncommon trap: reason=bimorphic action=maybe_recompile pc=0x00000000037f20c4 method=java.util.HashMap.getNode(ILjava/lang/Object;)Ljava/util/HashMap$Node; @ 126
Event: 6.247 Thread 0x0000000017130000 Uncommon trap: reason=class_check action=maybe_recompile pc=0x0000000003d1be6c method=java.util.HashMap.putVal(ILjava/lang/Object;Ljava/lang/Object;ZZ)Ljava/lang/Object; @ 203
Event: 6.247 Thread 0x0000000017130000 Uncommon trap: reason=bimorphic action=maybe_recompile pc=0x00000000037f20c4 method=java.util.HashMap.getNode(ILjava/lang/Object;)Ljava/util/HashMap$Node; @ 126
Event: 6.247 Thread 0x0000000017130000 Uncommon trap: reason=class_check action=maybe_recompile pc=0x0000000003d1be6c method=java.util.HashMap.putVal(ILjava/lang/Object;Ljava/lang/Object;ZZ)Ljava/lang/Object; @ 203
Event: 6.247 Thread 0x0000000017130000 Uncommon trap: reason=class_check action=maybe_recompile pc=0x0000000003d1be6c method=java.util.HashMap.putVal(ILjava/lang/Object;Ljava/lang/Object;ZZ)Ljava/lang/Object; @ 203
Event: 6.281 Thread 0x0000000017130000 Uncommon trap: reason=bimorphic action=maybe_recompile pc=0x00000000038c8be0 method=java.util.HashMap.getNode(ILjava/lang/Object;)Ljava/util/HashMap$Node; @ 126

Internal exceptions (4 events):
Event: 0.082 Thread 0x000000000303d800 Exception <a 'java/lang/NoSuchMethodError': Method sun.misc.Unsafe.defineClass(Ljava/lang/String;[BII)Ljava/lang/Class; name or signature does not match> (0x00000000eab07c78) thrown at [C:\src\android\AOSP-openjdk\external\jetbrains\jdk\hotspot\src\share\v7Õ(Éêµ?
Event: 0.082 Thread 0x000000000303d800 Exception <a 'java/lang/NoSuchMethodError': Method sun.misc.Unsafe.prefetchRead(Ljava/lang/Object;J)V name or signature does not match> (0x00000000eab07f60) thrown at [C:\src\android\AOSP-openjdk\external\jetbrains\jdk\hotspot\src\share\vm\prims\jni.cpp, lp≥x±0Dˇ?
Event: 1.954 Thread 0x0000000017239800 Implicit null exception at 0x0000000003957a22 to 0x0000000003957b1a
Event: 1.986 Thread 0x000000001723b000 Implicit null exception at 0x00000000038beb8a to 0x00000000038c1299

Events (10 events):
Event: 6.397 loading class com/android/dx/dex/code/LocalList$MakeState
Event: 6.397 loading class com/android/dx/dex/code/LocalList$MakeState done
Event: 6.398 loading class com/android/dx/dex/code/LocalList$Disposition
Event: 6.398 loading class com/android/dx/dex/code/LocalList$Disposition done
Event: 6.398 loading class com/android/dx/dex/code/LocalList$Entry
Event: 6.398 loading class com/android/dx/dex/code/LocalList$Entry done
Event: 6.399 loading class com/android/dx/dex/code/CatchHandlerList
Event: 6.399 loading class com/android/dx/dex/code/CatchHandlerList done
Event: 6.400 loading class com/android/dx/dex/code/CatchTable
Event: 6.400 loading class com/android/dx/dex/code/CatchTable done


Dynamic libraries:
0x00007ff636230000 - 0x00007ff636261000 	D:\Program Files\Android\Android Studio\jre\bin\java.exe
0x00007fffec7f0000 - 0x00007fffec9c1000 	C:\WINDOWS\SYSTEM32\ntdll.dll
0x00007fffeb1d0000 - 0x00007fffeb27c000 	C:\WINDOWS\System32\KERNEL32.DLL
0x00007fffe96e0000 - 0x00007fffe98fd000 	C:\WINDOWS\System32\KERNELBASE.dll
0x00007fffe9e60000 - 0x00007fffe9f02000 	C:\WINDOWS\System32\ADVAPI32.dll
0x00007fffeaaa0000 - 0x00007fffeab3e000 	C:\WINDOWS\System32\msvcrt.dll
0x00007fffec790000 - 0x00007fffec7e9000 	C:\WINDOWS\System32\sechost.dll
0x00007fffea970000 - 0x00007fffeaa91000 	C:\WINDOWS\System32\RPCRT4.dll
0x00007fffeac40000 - 0x00007fffeada5000 	C:\WINDOWS\System32\USER32.dll
0x00007fffe9d10000 - 0x00007fffe9d2e000 	C:\WINDOWS\System32\win32u.dll
0x00007fffea180000 - 0x00007fffea1b4000 	C:\WINDOWS\System32\GDI32.dll
0x00007fffe9b80000 - 0x00007fffe9d02000 	C:\WINDOWS\System32\gdi32full.dll
0x00007fffe41c0000 - 0x00007fffe443a000 	C:\WINDOWS\WinSxS\amd64_microsoft.windows.common-controls_6595b64144ccf1df_6.0.14393.953_none_42151e83c686086b\COMCTL32.dll
0x00007fffea600000 - 0x00007fffea8c8000 	C:\WINDOWS\System32\combase.dll
0x00007fffe8ce0000 - 0x00007fffe8dd5000 	C:\WINDOWS\System32\ucrtbase.dll
0x00007fffe9670000 - 0x00007fffe96da000 	C:\WINDOWS\System32\bcryptPrimitives.dll
0x00007fffe9da0000 - 0x00007fffe9dce000 	C:\WINDOWS\System32\IMM32.DLL
0x0000000063d40000 - 0x0000000063e12000 	D:\Program Files\Android\Android Studio\jre\jre\bin\msvcr100.dll
0x0000000062840000 - 0x000000006307c000 	D:\Program Files\Android\Android Studio\jre\jre\bin\server\jvm.dll
0x00007fffe9e40000 - 0x00007fffe9e48000 	C:\WINDOWS\System32\PSAPI.DLL
0x00007fffdc320000 - 0x00007fffdc329000 	C:\WINDOWS\SYSTEM32\WSOCK32.dll
0x00007fffea110000 - 0x00007fffea17a000 	C:\WINDOWS\System32\WS2_32.dll
0x00007fffe6c20000 - 0x00007fffe6c43000 	C:\WINDOWS\SYSTEM32\WINMM.dll
0x00007fffe4cf0000 - 0x00007fffe4cfa000 	C:\WINDOWS\SYSTEM32\VERSION.dll
0x00007fffe6b00000 - 0x00007fffe6b2b000 	C:\WINDOWS\SYSTEM32\WINMMBASE.dll
0x00007fffe9d30000 - 0x00007fffe9d72000 	C:\WINDOWS\System32\cfgmgr32.dll
0x00007fffe63f0000 - 0x00007fffe63ff000 	D:\Program Files\Android\Android Studio\jre\jre\bin\verify.dll
0x00007fffe4bc0000 - 0x00007fffe4be9000 	D:\Program Files\Android\Android Studio\jre\jre\bin\java.dll
0x00007fffe63d0000 - 0x00007fffe63e6000 	D:\Program Files\Android\Android Studio\jre\jre\bin\zip.dll
0x00007fffeb280000 - 0x00007fffec788000 	C:\WINDOWS\System32\SHELL32.dll
0x00007fffe8e80000 - 0x00007fffe955a000 	C:\WINDOWS\System32\windows.storage.dll
0x00007fffe8c50000 - 0x00007fffe8c9c000 	C:\WINDOWS\System32\powrprof.dll
0x00007fffea050000 - 0x00007fffea0a2000 	C:\WINDOWS\System32\shlwapi.dll
0x00007fffe8cd0000 - 0x00007fffe8cdf000 	C:\WINDOWS\System32\kernel.appcore.dll
0x00007fffe9560000 - 0x00007fffe9609000 	C:\WINDOWS\System32\shcore.dll
0x00007fffe8ca0000 - 0x00007fffe8cb4000 	C:\WINDOWS\System32\profapi.dll

VM Arguments:
jvm_args: -Djava.awt.headless=true -Xmx1024M -Dfile.encoding=GBK -Duser.country=CN -Duser.language=zh -Duser.variant 
java_command: com.android.dx.command.Main --dex --force-jumbo --num-threads=4 --multi-dex --output D:\musicbean\app\build\intermediates\transforms\dex\baidu\debug\folders\1000\5\slice_5 D:\musicbean\app\build\intermediates\transforms\instantRunSlicer\baidu\debug\folders\1\5\slice_5
java_class_path (initial): D:\SDK\build-tools\25.0.0\lib\dx.jar
Launcher Type: SUN_STANDARD

Environment Variables:
JAVA_HOME=C:\Program Files\Java\jdk1.8.0_101
CLASSPATH=.;C:\Program Files\Java\jdk1.8.0_101\lib;
PATH=C:\ProgramData\Oracle\Java\javapath;C:\WINDOWS\system32;C:\WINDOWS;C:\WINDOWS\System32\Wbem;C:\WINDOWS\System32\WindowsPowerShell\v1.0\;C:\Program Files\Java\jdk1.8.0_101\bin;C:\Program Files\Java\jdk1.8.0_101\jre\bin;D:\Git\cmd;C:\Users\Administrator\AppData\Local\Microsoft\WindowsApps;
USERNAME=Administrator
OS=Windows_NT
PROCESSOR_IDENTIFIER=Intel64 Family 6 Model 94 Stepping 3, GenuineIntel



---------------  S Y S T E M  ---------------

OS: Windows 10.0 , 64 bit Build 14393 (10.0.14393.1198)

CPU:total 4 (4 cores per cpu, 1 threads per core) family 6 model 94 stepping 3, cmov, cx8, fxsr, mmx, sse, sse2, sse3, ssse3, sse4.1, sse4.2, popcnt, avx, avx2, aes, clmul, erms, rtm, 3dnowpref, lzcnt, tsc, tscinvbit, bmi1, bmi2, adx

Memory: 4k page, physical 8299524k(2274252k free), swap 14749720k(11508k free)

vm_info: OpenJDK 64-Bit Server VM (25.112-b06) for windows-amd64 JRE (1.8.0_112-release-b06), built on Dec  8 2016 00:54:26 by "builder" with MS VC++ 10.0 (VS2010)

time: Mon May 22 14:01:30 2017
elapsed time: 6 seconds (0d 0h 0m 6s)

