#
# There is insufficient memory for the Java Runtime Environment to continue.
# Native memory allocation (malloc) failed to allocate 685056 bytes for Chunk::new
# Possible reasons:
#   The system is out of physical RAM or swap space
#   In 32 bit mode, the process size limit was hit
# Possible solutions:
#   Reduce memory load on the system
#   Increase physical memory or swap space
#   Check if swap backing store is full
#   Use 64 bit Java on a 64 bit OS
#   Decrease Java heap size (-Xmx/-Xms)
#   Decrease number of Java threads
#   Decrease Java thread stack sizes (-Xss)
#   Set larger code cache with -XX:ReservedCodeCacheSize=
# This output file may be truncated or incomplete.
#
#  Out of Memory Error (allocation.cpp:390), pid=11308, tid=0x0000000000003bd4
#
# JRE version: OpenJDK Runtime Environment (8.0_112-b06) (build 1.8.0_112-release-b06)
# Java VM: OpenJDK 64-Bit Server VM (25.112-b06 mixed mode windows-amd64 compressed oops)
# Failed to write core dump. Minidumps are not enabled by default on client versions of Windows
#

---------------  T H R E A D  ---------------

Current thread (0x00000000152d0000):  JavaThread "C2 CompilerThread0" daemon [_thread_in_native, id=15316, stack(0x0000000016c10000,0x0000000016d10000)]

Stack: [0x0000000016c10000,0x0000000016d10000]
[error occurred during error reporting (printing stack bounds), id 0xc0000005]

Native frames: (J=compiled Java code, j=interpreted, Vv=VM code, C=native code)


Current CompileTask:
C2:   4101 1826       4       com.android.dx.dex.code.OutputFinisher::addConstants (93 bytes)


---------------  P R O C E S S  ---------------

Java Threads: ( => current thread )
  0x00000000168ba800 JavaThread "pool-1-thread-1" [_thread_in_Java, id=14552, stack(0x0000000018de0000,0x0000000018ee0000)]
  0x000000001666e800 JavaThread "Service Thread" daemon [_thread_blocked, id=14608, stack(0x0000000016f10000,0x0000000017010000)]
  0x0000000016663800 JavaThread "C1 CompilerThread2" daemon [_thread_blocked, id=14528, stack(0x0000000016e10000,0x0000000016f10000)]
  0x0000000015318800 JavaThread "C2 CompilerThread1" daemon [_thread_in_native, id=3784, stack(0x0000000016d10000,0x0000000016e10000)]
=>0x00000000152d0000 JavaThread "C2 CompilerThread0" daemon [_thread_in_native, id=15316, stack(0x0000000016c10000,0x0000000016d10000)]
  0x0000000015317800 JavaThread "Attach Listener" daemon [_thread_blocked, id=4240, stack(0x0000000016b10000,0x0000000016c10000)]
  0x0000000016618800 JavaThread "Signal Dispatcher" daemon [_thread_blocked, id=13728, stack(0x0000000016a10000,0x0000000016b10000)]
  0x0000000002bec000 JavaThread "Finalizer" daemon [_thread_blocked, id=12240, stack(0x0000000016510000,0x0000000016610000)]
  0x0000000002be1000 JavaThread "Reference Handler" daemon [_thread_blocked, id=13168, stack(0x0000000016410000,0x0000000016510000)]
  0x0000000002aed800 JavaThread "main" [_thread_blocked, id=15032, stack(0x00000000024a0000,0x00000000025a0000)]

Other Threads:
  0x0000000015284800 VMThread [stack: 0x0000000016310000,0x0000000016410000] [id=14700]
  0x0000000016670000 WatcherThread [stack: 0x0000000017010000,0x0000000017110000] [id=5856]

VM state:not at safepoint (normal execution)

VM Mutex/Monitor currently owned by a thread: None

Heap:
 PSYoungGen      total 71680K, used 53603K [0x00000000eab00000, 0x00000000ef600000, 0x0000000100000000)
  eden space 66560K, 72% used [0x00000000eab00000,0x00000000eda5e7d8,0x00000000eec00000)
  from space 5120K, 99% used [0x00000000ef100000,0x00000000ef5fa598,0x00000000ef600000)
  to   space 5120K, 0% used [0x00000000eec00000,0x00000000eec00000,0x00000000ef100000)
 ParOldGen       total 87552K, used 6433K [0x00000000c0000000, 0x00000000c5580000, 0x00000000eab00000)
  object space 87552K, 7% used [0x00000000c0000000,0x00000000c0648480,0x00000000c5580000)
 Metaspace       used 6344K, capacity 7152K, committed 7296K, reserved 1056768K
  class space    used 586K, capacity 616K, committed 640K, reserved 1048576K

Card table byte_map: [0x0000000011fb0000,0x00000000121c0000] byte_map_base: 0x00000000119b0000

Marking Bits: (ParMarkBitMap*) 0x00000000630018f0
 Begin Bits: [0x0000000012720000, 0x0000000013720000)
 End Bits:   [0x0000000013720000, 0x0000000014720000)

Polling page: 0x0000000000c80000

CodeCache: size=245760Kb used=7645Kb max_used=7645Kb free=238114Kb
 bounds [0x0000000002bf0000, 0x0000000003370000, 0x0000000011bf0000]
 total_blobs=2073 nmethods=1802 adapters=184
 compilation: enabled

Compilation events (10 events):
Event: 4.089 Thread 0x0000000016663800 1864       3       com.android.dx.dex.file.ProtoIdItem::makeShortForm (74 bytes)
Event: 4.091 Thread 0x0000000016663800 nmethod 1864 0x0000000003369490 code [0x00000000033697a0, 0x000000000336b3a8]
Event: 4.091 Thread 0x0000000016663800 1861       3       com.android.dx.rop.cst.CstString::<init> (42 bytes)
Event: 4.091 Thread 0x0000000016663800 nmethod 1861 0x000000000336c550 code [0x000000000336c720, 0x000000000336ccb8]
Event: 4.091 Thread 0x0000000016663800 1863       3       java.lang.StringBuilder::<init> (6 bytes)
Event: 4.091 Thread 0x0000000016663800 nmethod 1863 0x000000000336cf50 code [0x000000000336d0c0, 0x000000000336d370]
Event: 4.091 Thread 0x0000000016663800 1865       3       com.android.dx.dex.file.TypeListItem::<init> (21 bytes)
Event: 4.091 Thread 0x0000000016663800 nmethod 1865 0x000000000336d490 code [0x000000000336d600, 0x000000000336d898]
Event: 4.091 Thread 0x0000000016663800 1867       3       com.android.dx.dex.file.ProtoIdItem::<init> (60 bytes)
Event: 4.091 Thread 0x0000000016663800 nmethod 1867 0x000000000336d990 code [0x000000000336db60, 0x000000000336e368]

GC Heap History (4 events):
Event: 1.535 GC heap before
{Heap before GC invocations=1 (full 0):
 PSYoungGen      total 38400K, used 33280K [0x00000000eab00000, 0x00000000ed580000, 0x0000000100000000)
  eden space 33280K, 100% used [0x00000000eab00000,0x00000000ecb80000,0x00000000ecb80000)
  from space 5120K, 0% used [0x00000000ed080000,0x00000000ed080000,0x00000000ed580000)
  to   space 5120K, 0% used [0x00000000ecb80000,0x00000000ecb80000,0x00000000ed080000)
 ParOldGen       total 87552K, used 0K [0x00000000c0000000, 0x00000000c5580000, 0x00000000eab00000)
  object space 87552K, 0% used [0x00000000c0000000,0x00000000c0000000,0x00000000c5580000)
 Metaspace       used 6011K, capacity 6960K, committed 7040K, reserved 1056768K
  class space    used 576K, capacity 616K, committed 640K, reserved 1048576K
Event: 1.735 GC heap after
Heap after GC invocations=1 (full 0):
 PSYoungGen      total 38400K, used 5116K [0x00000000eab00000, 0x00000000ef600000, 0x0000000100000000)
  eden space 33280K, 0% used [0x00000000eab00000,0x00000000eab00000,0x00000000ecb80000)
  from space 5120K, 99% used [0x00000000ecb80000,0x00000000ed07f258,0x00000000ed080000)
  to   space 5120K, 0% used [0x00000000ef100000,0x00000000ef100000,0x00000000ef600000)
 ParOldGen       total 87552K, used 1297K [0x00000000c0000000, 0x00000000c5580000, 0x00000000eab00000)
  object space 87552K, 1% used [0x00000000c0000000,0x00000000c01447b8,0x00000000c5580000)
 Metaspace       used 6011K, capacity 6960K, committed 7040K, reserved 1056768K
  class space    used 576K, capacity 616K, committed 640K, reserved 1048576K
}
Event: 2.215 GC heap before
{Heap before GC invocations=2 (full 0):
 PSYoungGen      total 38400K, used 38396K [0x00000000eab00000, 0x00000000ef600000, 0x0000000100000000)
  eden space 33280K, 100% used [0x00000000eab00000,0x00000000ecb80000,0x00000000ecb80000)
  from space 5120K, 99% used [0x00000000ecb80000,0x00000000ed07f258,0x00000000ed080000)
  to   space 5120K, 0% used [0x00000000ef100000,0x00000000ef100000,0x00000000ef600000)
 ParOldGen       total 87552K, used 1297K [0x00000000c0000000, 0x00000000c5580000, 0x00000000eab00000)
  object space 87552K, 1% used [0x00000000c0000000,0x00000000c01447b8,0x00000000c5580000)
 Metaspace       used 6189K, capacity 7088K, committed 7296K, reserved 1056768K
  class space    used 579K, capacity 616K, committed 640K, reserved 1048576K
Event: 2.228 GC heap after
Heap after GC invocations=2 (full 0):
 PSYoungGen      total 71680K, used 5097K [0x00000000eab00000, 0x00000000ef600000, 0x0000000100000000)
  eden space 66560K, 0% used [0x00000000eab00000,0x00000000eab00000,0x00000000eec00000)
  from space 5120K, 99% used [0x00000000ef100000,0x00000000ef5fa598,0x00000000ef600000)
  to   space 5120K, 0% used [0x00000000eec00000,0x00000000eec00000,0x00000000ef100000)
 ParOldGen       total 87552K, used 6433K [0x00000000c0000000, 0x00000000c5580000, 0x00000000eab00000)
  object space 87552K, 7% used [0x00000000c0000000,0x00000000c0648480,0x00000000c5580000)
 Metaspace       used 6189K, capacity 7088K, committed 7296K, reserved 1056768K
  class space    used 579K, capacity 616K, committed 640K, reserved 1048576K
}

Deoptimization events (10 events):
Event: 3.949 Thread 0x00000000168ba800 Uncommon trap: reason=class_check action=maybe_recompile pc=0x000000000317ad08 method=java.util.Arrays.hashCode([Ljava/lang/Object;)I @ 43
Event: 3.949 Thread 0x00000000168ba800 Uncommon trap: reason=class_check action=maybe_recompile pc=0x000000000317ad08 method=java.util.Arrays.hashCode([Ljava/lang/Object;)I @ 43
Event: 3.949 Thread 0x00000000168ba800 Uncommon trap: reason=class_check action=maybe_recompile pc=0x000000000317ad08 method=java.util.Arrays.hashCode([Ljava/lang/Object;)I @ 43
Event: 3.951 Thread 0x00000000168ba800 Uncommon trap: reason=class_check action=maybe_recompile pc=0x000000000317b374 method=java.util.Arrays.hashCode([Ljava/lang/Object;)I @ 43
Event: 4.004 Thread 0x00000000168ba800 Uncommon trap: reason=unstable_if action=reinterpret pc=0x0000000002f4aa1c method=com.android.dx.rop.cst.Constant.compareTo(Lcom/android/dx/rop/cst/Constant;)I @ 12
Event: 4.036 Thread 0x00000000168ba800 Uncommon trap: reason=class_check action=maybe_recompile pc=0x0000000002fd1cbc method=java.util.HashMap.putVal(ILjava/lang/Object;Ljava/lang/Object;ZZ)Ljava/lang/Object; @ 203
Event: 4.036 Thread 0x00000000168ba800 Uncommon trap: reason=class_check action=maybe_recompile pc=0x0000000002fd1cbc method=java.util.HashMap.putVal(ILjava/lang/Object;Ljava/lang/Object;ZZ)Ljava/lang/Object; @ 203
Event: 4.036 Thread 0x00000000168ba800 Uncommon trap: reason=class_check action=maybe_recompile pc=0x0000000002fd1cbc method=java.util.HashMap.putVal(ILjava/lang/Object;Ljava/lang/Object;ZZ)Ljava/lang/Object; @ 203
Event: 4.036 Thread 0x00000000168ba800 Uncommon trap: reason=class_check action=maybe_recompile pc=0x0000000002fd1cbc method=java.util.HashMap.putVal(ILjava/lang/Object;Ljava/lang/Object;ZZ)Ljava/lang/Object; @ 203
Event: 4.053 Thread 0x00000000168ba800 Uncommon trap: reason=unstable_if action=reinterpret pc=0x000000000335030c method=java.util.HashMap.putVal(ILjava/lang/Object;Ljava/lang/Object;ZZ)Ljava/lang/Object; @ 94

Internal exceptions (3 events):
Event: 0.067 Thread 0x0000000002aed800 Exception <a 'java/lang/NoSuchMethodError': Method sun.misc.Unsafe.defineClass(Ljava/lang/String;[BII)Ljava/lang/Class; name or signature does not match> (0x00000000eab07c78) thrown at [C:\src\android\AOSP-openjdk\external\jetbrains\jdk\hotspot\src\share\v]s44ã=±?
Event: 0.067 Thread 0x0000000002aed800 Exception <a 'java/lang/NoSuchMethodError': Method sun.misc.Unsafe.prefetchRead(Ljava/lang/Object;J)V name or signature does not match> (0x00000000eab07f60) thrown at [C:\src\android\AOSP-openjdk\external\jetbrains\jdk\hotspot\src\share\vm\prims\jni.cpp, l¢ŒçáÇ Ò?
Event: 1.112 Thread 0x000000001695a000 Implicit null exception at 0x0000000002f4db80 to 0x0000000002f50915

Events (10 events):
Event: 4.036 Thread 0x00000000168ba800 Uncommon trap: trap_request=0xffffffde fr.pc=0x0000000002fd1cbc
Event: 4.036 Thread 0x00000000168ba800 DEOPT PACKING pc=0x0000000002fd1cbc sp=0x0000000018ededc0
Event: 4.036 Thread 0x00000000168ba800 DEOPT UNPACKING pc=0x0000000002c3556a sp=0x0000000018eded38 mode 2
Event: 4.038 loading class com/android/dx/dex/file/CatchStructs
Event: 4.038 loading class com/android/dx/dex/file/CatchStructs done
Event: 4.053 Thread 0x00000000168ba800 Uncommon trap: trap_request=0xffffff65 fr.pc=0x000000000335030c
Event: 4.053 Thread 0x00000000168ba800 DEOPT PACKING pc=0x000000000335030c sp=0x0000000018edecc0
Event: 4.053 Thread 0x00000000168ba800 DEOPT UNPACKING pc=0x0000000002c3556a sp=0x0000000018edec50 mode 2
Event: 4.085 loading class com/android/dx/dex/file/ProtoIdItem
Event: 4.085 loading class com/android/dx/dex/file/ProtoIdItem done


Dynamic libraries:
0x00007ff636230000 - 0x00007ff636261000 	D:\Program Files\Android\Android Studio\jre\bin\java.exe
0x00007fffec7f0000 - 0x00007fffec9c1000 	C:\WINDOWS\SYSTEM32\ntdll.dll
0x00007fffeb1d0000 - 0x00007fffeb27c000 	C:\WINDOWS\System32\KERNEL32.DLL
0x00007fffe96e0000 - 0x00007fffe98fd000 	C:\WINDOWS\System32\KERNELBASE.dll
0x00007fffe9e60000 - 0x00007fffe9f02000 	C:\WINDOWS\System32\ADVAPI32.dll
0x00007fffeaaa0000 - 0x00007fffeab3e000 	C:\WINDOWS\System32\msvcrt.dll
0x00007fffec790000 - 0x00007fffec7e9000 	C:\WINDOWS\System32\sechost.dll
0x00007fffea970000 - 0x00007fffeaa91000 	C:\WINDOWS\System32\RPCRT4.dll
0x00007fffeac40000 - 0x00007fffeada5000 	C:\WINDOWS\System32\USER32.dll
0x00007fffe9d10000 - 0x00007fffe9d2e000 	C:\WINDOWS\System32\win32u.dll
0x00007fffea180000 - 0x00007fffea1b4000 	C:\WINDOWS\System32\GDI32.dll
0x00007fffe9b80000 - 0x00007fffe9d02000 	C:\WINDOWS\System32\gdi32full.dll
0x00007fffe41c0000 - 0x00007fffe443a000 	C:\WINDOWS\WinSxS\amd64_microsoft.windows.common-controls_6595b64144ccf1df_6.0.14393.953_none_42151e83c686086b\COMCTL32.dll
0x00007fffea600000 - 0x00007fffea8c8000 	C:\WINDOWS\System32\combase.dll
0x00007fffe8ce0000 - 0x00007fffe8dd5000 	C:\WINDOWS\System32\ucrtbase.dll
0x00007fffe9670000 - 0x00007fffe96da000 	C:\WINDOWS\System32\bcryptPrimitives.dll
0x00007fffe9da0000 - 0x00007fffe9dce000 	C:\WINDOWS\System32\IMM32.DLL
0x0000000063530000 - 0x0000000063602000 	D:\Program Files\Android\Android Studio\jre\jre\bin\msvcr100.dll
0x0000000062840000 - 0x000000006307c000 	D:\Program Files\Android\Android Studio\jre\jre\bin\server\jvm.dll
0x00007fffe9e40000 - 0x00007fffe9e48000 	C:\WINDOWS\System32\PSAPI.DLL
0x00007fffdc320000 - 0x00007fffdc329000 	C:\WINDOWS\SYSTEM32\WSOCK32.dll
0x00007fffea110000 - 0x00007fffea17a000 	C:\WINDOWS\System32\WS2_32.dll
0x00007fffe6c20000 - 0x00007fffe6c43000 	C:\WINDOWS\SYSTEM32\WINMM.dll
0x00007fffe4cf0000 - 0x00007fffe4cfa000 	C:\WINDOWS\SYSTEM32\VERSION.dll
0x00007fffe6b00000 - 0x00007fffe6b2b000 	C:\WINDOWS\SYSTEM32\WINMMBASE.dll
0x00007fffe9d30000 - 0x00007fffe9d72000 	C:\WINDOWS\System32\cfgmgr32.dll
0x00007fffe63d0000 - 0x00007fffe63df000 	D:\Program Files\Android\Android Studio\jre\jre\bin\verify.dll
0x00007fffdde50000 - 0x00007fffdde79000 	D:\Program Files\Android\Android Studio\jre\jre\bin\java.dll
0x00007fffe3930000 - 0x00007fffe3946000 	D:\Program Files\Android\Android Studio\jre\jre\bin\zip.dll
0x00007fffeb280000 - 0x00007fffec788000 	C:\WINDOWS\System32\SHELL32.dll
0x00007fffe8e80000 - 0x00007fffe955a000 	C:\WINDOWS\System32\windows.storage.dll
0x00007fffe8c50000 - 0x00007fffe8c9c000 	C:\WINDOWS\System32\powrprof.dll
0x00007fffea050000 - 0x00007fffea0a2000 	C:\WINDOWS\System32\shlwapi.dll
0x00007fffe8cd0000 - 0x00007fffe8cdf000 	C:\WINDOWS\System32\kernel.appcore.dll
0x00007fffe9560000 - 0x00007fffe9609000 	C:\WINDOWS\System32\shcore.dll
0x00007fffe8ca0000 - 0x00007fffe8cb4000 	C:\WINDOWS\System32\profapi.dll

VM Arguments:
jvm_args: -Djava.awt.headless=true -Xmx1024M -Dfile.encoding=GBK -Duser.country=CN -Duser.language=zh -Duser.variant 
java_command: com.android.dx.command.Main --dex --force-jumbo --num-threads=4 --multi-dex --output D:\musicbean\app\build\intermediates\transforms\dex\baidu\debug\folders\1000\2\libweibo_aa0c95dff4bccba37bd6e0afb7f6ac566f8bcaa7 D:\musicbean\app\libs\libweibo.jar
java_class_path (initial): D:\SDK\build-tools\25.0.0\lib\dx.jar
Launcher Type: SUN_STANDARD

Environment Variables:
JAVA_HOME=C:\Program Files\Java\jdk1.8.0_101
CLASSPATH=.;C:\Program Files\Java\jdk1.8.0_101\lib;
PATH=C:\ProgramData\Oracle\Java\javapath;C:\WINDOWS\system32;C:\WINDOWS;C:\WINDOWS\System32\Wbem;C:\WINDOWS\System32\WindowsPowerShell\v1.0\;C:\Program Files\Java\jdk1.8.0_101\bin;C:\Program Files\Java\jdk1.8.0_101\jre\bin;D:\Git\cmd;C:\Users\Administrator\AppData\Local\Microsoft\WindowsApps;
USERNAME=Administrator
OS=Windows_NT
PROCESSOR_IDENTIFIER=Intel64 Family 6 Model 94 Stepping 3, GenuineIntel



---------------  S Y S T E M  ---------------

OS: Windows 10.0 , 64 bit Build 14393 (10.0.14393.1198)

CPU:total 4 (4 cores per cpu, 1 threads per core) family 6 model 94 stepping 3, cmov, cx8, fxsr, mmx, sse, sse2, sse3, ssse3, sse4.1, sse4.2, popcnt, avx, avx2, aes, clmul, erms, rtm, 3dnowpref, lzcnt, tsc, tscinvbit, bmi1, bmi2, adx

Memory: 4k page, physical 8299524k(2739536k free), swap 14749720k(8292k free)

vm_info: OpenJDK 64-Bit Server VM (25.112-b06) for windows-amd64 JRE (1.8.0_112-release-b06), built on Dec  8 2016 00:54:26 by "builder" with MS VC++ 10.0 (VS2010)

time: Tue May 16 10:42:16 2017
elapsed time: 4 seconds (0d 0h 0m 4s)

