#
# There is insufficient memory for the Java Runtime Environment to continue.
# Native memory allocation (malloc) failed to allocate 305456 bytes for Chunk::new
# Possible reasons:
#   The system is out of physical RAM or swap space
#   In 32 bit mode, the process size limit was hit
# Possible solutions:
#   Reduce memory load on the system
#   Increase physical memory or swap space
#   Check if swap backing store is full
#   Use 64 bit Java on a 64 bit OS
#   Decrease Java heap size (-Xmx/-Xms)
#   Decrease number of Java threads
#   Decrease Java thread stack sizes (-Xss)
#   Set larger code cache with -XX:ReservedCodeCacheSize=
# This output file may be truncated or incomplete.
#
#  Out of Memory Error (allocation.cpp:390), pid=15048, tid=0x00000000000017e8
#
# JRE version: OpenJDK Runtime Environment (8.0_112-b06) (build 1.8.0_112-release-b06)
# Java VM: OpenJDK 64-Bit Server VM (25.112-b06 mixed mode windows-amd64 compressed oops)
# Failed to write core dump. Minidumps are not enabled by default on client versions of Windows
#

---------------  T H R E A D  ---------------

Current thread (0x00000000163f9000):  JavaThread "C2 CompilerThread1" daemon [_thread_in_native, id=6120, stack(0x0000000016ab0000,0x0000000016bb0000)]

Stack: [0x0000000016ab0000,0x0000000016bb0000]
[error occurred during error reporting (printing stack bounds), id 0xc0000005]

Native frames: (J=compiled Java code, j=interpreted, Vv=VM code, C=native code)


Current CompileTask:
C2:   7994 1928 %     4       com.android.dx.ssa.DeadCodeRemover::run @ 109 (194 bytes)


---------------  P R O C E S S  ---------------

Java Threads: ( => current thread )
  0x000000001661f800 JavaThread "pool-2-thread-4" [_thread_blocked, id=10924, stack(0x00000000172b0000,0x00000000173b0000)]
  0x000000001655b000 JavaThread "pool-2-thread-3" [_thread_in_vm, id=2964, stack(0x00000000171b0000,0x00000000172b0000)]
  0x0000000016522800 JavaThread "pool-2-thread-2" [_thread_in_vm, id=2196, stack(0x00000000170b0000,0x00000000171b0000)]
  0x0000000016519800 JavaThread "pool-3-thread-1" [_thread_blocked, id=10392, stack(0x0000000016fb0000,0x00000000170b0000)]
  0x000000001650e800 JavaThread "pool-2-thread-1" [_thread_blocked, id=12536, stack(0x0000000016eb0000,0x0000000016fb0000)]
  0x000000001640e800 JavaThread "Service Thread" daemon [_thread_blocked, id=3948, stack(0x0000000016cb0000,0x0000000016db0000)]
  0x0000000016407000 JavaThread "C1 CompilerThread2" daemon [_thread_blocked, id=17204, stack(0x0000000016bb0000,0x0000000016cb0000)]
=>0x00000000163f9000 JavaThread "C2 CompilerThread1" daemon [_thread_in_native, id=6120, stack(0x0000000016ab0000,0x0000000016bb0000)]
  0x000000001505b000 JavaThread "C2 CompilerThread0" daemon [_thread_in_native, id=2188, stack(0x00000000169b0000,0x0000000016ab0000)]
  0x00000000150a9800 JavaThread "Attach Listener" daemon [_thread_blocked, id=16816, stack(0x00000000168b0000,0x00000000169b0000)]
  0x00000000163b8800 JavaThread "Signal Dispatcher" daemon [_thread_blocked, id=17360, stack(0x00000000167b0000,0x00000000168b0000)]
  0x000000000297c800 JavaThread "Finalizer" daemon [_thread_blocked, id=1476, stack(0x00000000162b0000,0x00000000163b0000)]
  0x0000000002972000 JavaThread "Reference Handler" daemon [_thread_blocked, id=14564, stack(0x00000000161b0000,0x00000000162b0000)]
  0x000000000077d800 JavaThread "main" [_thread_blocked, id=16412, stack(0x0000000002780000,0x0000000002880000)]

Other Threads:
  0x0000000015016800 VMThread [stack: 0x00000000160b0000,0x00000000161b0000] [id=16604]
  0x000000001640f800 WatcherThread [stack: 0x0000000016db0000,0x0000000016eb0000] [id=15572]

VM state:not at safepoint (normal execution)

VM Mutex/Monitor currently owned by a thread: None

Heap:
 PSYoungGen      total 138240K, used 2743K [0x00000000eab00000, 0x0000000100000000, 0x0000000100000000)
  eden space 133120K, 2% used [0x00000000eab00000,0x00000000eadadd48,0x00000000f2d00000)
  from space 5120K, 0% used [0x00000000f2d00000,0x00000000f2d00000,0x00000000f3200000)
  to   space 51200K, 0% used [0x00000000fce00000,0x00000000fce00000,0x0000000100000000)
 ParOldGen       total 95232K, used 62845K [0x00000000c0000000, 0x00000000c5d00000, 0x00000000eab00000)
  object space 95232K, 65% used [0x00000000c0000000,0x00000000c3d5f738,0x00000000c5d00000)
 Metaspace       used 6014K, capacity 7088K, committed 7296K, reserved 1056768K
  class space    used 562K, capacity 616K, committed 640K, reserved 1048576K

Card table byte_map: [0x0000000011d40000,0x0000000011f50000] byte_map_base: 0x0000000011740000

Marking Bits: (ParMarkBitMap*) 0x00000000630018f0
 Begin Bits: [0x00000000124b0000, 0x00000000134b0000)
 End Bits:   [0x00000000134b0000, 0x00000000144b0000)

Polling page: 0x0000000000740000

CodeCache: size=245760Kb used=8360Kb max_used=8379Kb free=237399Kb
 bounds [0x0000000002980000, 0x00000000031c0000, 0x0000000011980000]
 total_blobs=2131 nmethods=1868 adapters=177
 compilation: enabled

Compilation events (10 events):
Event: 6.792 Thread 0x000000001505b000 nmethod 1915 0x000000000319f690 code [0x000000000319f7e0, 0x000000000319fbf8]
Event: 6.792 Thread 0x000000001505b000 1920       4       com.android.dx.rop.cst.CstKnownNull::equals (5 bytes)
Event: 6.792 Thread 0x000000001505b000 nmethod 1920 0x000000000319ff50 code [0x00000000031a00a0, 0x00000000031a0138]
Event: 6.804 Thread 0x00000000163f9000 nmethod 1903 0x00000000031b6810 code [0x00000000031b6b80, 0x00000000031b9630]
Event: 7.975 Thread 0x000000001505b000 1927       4       com.android.dx.dex.code.CstInsn::<init> (39 bytes)
Event: 7.975 Thread 0x00000000163f9000 1928 %     4       com.android.dx.ssa.DeadCodeRemover::run @ 109 (194 bytes)
Event: 7.976 Thread 0x000000001505b000 nmethod 1927 0x000000000319f290 code [0x000000000319f3e0, 0x000000000319f538]
Event: 7.980 Thread 0x0000000016407000 1929       3       java.util.HashMap$HashIterator::nextNode (100 bytes)
Event: 7.980 Thread 0x0000000016407000 nmethod 1929 0x00000000031a1190 code [0x00000000031a1340, 0x00000000031a1818]
Event: 7.982 Thread 0x000000001505b000 1930 %     4       com.android.dx.ssa.ConstCollector::updateConstUses @ 20 (248 bytes)

GC Heap History (10 events):
Event: 4.007 GC heap before
{Heap before GC invocations=2 (full 0):
 PSYoungGen      total 38400K, used 38399K [0x00000000eab00000, 0x00000000ef600000, 0x0000000100000000)
  eden space 33280K, 100% used [0x00000000eab00000,0x00000000ecb80000,0x00000000ecb80000)
  from space 5120K, 99% used [0x00000000ecb80000,0x00000000ed07ffa8,0x00000000ed080000)
  to   space 5120K, 0% used [0x00000000ef100000,0x00000000ef100000,0x00000000ef600000)
 ParOldGen       total 87552K, used 2658K [0x00000000c0000000, 0x00000000c5580000, 0x00000000eab00000)
  object space 87552K, 3% used [0x00000000c0000000,0x00000000c0298b78,0x00000000c5580000)
 Metaspace       used 5860K, capacity 6960K, committed 7040K, reserved 1056768K
  class space    used 559K, capacity 616K, committed 640K, reserved 1048576K
Event: 4.283 GC heap after
Heap after GC invocations=2 (full 0):
 PSYoungGen      total 71680K, used 5102K [0x00000000eab00000, 0x00000000ef600000, 0x0000000100000000)
  eden space 66560K, 0% used [0x00000000eab00000,0x00000000eab00000,0x00000000eec00000)
  from space 5120K, 99% used [0x00000000ef100000,0x00000000ef5fb9a0,0x00000000ef600000)
  to   space 5120K, 0% used [0x00000000eec00000,0x00000000eec00000,0x00000000ef100000)
 ParOldGen       total 87552K, used 10568K [0x00000000c0000000, 0x00000000c5580000, 0x00000000eab00000)
  object space 87552K, 12% used [0x00000000c0000000,0x00000000c0a520e0,0x00000000c5580000)
 Metaspace       used 5860K, capacity 6960K, committed 7040K, reserved 1056768K
  class space    used 559K, capacity 616K, committed 640K, reserved 1048576K
}
Event: 5.384 GC heap before
{Heap before GC invocations=3 (full 0):
 PSYoungGen      total 71680K, used 71662K [0x00000000eab00000, 0x00000000ef600000, 0x0000000100000000)
  eden space 66560K, 100% used [0x00000000eab00000,0x00000000eec00000,0x00000000eec00000)
  from space 5120K, 99% used [0x00000000ef100000,0x00000000ef5fb9a0,0x00000000ef600000)
  to   space 5120K, 0% used [0x00000000eec00000,0x00000000eec00000,0x00000000ef100000)
 ParOldGen       total 87552K, used 10568K [0x00000000c0000000, 0x00000000c5580000, 0x00000000eab00000)
  object space 87552K, 12% used [0x00000000c0000000,0x00000000c0a520e0,0x00000000c5580000)
 Metaspace       used 5972K, capacity 7024K, committed 7296K, reserved 1056768K
  class space    used 561K, capacity 616K, committed 640K, reserved 1048576K
Event: 5.405 GC heap after
Heap after GC invocations=3 (full 0):
 PSYoungGen      total 71680K, used 5089K [0x00000000eab00000, 0x00000000f3700000, 0x0000000100000000)
  eden space 66560K, 0% used [0x00000000eab00000,0x00000000eab00000,0x00000000eec00000)
  from space 5120K, 99% used [0x00000000eec00000,0x00000000ef0f8760,0x00000000ef100000)
  to   space 5120K, 0% used [0x00000000f3200000,0x00000000f3200000,0x00000000f3700000)
 ParOldGen       total 87552K, used 30477K [0x00000000c0000000, 0x00000000c5580000, 0x00000000eab00000)
  object space 87552K, 34% used [0x00000000c0000000,0x00000000c1dc3410,0x00000000c5580000)
 Metaspace       used 5972K, capacity 7024K, committed 7296K, reserved 1056768K
  class space    used 561K, capacity 616K, committed 640K, reserved 1048576K
}
Event: 5.809 GC heap before
{Heap before GC invocations=4 (full 0):
 PSYoungGen      total 71680K, used 71649K [0x00000000eab00000, 0x00000000f3700000, 0x0000000100000000)
  eden space 66560K, 100% used [0x00000000eab00000,0x00000000eec00000,0x00000000eec00000)
  from space 5120K, 99% used [0x00000000eec00000,0x00000000ef0f8760,0x00000000ef100000)
  to   space 5120K, 0% used [0x00000000f3200000,0x00000000f3200000,0x00000000f3700000)
 ParOldGen       total 87552K, used 30477K [0x00000000c0000000, 0x00000000c5580000, 0x00000000eab00000)
  object space 87552K, 34% used [0x00000000c0000000,0x00000000c1dc3410,0x00000000c5580000)
 Metaspace       used 6001K, capacity 7088K, committed 7296K, reserved 1056768K
  class space    used 562K, capacity 616K, committed 640K, reserved 1048576K
Event: 5.911 GC heap after
Heap after GC invocations=4 (full 0):
 PSYoungGen      total 138240K, used 5109K [0x00000000eab00000, 0x00000000f3700000, 0x0000000100000000)
  eden space 133120K, 0% used [0x00000000eab00000,0x00000000eab00000,0x00000000f2d00000)
  from space 5120K, 99% used [0x00000000f3200000,0x00000000f36fd5b8,0x00000000f3700000)
  to   space 5120K, 0% used [0x00000000f2d00000,0x00000000f2d00000,0x00000000f3200000)
 ParOldGen       total 87552K, used 52287K [0x00000000c0000000, 0x00000000c5580000, 0x00000000eab00000)
  object space 87552K, 59% used [0x00000000c0000000,0x00000000c330fff8,0x00000000c5580000)
 Metaspace       used 6001K, capacity 7088K, committed 7296K, reserved 1056768K
  class space    used 562K, capacity 616K, committed 640K, reserved 1048576K
}
Event: 6.952 GC heap before
{Heap before GC invocations=5 (full 0):
 PSYoungGen      total 138240K, used 138229K [0x00000000eab00000, 0x00000000f3700000, 0x0000000100000000)
  eden space 133120K, 100% used [0x00000000eab00000,0x00000000f2d00000,0x00000000f2d00000)
  from space 5120K, 99% used [0x00000000f3200000,0x00000000f36fd5b8,0x00000000f3700000)
  to   space 5120K, 0% used [0x00000000f2d00000,0x00000000f2d00000,0x00000000f3200000)
 ParOldGen       total 87552K, used 52287K [0x00000000c0000000, 0x00000000c5580000, 0x00000000eab00000)
  object space 87552K, 59% used [0x00000000c0000000,0x00000000c330fff8,0x00000000c5580000)
 Metaspace       used 6014K, capacity 7088K, committed 7296K, reserved 1056768K
  class space    used 562K, capacity 616K, committed 640K, reserved 1048576K
Event: 7.216 GC heap after
Heap after GC invocations=5 (full 0):
 PSYoungGen      total 138240K, used 5097K [0x00000000eab00000, 0x0000000100000000, 0x0000000100000000)
  eden space 133120K, 0% used [0x00000000eab00000,0x00000000eab00000,0x00000000f2d00000)
  from space 5120K, 99% used [0x00000000f2d00000,0x00000000f31fa528,0x00000000f3200000)
  to   space 51200K, 0% used [0x00000000fce00000,0x00000000fce00000,0x0000000100000000)
 ParOldGen       total 95232K, used 95127K [0x00000000c0000000, 0x00000000c5d00000, 0x00000000eab00000)
  object space 95232K, 99% used [0x00000000c0000000,0x00000000c5ce5d30,0x00000000c5d00000)
 Metaspace       used 6014K, capacity 7088K, committed 7296K, reserved 1056768K
  class space    used 562K, capacity 616K, committed 640K, reserved 1048576K
}
Event: 7.216 GC heap before
{Heap before GC invocations=6 (full 1):
 PSYoungGen      total 138240K, used 5097K [0x00000000eab00000, 0x0000000100000000, 0x0000000100000000)
  eden space 133120K, 0% used [0x00000000eab00000,0x00000000eab00000,0x00000000f2d00000)
  from space 5120K, 99% used [0x00000000f2d00000,0x00000000f31fa528,0x00000000f3200000)
  to   space 51200K, 0% used [0x00000000fce00000,0x00000000fce00000,0x0000000100000000)
 ParOldGen       total 95232K, used 95127K [0x00000000c0000000, 0x00000000c5d00000, 0x00000000eab00000)
  object space 95232K, 99% used [0x00000000c0000000,0x00000000c5ce5d30,0x00000000c5d00000)
 Metaspace       used 6014K, capacity 7088K, committed 7296K, reserved 1056768K
  class space    used 562K, capacity 616K, committed 640K, reserved 1048576K
Event: 7.973 GC heap after
Heap after GC invocations=6 (full 1):
 PSYoungGen      total 138240K, used 0K [0x00000000eab00000, 0x0000000100000000, 0x0000000100000000)
  eden space 133120K, 0% used [0x00000000eab00000,0x00000000eab00000,0x00000000f2d00000)
  from space 5120K, 0% used [0x00000000f2d00000,0x00000000f2d00000,0x00000000f3200000)
  to   space 51200K, 0% used [0x00000000fce00000,0x00000000fce00000,0x0000000100000000)
 ParOldGen       total 95232K, used 62845K [0x00000000c0000000, 0x00000000c5d00000, 0x00000000eab00000)
  object space 95232K, 65% used [0x00000000c0000000,0x00000000c3d5f738,0x00000000c5d00000)
 Metaspace       used 6014K, capacity 7088K, committed 7296K, reserved 1056768K
  class space    used 562K, capacity 616K, committed 640K, reserved 1048576K
}

Deoptimization events (10 events):
Event: 5.407 Thread 0x000000001661f800 Uncommon trap: reason=unstable_if action=reinterpret pc=0x0000000003045da0 method=com.android.dx.rop.code.RegisterSpecSet.localItemToSpec(Lcom/android/dx/rop/code/LocalItem;)Lcom/android/dx/rop/code/RegisterSpec; @ 35
Event: 5.433 Thread 0x000000001661f800 Uncommon trap: reason=class_check action=maybe_recompile pc=0x0000000002ed8c2c method=com.android.dx.cf.code.RopperMachine.run(Lcom/android/dx/cf/code/Frame;II)V @ 988
Event: 5.433 Thread 0x000000001661f800 Uncommon trap: reason=class_check action=maybe_recompile pc=0x0000000002ed8c2c method=com.android.dx.cf.code.RopperMachine.run(Lcom/android/dx/cf/code/Frame;II)V @ 988
Event: 5.433 Thread 0x000000001661f800 Uncommon trap: reason=class_check action=maybe_recompile pc=0x0000000002ed8c2c method=com.android.dx.cf.code.RopperMachine.run(Lcom/android/dx/cf/code/Frame;II)V @ 988
Event: 5.444 Thread 0x000000001650e800 Uncommon trap: reason=unstable_if action=reinterpret pc=0x0000000002d54f64 method=com.android.dx.rop.code.LocalItem.hashCode()I @ 25
Event: 5.444 Thread 0x000000001650e800 Uncommon trap: reason=unstable_if action=reinterpret pc=0x0000000002d09610 method=com.android.dx.rop.code.LocalItem.hashCode()I @ 25
Event: 5.504 Thread 0x000000000077d800 Uncommon trap: reason=bimorphic action=maybe_recompile pc=0x0000000002edade8 method=com.android.dx.cf.code.RopperMachine.run(Lcom/android/dx/cf/code/Frame;II)V @ 978
Event: 5.504 Thread 0x000000000077d800 Uncommon trap: reason=bimorphic action=maybe_recompile pc=0x0000000002edade8 method=com.android.dx.cf.code.RopperMachine.run(Lcom/android/dx/cf/code/Frame;II)V @ 978
Event: 5.504 Thread 0x000000000077d800 Uncommon trap: reason=bimorphic action=maybe_recompile pc=0x0000000002edade8 method=com.android.dx.cf.code.RopperMachine.run(Lcom/android/dx/cf/code/Frame;II)V @ 978
Event: 5.504 Thread 0x000000000077d800 Uncommon trap: reason=bimorphic action=maybe_recompile pc=0x0000000002edade8 method=com.android.dx.cf.code.RopperMachine.run(Lcom/android/dx/cf/code/Frame;II)V @ 978

Internal exceptions (4 events):
Event: 0.040 Thread 0x000000000077d800 Exception <a 'java/lang/NoSuchMethodError': Method sun.misc.Unsafe.defineClass(Ljava/lang/String;[BII)Ljava/lang/Class; name or signature does not match> (0x00000000eab07c78) thrown at [C:\src\android\AOSP-openjdk\external\jetbrains\jdk\hotspot\src\share\v‰ízû°§?
Event: 0.040 Thread 0x000000000077d800 Exception <a 'java/lang/NoSuchMethodError': Method sun.misc.Unsafe.prefetchRead(Ljava/lang/Object;J)V name or signature does not match> (0x00000000eab07f60) thrown at [C:\src\android\AOSP-openjdk\external\jetbrains\jdk\hotspot\src\share\vm\prims\jni.cpp, lçm?@
Event: 2.502 Thread 0x000000001661f800 Implicit null exception at 0x0000000002d31062 to 0x0000000002d3115a
Event: 3.066 Thread 0x000000001661f800 Implicit null exception at 0x0000000002d5d9e8 to 0x0000000002d600a5

Events (10 events):
Event: 7.975 Executing VM operation: RevokeBias
Event: 7.975 Executing VM operation: RevokeBias done
Event: 7.975 Executing VM operation: RevokeBias
Event: 7.975 Executing VM operation: RevokeBias done
Event: 7.975 Executing VM operation: RevokeBias
Event: 7.975 Executing VM operation: RevokeBias done
Event: 7.975 Executing VM operation: RevokeBias
Event: 7.975 Executing VM operation: RevokeBias done
Event: 7.975 Executing VM operation: BulkRevokeBias
Event: 7.975 Executing VM operation: BulkRevokeBias done


Dynamic libraries:
0x00007ff636230000 - 0x00007ff636261000 	D:\Program Files\Android\Android Studio\jre\bin\java.exe
0x00007fffec7f0000 - 0x00007fffec9c1000 	C:\WINDOWS\SYSTEM32\ntdll.dll
0x00007fffeb1d0000 - 0x00007fffeb27c000 	C:\WINDOWS\System32\KERNEL32.DLL
0x00007fffe96e0000 - 0x00007fffe98fd000 	C:\WINDOWS\System32\KERNELBASE.dll
0x00007fffe9e60000 - 0x00007fffe9f02000 	C:\WINDOWS\System32\ADVAPI32.dll
0x00007fffeaaa0000 - 0x00007fffeab3e000 	C:\WINDOWS\System32\msvcrt.dll
0x00007fffec790000 - 0x00007fffec7e9000 	C:\WINDOWS\System32\sechost.dll
0x00007fffea970000 - 0x00007fffeaa91000 	C:\WINDOWS\System32\RPCRT4.dll
0x00007fffeac40000 - 0x00007fffeada5000 	C:\WINDOWS\System32\USER32.dll
0x00007fffe9d10000 - 0x00007fffe9d2e000 	C:\WINDOWS\System32\win32u.dll
0x00007fffea180000 - 0x00007fffea1b4000 	C:\WINDOWS\System32\GDI32.dll
0x00007fffe9b80000 - 0x00007fffe9d02000 	C:\WINDOWS\System32\gdi32full.dll
0x00007fffe41c0000 - 0x00007fffe443a000 	C:\WINDOWS\WinSxS\amd64_microsoft.windows.common-controls_6595b64144ccf1df_6.0.14393.953_none_42151e83c686086b\COMCTL32.dll
0x00007fffea600000 - 0x00007fffea8c8000 	C:\WINDOWS\System32\combase.dll
0x00007fffe8ce0000 - 0x00007fffe8dd5000 	C:\WINDOWS\System32\ucrtbase.dll
0x00007fffe9670000 - 0x00007fffe96da000 	C:\WINDOWS\System32\bcryptPrimitives.dll
0x00007fffe9da0000 - 0x00007fffe9dce000 	C:\WINDOWS\System32\IMM32.DLL
0x0000000063d40000 - 0x0000000063e12000 	D:\Program Files\Android\Android Studio\jre\jre\bin\msvcr100.dll
0x0000000062840000 - 0x000000006307c000 	D:\Program Files\Android\Android Studio\jre\jre\bin\server\jvm.dll
0x00007fffe9e40000 - 0x00007fffe9e48000 	C:\WINDOWS\System32\PSAPI.DLL
0x00007fffdc320000 - 0x00007fffdc329000 	C:\WINDOWS\SYSTEM32\WSOCK32.dll
0x00007fffe6c20000 - 0x00007fffe6c43000 	C:\WINDOWS\SYSTEM32\WINMM.dll
0x00007fffe4cf0000 - 0x00007fffe4cfa000 	C:\WINDOWS\SYSTEM32\VERSION.dll
0x00007fffea110000 - 0x00007fffea17a000 	C:\WINDOWS\System32\WS2_32.dll
0x00007fffe6b00000 - 0x00007fffe6b2b000 	C:\WINDOWS\SYSTEM32\WINMMBASE.dll
0x00007fffe9d30000 - 0x00007fffe9d72000 	C:\WINDOWS\System32\cfgmgr32.dll
0x00007fffe63e0000 - 0x00007fffe63ef000 	D:\Program Files\Android\Android Studio\jre\jre\bin\verify.dll
0x00007fffe4bc0000 - 0x00007fffe4be9000 	D:\Program Files\Android\Android Studio\jre\jre\bin\java.dll
0x00007fffe4ba0000 - 0x00007fffe4bb6000 	D:\Program Files\Android\Android Studio\jre\jre\bin\zip.dll
0x00007fffeb280000 - 0x00007fffec788000 	C:\WINDOWS\System32\SHELL32.dll
0x00007fffe8e80000 - 0x00007fffe955a000 	C:\WINDOWS\System32\windows.storage.dll
0x00007fffe8c50000 - 0x00007fffe8c9c000 	C:\WINDOWS\System32\powrprof.dll
0x00007fffea050000 - 0x00007fffea0a2000 	C:\WINDOWS\System32\shlwapi.dll
0x00007fffe8cd0000 - 0x00007fffe8cdf000 	C:\WINDOWS\System32\kernel.appcore.dll
0x00007fffe9560000 - 0x00007fffe9609000 	C:\WINDOWS\System32\shcore.dll
0x00007fffe8ca0000 - 0x00007fffe8cb4000 	C:\WINDOWS\System32\profapi.dll

VM Arguments:
jvm_args: -Djava.awt.headless=true -Xmx1024M -Dfile.encoding=GBK -Duser.country=CN -Duser.language=zh -Duser.variant 
java_command: com.android.dx.command.Main --dex --force-jumbo --num-threads=4 --multi-dex --output D:\musicbean\app\build\intermediates\transforms\dex\baidu\debug\folders\1000\5\slice_2 D:\musicbean\app\build\intermediates\transforms\instantRunSlicer\baidu\debug\folders\1\5\slice_2
java_class_path (initial): D:\SDK\build-tools\25.0.0\lib\dx.jar
Launcher Type: SUN_STANDARD

Environment Variables:
JAVA_HOME=C:\Program Files\Java\jdk1.8.0_101
CLASSPATH=.;C:\Program Files\Java\jdk1.8.0_101\lib;
PATH=C:\ProgramData\Oracle\Java\javapath;C:\WINDOWS\system32;C:\WINDOWS;C:\WINDOWS\System32\Wbem;C:\WINDOWS\System32\WindowsPowerShell\v1.0\;C:\Program Files\Java\jdk1.8.0_101\bin;C:\Program Files\Java\jdk1.8.0_101\jre\bin;D:\Git\cmd;C:\Users\Administrator\AppData\Local\Microsoft\WindowsApps;
USERNAME=Administrator
OS=Windows_NT
PROCESSOR_IDENTIFIER=Intel64 Family 6 Model 94 Stepping 3, GenuineIntel



---------------  S Y S T E M  ---------------

OS: Windows 10.0 , 64 bit Build 14393 (10.0.14393.1198)

CPU:total 4 (4 cores per cpu, 1 threads per core) family 6 model 94 stepping 3, cmov, cx8, fxsr, mmx, sse, sse2, sse3, ssse3, sse4.1, sse4.2, popcnt, avx, avx2, aes, clmul, erms, rtm, 3dnowpref, lzcnt, tsc, tscinvbit, bmi1, bmi2, adx

Memory: 4k page, physical 8299524k(1411408k free), swap 14749720k(2292k free)

vm_info: OpenJDK 64-Bit Server VM (25.112-b06) for windows-amd64 JRE (1.8.0_112-release-b06), built on Dec  8 2016 00:54:26 by "builder" with MS VC++ 10.0 (VS2010)

time: Fri May 19 17:45:55 2017
elapsed time: 7 seconds (0d 0h 0m 7s)

