#
# A fatal error has been detected by the Java Runtime Environment:
#
#  EXCEPTION_ACCESS_VIOLATION (0xc0000005) at pc=0x0000000062a2b947, pid=32780, tid=0x00000000000081d0
#
# JRE version: OpenJDK Runtime Environment (8.0_112-b06) (build 1.8.0_112-release-b06)
# Java VM: OpenJDK 64-Bit Server VM (25.112-b06 mixed mode windows-amd64 compressed oops)
# Problematic frame:
# V  [jvm.dll+0x1eb947]
#
# Failed to write core dump. Minidumps are not enabled by default on client versions of Windows
#
# If you would like to submit a bug report, please visit:
#   http://bugreport.java.com/bugreport/crash.jsp
#

---------------  T H R E A D  ---------------

Current thread (0x0000000016e74800):  JavaThread "pool-2-thread-3" [_thread_in_vm, id=33232, stack(0x00000000179e0000,0x0000000017ae0000)]

siginfo: ExceptionCode=0xc0000005, writing address 0x0000000017ada5b0

Registers:
RAX=0x0000000017ada5b0, RBX=0x0000000000000006, RCX=0x0000000000005000, RDX=0x0000000000000006
RSP=0x0000000017adf5b0, RBP=0x0000000000000000, RSI=0x0000000017adf5b0, RDI=0x0000000000000006
R8 =0x0000000000000006, R9 =0x0000000016d51d60, R10=0x0000000014ebd8f0, R11=0x00000000179ea148
R12=0x0000000016d51d60, R13=0x0000000016e74800, R14=0x0000000017adf678, R15=0x0000000014ebd8f0
RIP=0x0000000062a2b947, EFLAGS=0x0000000000010202

Top of Stack: (sp=0x0000000017adf5b0)
0x0000000017adf5b0:   0000000000000002 00007fffec7f0000
0x0000000017adf5c0:   0000000016e74800 0000000016d51d60
0x0000000017adf5d0:   00000000ffffffff 0000000062a2c877
0x0000000017adf5e0:   0000000017adf6e0 0000000014ebd8f0
0x0000000017adf5f0:   0000000016e74800 00000000628dae33
0x0000000017adf600:   0000000017adf640 0000000016e74800
0x0000000017adf610:   0000000017adf6d0 0000000016e74800
0x0000000017adf620:   0000000014ebd8f0 0000000016e74800
0x0000000017adf630:   0000000003172f40 0000000016e74800
0x0000000017adf640:   0000000014ebd8f0 0000000016e74800
0x0000000017adf650:   0000000014ebd8f0 0000000016e74800
0x0000000017adf660:   0000000000000001 0000000014ebd8f0
0x0000000017adf670:   0000000016e74800 0000000016c4da50
0x0000000017adf680:   0000000016e74800 00000000628dc31d
0x0000000017adf690:   0000000017adf998 00000001000066b0
0x0000000017adf6a0:   00000001000066b0 0000000063d62052 

Instructions: (pc=0x0000000062a2b947)
0x0000000062a2b927:   48 89 6c 24 30 33 ed 66 90 e8 cb b8 07 00 ff c3
0x0000000062a2b937:   48 63 c8 48 8b c6 48 0f af cf 48 ff c7 48 2b c1
0x0000000062a2b947:   89 28 48 63 c3 48 3b 05 45 2c 57 00 7e db 48 8b
0x0000000062a2b957:   6c 24 30 48 8b 5c 24 38 48 8b 74 24 40 48 83 c4 


Register to memory mapping:

RAX=0x0000000017ada5b0 is pointing into the stack for thread: 0x0000000016e74800
RBX=0x0000000000000006 is an unknown value
RCX=0x0000000000005000 is an unknown value
RDX=0x0000000000000006 is an unknown value
RSP=0x0000000017adf5b0 is pointing into the stack for thread: 0x0000000016e74800
RBP=0x0000000000000000 is an unknown value
RSI=0x0000000017adf5b0 is pointing into the stack for thread: 0x0000000016e74800
RDI=0x0000000000000006 is an unknown value
R8 =0x0000000000000006 is an unknown value
R9 =0x0000000016d51d60 is an unknown value
R10={method} {0x0000000014ebd8f8} 'run' '()V' in 'java/lang/Thread'
R11=0x00000000179ea148 is pointing into the stack for thread: 0x0000000016e74800
R12=0x0000000016d51d60 is an unknown value
R13=0x0000000016e74800 is a thread
R14=0x0000000017adf678 is pointing into the stack for thread: 0x0000000016e74800
R15={method} {0x0000000014ebd8f8} 'run' '()V' in 'java/lang/Thread'


Stack: [0x00000000179e0000,0x0000000017ae0000],  sp=0x0000000017adf5b0,  free space=1021k
Native frames: (J=compiled Java code, j=interpreted, Vv=VM code, C=native code)


---------------  P R O C E S S  ---------------

Java Threads: ( => current thread )
  0x0000000016e76000 JavaThread "pool-2-thread-4" [_thread_blocked, id=4952, stack(0x0000000017ae0000,0x0000000017be0000)]
=>0x0000000016e74800 JavaThread "pool-2-thread-3" [_thread_in_vm, id=33232, stack(0x00000000179e0000,0x0000000017ae0000)]
  0x0000000016d60000 JavaThread "pool-2-thread-2" [_thread_blocked, id=32924, stack(0x00000000178e0000,0x00000000179e0000)]
  0x0000000016d5c800 JavaThread "pool-3-thread-1" [_thread_blocked, id=15512, stack(0x00000000177e0000,0x00000000178e0000)]
  0x0000000016d4d000 JavaThread "pool-2-thread-1" [_thread_in_vm, id=29600, stack(0x00000000176e0000,0x00000000177e0000)]
  0x0000000016c3d000 JavaThread "Service Thread" daemon [_thread_blocked, id=33764, stack(0x00000000174e0000,0x00000000175e0000)]
  0x0000000016c37000 JavaThread "C1 CompilerThread2" daemon [_thread_in_native, id=33152, stack(0x00000000173e0000,0x00000000174e0000)]
  0x0000000015889800 JavaThread "C2 CompilerThread1" daemon [_thread_blocked, id=32940, stack(0x00000000172e0000,0x00000000173e0000)]
  0x0000000015840000 JavaThread "C2 CompilerThread0" daemon [_thread_blocked, id=33672, stack(0x00000000171e0000,0x00000000172e0000)]
  0x0000000015887800 JavaThread "Attach Listener" daemon [_thread_blocked, id=32772, stack(0x00000000170e0000,0x00000000171e0000)]
  0x0000000016be8800 JavaThread "Signal Dispatcher" daemon [_thread_blocked, id=33788, stack(0x0000000016fe0000,0x00000000170e0000)]
  0x000000000315b000 JavaThread "Finalizer" daemon [_thread_blocked, id=33164, stack(0x0000000016a80000,0x0000000016b80000)]
  0x0000000003150000 JavaThread "Reference Handler" daemon [_thread_blocked, id=32916, stack(0x0000000016980000,0x0000000016a80000)]
  0x000000000159d800 JavaThread "main" [_thread_in_vm, id=33072, stack(0x0000000001480000,0x0000000001580000)]

Other Threads:
  0x00000000157f4800 VMThread [stack: 0x0000000016880000,0x0000000016980000] [id=33224]
  0x0000000016c3f000 WatcherThread [stack: 0x00000000175e0000,0x00000000176e0000] [id=28712]

VM state:not at safepoint (normal execution)

VM Mutex/Monitor currently owned by a thread:  ([mutex/lock_event])
[0x000000000159bdd0] CodeCache_lock - owner thread: 0x0000000016c37000
[0x0000000003060250] Compile_lock - owner thread: 0x0000000000000000

Heap:
 PSYoungGen      total 38400K, used 7323K [0x00000000eab00000, 0x00000000ed580000, 0x0000000100000000)
  eden space 33280K, 22% used [0x00000000eab00000,0x00000000eb226ee8,0x00000000ecb80000)
  from space 5120K, 0% used [0x00000000ed080000,0x00000000ed080000,0x00000000ed580000)
  to   space 5120K, 0% used [0x00000000ecb80000,0x00000000ecb80000,0x00000000ed080000)
 ParOldGen       total 87552K, used 0K [0x00000000c0000000, 0x00000000c5580000, 0x00000000eab00000)
  object space 87552K, 0% used [0x00000000c0000000,0x00000000c0000000,0x00000000c5580000)
 Metaspace       used 3895K, capacity 5232K, committed 5376K, reserved 1056768K
  class space    used 420K, capacity 488K, committed 512K, reserved 1048576K

Card table byte_map: [0x0000000012520000,0x0000000012730000] byte_map_base: 0x0000000011f20000

Marking Bits: (ParMarkBitMap*) 0x00000000630018f0
 Begin Bits: [0x0000000012c90000, 0x0000000013c90000)
 End Bits:   [0x0000000013c90000, 0x0000000014c90000)

Polling page: 0x0000000001050000

CodeCache: size=245760Kb used=1620Kb max_used=1623Kb free=244139Kb
 bounds [0x0000000003160000, 0x00000000033d0000, 0x0000000012160000]
 total_blobs=475 nmethods=223 adapters=166
 compilation: enabled

Compilation events (10 events):
Event: 1.020 Thread 0x0000000016c37000 nmethod 204 0x00000000032ef290 code [0x00000000032ef420, 0x00000000032ef798]
Event: 1.020 Thread 0x0000000016c37000  206   !   3       java.util.zip.ZipFile$ZipFileInputStream::close (110 bytes)
Event: 1.020 Thread 0x0000000016c37000 nmethod 206 0x00000000032ee550 code [0x00000000032ee700, 0x00000000032eef18]
Event: 1.020 Thread 0x0000000016c37000  205       1       java.util.zip.ZipCoder::isUTF8 (5 bytes)
Event: 1.020 Thread 0x0000000016c37000 nmethod 205 0x00000000032eb710 code [0x00000000032eb860, 0x00000000032eb970]
Event: 1.023 Thread 0x0000000016c37000  211       3       java.lang.String::indexOf (7 bytes)
Event: 1.023 Thread 0x0000000016c37000 nmethod 211 0x00000000032f0310 code [0x00000000032f0480, 0x00000000032f0708]
Event: 1.023 Thread 0x0000000016c37000  212   !   3       java.util.zip.Inflater::ended (32 bytes)
Event: 1.023 Thread 0x0000000016c37000 nmethod 212 0x00000000032efc90 code [0x00000000032efe00, 0x00000000032f01d0]
Event: 2.879 Thread 0x0000000015889800  213       4       java.util.concurrent.ConcurrentHashMap::setTabAt (19 bytes)

GC Heap History (0 events):
No events

Deoptimization events (0 events):
No events

Internal exceptions (2 events):
Event: 0.049 Thread 0x000000000159d800 Exception <a 'java/lang/NoSuchMethodError': Method sun.misc.Unsafe.defineClass(Ljava/lang/String;[BII)Ljava/lang/Class; name or signature does not match> (0x00000000eab07c78) thrown at [C:\src\android\AOSP-openjdk\external\jetbrains\jdk\hotspot\src\share\v#Ч)▒ье?
Event: 0.049 Thread 0x000000000159d800 Exception <a 'java/lang/NoSuchMethodError': Method sun.misc.Unsafe.prefetchRead(Ljava/lang/Object;J)V name or signature does not match> (0x00000000eab07f60) thrown at [C:\src\android\AOSP-openjdk\external\jetbrains\jdk\hotspot\src\share\vm\prims\jni.cpp, l

Events (10 events):
Event: 0.942 Thread 0x0000000016d5c800 Thread added: 0x0000000016d5c800
Event: 0.943 Thread 0x0000000016d60000 Thread added: 0x0000000016d60000
Event: 0.949 Thread 0x0000000016e74800 Thread added: 0x0000000016e74800
Event: 0.950 Thread 0x0000000016e76000 Thread added: 0x0000000016e76000
Event: 1.018 loading class com/android/dx/dex/cf/CfTranslator
Event: 1.018 loading class com/android/dx/dex/cf/CfTranslator done
Event: 1.020 loading class com/android/dx/dex/code/DalvCode$AssignIndicesCallback
Event: 1.020 loading class com/android/dx/dex/code/DalvCode$AssignIndicesCallback done
Event: 1.020 loading class com/android/dx/rop/code/TranslationAdvice
Event: 1.020 loading class com/android/dx/rop/code/TranslationAdvice done


Dynamic libraries:
0x00007ff636230000 - 0x00007ff636261000 	D:\Program Files\Android\Android Studio\jre\bin\java.exe
0x00007fffec7f0000 - 0x00007fffec9c1000 	C:\WINDOWS\SYSTEM32\ntdll.dll
0x00007fffeb1d0000 - 0x00007fffeb27c000 	C:\WINDOWS\System32\KERNEL32.DLL
0x00007fffe96e0000 - 0x00007fffe98fd000 	C:\WINDOWS\System32\KERNELBASE.dll
0x00007fffe9e60000 - 0x00007fffe9f02000 	C:\WINDOWS\System32\ADVAPI32.dll
0x00007fffeaaa0000 - 0x00007fffeab3e000 	C:\WINDOWS\System32\msvcrt.dll
0x00007fffec790000 - 0x00007fffec7e9000 	C:\WINDOWS\System32\sechost.dll
0x00007fffea970000 - 0x00007fffeaa91000 	C:\WINDOWS\System32\RPCRT4.dll
0x00007fffeac40000 - 0x00007fffeada5000 	C:\WINDOWS\System32\USER32.dll
0x00007fffe9d10000 - 0x00007fffe9d2e000 	C:\WINDOWS\System32\win32u.dll
0x00007fffea180000 - 0x00007fffea1b4000 	C:\WINDOWS\System32\GDI32.dll
0x00007fffe9b80000 - 0x00007fffe9d02000 	C:\WINDOWS\System32\gdi32full.dll
0x00007fffe41c0000 - 0x00007fffe443a000 	C:\WINDOWS\WinSxS\amd64_microsoft.windows.common-controls_6595b64144ccf1df_6.0.14393.953_none_42151e83c686086b\COMCTL32.dll
0x00007fffea600000 - 0x00007fffea8c8000 	C:\WINDOWS\System32\combase.dll
0x00007fffe8ce0000 - 0x00007fffe8dd5000 	C:\WINDOWS\System32\ucrtbase.dll
0x00007fffe9670000 - 0x00007fffe96da000 	C:\WINDOWS\System32\bcryptPrimitives.dll
0x00007fffe9da0000 - 0x00007fffe9dce000 	C:\WINDOWS\System32\IMM32.DLL
0x0000000063d40000 - 0x0000000063e12000 	D:\Program Files\Android\Android Studio\jre\jre\bin\msvcr100.dll
0x0000000062840000 - 0x000000006307c000 	D:\Program Files\Android\Android Studio\jre\jre\bin\server\jvm.dll
0x00007fffe9e40000 - 0x00007fffe9e48000 	C:\WINDOWS\System32\PSAPI.DLL
0x00007fffdc320000 - 0x00007fffdc329000 	C:\WINDOWS\SYSTEM32\WSOCK32.dll
0x00007fffea110000 - 0x00007fffea17a000 	C:\WINDOWS\System32\WS2_32.dll
0x00007fffe6c20000 - 0x00007fffe6c43000 	C:\WINDOWS\SYSTEM32\WINMM.dll
0x00007fffe4cf0000 - 0x00007fffe4cfa000 	C:\WINDOWS\SYSTEM32\VERSION.dll
0x00007fffe6b00000 - 0x00007fffe6b2b000 	C:\WINDOWS\SYSTEM32\WINMMBASE.dll
0x00007fffe9d30000 - 0x00007fffe9d72000 	C:\WINDOWS\System32\cfgmgr32.dll
0x00007fffe63f0000 - 0x00007fffe63ff000 	D:\Program Files\Android\Android Studio\jre\jre\bin\verify.dll
0x00007fffe4bc0000 - 0x00007fffe4be9000 	D:\Program Files\Android\Android Studio\jre\jre\bin\java.dll
0x00007fffe63d0000 - 0x00007fffe63e6000 	D:\Program Files\Android\Android Studio\jre\jre\bin\zip.dll
0x00007fffeb280000 - 0x00007fffec788000 	C:\WINDOWS\System32\SHELL32.dll
0x00007fffe8e80000 - 0x00007fffe955a000 	C:\WINDOWS\System32\windows.storage.dll
0x00007fffe8c50000 - 0x00007fffe8c9c000 	C:\WINDOWS\System32\powrprof.dll
0x00007fffea050000 - 0x00007fffea0a2000 	C:\WINDOWS\System32\shlwapi.dll
0x00007fffe8cd0000 - 0x00007fffe8cdf000 	C:\WINDOWS\System32\kernel.appcore.dll
0x00007fffe9560000 - 0x00007fffe9609000 	C:\WINDOWS\System32\shcore.dll
0x00007fffe8ca0000 - 0x00007fffe8cb4000 	C:\WINDOWS\System32\profapi.dll

VM Arguments:
jvm_args: -Djava.awt.headless=true -Xmx1024M -Dfile.encoding=GBK -Duser.country=CN -Duser.language=zh -Duser.variant 
java_command: com.android.dx.command.Main --dex --force-jumbo --num-threads=4 --multi-dex --output D:\musicbean\app\build\intermediates\transforms\dex\baidu\debug\folders\1000\5\slice_0 D:\musicbean\app\build\intermediates\transforms\instantRunSlicer\baidu\debug\folders\1\5\slice_0
java_class_path (initial): D:\SDK\build-tools\25.0.0\lib\dx.jar
Launcher Type: SUN_STANDARD

Environment Variables:
JAVA_HOME=C:\Program Files\Java\jdk1.8.0_101
CLASSPATH=.;C:\Program Files\Java\jdk1.8.0_101\lib;
PATH=C:\ProgramData\Oracle\Java\javapath;C:\WINDOWS\system32;C:\WINDOWS;C:\WINDOWS\System32\Wbem;C:\WINDOWS\System32\WindowsPowerShell\v1.0\;C:\Program Files\Java\jdk1.8.0_101\bin;C:\Program Files\Java\jdk1.8.0_101\jre\bin;D:\Git\cmd;C:\Users\Administrator\AppData\Local\Microsoft\WindowsApps;
USERNAME=Administrator
OS=Windows_NT
PROCESSOR_IDENTIFIER=Intel64 Family 6 Model 94 Stepping 3, GenuineIntel



---------------  S Y S T E M  ---------------

OS: Windows 10.0 , 64 bit Build 14393 (10.0.14393.1198)

CPU:total 4 (4 cores per cpu, 1 threads per core) family 6 model 94 stepping 3, cmov, cx8, fxsr, mmx, sse, sse2, sse3, ssse3, sse4.1, sse4.2, popcnt, avx, avx2, aes, clmul, erms, rtm, 3dnowpref, lzcnt, tsc, tscinvbit, bmi1, bmi2, adx

Memory: 4k page, physical 8299524k(2476320k free), swap 14749720k(2008k free)

vm_info: OpenJDK 64-Bit Server VM (25.112-b06) for windows-amd64 JRE (1.8.0_112-release-b06), built on Dec  8 2016 00:54:26 by "builder" with MS VC++ 10.0 (VS2010)

time: Mon May 22 13:23:47 2017
elapsed time: 2 seconds (0d 0h 0m 2s)

