#
# There is insufficient memory for the Java Runtime Environment to continue.
# Native memory allocation (malloc) failed to allocate 32744 bytes for ChunkPool::allocate
# Possible reasons:
#   The system is out of physical RAM or swap space
#   In 32 bit mode, the process size limit was hit
# Possible solutions:
#   Reduce memory load on the system
#   Increase physical memory or swap space
#   Check if swap backing store is full
#   Use 64 bit Java on a 64 bit OS
#   Decrease Java heap size (-Xmx/-Xms)
#   Decrease number of Java threads
#   Decrease Java thread stack sizes (-Xss)
#   Set larger code cache with -XX:ReservedCodeCacheSize=
# This output file may be truncated or incomplete.
#
#  Out of Memory Error (allocation.cpp:273), pid=10808, tid=0x0000000000003288
#
# JRE version: OpenJDK Runtime Environment (8.0_112-b06) (build 1.8.0_112-release-b06)
# Java VM: OpenJDK 64-Bit Server VM (25.112-b06 mixed mode windows-amd64 compressed oops)
# Failed to write core dump. Minidumps are not enabled by default on client versions of Windows
#

---------------  T H R E A D  ---------------

Current thread (0x00000000155c0000):  JavaThread "C2 CompilerThread0" daemon [_thread_in_native, id=12936, stack(0x0000000016f60000,0x0000000017060000)]

Stack: [0x0000000016f60000,0x0000000017060000]
[error occurred during error reporting (printing stack bounds), id 0xc0000005]

Native frames: (J=compiled Java code, j=interpreted, Vv=VM code, C=native code)


Current CompileTask:
C2:   5312 1246   !   4       com.android.dx.cf.cst.ConstantPoolParser::parse0 (731 bytes)


---------------  P R O C E S S  ---------------

Java Threads: ( => current thread )
  0x0000000016be2000 JavaThread "pool-2-thread-4" [_thread_in_Java, id=4600, stack(0x0000000017860000,0x0000000017960000)]
  0x0000000016bdc800 JavaThread "pool-2-thread-3" [_thread_in_Java, id=8248, stack(0x0000000017760000,0x0000000017860000)]
  0x0000000016abe000 JavaThread "pool-2-thread-2" [_thread_blocked, id=5384, stack(0x0000000017660000,0x0000000017760000)]
  0x0000000016aaf000 JavaThread "pool-3-thread-1" [_thread_blocked, id=12320, stack(0x0000000017560000,0x0000000017660000)]
  0x0000000016aa9000 JavaThread "pool-2-thread-1" [_thread_blocked, id=14816, stack(0x0000000017460000,0x0000000017560000)]
  0x00000000169bf000 JavaThread "Service Thread" daemon [_thread_blocked, id=9276, stack(0x0000000017260000,0x0000000017360000)]
  0x00000000169b3800 JavaThread "C1 CompilerThread2" daemon [_thread_in_native, id=12296, stack(0x0000000017160000,0x0000000017260000)]
  0x0000000015608800 JavaThread "C2 CompilerThread1" daemon [_thread_in_native, id=13236, stack(0x0000000017060000,0x0000000017160000)]
=>0x00000000155c0000 JavaThread "C2 CompilerThread0" daemon [_thread_in_native, id=12936, stack(0x0000000016f60000,0x0000000017060000)]
  0x0000000015607800 JavaThread "Attach Listener" daemon [_thread_blocked, id=10388, stack(0x0000000016e60000,0x0000000016f60000)]
  0x0000000016968800 JavaThread "Signal Dispatcher" daemon [_thread_blocked, id=9416, stack(0x0000000016d60000,0x0000000016e60000)]
  0x0000000002eb5800 JavaThread "Finalizer" daemon [_thread_blocked, id=9996, stack(0x0000000016800000,0x0000000016900000)]
  0x0000000002eb0000 JavaThread "Reference Handler" daemon [_thread_blocked, id=14260, stack(0x0000000016700000,0x0000000016800000)]
  0x000000000295d800 JavaThread "main" [_thread_in_native, id=13080, stack(0x0000000002840000,0x0000000002940000)]

Other Threads:
  0x0000000015574800 VMThread [stack: 0x0000000016600000,0x0000000016700000] [id=3084]
  0x00000000169c1000 WatcherThread [stack: 0x0000000017360000,0x0000000017460000] [id=12016]

VM state:not at safepoint (normal execution)

VM Mutex/Monitor currently owned by a thread: None

Heap:
 PSYoungGen      total 38400K, used 9083K [0x00000000eab00000, 0x00000000ed580000, 0x0000000100000000)
  eden space 33280K, 11% used [0x00000000eab00000,0x00000000eaee3a38,0x00000000ecb80000)
  from space 5120K, 99% used [0x00000000ed080000,0x00000000ed57b1f0,0x00000000ed580000)
  to   space 5120K, 0% used [0x00000000ecb80000,0x00000000ecb80000,0x00000000ed080000)
 ParOldGen       total 87552K, used 9456K [0x00000000c0000000, 0x00000000c5580000, 0x00000000eab00000)
  object space 87552K, 10% used [0x00000000c0000000,0x00000000c093c070,0x00000000c5580000)
 Metaspace       used 5858K, capacity 6960K, committed 7040K, reserved 1056768K
  class space    used 565K, capacity 616K, committed 640K, reserved 1048576K

Card table byte_map: [0x0000000012280000,0x0000000012490000] byte_map_base: 0x0000000011c80000

Marking Bits: (ParMarkBitMap*) 0x00000000630018f0
 Begin Bits: [0x00000000129f0000, 0x00000000139f0000)
 End Bits:   [0x00000000139f0000, 0x00000000149f0000)

Polling page: 0x0000000001270000

CodeCache: size=245760Kb used=5355Kb max_used=5355Kb free=240404Kb
 bounds [0x0000000002ec0000, 0x0000000003400000, 0x0000000011ec0000]
 total_blobs=1571 nmethods=1308 adapters=177
 compilation: enabled

Compilation events (10 events):
Event: 5.214 Thread 0x00000000169b3800 nmethod 1321 0x00000000033f9c90 code [0x00000000033f9de0, 0x00000000033fa050]
Event: 5.214 Thread 0x00000000169b3800 1322       2       com.android.dx.util.MutabilityControl::<init> (10 bytes)
Event: 5.214 Thread 0x00000000169b3800 nmethod 1322 0x00000000033fa150 code [0x00000000033fa2a0, 0x00000000033fa3f0]
Event: 5.215 Thread 0x00000000169b3800 1323       2       com.android.dx.ssa.SCCP::replaceConstants (209 bytes)
Event: 5.215 Thread 0x00000000169b3800 nmethod 1323 0x00000000033fa490 code [0x00000000033fa700, 0x00000000033faf38]
Event: 5.216 Thread 0x00000000169b3800 1324       3       com.android.dx.rop.code.RegisterSpecSet::mutableCopy (57 bytes)
Event: 5.216 Thread 0x00000000169b3800 nmethod 1324 0x00000000033fbb50 code [0x00000000033fbd00, 0x00000000033fc2c8]
Event: 5.216 Thread 0x00000000169b3800 1325       2       com.android.dx.cf.code.BasicBlocker::visitBranch (98 bytes)
Event: 5.217 Thread 0x00000000169b3800 nmethod 1325 0x00000000033fc590 code [0x00000000033fc7a0, 0x00000000033fcf78]
Event: 5.217 Thread 0x00000000169b3800 1326       2       com.android.dx.cf.code.Simulator$SimVisitor::visitBranch (341 bytes)

GC Heap History (3 events):
Event: 4.879 GC heap before
{Heap before GC invocations=1 (full 0):
 PSYoungGen      total 38400K, used 33280K [0x00000000eab00000, 0x00000000ed580000, 0x0000000100000000)
  eden space 33280K, 100% used [0x00000000eab00000,0x00000000ecb80000,0x00000000ecb80000)
  from space 5120K, 0% used [0x00000000ed080000,0x00000000ed080000,0x00000000ed580000)
  to   space 5120K, 0% used [0x00000000ecb80000,0x00000000ecb80000,0x00000000ed080000)
 ParOldGen       total 87552K, used 0K [0x00000000c0000000, 0x00000000c5580000, 0x00000000eab00000)
  object space 87552K, 0% used [0x00000000c0000000,0x00000000c0000000,0x00000000c5580000)
 Metaspace       used 5731K, capacity 6832K, committed 7040K, reserved 1056768K
  class space    used 564K, capacity 616K, committed 640K, reserved 1048576K
Event: 4.943 GC heap after
Heap after GC invocations=1 (full 0):
 PSYoungGen      total 38400K, used 5118K [0x00000000eab00000, 0x00000000ed580000, 0x0000000100000000)
  eden space 33280K, 0% used [0x00000000eab00000,0x00000000eab00000,0x00000000ecb80000)
  from space 5120K, 99% used [0x00000000ecb80000,0x00000000ed07f898,0x00000000ed080000)
  to   space 5120K, 0% used [0x00000000ed080000,0x00000000ed080000,0x00000000ed580000)
 ParOldGen       total 87552K, used 2413K [0x00000000c0000000, 0x00000000c5580000, 0x00000000eab00000)
  object space 87552K, 2% used [0x00000000c0000000,0x00000000c025b678,0x00000000c5580000)
 Metaspace       used 5731K, capacity 6832K, committed 7040K, reserved 1056768K
  class space    used 564K, capacity 616K, committed 640K, reserved 1048576K
}
Event: 5.217 GC heap before
{Heap before GC invocations=2 (full 0):
 PSYoungGen      total 38400K, used 38398K [0x00000000eab00000, 0x00000000ed580000, 0x0000000100000000)
  eden space 33280K, 100% used [0x00000000eab00000,0x00000000ecb80000,0x00000000ecb80000)
  from space 5120K, 99% used [0x00000000ecb80000,0x00000000ed07f898,0x00000000ed080000)
  to   space 5120K, 0% used [0x00000000ed080000,0x00000000ed080000,0x00000000ed580000)
 ParOldGen       total 87552K, used 2413K [0x00000000c0000000, 0x00000000c5580000, 0x00000000eab00000)
  object space 87552K, 2% used [0x00000000c0000000,0x00000000c025b678,0x00000000c5580000)
 Metaspace       used 5858K, capacity 6960K, committed 7040K, reserved 1056768K
  class space    used 565K, capacity 616K, committed 640K, reserved 1048576K

Deoptimization events (10 events):
Event: 4.507 Thread 0x000000000295d800 Uncommon trap: reason=unstable_if action=reinterpret pc=0x000000000304135c method=java.lang.String.<init>([CII)V @ 18
Event: 4.566 Thread 0x0000000016bdc800 Uncommon trap: reason=class_check action=maybe_recompile pc=0x000000000313b128 method=com.android.dx.ssa.NormalSsaInsn.accept(Lcom/android/dx/ssa/SsaInsn$Visitor;)V @ 9
Event: 4.567 Thread 0x0000000016bdc800 Uncommon trap: reason=class_check action=maybe_recompile pc=0x000000000313b128 method=com.android.dx.ssa.NormalSsaInsn.accept(Lcom/android/dx/ssa/SsaInsn$Visitor;)V @ 9
Event: 4.567 Thread 0x0000000016bdc800 Uncommon trap: reason=class_check action=maybe_recompile pc=0x000000000313b128 method=com.android.dx.ssa.NormalSsaInsn.accept(Lcom/android/dx/ssa/SsaInsn$Visitor;)V @ 9
Event: 4.567 Thread 0x0000000016bdc800 Uncommon trap: reason=class_check action=maybe_recompile pc=0x000000000313b128 method=com.android.dx.ssa.NormalSsaInsn.accept(Lcom/android/dx/ssa/SsaInsn$Visitor;)V @ 9
Event: 4.964 Thread 0x0000000016be2000 Uncommon trap: reason=unstable_if action=reinterpret pc=0x000000000319549c method=com.android.dx.rop.cst.Constant.compareTo(Lcom/android/dx/rop/cst/Constant;)I @ 12
Event: 5.030 Thread 0x000000000295d800 Uncommon trap: reason=unloaded action=reinterpret pc=0x000000000304ba18 method=com.android.dx.cf.cst.ConstantPoolParser.parse0(ILjava/util/BitSet;)Lcom/android/dx/rop/cst/Constant; @ 220
Event: 5.037 Thread 0x0000000016abe000 Uncommon trap: reason=unstable_if action=reinterpret pc=0x0000000003377ac4 method=com.android.dx.ssa.SCCP.simulateStmt(Lcom/android/dx/ssa/SsaInsn;)V @ 53
Event: 5.059 Thread 0x000000000295d800 Uncommon trap: reason=unstable_if action=reinterpret pc=0x00000000031a950c method=com.android.dx.rop.code.RegisterSpecSet.put(Lcom/android/dx/rop/code/RegisterSpec;)V @ 77
Event: 5.059 Thread 0x000000000295d800 Uncommon trap: reason=unstable_if action=reinterpret pc=0x000000000319d050 method=com.android.dx.rop.code.RegisterSpecSet.put(Lcom/android/dx/rop/code/RegisterSpec;)V @ 77

Internal exceptions (2 events):
Event: 1.746 Thread 0x000000000295d800 Exception <a 'java/lang/NoSuchMethodError': Method sun.misc.Unsafe.defineClass(Ljava/lang/String;[BII)Ljava/lang/Class; name or signature does not match> (0x00000000eab07c78) thrown at [C:\src\android\AOSP-openjdk\external\jetbrains\jdk\hotspot\src\share\v"Ÿ¹Ãuîû?
Event: 1.746 Thread 0x000000000295d800 Exception <a 'java/lang/NoSuchMethodError': Method sun.misc.Unsafe.prefetchRead(Ljava/lang/Object;J)V name or signature does not match> (0x00000000eab07f60) thrown at [C:\src\android\AOSP-openjdk\external\jetbrains\jdk\hotspot\src\share\vm\prims\jni.cpp, l

Events (10 events):
Event: 5.059 Thread 0x000000000295d800 DEOPT PACKING pc=0x00000000031a950c sp=0x000000000293de70
Event: 5.059 Thread 0x000000000295d800 DEOPT UNPACKING pc=0x0000000002f0556a sp=0x000000000293ddf8 mode 2
Event: 5.059 Thread 0x000000000295d800 Uncommon trap: trap_request=0xffffff65 fr.pc=0x000000000319d050
Event: 5.059 Thread 0x000000000295d800 DEOPT PACKING pc=0x000000000319d050 sp=0x000000000293de60
Event: 5.059 Thread 0x000000000295d800 DEOPT UNPACKING pc=0x0000000002f0556a sp=0x000000000293dd80 mode 2
Event: 5.069 Thread 0x000000000295d800 DEOPT PACKING pc=0x0000000003245925 sp=0x000000000293dd40
Event: 5.069 Thread 0x000000000295d800 DEOPT UNPACKING pc=0x0000000002f075bf sp=0x000000000293db20 mode 0
Event: 5.071 Thread 0x000000000295d800 DEOPT PACKING pc=0x000000000329852d sp=0x000000000293de00
Event: 5.071 Thread 0x000000000295d800 DEOPT UNPACKING pc=0x0000000002f075bf sp=0x000000000293db98 mode 0
Event: 5.217 Executing VM operation: ParallelGCFailedAllocation


Dynamic libraries:
0x00007ff636230000 - 0x00007ff636261000 	D:\Program Files\Android\Android Studio\jre\bin\java.exe
0x00007fffec7f0000 - 0x00007fffec9c1000 	C:\WINDOWS\SYSTEM32\ntdll.dll
0x00007fffeb1d0000 - 0x00007fffeb27c000 	C:\WINDOWS\System32\KERNEL32.DLL
0x00007fffe96e0000 - 0x00007fffe98fd000 	C:\WINDOWS\System32\KERNELBASE.dll
0x00007fffe9e60000 - 0x00007fffe9f02000 	C:\WINDOWS\System32\ADVAPI32.dll
0x00007fffeaaa0000 - 0x00007fffeab3e000 	C:\WINDOWS\System32\msvcrt.dll
0x00007fffec790000 - 0x00007fffec7e9000 	C:\WINDOWS\System32\sechost.dll
0x00007fffea970000 - 0x00007fffeaa91000 	C:\WINDOWS\System32\RPCRT4.dll
0x00007fffeac40000 - 0x00007fffeada5000 	C:\WINDOWS\System32\USER32.dll
0x00007fffe9d10000 - 0x00007fffe9d2e000 	C:\WINDOWS\System32\win32u.dll
0x00007fffea180000 - 0x00007fffea1b4000 	C:\WINDOWS\System32\GDI32.dll
0x00007fffe9b80000 - 0x00007fffe9d02000 	C:\WINDOWS\System32\gdi32full.dll
0x00007fffe41c0000 - 0x00007fffe443a000 	C:\WINDOWS\WinSxS\amd64_microsoft.windows.common-controls_6595b64144ccf1df_6.0.14393.953_none_42151e83c686086b\COMCTL32.dll
0x00007fffea600000 - 0x00007fffea8c8000 	C:\WINDOWS\System32\combase.dll
0x00007fffe8ce0000 - 0x00007fffe8dd5000 	C:\WINDOWS\System32\ucrtbase.dll
0x00007fffe9670000 - 0x00007fffe96da000 	C:\WINDOWS\System32\bcryptPrimitives.dll
0x00007fffe9da0000 - 0x00007fffe9dce000 	C:\WINDOWS\System32\IMM32.DLL
0x0000000063530000 - 0x0000000063602000 	D:\Program Files\Android\Android Studio\jre\jre\bin\msvcr100.dll
0x0000000062840000 - 0x000000006307c000 	D:\Program Files\Android\Android Studio\jre\jre\bin\server\jvm.dll
0x00007fffe9e40000 - 0x00007fffe9e48000 	C:\WINDOWS\System32\PSAPI.DLL
0x00007fffdc320000 - 0x00007fffdc329000 	C:\WINDOWS\SYSTEM32\WSOCK32.dll
0x00007fffea110000 - 0x00007fffea17a000 	C:\WINDOWS\System32\WS2_32.dll
0x00007fffe6c20000 - 0x00007fffe6c43000 	C:\WINDOWS\SYSTEM32\WINMM.dll
0x00007fffe4cf0000 - 0x00007fffe4cfa000 	C:\WINDOWS\SYSTEM32\VERSION.dll
0x00007fffe6b00000 - 0x00007fffe6b2b000 	C:\WINDOWS\SYSTEM32\WINMMBASE.dll
0x00007fffe9d30000 - 0x00007fffe9d72000 	C:\WINDOWS\System32\cfgmgr32.dll
0x00007fffe63d0000 - 0x00007fffe63df000 	D:\Program Files\Android\Android Studio\jre\jre\bin\verify.dll
0x00007fffdde50000 - 0x00007fffdde79000 	D:\Program Files\Android\Android Studio\jre\jre\bin\java.dll
0x00007fffe3930000 - 0x00007fffe3946000 	D:\Program Files\Android\Android Studio\jre\jre\bin\zip.dll
0x00007fffeb280000 - 0x00007fffec788000 	C:\WINDOWS\System32\SHELL32.dll
0x00007fffe8e80000 - 0x00007fffe955a000 	C:\WINDOWS\System32\windows.storage.dll
0x00007fffe8c50000 - 0x00007fffe8c9c000 	C:\WINDOWS\System32\powrprof.dll
0x00007fffea050000 - 0x00007fffea0a2000 	C:\WINDOWS\System32\shlwapi.dll
0x00007fffe8cd0000 - 0x00007fffe8cdf000 	C:\WINDOWS\System32\kernel.appcore.dll
0x00007fffe9560000 - 0x00007fffe9609000 	C:\WINDOWS\System32\shcore.dll
0x00007fffe8ca0000 - 0x00007fffe8cb4000 	C:\WINDOWS\System32\profapi.dll

VM Arguments:
jvm_args: -Djava.awt.headless=true -Xmx1024M -Dfile.encoding=GBK -Duser.country=CN -Duser.language=zh -Duser.variant 
java_command: com.android.dx.command.Main --dex --force-jumbo --num-threads=4 --multi-dex --output D:\musicbean\app\build\intermediates\transforms\dex\baidu\debug\folders\1000\5\slice_4 D:\musicbean\app\build\intermediates\transforms\instantRunSlicer\baidu\debug\folders\1\5\slice_4
java_class_path (initial): D:\SDK\build-tools\25.0.0\lib\dx.jar
Launcher Type: SUN_STANDARD

Environment Variables:
JAVA_HOME=C:\Program Files\Java\jdk1.8.0_101
CLASSPATH=.;C:\Program Files\Java\jdk1.8.0_101\lib;
PATH=C:\ProgramData\Oracle\Java\javapath;C:\WINDOWS\system32;C:\WINDOWS;C:\WINDOWS\System32\Wbem;C:\WINDOWS\System32\WindowsPowerShell\v1.0\;C:\Program Files\Java\jdk1.8.0_101\bin;C:\Program Files\Java\jdk1.8.0_101\jre\bin;D:\Git\cmd;C:\Users\Administrator\AppData\Local\Microsoft\WindowsApps;
USERNAME=Administrator
OS=Windows_NT
PROCESSOR_IDENTIFIER=Intel64 Family 6 Model 94 Stepping 3, GenuineIntel



---------------  S Y S T E M  ---------------

OS: Windows 10.0 , 64 bit Build 14393 (10.0.14393.1198)

CPU:total 4 (4 cores per cpu, 1 threads per core) family 6 model 94 stepping 3, cmov, cx8, fxsr, mmx, sse, sse2, sse3, ssse3, sse4.1, sse4.2, popcnt, avx, avx2, aes, clmul, erms, rtm, 3dnowpref, lzcnt, tsc, tscinvbit, bmi1, bmi2, adx

Memory: 4k page, physical 8299524k(2458172k free), swap 14749720k(5120k free)

vm_info: OpenJDK 64-Bit Server VM (25.112-b06) for windows-amd64 JRE (1.8.0_112-release-b06), built on Dec  8 2016 00:54:26 by "builder" with MS VC++ 10.0 (VS2010)

time: Wed May 17 13:59:02 2017
elapsed time: 5 seconds (0d 0h 0m 5s)

