#
# There is insufficient memory for the Java Runtime Environment to continue.
# Native memory allocation (malloc) failed to allocate 197776 bytes for Chunk::new
# Possible reasons:
#   The system is out of physical RAM or swap space
#   In 32 bit mode, the process size limit was hit
# Possible solutions:
#   Reduce memory load on the system
#   Increase physical memory or swap space
#   Check if swap backing store is full
#   Use 64 bit Java on a 64 bit OS
#   Decrease Java heap size (-Xmx/-Xms)
#   Decrease number of Java threads
#   Decrease Java thread stack sizes (-Xss)
#   Set larger code cache with -XX:ReservedCodeCacheSize=
# This output file may be truncated or incomplete.
#
#  Out of Memory Error (allocation.cpp:390), pid=32948, tid=0x0000000000008164
#
# JRE version: OpenJDK Runtime Environment (8.0_112-b06) (build 1.8.0_112-release-b06)
# Java VM: OpenJDK 64-Bit Server VM (25.112-b06 mixed mode windows-amd64 compressed oops)
# Failed to write core dump. Minidumps are not enabled by default on client versions of Windows
#

---------------  T H R E A D  ---------------

Current thread (0x00000000150f0000):  JavaThread "C2 CompilerThread0" daemon [_thread_in_native, id=33124, stack(0x0000000016aa0000,0x0000000016ba0000)]

Stack: [0x0000000016aa0000,0x0000000016ba0000]
[error occurred during error reporting (printing stack bounds), id 0xc0000005]

Native frames: (J=compiled Java code, j=interpreted, Vv=VM code, C=native code)


Current CompileTask:
C2:   1107 1049       4       com.android.dx.ssa.NormalSsaInsn::accept (25 bytes)


---------------  P R O C E S S  ---------------

Java Threads: ( => current thread )
  0x0000000016705000 JavaThread "pool-2-thread-4" [_thread_blocked, id=33240, stack(0x00000000173a0000,0x00000000174a0000)]
  0x0000000016704800 JavaThread "pool-2-thread-3" [_thread_in_Java, id=33236, stack(0x00000000172a0000,0x00000000173a0000)]
  0x0000000016703800 JavaThread "pool-2-thread-2" [_thread_blocked, id=33228, stack(0x00000000171a0000,0x00000000172a0000)]
  0x00000000165fd800 JavaThread "pool-3-thread-1" [_thread_blocked, id=33192, stack(0x00000000170a0000,0x00000000171a0000)]
  0x0000000016608000 JavaThread "pool-2-thread-1" [_thread_blocked, id=33188, stack(0x0000000016fa0000,0x00000000170a0000)]
  0x0000000016506800 JavaThread "Service Thread" daemon [_thread_blocked, id=33164, stack(0x0000000016da0000,0x0000000016ea0000)]
  0x00000000164f7000 JavaThread "C1 CompilerThread2" daemon [_thread_blocked, id=33152, stack(0x0000000016ca0000,0x0000000016da0000)]
  0x0000000015138800 JavaThread "C2 CompilerThread1" daemon [_thread_in_native, id=33140, stack(0x0000000016ba0000,0x0000000016ca0000)]
=>0x00000000150f0000 JavaThread "C2 CompilerThread0" daemon [_thread_in_native, id=33124, stack(0x0000000016aa0000,0x0000000016ba0000)]
  0x0000000015137800 JavaThread "Attach Listener" daemon [_thread_blocked, id=33120, stack(0x00000000169a0000,0x0000000016aa0000)]
  0x00000000164a8800 JavaThread "Signal Dispatcher" daemon [_thread_blocked, id=33116, stack(0x00000000168a0000,0x00000000169a0000)]
  0x0000000002a05800 JavaThread "Finalizer" daemon [_thread_blocked, id=33112, stack(0x0000000016340000,0x0000000016440000)]
  0x0000000002a00000 JavaThread "Reference Handler" daemon [_thread_blocked, id=33108, stack(0x0000000016240000,0x0000000016340000)]
  0x00000000023ad800 JavaThread "main" [_thread_in_native, id=33048, stack(0x0000000002810000,0x0000000002910000)]

Other Threads:
  0x00000000150a4800 VMThread [stack: 0x0000000016140000,0x0000000016240000] [id=33096]
  0x00000000164fc000 WatcherThread [stack: 0x0000000016ea0000,0x0000000016fa0000] [id=33168]

VM state:not at safepoint (normal execution)

VM Mutex/Monitor currently owned by a thread: None

Heap:
 PSYoungGen      total 38400K, used 12570K [0x00000000eab00000, 0x00000000ef600000, 0x0000000100000000)
  eden space 33280K, 22% used [0x00000000eab00000,0x00000000eb249f90,0x00000000ecb80000)
  from space 5120K, 99% used [0x00000000ecb80000,0x00000000ed07c890,0x00000000ed080000)
  to   space 5120K, 0% used [0x00000000ef100000,0x00000000ef100000,0x00000000ef600000)
 ParOldGen       total 87552K, used 1571K [0x00000000c0000000, 0x00000000c5580000, 0x00000000eab00000)
  object space 87552K, 1% used [0x00000000c0000000,0x00000000c0188d58,0x00000000c5580000)
 Metaspace       used 5743K, capacity 6896K, committed 7040K, reserved 1056768K
  class space    used 560K, capacity 616K, committed 640K, reserved 1048576K

Card table byte_map: [0x0000000011dd0000,0x0000000011fe0000] byte_map_base: 0x00000000117d0000

Marking Bits: (ParMarkBitMap*) 0x00000000630018f0
 Begin Bits: [0x0000000012540000, 0x0000000013540000)
 End Bits:   [0x0000000013540000, 0x0000000014540000)

Polling page: 0x0000000000950000

CodeCache: size=245760Kb used=4593Kb max_used=4593Kb free=241166Kb
 bounds [0x0000000002a10000, 0x0000000002e90000, 0x0000000011a10000]
 total_blobs=1379 nmethods=1116 adapters=177
 compilation: enabled

Compilation events (10 events):
Event: 1.100 Thread 0x00000000164f7000 1124       3       com.android.dx.rop.code.AccessFlags::isPrivate (12 bytes)
Event: 1.100 Thread 0x00000000164f7000 nmethod 1124 0x0000000002e7c390 code [0x0000000002e7c4e0, 0x0000000002e7c670]
Event: 1.100 Thread 0x00000000164f7000 1125       3       com.android.dx.cf.direct.DirectClassFile::parseToEndIfNecessary (12 bytes)
Event: 1.100 Thread 0x00000000164f7000 nmethod 1125 0x0000000002e7bfd0 code [0x0000000002e7c140, 0x0000000002e7c308]
Event: 1.100 Thread 0x00000000164f7000 1126       1       com.android.dx.cf.attrib.AttCode::getAttributes (5 bytes)
Event: 1.100 Thread 0x00000000164f7000 nmethod 1126 0x0000000002e7acd0 code [0x0000000002e7ae20, 0x0000000002e7af30]
Event: 1.100 Thread 0x00000000164f7000 1127       1       com.android.dx.cf.code.Simulator::access$000 (5 bytes)
Event: 1.100 Thread 0x00000000164f7000 nmethod 1127 0x0000000002e8f450 code [0x0000000002e8f5a0, 0x0000000002e8f690]
Event: 1.100 Thread 0x00000000164f7000 1128       1       com.android.dx.cf.code.Ropper::access$700 (5 bytes)
Event: 1.100 Thread 0x00000000164f7000 nmethod 1128 0x0000000002e8f710 code [0x0000000002e8f860, 0x0000000002e8f950]

GC Heap History (2 events):
Event: 0.982 GC heap before
{Heap before GC invocations=1 (full 0):
 PSYoungGen      total 38400K, used 33280K [0x00000000eab00000, 0x00000000ed580000, 0x0000000100000000)
  eden space 33280K, 100% used [0x00000000eab00000,0x00000000ecb80000,0x00000000ecb80000)
  from space 5120K, 0% used [0x00000000ed080000,0x00000000ed080000,0x00000000ed580000)
  to   space 5120K, 0% used [0x00000000ecb80000,0x00000000ecb80000,0x00000000ed080000)
 ParOldGen       total 87552K, used 0K [0x00000000c0000000, 0x00000000c5580000, 0x00000000eab00000)
  object space 87552K, 0% used [0x00000000c0000000,0x00000000c0000000,0x00000000c5580000)
 Metaspace       used 5721K, capacity 6832K, committed 7040K, reserved 1056768K
  class space    used 560K, capacity 616K, committed 640K, reserved 1048576K
Event: 0.997 GC heap after
Heap after GC invocations=1 (full 0):
 PSYoungGen      total 38400K, used 5106K [0x00000000eab00000, 0x00000000ef600000, 0x0000000100000000)
  eden space 33280K, 0% used [0x00000000eab00000,0x00000000eab00000,0x00000000ecb80000)
  from space 5120K, 99% used [0x00000000ecb80000,0x00000000ed07c890,0x00000000ed080000)
  to   space 5120K, 0% used [0x00000000ef100000,0x00000000ef100000,0x00000000ef600000)
 ParOldGen       total 87552K, used 1571K [0x00000000c0000000, 0x00000000c5580000, 0x00000000eab00000)
  object space 87552K, 1% used [0x00000000c0000000,0x00000000c0188d58,0x00000000c5580000)
 Metaspace       used 5721K, capacity 6832K, committed 7040K, reserved 1056768K
  class space    used 560K, capacity 616K, committed 640K, reserved 1048576K
}

Deoptimization events (10 events):
Event: 0.628 Thread 0x0000000016608000 Uncommon trap: reason=unstable_if action=reinterpret pc=0x0000000002c2a360 method=java.util.HashMap.getNode(ILjava/lang/Object;)Ljava/util/HashMap$Node; @ 129
Event: 0.781 Thread 0x0000000016608000 Uncommon trap: reason=class_check action=maybe_recompile pc=0x0000000002d40d34 method=com.android.dx.ssa.NormalSsaInsn.accept(Lcom/android/dx/ssa/SsaInsn$Visitor;)V @ 9
Event: 0.781 Thread 0x0000000016608000 Uncommon trap: reason=class_check action=maybe_recompile pc=0x0000000002c80c30 method=com.android.dx.ssa.NormalSsaInsn.accept(Lcom/android/dx/ssa/SsaInsn$Visitor;)V @ 9
Event: 0.781 Thread 0x0000000016608000 Uncommon trap: reason=class_check action=maybe_recompile pc=0x0000000002c80c30 method=com.android.dx.ssa.NormalSsaInsn.accept(Lcom/android/dx/ssa/SsaInsn$Visitor;)V @ 9
Event: 0.788 Thread 0x0000000016608000 Uncommon trap: reason=unstable_if action=reinterpret pc=0x0000000002d390c4 method=com.android.dx.rop.code.RegisterSpecSet.put(Lcom/android/dx/rop/code/RegisterSpec;)V @ 77
Event: 0.789 Thread 0x0000000016608000 Uncommon trap: reason=class_check action=maybe_recompile pc=0x0000000002d40d34 method=com.android.dx.ssa.NormalSsaInsn.accept(Lcom/android/dx/ssa/SsaInsn$Visitor;)V @ 9
Event: 0.789 Thread 0x0000000016608000 Uncommon trap: reason=class_check action=maybe_recompile pc=0x0000000002c80c30 method=com.android.dx.ssa.NormalSsaInsn.accept(Lcom/android/dx/ssa/SsaInsn$Visitor;)V @ 9
Event: 0.898 Thread 0x0000000016703800 Uncommon trap: reason=null_check action=make_not_entrant pc=0x0000000002d3a168 method=com.android.dx.rop.type.Type.equals(Ljava/lang/Object;)Z @ 8
Event: 0.931 Thread 0x0000000016703800 Uncommon trap: reason=null_check action=make_not_entrant pc=0x0000000002db21f4 method=com.android.dx.ssa.SsaRenamer.getLocalForNewReg(I)Lcom/android/dx/rop/code/LocalItem; @ 19
Event: 0.931 Thread 0x0000000016703800 Uncommon trap: reason=null_check action=make_not_entrant pc=0x0000000002dcbcf0 method=com.android.dx.ssa.SsaRenamer.getLocalForNewReg(I)Lcom/android/dx/rop/code/LocalItem; @ 19

Internal exceptions (5 events):
Event: 0.052 Thread 0x00000000023ad800 Exception <a 'java/lang/NoSuchMethodError': Method sun.misc.Unsafe.defineClass(Ljava/lang/String;[BII)Ljava/lang/Class; name or signature does not match> (0x00000000eab07c78) thrown at [C:\src\android\AOSP-openjdk\external\jetbrains\jdk\hotspot\src\share\v±’-V…¤ª?
Event: 0.052 Thread 0x00000000023ad800 Exception <a 'java/lang/NoSuchMethodError': Method sun.misc.Unsafe.prefetchRead(Ljava/lang/Object;J)V name or signature does not match> (0x00000000eab07f60) thrown at [C:\src\android\AOSP-openjdk\external\jetbrains\jdk\hotspot\src\share\vm\prims\jni.cpp, l2~,¦¿ì?
Event: 0.898 Thread 0x0000000016703800 Implicit null exception at 0x0000000002d3a062 to 0x0000000002d3a15a
Event: 0.931 Thread 0x0000000016703800 Implicit null exception at 0x0000000002db09f0 to 0x0000000002db21bd
Event: 0.931 Thread 0x0000000016703800 Implicit null exception at 0x0000000002dca76d to 0x0000000002dcbcbd

Events (10 events):
Event: 0.921 Executing VM operation: ForceSafepoint
Event: 0.924 Executing VM operation: ForceSafepoint done
Event: 0.931 Thread 0x0000000016703800 Uncommon trap: trap_request=0xfffffff4 fr.pc=0x0000000002db21f4
Event: 0.931 Thread 0x0000000016703800 DEOPT PACKING pc=0x0000000002db21f4 sp=0x000000001729e6e0
Event: 0.931 Thread 0x0000000016703800 DEOPT UNPACKING pc=0x0000000002a5556a sp=0x000000001729e4e8 mode 2
Event: 0.931 Thread 0x0000000016703800 Uncommon trap: trap_request=0xfffffff4 fr.pc=0x0000000002dcbcf0
Event: 0.931 Thread 0x0000000016703800 DEOPT PACKING pc=0x0000000002dcbcf0 sp=0x000000001729e670
Event: 0.931 Thread 0x0000000016703800 DEOPT UNPACKING pc=0x0000000002a5556a sp=0x000000001729e4d8 mode 2
Event: 0.981 Executing VM operation: ParallelGCFailedAllocation
Event: 0.997 Executing VM operation: ParallelGCFailedAllocation done


Dynamic libraries:
0x00007ff636230000 - 0x00007ff636261000 	D:\Program Files\Android\Android Studio\jre\bin\java.exe
0x00007fffec7f0000 - 0x00007fffec9c1000 	C:\WINDOWS\SYSTEM32\ntdll.dll
0x00007fffeb1d0000 - 0x00007fffeb27c000 	C:\WINDOWS\System32\KERNEL32.DLL
0x00007fffe96e0000 - 0x00007fffe98fd000 	C:\WINDOWS\System32\KERNELBASE.dll
0x00007fffe9e60000 - 0x00007fffe9f02000 	C:\WINDOWS\System32\ADVAPI32.dll
0x00007fffeaaa0000 - 0x00007fffeab3e000 	C:\WINDOWS\System32\msvcrt.dll
0x00007fffec790000 - 0x00007fffec7e9000 	C:\WINDOWS\System32\sechost.dll
0x00007fffea970000 - 0x00007fffeaa91000 	C:\WINDOWS\System32\RPCRT4.dll
0x00007fffeac40000 - 0x00007fffeada5000 	C:\WINDOWS\System32\USER32.dll
0x00007fffe9d10000 - 0x00007fffe9d2e000 	C:\WINDOWS\System32\win32u.dll
0x00007fffea180000 - 0x00007fffea1b4000 	C:\WINDOWS\System32\GDI32.dll
0x00007fffe9b80000 - 0x00007fffe9d02000 	C:\WINDOWS\System32\gdi32full.dll
0x00007fffe41c0000 - 0x00007fffe443a000 	C:\WINDOWS\WinSxS\amd64_microsoft.windows.common-controls_6595b64144ccf1df_6.0.14393.953_none_42151e83c686086b\COMCTL32.dll
0x00007fffea600000 - 0x00007fffea8c8000 	C:\WINDOWS\System32\combase.dll
0x00007fffe8ce0000 - 0x00007fffe8dd5000 	C:\WINDOWS\System32\ucrtbase.dll
0x00007fffe9670000 - 0x00007fffe96da000 	C:\WINDOWS\System32\bcryptPrimitives.dll
0x00007fffe9da0000 - 0x00007fffe9dce000 	C:\WINDOWS\System32\IMM32.DLL
0x0000000063d40000 - 0x0000000063e12000 	D:\Program Files\Android\Android Studio\jre\jre\bin\msvcr100.dll
0x0000000062840000 - 0x000000006307c000 	D:\Program Files\Android\Android Studio\jre\jre\bin\server\jvm.dll
0x00007fffe9e40000 - 0x00007fffe9e48000 	C:\WINDOWS\System32\PSAPI.DLL
0x00007fffdc320000 - 0x00007fffdc329000 	C:\WINDOWS\SYSTEM32\WSOCK32.dll
0x00007fffea110000 - 0x00007fffea17a000 	C:\WINDOWS\System32\WS2_32.dll
0x00007fffe6c20000 - 0x00007fffe6c43000 	C:\WINDOWS\SYSTEM32\WINMM.dll
0x00007fffe4cf0000 - 0x00007fffe4cfa000 	C:\WINDOWS\SYSTEM32\VERSION.dll
0x00007fffe6b00000 - 0x00007fffe6b2b000 	C:\WINDOWS\SYSTEM32\WINMMBASE.dll
0x00007fffe9d30000 - 0x00007fffe9d72000 	C:\WINDOWS\System32\cfgmgr32.dll
0x00007fffe63f0000 - 0x00007fffe63ff000 	D:\Program Files\Android\Android Studio\jre\jre\bin\verify.dll
0x00007fffe4bc0000 - 0x00007fffe4be9000 	D:\Program Files\Android\Android Studio\jre\jre\bin\java.dll
0x00007fffe63d0000 - 0x00007fffe63e6000 	D:\Program Files\Android\Android Studio\jre\jre\bin\zip.dll
0x00007fffeb280000 - 0x00007fffec788000 	C:\WINDOWS\System32\SHELL32.dll
0x00007fffe8e80000 - 0x00007fffe955a000 	C:\WINDOWS\System32\windows.storage.dll
0x00007fffe8c50000 - 0x00007fffe8c9c000 	C:\WINDOWS\System32\powrprof.dll
0x00007fffea050000 - 0x00007fffea0a2000 	C:\WINDOWS\System32\shlwapi.dll
0x00007fffe8cd0000 - 0x00007fffe8cdf000 	C:\WINDOWS\System32\kernel.appcore.dll
0x00007fffe9560000 - 0x00007fffe9609000 	C:\WINDOWS\System32\shcore.dll
0x00007fffe8ca0000 - 0x00007fffe8cb4000 	C:\WINDOWS\System32\profapi.dll

VM Arguments:
jvm_args: -Djava.awt.headless=true -Xmx1024M -Dfile.encoding=GBK -Duser.country=CN -Duser.language=zh -Duser.variant 
java_command: com.android.dx.command.Main --dex --force-jumbo --num-threads=4 --multi-dex --output D:\musicbean\app\build\intermediates\transforms\dex\baidu\debug\folders\1000\5\slice_5 D:\musicbean\app\build\intermediates\transforms\instantRunSlicer\baidu\debug\folders\1\5\slice_5
java_class_path (initial): D:\SDK\build-tools\25.0.0\lib\dx.jar
Launcher Type: SUN_STANDARD

Environment Variables:
JAVA_HOME=C:\Program Files\Java\jdk1.8.0_101
CLASSPATH=.;C:\Program Files\Java\jdk1.8.0_101\lib;
PATH=C:\ProgramData\Oracle\Java\javapath;C:\WINDOWS\system32;C:\WINDOWS;C:\WINDOWS\System32\Wbem;C:\WINDOWS\System32\WindowsPowerShell\v1.0\;C:\Program Files\Java\jdk1.8.0_101\bin;C:\Program Files\Java\jdk1.8.0_101\jre\bin;D:\Git\cmd;C:\Users\Administrator\AppData\Local\Microsoft\WindowsApps;
USERNAME=Administrator
OS=Windows_NT
PROCESSOR_IDENTIFIER=Intel64 Family 6 Model 94 Stepping 3, GenuineIntel



---------------  S Y S T E M  ---------------

OS: Windows 10.0 , 64 bit Build 14393 (10.0.14393.1198)

CPU:total 4 (4 cores per cpu, 1 threads per core) family 6 model 94 stepping 3, cmov, cx8, fxsr, mmx, sse, sse2, sse3, ssse3, sse4.1, sse4.2, popcnt, avx, avx2, aes, clmul, erms, rtm, 3dnowpref, lzcnt, tsc, tscinvbit, bmi1, bmi2, adx

Memory: 4k page, physical 8299524k(2512732k free), swap 14749720k(3204k free)

vm_info: OpenJDK 64-Bit Server VM (25.112-b06) for windows-amd64 JRE (1.8.0_112-release-b06), built on Dec  8 2016 00:54:26 by "builder" with MS VC++ 10.0 (VS2010)

time: Mon May 22 13:23:03 2017
elapsed time: 1 seconds (0d 0h 0m 1s)

