#
# There is insufficient memory for the Java Runtime Environment to continue.
# Native memory allocation (malloc) failed to allocate 524976 bytes for Chunk::new
# Possible reasons:
#   The system is out of physical RAM or swap space
#   In 32 bit mode, the process size limit was hit
# Possible solutions:
#   Reduce memory load on the system
#   Increase physical memory or swap space
#   Check if swap backing store is full
#   Use 64 bit Java on a 64 bit OS
#   Decrease Java heap size (-Xmx/-Xms)
#   Decrease number of Java threads
#   Decrease Java thread stack sizes (-Xss)
#   Set larger code cache with -XX:ReservedCodeCacheSize=
# This output file may be truncated or incomplete.
#
#  Out of Memory Error (allocation.cpp:390), pid=15516, tid=0x0000000000003fa4
#
# JRE version: OpenJDK Runtime Environment (8.0_112-b06) (build 1.8.0_112-release-b06)
# Java VM: OpenJDK 64-Bit Server VM (25.112-b06 mixed mode windows-amd64 compressed oops)
# Failed to write core dump. Minidumps are not enabled by default on client versions of Windows
#

---------------  T H R E A D  ---------------

Current thread (0x0000000016ff3800):  JavaThread "C2 CompilerThread1" daemon [_thread_in_native, id=16292, stack(0x00000000176a0000,0x00000000177a0000)]

Stack: [0x00000000176a0000,0x00000000177a0000]
[error occurred during error reporting (printing stack bounds), id 0xc0000005]

Native frames: (J=compiled Java code, j=interpreted, Vv=VM code, C=native code)


Current CompileTask:
C2:   7976 1950       4       com.android.dx.ssa.SCCP::run (298 bytes)


---------------  P R O C E S S  ---------------

Java Threads: ( => current thread )
  0x0000000017206800 JavaThread "pool-2-thread-3" [_thread_in_Java, id=15984, stack(0x0000000017da0000,0x0000000017ea0000)]
  0x00000000170ff800 JavaThread "pool-3-thread-1" [_thread_blocked, id=16020, stack(0x0000000017ba0000,0x0000000017ca0000)]
  0x00000000170f8000 JavaThread "pool-2-thread-1" [_thread_in_Java, id=12372, stack(0x0000000017aa0000,0x0000000017ba0000)]
  0x0000000016ffc000 JavaThread "Service Thread" daemon [_thread_blocked, id=16176, stack(0x00000000178a0000,0x00000000179a0000)]
  0x0000000016ff6800 JavaThread "C1 CompilerThread2" daemon [_thread_blocked, id=16180, stack(0x00000000177a0000,0x00000000178a0000)]
=>0x0000000016ff3800 JavaThread "C2 CompilerThread1" daemon [_thread_in_native, id=16292, stack(0x00000000176a0000,0x00000000177a0000)]
  0x0000000015c60000 JavaThread "C2 CompilerThread0" daemon [_thread_blocked, id=16204, stack(0x00000000175a0000,0x00000000176a0000)]
  0x0000000015ca7800 JavaThread "Attach Listener" daemon [_thread_blocked, id=15924, stack(0x00000000174a0000,0x00000000175a0000)]
  0x0000000016fa8800 JavaThread "Signal Dispatcher" daemon [_thread_blocked, id=11324, stack(0x00000000173a0000,0x00000000174a0000)]
  0x0000000003575800 JavaThread "Finalizer" daemon [_thread_blocked, id=16148, stack(0x0000000016ea0000,0x0000000016fa0000)]
  0x0000000003570000 JavaThread "Reference Handler" daemon [_thread_blocked, id=16312, stack(0x0000000016da0000,0x0000000016ea0000)]
  0x000000000308d800 JavaThread "main" [_thread_blocked, id=15856, stack(0x0000000002f70000,0x0000000003070000)]

Other Threads:
  0x0000000015c14800 VMThread [stack: 0x0000000016ca0000,0x0000000016da0000] [id=15740]
  0x0000000016ffe000 WatcherThread [stack: 0x00000000179a0000,0x0000000017aa0000] [id=15816]

VM state:not at safepoint (normal execution)

VM Mutex/Monitor currently owned by a thread: None

Heap:
 PSYoungGen      total 216064K, used 130488K [0x00000000eab00000, 0x00000000fcb00000, 0x0000000100000000)
  eden space 162816K, 50% used [0x00000000eab00000,0x00000000efbcbf08,0x00000000f4a00000)
  from space 53248K, 89% used [0x00000000f8480000,0x00000000fb322438,0x00000000fb880000)
  to   space 59904K, 0% used [0x00000000f4a00000,0x00000000f4a00000,0x00000000f8480000)
 ParOldGen       total 132608K, used 74614K [0x00000000c0000000, 0x00000000c8180000, 0x00000000eab00000)
  object space 132608K, 56% used [0x00000000c0000000,0x00000000c48dd9a0,0x00000000c8180000)
 Metaspace       used 5949K, capacity 7024K, committed 7296K, reserved 1056768K
  class space    used 565K, capacity 616K, committed 640K, reserved 1048576K

Card table byte_map: [0x0000000012940000,0x0000000012b50000] byte_map_base: 0x0000000012340000

Marking Bits: (ParMarkBitMap*) 0x00000000630018f0
 Begin Bits: [0x00000000130b0000, 0x00000000140b0000)
 End Bits:   [0x00000000140b0000, 0x00000000150b0000)

Polling page: 0x0000000001790000

CodeCache: size=245760Kb used=9273Kb max_used=9293Kb free=236486Kb
 bounds [0x0000000003580000, 0x0000000003ea0000, 0x0000000012580000]
 total_blobs=2156 nmethods=1892 adapters=177
 compilation: disabled (not enough contiguous free space left)

Compilation events (10 events):
Event: 7.889 Thread 0x0000000016ff3800 1946       4       com.android.dx.ssa.SsaRenamer$BlockRenamer::visitNonMoveInsn (14 bytes)
Event: 7.890 Thread 0x0000000016ff3800 nmethod 1946 0x0000000003e4dbd0 code [0x0000000003e4dd20, 0x0000000003e4ddf8]
Event: 7.890 Thread 0x0000000016ff3800 1948       4       com.android.dx.ssa.SsaRenamer$BlockRenamer::process (191 bytes)
Event: 7.892 Thread 0x0000000015c60000 nmethod 1944 0x0000000003e90350 code [0x0000000003e90500, 0x0000000003e91038]
Event: 7.892 Thread 0x0000000015c60000 1947 %     4       com.android.dx.ssa.SsaMethod::forEachBlockDepthFirstDom @ 76 (128 bytes)
Event: 7.907 Thread 0x0000000016ff6800 1952       3       com.android.dx.ssa.SsaMethod::updateOneDefinition (70 bytes)
Event: 7.907 Thread 0x0000000016ff6800 nmethod 1952 0x0000000003e81f10 code [0x0000000003e820c0, 0x0000000003e828e8]
Event: 7.926 Thread 0x0000000016ff3800 nmethod 1948 0x0000000003e9a350 code [0x0000000003e9a5c0, 0x0000000003e9be10]
Event: 7.926 Thread 0x0000000016ff3800 1950       4       com.android.dx.ssa.SCCP::run (298 bytes)
Event: 7.945 Thread 0x0000000015c60000 


GC Heap History (10 events):
Event: 3.333 GC heap before
{Heap before GC invocations=3 (full 0):
 PSYoungGen      total 71680K, used 71675K [0x00000000eab00000, 0x00000000ef600000, 0x0000000100000000)
  eden space 66560K, 100% used [0x00000000eab00000,0x00000000eec00000,0x00000000eec00000)
  from space 5120K, 99% used [0x00000000ef100000,0x00000000ef5feeb0,0x00000000ef600000)
  to   space 5120K, 0% used [0x00000000eec00000,0x00000000eec00000,0x00000000ef100000)
 ParOldGen       total 87552K, used 23888K [0x00000000c0000000, 0x00000000c5580000, 0x00000000eab00000)
  object space 87552K, 27% used [0x00000000c0000000,0x00000000c1754320,0x00000000c5580000)
 Metaspace       used 5723K, capacity 6832K, committed 7040K, reserved 1056768K
  class space    used 562K, capacity 616K, committed 640K, reserved 1048576K
Event: 3.355 GC heap after
Heap after GC invocations=3 (full 0):
 PSYoungGen      total 71680K, used 5103K [0x00000000eab00000, 0x00000000f3700000, 0x0000000100000000)
  eden space 66560K, 0% used [0x00000000eab00000,0x00000000eab00000,0x00000000eec00000)
  from space 5120K, 99% used [0x00000000eec00000,0x00000000ef0fbf38,0x00000000ef100000)
  to   space 5120K, 0% used [0x00000000f3200000,0x00000000f3200000,0x00000000f3700000)
 ParOldGen       total 87552K, used 48740K [0x00000000c0000000, 0x00000000c5580000, 0x00000000eab00000)
  object space 87552K, 55% used [0x00000000c0000000,0x00000000c2f99020,0x00000000c5580000)
 Metaspace       used 5723K, capacity 6832K, committed 7040K, reserved 1056768K
  class space    used 562K, capacity 616K, committed 640K, reserved 1048576K
}
Event: 3.881 GC heap before
{Heap before GC invocations=4 (full 0):
 PSYoungGen      total 71680K, used 71663K [0x00000000eab00000, 0x00000000f3700000, 0x0000000100000000)
  eden space 66560K, 100% used [0x00000000eab00000,0x00000000eec00000,0x00000000eec00000)
  from space 5120K, 99% used [0x00000000eec00000,0x00000000ef0fbf38,0x00000000ef100000)
  to   space 5120K, 0% used [0x00000000f3200000,0x00000000f3200000,0x00000000f3700000)
 ParOldGen       total 87552K, used 48740K [0x00000000c0000000, 0x00000000c5580000, 0x00000000eab00000)
  object space 87552K, 55% used [0x00000000c0000000,0x00000000c2f99020,0x00000000c5580000)
 Metaspace       used 5759K, capacity 6896K, committed 7040K, reserved 1056768K
  class space    used 562K, capacity 616K, committed 640K, reserved 1048576K
Event: 4.115 GC heap after
Heap after GC invocations=4 (full 0):
 PSYoungGen      total 138240K, used 5117K [0x00000000eab00000, 0x00000000f3700000, 0x0000000100000000)
  eden space 133120K, 0% used [0x00000000eab00000,0x00000000eab00000,0x00000000f2d00000)
  from space 5120K, 99% used [0x00000000f3200000,0x00000000f36ff4f8,0x00000000f3700000)
  to   space 5120K, 0% used [0x00000000f2d00000,0x00000000f2d00000,0x00000000f3200000)
 ParOldGen       total 87552K, used 80541K [0x00000000c0000000, 0x00000000c5580000, 0x00000000eab00000)
  object space 87552K, 91% used [0x00000000c0000000,0x00000000c4ea76b0,0x00000000c5580000)
 Metaspace       used 5759K, capacity 6896K, committed 7040K, reserved 1056768K
  class space    used 562K, capacity 616K, committed 640K, reserved 1048576K
}
Event: 4.115 GC heap before
{Heap before GC invocations=5 (full 1):
 PSYoungGen      total 138240K, used 5117K [0x00000000eab00000, 0x00000000f3700000, 0x0000000100000000)
  eden space 133120K, 0% used [0x00000000eab00000,0x00000000eab00000,0x00000000f2d00000)
  from space 5120K, 99% used [0x00000000f3200000,0x00000000f36ff4f8,0x00000000f3700000)
  to   space 5120K, 0% used [0x00000000f2d00000,0x00000000f2d00000,0x00000000f3200000)
 ParOldGen       total 87552K, used 80541K [0x00000000c0000000, 0x00000000c5580000, 0x00000000eab00000)
  object space 87552K, 91% used [0x00000000c0000000,0x00000000c4ea76b0,0x00000000c5580000)
 Metaspace       used 5759K, capacity 6896K, committed 7040K, reserved 1056768K
  class space    used 562K, capacity 616K, committed 640K, reserved 1048576K
Event: 5.379 GC heap after
Heap after GC invocations=5 (full 1):
 PSYoungGen      total 138240K, used 0K [0x00000000eab00000, 0x00000000f3700000, 0x0000000100000000)
  eden space 133120K, 0% used [0x00000000eab00000,0x00000000eab00000,0x00000000f2d00000)
  from space 5120K, 0% used [0x00000000f3200000,0x00000000f3200000,0x00000000f3700000)
  to   space 5120K, 0% used [0x00000000f2d00000,0x00000000f2d00000,0x00000000f3200000)
 ParOldGen       total 132608K, used 36792K [0x00000000c0000000, 0x00000000c8180000, 0x00000000eab00000)
  object space 132608K, 27% used [0x00000000c0000000,0x00000000c23ee260,0x00000000c8180000)
 Metaspace       used 5759K, capacity 6896K, committed 7040K, reserved 1056768K
  class space    used 562K, capacity 616K, committed 640K, reserved 1048576K
}
Event: 6.190 GC heap before
{Heap before GC invocations=6 (full 1):
 PSYoungGen      total 138240K, used 133120K [0x00000000eab00000, 0x00000000f3700000, 0x0000000100000000)
  eden space 133120K, 100% used [0x00000000eab00000,0x00000000f2d00000,0x00000000f2d00000)
  from space 5120K, 0% used [0x00000000f3200000,0x00000000f3200000,0x00000000f3700000)
  to   space 5120K, 0% used [0x00000000f2d00000,0x00000000f2d00000,0x00000000f3200000)
 ParOldGen       total 132608K, used 36792K [0x00000000c0000000, 0x00000000c8180000, 0x00000000eab00000)
  object space 132608K, 27% used [0x00000000c0000000,0x00000000c23ee260,0x00000000c8180000)
 Metaspace       used 5832K, capacity 6960K, committed 7040K, reserved 1056768K
  class space    used 562K, capacity 616K, committed 640K, reserved 1048576K
Event: 6.212 GC heap after
Heap after GC invocations=6 (full 1):
 PSYoungGen      total 138240K, used 5106K [0x00000000eab00000, 0x00000000fb880000, 0x0000000100000000)
  eden space 133120K, 0% used [0x00000000eab00000,0x00000000eab00000,0x00000000f2d00000)
  from space 5120K, 99% used [0x00000000f2d00000,0x00000000f31fcb38,0x00000000f3200000)
  to   space 53248K, 0% used [0x00000000f8480000,0x00000000f8480000,0x00000000fb880000)
 ParOldGen       total 132608K, used 74614K [0x00000000c0000000, 0x00000000c8180000, 0x00000000eab00000)
  object space 132608K, 56% used [0x00000000c0000000,0x00000000c48dd9a0,0x00000000c8180000)
 Metaspace       used 5832K, capacity 6960K, committed 7040K, reserved 1056768K
  class space    used 562K, capacity 616K, committed 640K, reserved 1048576K
}
Event: 7.226 GC heap before
{Heap before GC invocations=7 (full 1):
 PSYoungGen      total 138240K, used 138226K [0x00000000eab00000, 0x00000000fb880000, 0x0000000100000000)
  eden space 133120K, 100% used [0x00000000eab00000,0x00000000f2d00000,0x00000000f2d00000)
  from space 5120K, 99% used [0x00000000f2d00000,0x00000000f31fcb38,0x00000000f3200000)
  to   space 53248K, 0% used [0x00000000f8480000,0x00000000f8480000,0x00000000fb880000)
 ParOldGen       total 132608K, used 74614K [0x00000000c0000000, 0x00000000c8180000, 0x00000000eab00000)
  object space 132608K, 56% used [0x00000000c0000000,0x00000000c48dd9a0,0x00000000c8180000)
 Metaspace       used 5938K, capacity 7024K, committed 7296K, reserved 1056768K
  class space    used 565K, capacity 616K, committed 640K, reserved 1048576K
Event: 7.429 GC heap after
Heap after GC invocations=7 (full 1):
 PSYoungGen      total 216064K, used 47753K [0x00000000eab00000, 0x00000000fcb00000, 0x0000000100000000)
  eden space 162816K, 0% used [0x00000000eab00000,0x00000000eab00000,0x00000000f4a00000)
  from space 53248K, 89% used [0x00000000f8480000,0x00000000fb322438,0x00000000fb880000)
  to   space 59904K, 0% used [0x00000000f4a00000,0x00000000f4a00000,0x00000000f8480000)
 ParOldGen       total 132608K, used 74614K [0x00000000c0000000, 0x00000000c8180000, 0x00000000eab00000)
  object space 132608K, 56% used [0x00000000c0000000,0x00000000c48dd9a0,0x00000000c8180000)
 Metaspace       used 5938K, capacity 7024K, committed 7296K, reserved 1056768K
  class space    used 565K, capacity 616K, committed 640K, reserved 1048576K
}

Deoptimization events (10 events):
Event: 7.516 Thread 0x0000000017206800 Uncommon trap: reason=bimorphic action=maybe_recompile pc=0x0000000003c92998 method=com.android.dx.ssa.LiteralOpUpgrader.tryReplacingWithConstant(Lcom/android/dx/ssa/NormalSsaInsn;)Z @ 62
Event: 7.516 Thread 0x0000000017206800 Uncommon trap: reason=unstable_if action=reinterpret pc=0x0000000003b472c4 method=com.android.dx.rop.code.Insn.equalsHandleNulls(Ljava/lang/Object;Ljava/lang/Object;)Z @ 14
Event: 7.517 Thread 0x0000000017206800 Uncommon trap: reason=unstable_if action=reinterpret pc=0x00000000039a4734 method=com.android.dx.ssa.SsaRenamer$BlockRenamer.addMapping(ILcom/android/dx/rop/code/RegisterSpec;)V @ 120
Event: 7.518 Thread 0x0000000017206800 Uncommon trap: reason=class_check action=maybe_recompile pc=0x0000000003d56bfc method=com.android.dx.ssa.SCCP.replaceConstants()V @ 127
Event: 7.518 Thread 0x0000000017206800 Uncommon trap: reason=bimorphic action=maybe_recompile pc=0x0000000003c92998 method=com.android.dx.ssa.LiteralOpUpgrader.tryReplacingWithConstant(Lcom/android/dx/ssa/NormalSsaInsn;)Z @ 62
Event: 7.518 Thread 0x0000000017206800 Uncommon trap: reason=bimorphic action=maybe_recompile pc=0x0000000003c92998 method=com.android.dx.ssa.LiteralOpUpgrader.tryReplacingWithConstant(Lcom/android/dx/ssa/NormalSsaInsn;)Z @ 62
Event: 7.522 Thread 0x0000000017206800 Uncommon trap: reason=unstable_if action=reinterpret pc=0x0000000003a869e8 method=com.android.dx.ssa.SsaRenamer$BlockRenamer.process()V @ 90
Event: 7.788 Thread 0x00000000170f8000 Uncommon trap: reason=unstable_if action=reinterpret pc=0x0000000003c12438 method=com.android.dx.util.MutabilityControl.isImmutable()Z @ 4
Event: 7.788 Thread 0x00000000170f8000 Uncommon trap: reason=unstable_if action=reinterpret pc=0x0000000003ca4280 method=com.android.dx.rop.code.RegisterSpecList.withFirst(Lcom/android/dx/rop/code/RegisterSpec;)Lcom/android/dx/rop/code/RegisterSpecList; @ 55
Event: 7.788 Thread 0x00000000170f8000 Uncommon trap: reason=class_check action=maybe_recompile pc=0x0000000003d57b3c method=com.android.dx.ssa.SCCP.replaceConstants()V @ 81

Internal exceptions (3 events):
Event: 0.163 Thread 0x000000000308d800 Exception <a 'java/lang/NoSuchMethodError': Method sun.misc.Unsafe.defineClass(Ljava/lang/String;[BII)Ljava/lang/Class; name or signature does not match> (0x00000000eab07c78) thrown at [C:\src\android\AOSP-openjdk\external\jetbrains\jdk\hotspot\src\share\v34û‚ƒ?
Event: 0.163 Thread 0x000000000308d800 Exception <a 'java/lang/NoSuchMethodError': Method sun.misc.Unsafe.prefetchRead(Ljava/lang/Object;J)V name or signature does not match> (0x00000000eab07f60) thrown at [C:\src\android\AOSP-openjdk\external\jetbrains\jdk\hotspot\src\share\vm\prims\jni.cpp, l´Å”®≠
Event: 2.085 Thread 0x0000000017206800 Implicit null exception at 0x0000000003945ea2 to 0x0000000003945fa9

Events (10 events):
Event: 7.789 Thread 0x00000000170f8000 DEOPT UNPACKING pc=0x00000000035c75bf sp=0x0000000017b9e5c8 mode 0
Event: 7.792 Thread 0x0000000017208000 Thread exited: 0x0000000017208000
Event: 7.847 Thread 0x0000000017206800 DEOPT PACKING pc=0x0000000003dc4957 sp=0x0000000017e9ebc0
Event: 7.847 Thread 0x0000000017206800 DEOPT UNPACKING pc=0x00000000035c75bf sp=0x0000000017e9e9a8 mode 0
Event: 7.856 Thread 0x00000000170f8000 DEOPT PACKING pc=0x0000000003dc4957 sp=0x0000000017b9e7e0
Event: 7.856 Thread 0x00000000170f8000 DEOPT UNPACKING pc=0x00000000035c75bf sp=0x0000000017b9e5c8 mode 0
Event: 7.858 Thread 0x0000000017206800 DEOPT PACKING pc=0x0000000003b4d756 sp=0x0000000017e9ebb0
Event: 7.858 Thread 0x0000000017206800 DEOPT UNPACKING pc=0x00000000035c75bf sp=0x0000000017e9e918 mode 0
Event: 7.865 Thread 0x00000000170f8000 DEOPT PACKING pc=0x0000000003b4d76d sp=0x0000000017b9e7d0
Event: 7.865 Thread 0x00000000170f8000 DEOPT UNPACKING pc=0x00000000035c75bf sp=0x0000000017b9e538 mode 0


Dynamic libraries:
0x00007ff636230000 - 0x00007ff636261000 	D:\Program Files\Android\Android Studio\jre\bin\java.exe
0x00007fffec7f0000 - 0x00007fffec9c1000 	C:\WINDOWS\SYSTEM32\ntdll.dll
0x00007fffeb1d0000 - 0x00007fffeb27c000 	C:\WINDOWS\System32\KERNEL32.DLL
0x00007fffe96e0000 - 0x00007fffe98fd000 	C:\WINDOWS\System32\KERNELBASE.dll
0x00007fffe9e60000 - 0x00007fffe9f02000 	C:\WINDOWS\System32\ADVAPI32.dll
0x00007fffeaaa0000 - 0x00007fffeab3e000 	C:\WINDOWS\System32\msvcrt.dll
0x00007fffec790000 - 0x00007fffec7e9000 	C:\WINDOWS\System32\sechost.dll
0x00007fffea970000 - 0x00007fffeaa91000 	C:\WINDOWS\System32\RPCRT4.dll
0x00007fffeac40000 - 0x00007fffeada5000 	C:\WINDOWS\System32\USER32.dll
0x00007fffe9d10000 - 0x00007fffe9d2e000 	C:\WINDOWS\System32\win32u.dll
0x00007fffea180000 - 0x00007fffea1b4000 	C:\WINDOWS\System32\GDI32.dll
0x00007fffe9b80000 - 0x00007fffe9d02000 	C:\WINDOWS\System32\gdi32full.dll
0x00007fffe41c0000 - 0x00007fffe443a000 	C:\WINDOWS\WinSxS\amd64_microsoft.windows.common-controls_6595b64144ccf1df_6.0.14393.953_none_42151e83c686086b\COMCTL32.dll
0x00007fffea600000 - 0x00007fffea8c8000 	C:\WINDOWS\System32\combase.dll
0x00007fffe8ce0000 - 0x00007fffe8dd5000 	C:\WINDOWS\System32\ucrtbase.dll
0x00007fffe9670000 - 0x00007fffe96da000 	C:\WINDOWS\System32\bcryptPrimitives.dll
0x00007fffe9da0000 - 0x00007fffe9dce000 	C:\WINDOWS\System32\IMM32.DLL
0x0000000063d40000 - 0x0000000063e12000 	D:\Program Files\Android\Android Studio\jre\jre\bin\msvcr100.dll
0x0000000062840000 - 0x000000006307c000 	D:\Program Files\Android\Android Studio\jre\jre\bin\server\jvm.dll
0x00007fffe9e40000 - 0x00007fffe9e48000 	C:\WINDOWS\System32\PSAPI.DLL
0x00007fffdc320000 - 0x00007fffdc329000 	C:\WINDOWS\SYSTEM32\WSOCK32.dll
0x00007fffea110000 - 0x00007fffea17a000 	C:\WINDOWS\System32\WS2_32.dll
0x00007fffe6c20000 - 0x00007fffe6c43000 	C:\WINDOWS\SYSTEM32\WINMM.dll
0x00007fffe4cf0000 - 0x00007fffe4cfa000 	C:\WINDOWS\SYSTEM32\VERSION.dll
0x00007fffe6b00000 - 0x00007fffe6b2b000 	C:\WINDOWS\SYSTEM32\WINMMBASE.dll
0x00007fffe9d30000 - 0x00007fffe9d72000 	C:\WINDOWS\System32\cfgmgr32.dll
0x00007fffe63e0000 - 0x00007fffe63ef000 	D:\Program Files\Android\Android Studio\jre\jre\bin\verify.dll
0x00007fffe4bc0000 - 0x00007fffe4be9000 	D:\Program Files\Android\Android Studio\jre\jre\bin\java.dll
0x00007fffe4ba0000 - 0x00007fffe4bb6000 	D:\Program Files\Android\Android Studio\jre\jre\bin\zip.dll
0x00007fffeb280000 - 0x00007fffec788000 	C:\WINDOWS\System32\SHELL32.dll
0x00007fffe8e80000 - 0x00007fffe955a000 	C:\WINDOWS\System32\windows.storage.dll
0x00007fffe8c50000 - 0x00007fffe8c9c000 	C:\WINDOWS\System32\powrprof.dll
0x00007fffea050000 - 0x00007fffea0a2000 	C:\WINDOWS\System32\shlwapi.dll
0x00007fffe8cd0000 - 0x00007fffe8cdf000 	C:\WINDOWS\System32\kernel.appcore.dll
0x00007fffe9560000 - 0x00007fffe9609000 	C:\WINDOWS\System32\shcore.dll
0x00007fffe8ca0000 - 0x00007fffe8cb4000 	C:\WINDOWS\System32\profapi.dll

VM Arguments:
jvm_args: -Djava.awt.headless=true -Xmx1024M -Dfile.encoding=GBK -Duser.country=CN -Duser.language=zh -Duser.variant 
java_command: com.android.dx.command.Main --dex --force-jumbo --num-threads=4 --multi-dex --output D:\musicbean\app\build\intermediates\transforms\dex\baidu\debug\folders\1000\5\slice_3 D:\musicbean\app\build\intermediates\transforms\instantRunSlicer\baidu\debug\folders\1\5\slice_3
java_class_path (initial): D:\SDK\build-tools\25.0.0\lib\dx.jar
Launcher Type: SUN_STANDARD

Environment Variables:
JAVA_HOME=C:\Program Files\Java\jdk1.8.0_101
CLASSPATH=.;C:\Program Files\Java\jdk1.8.0_101\lib;
PATH=C:\ProgramData\Oracle\Java\javapath;C:\WINDOWS\system32;C:\WINDOWS;C:\WINDOWS\System32\Wbem;C:\WINDOWS\System32\WindowsPowerShell\v1.0\;C:\Program Files\Java\jdk1.8.0_101\bin;C:\Program Files\Java\jdk1.8.0_101\jre\bin;D:\Git\cmd;C:\Users\Administrator\AppData\Local\Microsoft\WindowsApps;
USERNAME=Administrator
OS=Windows_NT
PROCESSOR_IDENTIFIER=Intel64 Family 6 Model 94 Stepping 3, GenuineIntel



---------------  S Y S T E M  ---------------

OS: Windows 10.0 , 64 bit Build 14393 (10.0.14393.1198)

CPU:total 4 (4 cores per cpu, 1 threads per core) family 6 model 94 stepping 3, cmov, cx8, fxsr, mmx, sse, sse2, sse3, ssse3, sse4.1, sse4.2, popcnt, avx, avx2, aes, clmul, erms, rtm, 3dnowpref, lzcnt, tsc, tscinvbit, bmi1, bmi2, adx

Memory: 4k page, physical 8299524k(2576796k free), swap 14749720k(5128k free)

vm_info: OpenJDK 64-Bit Server VM (25.112-b06) for windows-amd64 JRE (1.8.0_112-release-b06), built on Dec  8 2016 00:54:26 by "builder" with MS VC++ 10.0 (VS2010)

time: Fri May 19 13:22:00 2017
elapsed time: 7 seconds (0d 0h 0m 7s)

