#
# There is insufficient memory for the Java Runtime Environment to continue.
# Native memory allocation (malloc) failed to allocate 40464 bytes for Chunk::new
# Possible reasons:
#   The system is out of physical RAM or swap space
#   In 32 bit mode, the process size limit was hit
# Possible solutions:
#   Reduce memory load on the system
#   Increase physical memory or swap space
#   Check if swap backing store is full
#   Use 64 bit Java on a 64 bit OS
#   Decrease Java heap size (-Xmx/-Xms)
#   Decrease number of Java threads
#   Decrease Java thread stack sizes (-Xss)
#   Set larger code cache with -XX:ReservedCodeCacheSize=
# This output file may be truncated or incomplete.
#
#  Out of Memory Error (allocation.cpp:390), pid=31468, tid=0x0000000000008258
#
# JRE version: OpenJDK Runtime Environment (8.0_112-b06) (build 1.8.0_112-release-b06)
# Java VM: OpenJDK 64-Bit Server VM (25.112-b06 mixed mode windows-amd64 compressed oops)
# Failed to write core dump. Minidumps are not enabled by default on client versions of Windows
#

---------------  T H R E A D  ---------------

Current thread (0x0000000016ee7800):  JavaThread "C1 CompilerThread2" daemon [_thread_in_native, id=33368, stack(0x0000000017690000,0x0000000017790000)]

Stack: [0x0000000017690000,0x0000000017790000]
[error occurred during error reporting (printing stack bounds), id 0xc0000005]

Native frames: (J=compiled Java code, j=interpreted, Vv=VM code, C=native code)


Current CompileTask:
C1:    626  541   !   3       com.android.dx.cf.code.BytecodeArray::parseInstruction (2764 bytes)


---------------  P R O C E S S  ---------------

Java Threads: ( => current thread )
  0x000000001710a800 JavaThread "pool-2-thread-4" [_thread_new, id=33508, stack(0x0000000000000000,0x0000000000000000)]
  0x0000000017109800 JavaThread "pool-2-thread-3" [_thread_new, id=33496, stack(0x0000000000000000,0x0000000000000000)]
  0x0000000017108000 JavaThread "pool-2-thread-2" [_thread_new, id=33612, stack(0x0000000000000000,0x0000000000000000)]
  0x0000000017100000 JavaThread "pool-3-thread-1" [_thread_blocked, id=31368, stack(0x0000000017a90000,0x0000000017b90000)]
  0x00000000170fb000 JavaThread "pool-2-thread-1" [_thread_in_vm, id=33600, stack(0x0000000017990000,0x0000000017a90000)]
  0x0000000016eef000 JavaThread "Service Thread" daemon [_thread_blocked, id=33300, stack(0x0000000017790000,0x0000000017890000)]
=>0x0000000016ee7800 JavaThread "C1 CompilerThread2" daemon [_thread_in_native, id=33368, stack(0x0000000017690000,0x0000000017790000)]
  0x0000000015b79000 JavaThread "C2 CompilerThread1" daemon [_thread_in_native, id=30764, stack(0x0000000017590000,0x0000000017690000)]
  0x0000000015b30000 JavaThread "C2 CompilerThread0" daemon [_thread_blocked, id=33364, stack(0x0000000017490000,0x0000000017590000)]
  0x0000000015b2f000 JavaThread "Attach Listener" daemon [_thread_blocked, id=33348, stack(0x0000000017390000,0x0000000017490000)]
  0x0000000016e98800 JavaThread "Signal Dispatcher" daemon [_thread_blocked, id=33328, stack(0x0000000017290000,0x0000000017390000)]
  0x000000000344c000 JavaThread "Finalizer" daemon [_thread_blocked, id=33356, stack(0x0000000016d90000,0x0000000016e90000)]
  0x0000000003441000 JavaThread "Reference Handler" daemon [_thread_blocked, id=33576, stack(0x0000000016c90000,0x0000000016d90000)]
  0x000000000334d800 JavaThread "main" [_thread_in_Java, id=33060, stack(0x0000000003190000,0x0000000003290000)]

Other Threads:
  0x0000000015ae4800 VMThread [stack: 0x0000000016b90000,0x0000000016c90000] [id=32884]
  0x0000000016ef0800 WatcherThread [stack: 0x0000000017890000,0x0000000017990000] [id=33276]

VM state:not at safepoint (normal execution)

VM Mutex/Monitor currently owned by a thread: None

Heap:
 PSYoungGen      total 38400K, used 11983K [0x00000000eab00000, 0x00000000ed580000, 0x0000000100000000)
  eden space 33280K, 36% used [0x00000000eab00000,0x00000000eb6b3ef0,0x00000000ecb80000)
  from space 5120K, 0% used [0x00000000ed080000,0x00000000ed080000,0x00000000ed580000)
  to   space 5120K, 0% used [0x00000000ecb80000,0x00000000ecb80000,0x00000000ed080000)
 ParOldGen       total 87552K, used 0K [0x00000000c0000000, 0x00000000c5580000, 0x00000000eab00000)
  object space 87552K, 0% used [0x00000000c0000000,0x00000000c0000000,0x00000000c5580000)
 Metaspace       used 5432K, capacity 6352K, committed 6528K, reserved 1056768K
  class space    used 565K, capacity 584K, committed 640K, reserved 1048576K

Card table byte_map: [0x0000000012810000,0x0000000012a20000] byte_map_base: 0x0000000012210000

Marking Bits: (ParMarkBitMap*) 0x00000000630018f0
 Begin Bits: [0x0000000012f80000, 0x0000000013f80000)
 End Bits:   [0x0000000013f80000, 0x0000000014f80000)

Polling page: 0x00000000016b0000

CodeCache: size=245760Kb used=2216Kb max_used=2228Kb free=243543Kb
 bounds [0x0000000003450000, 0x00000000036c0000, 0x0000000012450000]
 total_blobs=809 nmethods=541 adapters=182
 compilation: enabled

Compilation events (10 events):
Event: 0.619 Thread 0x0000000016ee7800 nmethod 537 0x0000000003679690 code [0x00000000036797e0, 0x0000000003679970]
Event: 0.619 Thread 0x0000000016ee7800  531       1       com.android.dx.rop.cst.CstMemberRef::getDefiningClass (5 bytes)
Event: 0.619 Thread 0x0000000016ee7800 nmethod 531 0x0000000003679a10 code [0x0000000003679b60, 0x0000000003679c70]
Event: 0.619 Thread 0x0000000016ee7800  529       3       com.android.dx.cf.direct.DirectClassFile::parseToInterfacesIfNecessary (13 bytes)
Event: 0.620 Thread 0x0000000016ee7800 nmethod 529 0x0000000003679cd0 code [0x0000000003679e40, 0x000000000367a008]
Event: 0.620 Thread 0x0000000016ee7800  540       3       com.android.dx.rop.cst.Constant::compareTo (9 bytes)
Event: 0.620 Thread 0x0000000016ee7800 nmethod 540 0x000000000367a090 code [0x000000000367a260, 0x000000000367ab78]
Event: 0.621 Thread 0x0000000016ee7800  541   !   3       com.android.dx.cf.code.BytecodeArray::parseInstruction (2764 bytes)
Event: 0.621 Thread 0x0000000015b30000 nmethod 539 0x000000000367dc10 code [0x000000000367dd60, 0x000000000367def8]
Event: 0.624 Thread 0x0000000015b79000  550       4       java.util.ArrayList::add (29 bytes)

GC Heap History (0 events):
No events

Deoptimization events (0 events):
No events

Internal exceptions (2 events):
Event: 0.097 Thread 0x000000000334d800 Exception <a 'java/lang/NoSuchMethodError': Method sun.misc.Unsafe.defineClass(Ljava/lang/String;[BII)Ljava/lang/Class; name or signature does not match> (0x00000000eab07c78) thrown at [C:\src\android\AOSP-openjdk\external\jetbrains\jdk\hotspot\src\share\v¸Së›¿º¸?
Event: 0.097 Thread 0x000000000334d800 Exception <a 'java/lang/NoSuchMethodError': Method sun.misc.Unsafe.prefetchRead(Ljava/lang/Object;J)V name or signature does not match> (0x00000000eab07f60) thrown at [C:\src\android\AOSP-openjdk\external\jetbrains\jdk\hotspot\src\share\vm\prims\jni.cpp, l

Events (10 events):
Event: 0.600 loading class com/android/dx/cf/code/Ropper$ExceptionHandlerSetup
Event: 0.600 loading class com/android/dx/cf/code/Ropper$ExceptionHandlerSetup done
Event: 0.600 loading class java/util/HashMap$Values
Event: 0.601 loading class java/util/HashMap$Values done
Event: 0.601 loading class java/util/HashMap$ValueIterator
Event: 0.601 loading class java/util/HashMap$ValueIterator done
Event: 0.617 loading class java/util/DualPivotQuicksort
Event: 0.617 loading class java/util/DualPivotQuicksort done
Event: 0.620 loading class com/android/dx/dex/file/FieldAnnotationStruct
Event: 0.620 loading class com/android/dx/dex/file/FieldAnnotationStruct done


Dynamic libraries:
0x00007ff636230000 - 0x00007ff636261000 	D:\Program Files\Android\Android Studio\jre\bin\java.exe
0x00007fffec7f0000 - 0x00007fffec9c1000 	C:\WINDOWS\SYSTEM32\ntdll.dll
0x00007fffeb1d0000 - 0x00007fffeb27c000 	C:\WINDOWS\System32\KERNEL32.DLL
0x00007fffe96e0000 - 0x00007fffe98fd000 	C:\WINDOWS\System32\KERNELBASE.dll
0x00007fffe9e60000 - 0x00007fffe9f02000 	C:\WINDOWS\System32\ADVAPI32.dll
0x00007fffeaaa0000 - 0x00007fffeab3e000 	C:\WINDOWS\System32\msvcrt.dll
0x00007fffec790000 - 0x00007fffec7e9000 	C:\WINDOWS\System32\sechost.dll
0x00007fffea970000 - 0x00007fffeaa91000 	C:\WINDOWS\System32\RPCRT4.dll
0x00007fffeac40000 - 0x00007fffeada5000 	C:\WINDOWS\System32\USER32.dll
0x00007fffe9d10000 - 0x00007fffe9d2e000 	C:\WINDOWS\System32\win32u.dll
0x00007fffea180000 - 0x00007fffea1b4000 	C:\WINDOWS\System32\GDI32.dll
0x00007fffe9b80000 - 0x00007fffe9d02000 	C:\WINDOWS\System32\gdi32full.dll
0x00007fffe41c0000 - 0x00007fffe443a000 	C:\WINDOWS\WinSxS\amd64_microsoft.windows.common-controls_6595b64144ccf1df_6.0.14393.953_none_42151e83c686086b\COMCTL32.dll
0x00007fffea600000 - 0x00007fffea8c8000 	C:\WINDOWS\System32\combase.dll
0x00007fffe8ce0000 - 0x00007fffe8dd5000 	C:\WINDOWS\System32\ucrtbase.dll
0x00007fffe9670000 - 0x00007fffe96da000 	C:\WINDOWS\System32\bcryptPrimitives.dll
0x00007fffe9da0000 - 0x00007fffe9dce000 	C:\WINDOWS\System32\IMM32.DLL
0x0000000063d40000 - 0x0000000063e12000 	D:\Program Files\Android\Android Studio\jre\jre\bin\msvcr100.dll
0x0000000062840000 - 0x000000006307c000 	D:\Program Files\Android\Android Studio\jre\jre\bin\server\jvm.dll
0x00007fffe9e40000 - 0x00007fffe9e48000 	C:\WINDOWS\System32\PSAPI.DLL
0x00007fffdc320000 - 0x00007fffdc329000 	C:\WINDOWS\SYSTEM32\WSOCK32.dll
0x00007fffea110000 - 0x00007fffea17a000 	C:\WINDOWS\System32\WS2_32.dll
0x00007fffe6c20000 - 0x00007fffe6c43000 	C:\WINDOWS\SYSTEM32\WINMM.dll
0x00007fffe4cf0000 - 0x00007fffe4cfa000 	C:\WINDOWS\SYSTEM32\VERSION.dll
0x00007fffe6b00000 - 0x00007fffe6b2b000 	C:\WINDOWS\SYSTEM32\WINMMBASE.dll
0x00007fffe9d30000 - 0x00007fffe9d72000 	C:\WINDOWS\System32\cfgmgr32.dll
0x00007fffe63f0000 - 0x00007fffe63ff000 	D:\Program Files\Android\Android Studio\jre\jre\bin\verify.dll
0x00007fffe4bc0000 - 0x00007fffe4be9000 	D:\Program Files\Android\Android Studio\jre\jre\bin\java.dll
0x00007fffe63d0000 - 0x00007fffe63e6000 	D:\Program Files\Android\Android Studio\jre\jre\bin\zip.dll
0x00007fffeb280000 - 0x00007fffec788000 	C:\WINDOWS\System32\SHELL32.dll
0x00007fffe8e80000 - 0x00007fffe955a000 	C:\WINDOWS\System32\windows.storage.dll
0x00007fffe8c50000 - 0x00007fffe8c9c000 	C:\WINDOWS\System32\powrprof.dll
0x00007fffea050000 - 0x00007fffea0a2000 	C:\WINDOWS\System32\shlwapi.dll
0x00007fffe8cd0000 - 0x00007fffe8cdf000 	C:\WINDOWS\System32\kernel.appcore.dll
0x00007fffe9560000 - 0x00007fffe9609000 	C:\WINDOWS\System32\shcore.dll
0x00007fffe8ca0000 - 0x00007fffe8cb4000 	C:\WINDOWS\System32\profapi.dll

VM Arguments:
jvm_args: -Djava.awt.headless=true -Xmx1024M -Dfile.encoding=GBK -Duser.country=CN -Duser.language=zh -Duser.variant 
java_command: com.android.dx.command.Main --dex --force-jumbo --num-threads=4 --multi-dex --output D:\musicbean\app\build\intermediates\transforms\dex\baidu\debug\folders\1000\2\libweixin_d1071d55845915b7cccdd4cbae28f34d92576466 D:\musicbean\app\libs\libweixin.jar
java_class_path (initial): D:\SDK\build-tools\25.0.0\lib\dx.jar
Launcher Type: SUN_STANDARD

Environment Variables:
JAVA_HOME=C:\Program Files\Java\jdk1.8.0_101
CLASSPATH=.;C:\Program Files\Java\jdk1.8.0_101\lib;
PATH=C:\ProgramData\Oracle\Java\javapath;C:\WINDOWS\system32;C:\WINDOWS;C:\WINDOWS\System32\Wbem;C:\WINDOWS\System32\WindowsPowerShell\v1.0\;C:\Program Files\Java\jdk1.8.0_101\bin;C:\Program Files\Java\jdk1.8.0_101\jre\bin;D:\Git\cmd;C:\Users\Administrator\AppData\Local\Microsoft\WindowsApps;
USERNAME=Administrator
OS=Windows_NT
PROCESSOR_IDENTIFIER=Intel64 Family 6 Model 94 Stepping 3, GenuineIntel



---------------  S Y S T E M  ---------------

OS: Windows 10.0 , 64 bit Build 14393 (10.0.14393.1198)

CPU:total 4 (4 cores per cpu, 1 threads per core) family 6 model 94 stepping 3, cmov, cx8, fxsr, mmx, sse, sse2, sse3, ssse3, sse4.1, sse4.2, popcnt, avx, avx2, aes, clmul, erms, rtm, 3dnowpref, lzcnt, tsc, tscinvbit, bmi1, bmi2, adx

Memory: 4k page, physical 8299524k(2476788k free), swap 14749720k(3064k free)

vm_info: OpenJDK 64-Bit Server VM (25.112-b06) for windows-amd64 JRE (1.8.0_112-release-b06), built on Dec  8 2016 00:54:26 by "builder" with MS VC++ 10.0 (VS2010)

time: Mon May 22 13:23:49 2017
elapsed time: 0 seconds (0d 0h 0m 0s)

