#
# There is insufficient memory for the Java Runtime Environment to continue.
# Native memory allocation (malloc) failed to allocate 264000 bytes for Chunk::new
# Possible reasons:
#   The system is out of physical RAM or swap space
#   In 32 bit mode, the process size limit was hit
# Possible solutions:
#   Reduce memory load on the system
#   Increase physical memory or swap space
#   Check if swap backing store is full
#   Use 64 bit Java on a 64 bit OS
#   Decrease Java heap size (-Xmx/-Xms)
#   Decrease number of Java threads
#   Decrease Java thread stack sizes (-Xss)
#   Set larger code cache with -XX:ReservedCodeCacheSize=
# This output file may be truncated or incomplete.
#
#  Out of Memory Error (allocation.cpp:390), pid=10868, tid=0x0000000000003d40
#
# JRE version: OpenJDK Runtime Environment (8.0_112-b06) (build 1.8.0_112-release-b06)
# Java VM: OpenJDK 64-Bit Server VM (25.112-b06 mixed mode windows-amd64 compressed oops)
# Failed to write core dump. Minidumps are not enabled by default on client versions of Windows
#

---------------  T H R E A D  ---------------

Current thread (0x0000000015030000):  JavaThread "C2 CompilerThread0" daemon [_thread_in_native, id=15680, stack(0x0000000016980000,0x0000000016a80000)]

Stack: [0x0000000016980000,0x0000000016a80000]
[error occurred during error reporting (printing stack bounds), id 0xc0000005]

Native frames: (J=compiled Java code, j=interpreted, Vv=VM code, C=native code)


Current CompileTask:
C2:   2056 1135       4       com.android.dx.ssa.SCCP::simulatePhi (169 bytes)


---------------  P R O C E S S  ---------------

Java Threads: ( => current thread )
  0x0000000016690000 JavaThread "pool-2-thread-4" [_thread_in_Java, id=15784, stack(0x0000000017280000,0x0000000017380000)]
  0x000000001668e800 JavaThread "pool-2-thread-3" [_thread_in_Java, id=15780, stack(0x0000000017180000,0x0000000017280000)]
  0x000000001668a000 JavaThread "pool-2-thread-2" [_thread_in_Java, id=15776, stack(0x0000000017080000,0x0000000017180000)]
  0x0000000016686800 JavaThread "pool-3-thread-1" [_thread_blocked, id=15772, stack(0x0000000016f80000,0x0000000017080000)]
  0x0000000016682000 JavaThread "pool-2-thread-1" [_thread_in_Java, id=15768, stack(0x0000000016e80000,0x0000000016f80000)]
  0x00000000163de000 JavaThread "Service Thread" daemon [_thread_blocked, id=15712, stack(0x0000000016c80000,0x0000000016d80000)]
  0x00000000163d3000 JavaThread "C1 CompilerThread2" daemon [_thread_blocked, id=15704, stack(0x0000000016b80000,0x0000000016c80000)]
  0x000000001507e000 JavaThread "C2 CompilerThread1" daemon [_thread_in_native, id=15696, stack(0x0000000016a80000,0x0000000016b80000)]
=>0x0000000015030000 JavaThread "C2 CompilerThread0" daemon [_thread_in_native, id=15680, stack(0x0000000016980000,0x0000000016a80000)]
  0x0000000015077800 JavaThread "Attach Listener" daemon [_thread_blocked, id=15676, stack(0x0000000016880000,0x0000000016980000)]
  0x0000000016388800 JavaThread "Signal Dispatcher" daemon [_thread_blocked, id=15672, stack(0x0000000016780000,0x0000000016880000)]
  0x000000000294b000 JavaThread "Finalizer" daemon [_thread_blocked, id=15604, stack(0x0000000016280000,0x0000000016380000)]
  0x0000000002940000 JavaThread "Reference Handler" daemon [_thread_blocked, id=15600, stack(0x0000000016180000,0x0000000016280000)]
  0x000000000274d800 JavaThread "main" [_thread_in_vm, id=15540, stack(0x0000000002750000,0x0000000002850000)]

Other Threads:
  0x0000000014fe4800 VMThread [stack: 0x0000000016080000,0x0000000016180000] [id=15592]
  0x00000000163e0000 WatcherThread [stack: 0x0000000016d80000,0x0000000016e80000] [id=15716]

VM state:not at safepoint (normal execution)

VM Mutex/Monitor currently owned by a thread: None

Heap:
 PSYoungGen      total 38400K, used 21998K [0x00000000eab00000, 0x00000000ed580000, 0x0000000100000000)
  eden space 33280K, 53% used [0x00000000eab00000,0x00000000ebc3bda8,0x00000000ecb80000)
  from space 5120K, 84% used [0x00000000ed080000,0x00000000ed4bfc98,0x00000000ed580000)
  to   space 5120K, 0% used [0x00000000ecb80000,0x00000000ecb80000,0x00000000ed080000)
 ParOldGen       total 87552K, used 3769K [0x00000000c0000000, 0x00000000c5580000, 0x00000000eab00000)
  object space 87552K, 4% used [0x00000000c0000000,0x00000000c03ae490,0x00000000c5580000)
 Metaspace       used 6015K, capacity 6896K, committed 7040K, reserved 1056768K
  class space    used 580K, capacity 616K, committed 640K, reserved 1048576K

Card table byte_map: [0x0000000011d10000,0x0000000011f20000] byte_map_base: 0x0000000011710000

Marking Bits: (ParMarkBitMap*) 0x00000000630018f0
 Begin Bits: [0x0000000012480000, 0x0000000013480000)
 End Bits:   [0x0000000013480000, 0x0000000014480000)

Polling page: 0x0000000000640000

CodeCache: size=245760Kb used=4720Kb max_used=4720Kb free=241039Kb
 bounds [0x0000000002950000, 0x0000000002df0000, 0x0000000011950000]
 total_blobs=1523 nmethods=1252 adapters=184
 compilation: disabled (not enough contiguous free space left)

Compilation events (10 events):
Event: 2.030 Thread 0x00000000163d3000 1245       2       java.util.TreeMap::getFirstEntry (26 bytes)
Event: 2.030 Thread 0x00000000163d3000 nmethod 1245 0x0000000002ddedd0 code [0x0000000002ddef20, 0x0000000002ddf0d0]
Event: 2.030 Thread 0x00000000163d3000 1247       2       com.android.dx.dex.file.ValueEncoder::addContents (75 bytes)
Event: 2.030 Thread 0x00000000163d3000 nmethod 1247 0x0000000002ddf190 code [0x0000000002ddf340, 0x0000000002ddf6e8]
Event: 2.030 Thread 0x00000000163d3000 1246       2       java.util.TreeMap$ValueIterator::<init> (12 bytes)
Event: 2.030 Thread 0x00000000163d3000 nmethod 1246 0x0000000002ddf9d0 code [0x0000000002ddfb20, 0x0000000002ddfcd0]
Event: 2.030 Thread 0x00000000163d3000 1248       2       java.util.TreeMap$Values::iterator (19 bytes)
Event: 2.031 Thread 0x00000000163d3000 nmethod 1248 0x0000000002ddfd90 code [0x0000000002ddff00, 0x0000000002de0170]
Event: 2.031 Thread 0x00000000163d3000 1249       2       com.android.dx.rop.code.LocalVariableInfo::addAssignment (43 bytes)
Event: 2.031 Thread 0x00000000163d3000 nmethod 1249 0x0000000002de02d0 code [0x0000000002de0480, 0x0000000002de08c8]

GC Heap History (4 events):
Event: 1.872 GC heap before
{Heap before GC invocations=1 (full 0):
 PSYoungGen      total 38400K, used 33280K [0x00000000eab00000, 0x00000000ed580000, 0x0000000100000000)
  eden space 33280K, 100% used [0x00000000eab00000,0x00000000ecb80000,0x00000000ecb80000)
  from space 5120K, 0% used [0x00000000ed080000,0x00000000ed080000,0x00000000ed580000)
  to   space 5120K, 0% used [0x00000000ecb80000,0x00000000ecb80000,0x00000000ed080000)
 ParOldGen       total 87552K, used 2821K [0x00000000c0000000, 0x00000000c5580000, 0x00000000eab00000)
  object space 87552K, 3% used [0x00000000c0000000,0x00000000c02c17b0,0x00000000c5580000)
 Metaspace       used 5911K, capacity 6832K, committed 7040K, reserved 1056768K
  class space    used 578K, capacity 616K, committed 640K, reserved 1048576K
Event: 1.932 GC heap after
Heap after GC invocations=1 (full 0):
 PSYoungGen      total 38400K, used 5104K [0x00000000eab00000, 0x00000000ed580000, 0x0000000100000000)
  eden space 33280K, 0% used [0x00000000eab00000,0x00000000eab00000,0x00000000ecb80000)
  from space 5120K, 99% used [0x00000000ecb80000,0x00000000ed07c060,0x00000000ed080000)
  to   space 5120K, 0% used [0x00000000ed080000,0x00000000ed080000,0x00000000ed580000)
 ParOldGen       total 87552K, used 3761K [0x00000000c0000000, 0x00000000c5580000, 0x00000000eab00000)
  object space 87552K, 4% used [0x00000000c0000000,0x00000000c03ac490,0x00000000c5580000)
 Metaspace       used 5911K, capacity 6832K, committed 7040K, reserved 1056768K
  class space    used 578K, capacity 616K, committed 640K, reserved 1048576K
}
Event: 1.954 GC heap before
{Heap before GC invocations=2 (full 0):
 PSYoungGen      total 38400K, used 6144K [0x00000000eab00000, 0x00000000ed580000, 0x0000000100000000)
  eden space 33280K, 3% used [0x00000000eab00000,0x00000000eac041c8,0x00000000ecb80000)
  from space 5120K, 99% used [0x00000000ecb80000,0x00000000ed07c060,0x00000000ed080000)
  to   space 5120K, 0% used [0x00000000ed080000,0x00000000ed080000,0x00000000ed580000)
 ParOldGen       total 87552K, used 3761K [0x00000000c0000000, 0x00000000c5580000, 0x00000000eab00000)
  object space 87552K, 4% used [0x00000000c0000000,0x00000000c03ac490,0x00000000c5580000)
 Metaspace       used 5925K, capacity 6832K, committed 7040K, reserved 1056768K
  class space    used 578K, capacity 616K, committed 640K, reserved 1048576K
Event: 1.961 GC heap after
Heap after GC invocations=2 (full 0):
 PSYoungGen      total 38400K, used 4351K [0x00000000eab00000, 0x00000000ed580000, 0x0000000100000000)
  eden space 33280K, 0% used [0x00000000eab00000,0x00000000eab00000,0x00000000ecb80000)
  from space 5120K, 84% used [0x00000000ed080000,0x00000000ed4bfc98,0x00000000ed580000)
  to   space 5120K, 0% used [0x00000000ecb80000,0x00000000ecb80000,0x00000000ed080000)
 ParOldGen       total 87552K, used 3769K [0x00000000c0000000, 0x00000000c5580000, 0x00000000eab00000)
  object space 87552K, 4% used [0x00000000c0000000,0x00000000c03ae490,0x00000000c5580000)
 Metaspace       used 5925K, capacity 6832K, committed 7040K, reserved 1056768K
  class space    used 578K, capacity 616K, committed 640K, reserved 1048576K
}

Deoptimization events (5 events):
Event: 0.763 Thread 0x000000000274d800 Uncommon trap: reason=unstable_if action=reinterpret pc=0x0000000002b8d21c method=java.util.HashMap.getNode(ILjava/lang/Object;)Ljava/util/HashMap$Node; @ 129
Event: 0.887 Thread 0x0000000016682000 Uncommon trap: reason=unstable_if action=reinterpret pc=0x0000000002bdacb0 method=java.util.BitSet.nextSetBit(I)I @ 87
Event: 0.909 Thread 0x0000000016682000 Uncommon trap: reason=unstable_if action=reinterpret pc=0x0000000002bee274 method=java.util.BitSet.ensureCapacity(I)V @ 6
Event: 1.972 Thread 0x0000000016682000 Uncommon trap: reason=null_check action=make_not_entrant pc=0x0000000002d4d704 method=com.android.dx.ssa.SsaRenamer.getLocalForNewReg(I)Lcom/android/dx/rop/code/LocalItem; @ 19
Event: 2.013 Thread 0x000000000274d800 Uncommon trap: reason=class_check action=maybe_recompile pc=0x0000000002dba48c method=com.android.dx.ssa.NormalSsaInsn.accept(Lcom/android/dx/ssa/SsaInsn$Visitor;)V @ 9

Internal exceptions (3 events):
Event: 0.034 Thread 0x000000000274d800 Exception <a 'java/lang/NoSuchMethodError': Method sun.misc.Unsafe.defineClass(Ljava/lang/String;[BII)Ljava/lang/Class; name or signature does not match> (0x00000000eab07c78) thrown at [C:\src\android\AOSP-openjdk\external\jetbrains\jdk\hotspot\src\share\v½<;¤Éc¡?
Event: 0.034 Thread 0x000000000274d800 Exception <a 'java/lang/NoSuchMethodError': Method sun.misc.Unsafe.prefetchRead(Ljava/lang/Object;J)V name or signature does not match> (0x00000000eab07f60) thrown at [C:\src\android\AOSP-openjdk\external\jetbrains\jdk\hotspot\src\share\vm\prims\jni.cpp, lÊ52;‹ÿ?
Event: 1.971 Thread 0x0000000016682000 Implicit null exception at 0x0000000002d4aabe to 0x0000000002d4d6c9

Events (10 events):
Event: 1.972 Thread 0x0000000016682000 DEOPT UNPACKING pc=0x000000000299556a sp=0x0000000016f7ebc8 mode 2
Event: 2.012 loading class java/util/TreeMap$EntrySet
Event: 2.013 loading class java/util/TreeMap$EntrySet done
Event: 2.013 loading class java/util/TreeMap$EntryIterator
Event: 2.013 loading class java/util/TreeMap$EntryIterator done
Event: 2.013 Executing VM operation: Deoptimize
Event: 2.013 Executing VM operation: Deoptimize done
Event: 2.013 Thread 0x000000000274d800 Uncommon trap: trap_request=0xffffffde fr.pc=0x0000000002dba48c
Event: 2.013 Thread 0x000000000274d800 DEOPT PACKING pc=0x0000000002dba48c sp=0x000000000284e070
Event: 2.013 Thread 0x000000000274d800 DEOPT UNPACKING pc=0x000000000299556a sp=0x000000000284dff0 mode 2


Dynamic libraries:
0x00007ff636230000 - 0x00007ff636261000 	D:\Program Files\Android\Android Studio\jre\bin\java.exe
0x00007fffec7f0000 - 0x00007fffec9c1000 	C:\WINDOWS\SYSTEM32\ntdll.dll
0x00007fffeb1d0000 - 0x00007fffeb27c000 	C:\WINDOWS\System32\KERNEL32.DLL
0x00007fffe96e0000 - 0x00007fffe98fd000 	C:\WINDOWS\System32\KERNELBASE.dll
0x00007fffe9e60000 - 0x00007fffe9f02000 	C:\WINDOWS\System32\ADVAPI32.dll
0x00007fffeaaa0000 - 0x00007fffeab3e000 	C:\WINDOWS\System32\msvcrt.dll
0x00007fffec790000 - 0x00007fffec7e9000 	C:\WINDOWS\System32\sechost.dll
0x00007fffea970000 - 0x00007fffeaa91000 	C:\WINDOWS\System32\RPCRT4.dll
0x00007fffeac40000 - 0x00007fffeada5000 	C:\WINDOWS\System32\USER32.dll
0x00007fffe9d10000 - 0x00007fffe9d2e000 	C:\WINDOWS\System32\win32u.dll
0x00007fffea180000 - 0x00007fffea1b4000 	C:\WINDOWS\System32\GDI32.dll
0x00007fffe9b80000 - 0x00007fffe9d02000 	C:\WINDOWS\System32\gdi32full.dll
0x00007fffe41c0000 - 0x00007fffe443a000 	C:\WINDOWS\WinSxS\amd64_microsoft.windows.common-controls_6595b64144ccf1df_6.0.14393.953_none_42151e83c686086b\COMCTL32.dll
0x00007fffea600000 - 0x00007fffea8c8000 	C:\WINDOWS\System32\combase.dll
0x00007fffe8ce0000 - 0x00007fffe8dd5000 	C:\WINDOWS\System32\ucrtbase.dll
0x00007fffe9670000 - 0x00007fffe96da000 	C:\WINDOWS\System32\bcryptPrimitives.dll
0x00007fffe9da0000 - 0x00007fffe9dce000 	C:\WINDOWS\System32\IMM32.DLL
0x0000000063d40000 - 0x0000000063e12000 	D:\Program Files\Android\Android Studio\jre\jre\bin\msvcr100.dll
0x0000000062840000 - 0x000000006307c000 	D:\Program Files\Android\Android Studio\jre\jre\bin\server\jvm.dll
0x00007fffe9e40000 - 0x00007fffe9e48000 	C:\WINDOWS\System32\PSAPI.DLL
0x00007fffdc320000 - 0x00007fffdc329000 	C:\WINDOWS\SYSTEM32\WSOCK32.dll
0x00007fffea110000 - 0x00007fffea17a000 	C:\WINDOWS\System32\WS2_32.dll
0x00007fffe4cf0000 - 0x00007fffe4cfa000 	C:\WINDOWS\SYSTEM32\VERSION.dll
0x00007fffe6c20000 - 0x00007fffe6c43000 	C:\WINDOWS\SYSTEM32\WINMM.dll
0x00007fffe6b00000 - 0x00007fffe6b2b000 	C:\WINDOWS\SYSTEM32\WINMMBASE.dll
0x00007fffe9d30000 - 0x00007fffe9d72000 	C:\WINDOWS\System32\cfgmgr32.dll
0x00007fffe63e0000 - 0x00007fffe63ef000 	D:\Program Files\Android\Android Studio\jre\jre\bin\verify.dll
0x00007fffe4bc0000 - 0x00007fffe4be9000 	D:\Program Files\Android\Android Studio\jre\jre\bin\java.dll
0x00007fffe4ba0000 - 0x00007fffe4bb6000 	D:\Program Files\Android\Android Studio\jre\jre\bin\zip.dll
0x00007fffeb280000 - 0x00007fffec788000 	C:\WINDOWS\System32\SHELL32.dll
0x00007fffe8e80000 - 0x00007fffe955a000 	C:\WINDOWS\System32\windows.storage.dll
0x00007fffe8c50000 - 0x00007fffe8c9c000 	C:\WINDOWS\System32\powrprof.dll
0x00007fffea050000 - 0x00007fffea0a2000 	C:\WINDOWS\System32\shlwapi.dll
0x00007fffe8cd0000 - 0x00007fffe8cdf000 	C:\WINDOWS\System32\kernel.appcore.dll
0x00007fffe9560000 - 0x00007fffe9609000 	C:\WINDOWS\System32\shcore.dll
0x00007fffe8ca0000 - 0x00007fffe8cb4000 	C:\WINDOWS\System32\profapi.dll

VM Arguments:
jvm_args: -Djava.awt.headless=true -Xmx1024M -Dfile.encoding=GBK -Duser.country=CN -Duser.language=zh -Duser.variant 
java_command: com.android.dx.command.Main --dex --force-jumbo --num-threads=4 --multi-dex --output D:\musicbean\app\build\intermediates\transforms\dex\baidu\debug\folders\1000\2\Rong_IMLib_2.8.1_9a037901c0458ba5c50d6cdbcf06e616fc86322c D:\musicbean\app\libs\Rong_IMLib_2.8.1.jar
java_class_path (initial): D:\SDK\build-tools\25.0.0\lib\dx.jar
Launcher Type: SUN_STANDARD

Environment Variables:
JAVA_HOME=C:\Program Files\Java\jdk1.8.0_101
CLASSPATH=.;C:\Program Files\Java\jdk1.8.0_101\lib;
PATH=C:\ProgramData\Oracle\Java\javapath;C:\WINDOWS\system32;C:\WINDOWS;C:\WINDOWS\System32\Wbem;C:\WINDOWS\System32\WindowsPowerShell\v1.0\;C:\Program Files\Java\jdk1.8.0_101\bin;C:\Program Files\Java\jdk1.8.0_101\jre\bin;D:\Git\cmd;C:\Users\Administrator\AppData\Local\Microsoft\WindowsApps;
USERNAME=Administrator
OS=Windows_NT
PROCESSOR_IDENTIFIER=Intel64 Family 6 Model 94 Stepping 3, GenuineIntel



---------------  S Y S T E M  ---------------

OS: Windows 10.0 , 64 bit Build 14393 (10.0.14393.1198)

CPU:total 4 (4 cores per cpu, 1 threads per core) family 6 model 94 stepping 3, cmov, cx8, fxsr, mmx, sse, sse2, sse3, ssse3, sse4.1, sse4.2, popcnt, avx, avx2, aes, clmul, erms, rtm, 3dnowpref, lzcnt, tsc, tscinvbit, bmi1, bmi2, adx

Memory: 4k page, physical 8299524k(2489952k free), swap 14749720k(3692k free)

vm_info: OpenJDK 64-Bit Server VM (25.112-b06) for windows-amd64 JRE (1.8.0_112-release-b06), built on Dec  8 2016 00:54:26 by "builder" with MS VC++ 10.0 (VS2010)

time: Fri May 19 13:21:37 2017
elapsed time: 2 seconds (0d 0h 0m 2s)

