#
# There is insufficient memory for the Java Runtime Environment to continue.
# Native memory allocation (malloc) failed to allocate 327376 bytes for Chunk::new
# Possible reasons:
#   The system is out of physical RAM or swap space
#   In 32 bit mode, the process size limit was hit
# Possible solutions:
#   Reduce memory load on the system
#   Increase physical memory or swap space
#   Check if swap backing store is full
#   Use 64 bit Java on a 64 bit OS
#   Decrease Java heap size (-Xmx/-Xms)
#   Decrease number of Java threads
#   Decrease Java thread stack sizes (-Xss)
#   Set larger code cache with -XX:ReservedCodeCacheSize=
# This output file may be truncated or incomplete.
#
#  Out of Memory Error (allocation.cpp:390), pid=34120, tid=0x0000000000008688
#
# JRE version: OpenJDK Runtime Environment (8.0_112-b06) (build 1.8.0_112-release-b06)
# Java VM: OpenJDK 64-Bit Server VM (25.112-b06 mixed mode windows-amd64 compressed oops)
# Failed to write core dump. Minidumps are not enabled by default on client versions of Windows
#

---------------  T H R E A D  ---------------

Current thread (0x0000000015a10000):  JavaThread "C2 CompilerThread0" daemon [_thread_in_native, id=34440, stack(0x0000000017370000,0x0000000017470000)]

Stack: [0x0000000017370000,0x0000000017470000]
[error occurred during error reporting (printing stack bounds), id 0xc0000005]

Native frames: (J=compiled Java code, j=interpreted, Vv=VM code, C=native code)


Current CompileTask:
C2:   4443 1545       4       com.android.dx.ssa.SsaMethod::isRegALocal (90 bytes)


---------------  P R O C E S S  ---------------

Java Threads: ( => current thread )
  0x0000000016fdb000 JavaThread "pool-2-thread-4" [_thread_in_Java, id=34528, stack(0x0000000017c70000,0x0000000017d70000)]
  0x0000000016fda000 JavaThread "pool-2-thread-3" [_thread_in_Java, id=34524, stack(0x0000000017b70000,0x0000000017c70000)]
  0x0000000016fd9000 JavaThread "pool-2-thread-2" [_thread_in_Java, id=34520, stack(0x0000000017a70000,0x0000000017b70000)]
  0x0000000016ee1800 JavaThread "pool-3-thread-1" [_thread_blocked, id=34516, stack(0x0000000017970000,0x0000000017a70000)]
  0x0000000016ee1000 JavaThread "pool-2-thread-1" [_thread_in_vm, id=34512, stack(0x0000000017870000,0x0000000017970000)]
  0x0000000016dce000 JavaThread "Service Thread" daemon [_thread_blocked, id=34464, stack(0x0000000017670000,0x0000000017770000)]
  0x0000000016dc6800 JavaThread "C1 CompilerThread2" daemon [_thread_blocked, id=34460, stack(0x0000000017570000,0x0000000017670000)]
  0x0000000016dc3800 JavaThread "C2 CompilerThread1" daemon [_thread_in_native, id=34448, stack(0x0000000017470000,0x0000000017570000)]
=>0x0000000015a10000 JavaThread "C2 CompilerThread0" daemon [_thread_in_native, id=34440, stack(0x0000000017370000,0x0000000017470000)]
  0x0000000015a57800 JavaThread "Attach Listener" daemon [_thread_blocked, id=34436, stack(0x0000000017270000,0x0000000017370000)]
  0x0000000016d78800 JavaThread "Signal Dispatcher" daemon [_thread_blocked, id=34432, stack(0x0000000017170000,0x0000000017270000)]
  0x0000000003325800 JavaThread "Finalizer" daemon [_thread_blocked, id=34404, stack(0x0000000016c70000,0x0000000016d70000)]
  0x0000000003320000 JavaThread "Reference Handler" daemon [_thread_blocked, id=34400, stack(0x0000000016b70000,0x0000000016c70000)]
  0x000000000155d800 JavaThread "main" [_thread_blocked, id=34312, stack(0x0000000002c90000,0x0000000002d90000)]

Other Threads:
  0x00000000159c4800 VMThread [stack: 0x0000000016a70000,0x0000000016b70000] [id=34384]
  0x0000000016dd0000 WatcherThread [stack: 0x0000000017770000,0x0000000017870000] [id=34468]

VM state:not at safepoint (normal execution)

VM Mutex/Monitor currently owned by a thread: None

Heap:
 PSYoungGen      total 71680K, used 57508K [0x00000000eab00000, 0x00000000f3700000, 0x0000000100000000)
  eden space 66560K, 78% used [0x00000000eab00000,0x00000000ede2e800,0x00000000eec00000)
  from space 5120K, 99% used [0x00000000eec00000,0x00000000ef0fa9e8,0x00000000ef100000)
  to   space 5120K, 0% used [0x00000000f3200000,0x00000000f3200000,0x00000000f3700000)
 ParOldGen       total 87552K, used 43791K [0x00000000c0000000, 0x00000000c5580000, 0x00000000eab00000)
  object space 87552K, 50% used [0x00000000c0000000,0x00000000c2ac3eb8,0x00000000c5580000)
 Metaspace       used 5817K, capacity 6960K, committed 7040K, reserved 1056768K
  class space    used 563K, capacity 616K, committed 640K, reserved 1048576K

Card table byte_map: [0x00000000126f0000,0x0000000012900000] byte_map_base: 0x00000000120f0000

Marking Bits: (ParMarkBitMap*) 0x00000000630018f0
 Begin Bits: [0x0000000012e60000, 0x0000000013e60000)
 End Bits:   [0x0000000013e60000, 0x0000000014e60000)

Polling page: 0x0000000001230000

CodeCache: size=245760Kb used=6873Kb max_used=6873Kb free=238886Kb
 bounds [0x0000000003330000, 0x00000000039f0000, 0x0000000012330000]
 total_blobs=1770 nmethods=1507 adapters=177
 compilation: enabled

Compilation events (10 events):
Event: 4.422 Thread 0x0000000016dc6800 nmethod 1543 0x00000000039e8890 code [0x00000000039e8ba0, 0x00000000039ea6f8]
Event: 4.422 Thread 0x0000000015a10000 1544 %     4       com.android.dx.ssa.SsaMethod::getUseListCopy @ 24 (56 bytes)
Event: 4.430 Thread 0x0000000015a10000 nmethod 1544% 0x00000000039d62d0 code [0x00000000039d6440, 0x00000000039d6c78]
Event: 4.430 Thread 0x0000000015a10000 1545       4       com.android.dx.ssa.SsaMethod::isRegALocal (90 bytes)
Event: 4.436 Thread 0x0000000016dc6800 1547 %     3       com.android.dx.ssa.PhiTypeResolver::run @ 10 (179 bytes)
Event: 4.436 Thread 0x0000000016dc6800 nmethod 1547% 0x00000000039eb810 code [0x00000000039ebaa0, 0x00000000039eccc8]
Event: 4.437 Thread 0x0000000016dc6800 1549 %     3       com.android.dx.ssa.back.InterferenceGraph::<init> @ 18 (42 bytes)
Event: 4.438 Thread 0x0000000016dc6800 nmethod 1549% 0x00000000039d7b90 code [0x00000000039d7dc0, 0x00000000039d8b78]
Event: 4.438 Thread 0x0000000016dc6800 1550       3       com.android.dx.ssa.back.InterferenceGraph::<init> (42 bytes)
Event: 4.438 Thread 0x0000000016dc6800 nmethod 1550 0x00000000039ed550 code [0x00000000039ed780, 0x00000000039ee4b8]

GC Heap History (6 events):
Event: 2.167 GC heap before
{Heap before GC invocations=1 (full 0):
 PSYoungGen      total 38400K, used 33280K [0x00000000eab00000, 0x00000000ed580000, 0x0000000100000000)
  eden space 33280K, 100% used [0x00000000eab00000,0x00000000ecb80000,0x00000000ecb80000)
  from space 5120K, 0% used [0x00000000ed080000,0x00000000ed080000,0x00000000ed580000)
  to   space 5120K, 0% used [0x00000000ecb80000,0x00000000ecb80000,0x00000000ed080000)
 ParOldGen       total 87552K, used 0K [0x00000000c0000000, 0x00000000c5580000, 0x00000000eab00000)
  object space 87552K, 0% used [0x00000000c0000000,0x00000000c0000000,0x00000000c5580000)
 Metaspace       used 5675K, capacity 6832K, committed 7040K, reserved 1056768K
  class space    used 559K, capacity 616K, committed 640K, reserved 1048576K
Event: 2.311 GC heap after
Heap after GC invocations=1 (full 0):
 PSYoungGen      total 38400K, used 5112K [0x00000000eab00000, 0x00000000ef600000, 0x0000000100000000)
  eden space 33280K, 0% used [0x00000000eab00000,0x00000000eab00000,0x00000000ecb80000)
  from space 5120K, 99% used [0x00000000ecb80000,0x00000000ed07e320,0x00000000ed080000)
  to   space 5120K, 0% used [0x00000000ef100000,0x00000000ef100000,0x00000000ef600000)
 ParOldGen       total 87552K, used 6587K [0x00000000c0000000, 0x00000000c5580000, 0x00000000eab00000)
  object space 87552K, 7% used [0x00000000c0000000,0x00000000c066ecd0,0x00000000c5580000)
 Metaspace       used 5675K, capacity 6832K, committed 7040K, reserved 1056768K
  class space    used 559K, capacity 616K, committed 640K, reserved 1048576K
}
Event: 2.873 GC heap before
{Heap before GC invocations=2 (full 0):
 PSYoungGen      total 38400K, used 38392K [0x00000000eab00000, 0x00000000ef600000, 0x0000000100000000)
  eden space 33280K, 100% used [0x00000000eab00000,0x00000000ecb80000,0x00000000ecb80000)
  from space 5120K, 99% used [0x00000000ecb80000,0x00000000ed07e320,0x00000000ed080000)
  to   space 5120K, 0% used [0x00000000ef100000,0x00000000ef100000,0x00000000ef600000)
 ParOldGen       total 87552K, used 6587K [0x00000000c0000000, 0x00000000c5580000, 0x00000000eab00000)
  object space 87552K, 7% used [0x00000000c0000000,0x00000000c066ecd0,0x00000000c5580000)
 Metaspace       used 5702K, capacity 6832K, committed 7040K, reserved 1056768K
  class space    used 560K, capacity 616K, committed 640K, reserved 1048576K
Event: 2.885 GC heap after
Heap after GC invocations=2 (full 0):
 PSYoungGen      total 71680K, used 5098K [0x00000000eab00000, 0x00000000ef600000, 0x0000000100000000)
  eden space 66560K, 0% used [0x00000000eab00000,0x00000000eab00000,0x00000000eec00000)
  from space 5120K, 99% used [0x00000000ef100000,0x00000000ef5fabe8,0x00000000ef600000)
  to   space 5120K, 0% used [0x00000000eec00000,0x00000000eec00000,0x00000000ef100000)
 ParOldGen       total 87552K, used 20517K [0x00000000c0000000, 0x00000000c5580000, 0x00000000eab00000)
  object space 87552K, 23% used [0x00000000c0000000,0x00000000c14096d0,0x00000000c5580000)
 Metaspace       used 5702K, capacity 6832K, committed 7040K, reserved 1056768K
  class space    used 560K, capacity 616K, committed 640K, reserved 1048576K
}
Event: 3.836 GC heap before
{Heap before GC invocations=3 (full 0):
 PSYoungGen      total 71680K, used 71658K [0x00000000eab00000, 0x00000000ef600000, 0x0000000100000000)
  eden space 66560K, 100% used [0x00000000eab00000,0x00000000eec00000,0x00000000eec00000)
  from space 5120K, 99% used [0x00000000ef100000,0x00000000ef5fabe8,0x00000000ef600000)
  to   space 5120K, 0% used [0x00000000eec00000,0x00000000eec00000,0x00000000ef100000)
 ParOldGen       total 87552K, used 20517K [0x00000000c0000000, 0x00000000c5580000, 0x00000000eab00000)
  object space 87552K, 23% used [0x00000000c0000000,0x00000000c14096d0,0x00000000c5580000)
 Metaspace       used 5817K, capacity 6960K, committed 7040K, reserved 1056768K
  class space    used 563K, capacity 616K, committed 640K, reserved 1048576K
Event: 3.994 GC heap after
Heap after GC invocations=3 (full 0):
 PSYoungGen      total 71680K, used 5098K [0x00000000eab00000, 0x00000000f3700000, 0x0000000100000000)
  eden space 66560K, 0% used [0x00000000eab00000,0x00000000eab00000,0x00000000eec00000)
  from space 5120K, 99% used [0x00000000eec00000,0x00000000ef0fa9e8,0x00000000ef100000)
  to   space 5120K, 0% used [0x00000000f3200000,0x00000000f3200000,0x00000000f3700000)
 ParOldGen       total 87552K, used 43791K [0x00000000c0000000, 0x00000000c5580000, 0x00000000eab00000)
  object space 87552K, 50% used [0x00000000c0000000,0x00000000c2ac3eb8,0x00000000c5580000)
 Metaspace       used 5817K, capacity 6960K, committed 7040K, reserved 1056768K
  class space    used 563K, capacity 616K, committed 640K, reserved 1048576K
}

Deoptimization events (10 events):
Event: 1.971 Thread 0x0000000016fda000 Uncommon trap: reason=unstable_if action=reinterpret pc=0x00000000036e7070 method=com.android.dx.cf.code.RopperMachine.jopToRopOpcode(ILcom/android/dx/rop/cst/Constant;)I @ 1044
Event: 1.971 Thread 0x0000000016fda000 Uncommon trap: reason=unstable_if action=reinterpret pc=0x0000000003675774 method=java.util.BitSet.ensureCapacity(I)V @ 6
Event: 1.973 Thread 0x0000000016fda000 Uncommon trap: reason=bimorphic action=maybe_recompile pc=0x0000000003625e48 method=java.util.HashMap.getNode(ILjava/lang/Object;)Ljava/util/HashMap$Node; @ 126
Event: 3.503 Thread 0x0000000016fdb000 Uncommon trap: reason=bimorphic action=maybe_recompile pc=0x00000000037f0e28 method=com.android.dx.ssa.LiteralOpUpgrader.tryReplacingWithConstant(Lcom/android/dx/ssa/NormalSsaInsn;)Z @ 52
Event: 3.504 Thread 0x0000000016fdb000 Uncommon trap: reason=unstable_if action=reinterpret pc=0x0000000003882100 method=com.android.dx.dex.code.RopToDop.dopFor(Lcom/android/dx/rop/code/Insn;)Lcom/android/dx/dex/code/Dop; @ 747
Event: 3.737 Thread 0x0000000016ee1000 Uncommon trap: reason=class_check action=maybe_recompile pc=0x00000000038da2a4 method=com.android.dx.ssa.SCCP.setLatticeValueTo(IILcom/android/dx/rop/cst/Constant;)Z @ 43
Event: 3.765 Thread 0x0000000016ee1000 Uncommon trap: reason=unstable_if action=reinterpret pc=0x0000000003865704 method=com.android.dx.rop.code.Insn.equalsHandleNulls(Ljava/lang/Object;Ljava/lang/Object;)Z @ 14
Event: 3.828 Thread 0x0000000016fd9000 Uncommon trap: reason=bimorphic action=maybe_recompile pc=0x00000000037f0e28 method=com.android.dx.ssa.LiteralOpUpgrader.tryReplacingWithConstant(Lcom/android/dx/ssa/NormalSsaInsn;)Z @ 52
Event: 3.828 Thread 0x0000000016fd9000 Uncommon trap: reason=bimorphic action=maybe_recompile pc=0x00000000037f0e28 method=com.android.dx.ssa.LiteralOpUpgrader.tryReplacingWithConstant(Lcom/android/dx/ssa/NormalSsaInsn;)Z @ 52
Event: 3.828 Thread 0x0000000016fd9000 Uncommon trap: reason=bimorphic action=maybe_recompile pc=0x00000000037f0e28 method=com.android.dx.ssa.LiteralOpUpgrader.tryReplacingWithConstant(Lcom/android/dx/ssa/NormalSsaInsn;)Z @ 52

Internal exceptions (3 events):
Event: 0.384 Thread 0x000000000155d800 Exception <a 'java/lang/NoSuchMethodError': Method sun.misc.Unsafe.defineClass(Ljava/lang/String;[BII)Ljava/lang/Class; name or signature does not match> (0x00000000eab07c78) thrown at [C:\src\android\AOSP-openjdk\external\jetbrains\jdk\hotspot\src\share\v	j©Z–Ø?
Event: 0.384 Thread 0x000000000155d800 Exception <a 'java/lang/NoSuchMethodError': Method sun.misc.Unsafe.prefetchRead(Ljava/lang/Object;J)V name or signature does not match> (0x00000000eab07f60) thrown at [C:\src\android\AOSP-openjdk\external\jetbrains\jdk\hotspot\src\share\vm\prims\jni.cpp, lL(¹ãqü?
Event: 1.778 Thread 0x0000000016fda000 Implicit null exception at 0x00000000036255e2 to 0x00000000036256e9

Events (10 events):
Event: 4.255 Thread 0x0000000016ee1000 DEOPT PACKING pc=0x0000000003935df0 sp=0x000000001796ec50
Event: 4.255 Thread 0x0000000016ee1000 DEOPT UNPACKING pc=0x00000000033775bf sp=0x000000001796e9d8 mode 0
Event: 4.259 Thread 0x0000000016ee1000 DEOPT PACKING pc=0x00000000037fc411 sp=0x000000001796ea50
Event: 4.259 Thread 0x0000000016ee1000 DEOPT UNPACKING pc=0x00000000033775bf sp=0x000000001796e830 mode 0
Event: 4.402 Thread 0x0000000016fda000 DEOPT PACKING pc=0x00000000037cfe19 sp=0x0000000017c6e7e0
Event: 4.402 Thread 0x0000000016fda000 DEOPT UNPACKING pc=0x00000000033775bf sp=0x0000000017c6e628 mode 0
Event: 4.422 Thread 0x0000000016fda000 DEOPT PACKING pc=0x000000000392458c sp=0x0000000017c6e7f0
Event: 4.422 Thread 0x0000000016fda000 DEOPT UNPACKING pc=0x00000000033775bf sp=0x0000000017c6e538 mode 0
Event: 4.438 Thread 0x0000000016fda000 DEOPT PACKING pc=0x00000000038fa82a sp=0x0000000017c6e800
Event: 4.438 Thread 0x0000000016fda000 DEOPT UNPACKING pc=0x00000000033775bf sp=0x0000000017c6e5b8 mode 0


Dynamic libraries:
0x00007ff636230000 - 0x00007ff636261000 	D:\Program Files\Android\Android Studio\jre\bin\java.exe
0x00007fffec7f0000 - 0x00007fffec9c1000 	C:\WINDOWS\SYSTEM32\ntdll.dll
0x00007fffeb1d0000 - 0x00007fffeb27c000 	C:\WINDOWS\System32\KERNEL32.DLL
0x00007fffe96e0000 - 0x00007fffe98fd000 	C:\WINDOWS\System32\KERNELBASE.dll
0x00007fffe9e60000 - 0x00007fffe9f02000 	C:\WINDOWS\System32\ADVAPI32.dll
0x00007fffeaaa0000 - 0x00007fffeab3e000 	C:\WINDOWS\System32\msvcrt.dll
0x00007fffec790000 - 0x00007fffec7e9000 	C:\WINDOWS\System32\sechost.dll
0x00007fffea970000 - 0x00007fffeaa91000 	C:\WINDOWS\System32\RPCRT4.dll
0x00007fffeac40000 - 0x00007fffeada5000 	C:\WINDOWS\System32\USER32.dll
0x00007fffe9d10000 - 0x00007fffe9d2e000 	C:\WINDOWS\System32\win32u.dll
0x00007fffea180000 - 0x00007fffea1b4000 	C:\WINDOWS\System32\GDI32.dll
0x00007fffe9b80000 - 0x00007fffe9d02000 	C:\WINDOWS\System32\gdi32full.dll
0x00007fffe41c0000 - 0x00007fffe443a000 	C:\WINDOWS\WinSxS\amd64_microsoft.windows.common-controls_6595b64144ccf1df_6.0.14393.953_none_42151e83c686086b\COMCTL32.dll
0x00007fffea600000 - 0x00007fffea8c8000 	C:\WINDOWS\System32\combase.dll
0x00007fffe8ce0000 - 0x00007fffe8dd5000 	C:\WINDOWS\System32\ucrtbase.dll
0x00007fffe9670000 - 0x00007fffe96da000 	C:\WINDOWS\System32\bcryptPrimitives.dll
0x00007fffe9da0000 - 0x00007fffe9dce000 	C:\WINDOWS\System32\IMM32.DLL
0x0000000063d40000 - 0x0000000063e12000 	D:\Program Files\Android\Android Studio\jre\jre\bin\msvcr100.dll
0x0000000062840000 - 0x000000006307c000 	D:\Program Files\Android\Android Studio\jre\jre\bin\server\jvm.dll
0x00007fffe9e40000 - 0x00007fffe9e48000 	C:\WINDOWS\System32\PSAPI.DLL
0x00007fffdc320000 - 0x00007fffdc329000 	C:\WINDOWS\SYSTEM32\WSOCK32.dll
0x00007fffea110000 - 0x00007fffea17a000 	C:\WINDOWS\System32\WS2_32.dll
0x00007fffe6c20000 - 0x00007fffe6c43000 	C:\WINDOWS\SYSTEM32\WINMM.dll
0x00007fffe4cf0000 - 0x00007fffe4cfa000 	C:\WINDOWS\SYSTEM32\VERSION.dll
0x00007fffe6b00000 - 0x00007fffe6b2b000 	C:\WINDOWS\SYSTEM32\WINMMBASE.dll
0x00007fffe9d30000 - 0x00007fffe9d72000 	C:\WINDOWS\System32\cfgmgr32.dll
0x00007fffe63f0000 - 0x00007fffe63ff000 	D:\Program Files\Android\Android Studio\jre\jre\bin\verify.dll
0x00007fffe4bc0000 - 0x00007fffe4be9000 	D:\Program Files\Android\Android Studio\jre\jre\bin\java.dll
0x00007fffe63d0000 - 0x00007fffe63e6000 	D:\Program Files\Android\Android Studio\jre\jre\bin\zip.dll
0x00007fffeb280000 - 0x00007fffec788000 	C:\WINDOWS\System32\SHELL32.dll
0x00007fffe8e80000 - 0x00007fffe955a000 	C:\WINDOWS\System32\windows.storage.dll
0x00007fffe8c50000 - 0x00007fffe8c9c000 	C:\WINDOWS\System32\powrprof.dll
0x00007fffea050000 - 0x00007fffea0a2000 	C:\WINDOWS\System32\shlwapi.dll
0x00007fffe8cd0000 - 0x00007fffe8cdf000 	C:\WINDOWS\System32\kernel.appcore.dll
0x00007fffe9560000 - 0x00007fffe9609000 	C:\WINDOWS\System32\shcore.dll
0x00007fffe8ca0000 - 0x00007fffe8cb4000 	C:\WINDOWS\System32\profapi.dll

VM Arguments:
jvm_args: -Djava.awt.headless=true -Xmx1024M -Dfile.encoding=GBK -Duser.country=CN -Duser.language=zh -Duser.variant 
java_command: com.android.dx.command.Main --dex --force-jumbo --num-threads=4 --multi-dex --output D:\musicbean\app\build\intermediates\transforms\dex\baidu\debug\folders\1000\5\slice_7 D:\musicbean\app\build\intermediates\transforms\instantRunSlicer\baidu\debug\folders\1\5\slice_7
java_class_path (initial): D:\SDK\build-tools\25.0.0\lib\dx.jar
Launcher Type: SUN_STANDARD

Environment Variables:
JAVA_HOME=C:\Program Files\Java\jdk1.8.0_101
CLASSPATH=.;C:\Program Files\Java\jdk1.8.0_101\lib;
PATH=C:\ProgramData\Oracle\Java\javapath;C:\WINDOWS\system32;C:\WINDOWS;C:\WINDOWS\System32\Wbem;C:\WINDOWS\System32\WindowsPowerShell\v1.0\;C:\Program Files\Java\jdk1.8.0_101\bin;C:\Program Files\Java\jdk1.8.0_101\jre\bin;D:\Git\cmd;C:\Users\Administrator\AppData\Local\Microsoft\WindowsApps;
USERNAME=Administrator
OS=Windows_NT
PROCESSOR_IDENTIFIER=Intel64 Family 6 Model 94 Stepping 3, GenuineIntel



---------------  S Y S T E M  ---------------

OS: Windows 10.0 , 64 bit Build 14393 (10.0.14393.1198)

CPU:total 4 (4 cores per cpu, 1 threads per core) family 6 model 94 stepping 3, cmov, cx8, fxsr, mmx, sse, sse2, sse3, ssse3, sse4.1, sse4.2, popcnt, avx, avx2, aes, clmul, erms, rtm, 3dnowpref, lzcnt, tsc, tscinvbit, bmi1, bmi2, adx

Memory: 4k page, physical 8299524k(2547708k free), swap 14749720k(4596k free)

vm_info: OpenJDK 64-Bit Server VM (25.112-b06) for windows-amd64 JRE (1.8.0_112-release-b06), built on Dec  8 2016 00:54:26 by "builder" with MS VC++ 10.0 (VS2010)

time: Mon May 22 14:04:58 2017
elapsed time: 4 seconds (0d 0h 0m 4s)

