#
# There is insufficient memory for the Java Runtime Environment to continue.
# Native memory allocation (malloc) failed to allocate 294256 bytes for Chunk::new
# Possible reasons:
#   The system is out of physical RAM or swap space
#   In 32 bit mode, the process size limit was hit
# Possible solutions:
#   Reduce memory load on the system
#   Increase physical memory or swap space
#   Check if swap backing store is full
#   Use 64 bit Java on a 64 bit OS
#   Decrease Java heap size (-Xmx/-Xms)
#   Decrease number of Java threads
#   Decrease Java thread stack sizes (-Xss)
#   Set larger code cache with -XX:ReservedCodeCacheSize=
# This output file may be truncated or incomplete.
#
#  Out of Memory Error (allocation.cpp:390), pid=15852, tid=0x0000000000003f60
#
# JRE version: OpenJDK Runtime Environment (8.0_112-b06) (build 1.8.0_112-release-b06)
# Java VM: OpenJDK 64-Bit Server VM (25.112-b06 mixed mode windows-amd64 compressed oops)
# Failed to write core dump. Minidumps are not enabled by default on client versions of Windows
#

---------------  T H R E A D  ---------------

Current thread (0x0000000015998800):  JavaThread "C2 CompilerThread1" daemon [_thread_in_native, id=16224, stack(0x00000000173a0000,0x00000000174a0000)]

Stack: [0x00000000173a0000,0x00000000174a0000]
[error occurred during error reporting (printing stack bounds), id 0xc0000005]

Native frames: (J=compiled Java code, j=interpreted, Vv=VM code, C=native code)


Current CompileTask:
C2:   2142 1124   !   4       com.android.dx.cf.code.BytecodeArray::parseInstruction (2764 bytes)


---------------  P R O C E S S  ---------------

Java Threads: ( => current thread )
  0x0000000016f0f800 JavaThread "pool-2-thread-4" [_thread_blocked, id=16328, stack(0x0000000017ba0000,0x0000000017ca0000)]
  0x0000000016f0e000 JavaThread "pool-2-thread-3" [_thread_blocked, id=16324, stack(0x0000000017aa0000,0x0000000017ba0000)]
  0x0000000016e12000 JavaThread "pool-2-thread-2" [_thread_blocked, id=16320, stack(0x00000000179a0000,0x0000000017aa0000)]
  0x0000000016e05800 JavaThread "pool-3-thread-1" [_thread_blocked, id=16304, stack(0x00000000178a0000,0x00000000179a0000)]
  0x0000000016e05000 JavaThread "pool-2-thread-1" [_thread_in_vm, id=16300, stack(0x00000000177a0000,0x00000000178a0000)]
  0x0000000016cff000 JavaThread "Service Thread" daemon [_thread_blocked, id=16248, stack(0x00000000175a0000,0x00000000176a0000)]
  0x0000000016cf7000 JavaThread "C1 CompilerThread2" daemon [_thread_in_native, id=16232, stack(0x00000000174a0000,0x00000000175a0000)]
=>0x0000000015998800 JavaThread "C2 CompilerThread1" daemon [_thread_in_native, id=16224, stack(0x00000000173a0000,0x00000000174a0000)]
  0x0000000015950000 JavaThread "C2 CompilerThread0" daemon [_thread_blocked, id=16208, stack(0x00000000172a0000,0x00000000173a0000)]
  0x0000000015997800 JavaThread "Attach Listener" daemon [_thread_blocked, id=16204, stack(0x00000000171a0000,0x00000000172a0000)]
  0x0000000016ca8800 JavaThread "Signal Dispatcher" daemon [_thread_blocked, id=16200, stack(0x00000000170a0000,0x00000000171a0000)]
  0x0000000002e15800 JavaThread "Finalizer" daemon [_thread_blocked, id=16152, stack(0x0000000016ba0000,0x0000000016ca0000)]
  0x0000000002e10000 JavaThread "Reference Handler" daemon [_thread_blocked, id=16144, stack(0x0000000016aa0000,0x0000000016ba0000)]
  0x00000000033cd800 JavaThread "main" [_thread_in_native, id=16048, stack(0x00000000014c0000,0x00000000015c0000)]

Other Threads:
  0x0000000015905800 VMThread [stack: 0x00000000169a0000,0x0000000016aa0000] [id=16136]
  0x0000000016d01000 WatcherThread [stack: 0x00000000176a0000,0x00000000177a0000] [id=16252]

VM state:not at safepoint (normal execution)

VM Mutex/Monitor currently owned by a thread:  ([mutex/lock_event])
[0x00000000033cc2a0] Heap_lock - owner thread: 0x0000000016f0f800

Heap:
 PSYoungGen      total 38400K, used 6258K [0x00000000eab00000, 0x00000000ed580000, 0x0000000100000000)
  eden space 33280K, 3% used [0x00000000eab00000,0x00000000eac1cb48,0x00000000ecb80000)
  from space 5120K, 99% used [0x00000000ecb80000,0x00000000ed07fd88,0x00000000ed080000)
  to   space 5120K, 0% used [0x00000000ed080000,0x00000000ed080000,0x00000000ed580000)
 ParOldGen       total 87552K, used 1619K [0x00000000c0000000, 0x00000000c5580000, 0x00000000eab00000)
  object space 87552K, 1% used [0x00000000c0000000,0x00000000c0194e98,0x00000000c5580000)
 Metaspace       used 5733K, capacity 6896K, committed 7040K, reserved 1056768K
  class space    used 560K, capacity 616K, committed 640K, reserved 1048576K

Card table byte_map: [0x0000000012790000,0x00000000129a0000] byte_map_base: 0x0000000012190000

Marking Bits: (ParMarkBitMap*) 0x00000000630018f0
 Begin Bits: [0x0000000012da0000, 0x0000000013da0000)
 End Bits:   [0x0000000013da0000, 0x0000000014da0000)

Polling page: 0x0000000001150000

CodeCache: size=245760Kb used=4680Kb max_used=4689Kb free=241079Kb
 bounds [0x00000000033d0000, 0x0000000003870000, 0x00000000123d0000]
 total_blobs=1454 nmethods=1191 adapters=177
 compilation: enabled

Compilation events (10 events):
Event: 2.052 Thread 0x0000000016cf7000 nmethod 1191 0x0000000003862fd0 code [0x0000000003863160, 0x0000000003863618]
Event: 2.054 Thread 0x0000000015950000 nmethod 1175 0x0000000003866790 code [0x00000000038668e0, 0x0000000003866b58]
Event: 2.054 Thread 0x0000000015950000 1192 %     4       com.android.dx.rop.code.RopMethod::calcPredecessors @ 157 (227 bytes)
Event: 2.057 Thread 0x0000000015950000 nmethod 1192% 0x0000000003866fd0 code [0x0000000003867140, 0x0000000003867478]
Event: 2.057 Thread 0x0000000015950000 1131       4       java.util.ArrayList::ensureExplicitCapacity (26 bytes)
Event: 2.059 Thread 0x0000000015950000 nmethod 1131 0x0000000003867890 code [0x00000000038679e0, 0x0000000003867c38]
Event: 2.059 Thread 0x0000000015950000 1179       4       java.util.Collections$UnmodifiableCollection::iterator (9 bytes)
Event: 2.061 Thread 0x0000000015950000 nmethod 1179 0x0000000003867d90 code [0x0000000003867f00, 0x00000000038681b8]
Event: 2.061 Thread 0x0000000015950000 1127       4       com.android.dx.rop.code.Rop::isCommutative (60 bytes)
Event: 2.062 Thread 0x0000000015950000 nmethod 1127 0x000000000385f710 code [0x000000000385f840, 0x000000000385f8d8]

GC Heap History (2 events):
Event: 1.951 GC heap before
{Heap before GC invocations=1 (full 0):
 PSYoungGen      total 38400K, used 33280K [0x00000000eab00000, 0x00000000ed580000, 0x0000000100000000)
  eden space 33280K, 100% used [0x00000000eab00000,0x00000000ecb80000,0x00000000ecb80000)
  from space 5120K, 0% used [0x00000000ed080000,0x00000000ed080000,0x00000000ed580000)
  to   space 5120K, 0% used [0x00000000ecb80000,0x00000000ecb80000,0x00000000ed080000)
 ParOldGen       total 87552K, used 0K [0x00000000c0000000, 0x00000000c5580000, 0x00000000eab00000)
  object space 87552K, 0% used [0x00000000c0000000,0x00000000c0000000,0x00000000c5580000)
 Metaspace       used 5732K, capacity 6896K, committed 7040K, reserved 1056768K
  class space    used 560K, capacity 616K, committed 640K, reserved 1048576K
Event: 1.993 GC heap after
Heap after GC invocations=1 (full 0):
 PSYoungGen      total 38400K, used 5119K [0x00000000eab00000, 0x00000000ed580000, 0x0000000100000000)
  eden space 33280K, 0% used [0x00000000eab00000,0x00000000eab00000,0x00000000ecb80000)
  from space 5120K, 99% used [0x00000000ecb80000,0x00000000ed07fd88,0x00000000ed080000)
  to   space 5120K, 0% used [0x00000000ed080000,0x00000000ed080000,0x00000000ed580000)
 ParOldGen       total 87552K, used 1619K [0x00000000c0000000, 0x00000000c5580000, 0x00000000eab00000)
  object space 87552K, 1% used [0x00000000c0000000,0x00000000c0194e98,0x00000000c5580000)
 Metaspace       used 5732K, capacity 6896K, committed 7040K, reserved 1056768K
  class space    used 560K, capacity 616K, committed 640K, reserved 1048576K
}

Deoptimization events (10 events):
Event: 1.404 Thread 0x0000000016f0e000 Uncommon trap: reason=unstable_if action=reinterpret pc=0x0000000003699dc0 method=com.android.dx.rop.code.RegisterSpec.equals(ILcom/android/dx/rop/type/TypeBearer;Lcom/android/dx/rop/code/LocalItem;)Z @ 16
Event: 1.404 Thread 0x0000000016f0e000 Uncommon trap: reason=unstable_if action=reinterpret pc=0x0000000003699718 method=com.android.dx.rop.code.RegisterSpec.equals(ILcom/android/dx/rop/type/TypeBearer;Lcom/android/dx/rop/code/LocalItem;)Z @ 16
Event: 1.404 Thread 0x0000000016f0e000 Uncommon trap: reason=class_check action=maybe_recompile pc=0x00000000036b8a68 method=com.android.dx.rop.type.Type.equals(Ljava/lang/Object;)Z @ 8
Event: 1.405 Thread 0x0000000016f0e000 Uncommon trap: reason=unloaded action=reinterpret pc=0x000000000368ede4 method=com.android.dx.ssa.SsaRenamer$BlockRenamer.visitMoveInsn(Lcom/android/dx/ssa/NormalSsaInsn;)V @ 208
Event: 1.405 Thread 0x0000000016f0e000 Uncommon trap: reason=unstable_if action=reinterpret pc=0x000000000361b964 method=com.android.dx.rop.code.RegisterSpec.equals(ILcom/android/dx/rop/type/TypeBearer;Lcom/android/dx/rop/code/LocalItem;)Z @ 16
Event: 1.405 Thread 0x0000000016f0e000 Uncommon trap: reason=class_check action=maybe_recompile pc=0x00000000036b8a68 method=com.android.dx.rop.type.Type.equals(Ljava/lang/Object;)Z @ 8
Event: 1.405 Thread 0x0000000016f0e000 Uncommon trap: reason=class_check action=maybe_recompile pc=0x00000000036b8a68 method=com.android.dx.rop.type.Type.equals(Ljava/lang/Object;)Z @ 8
Event: 1.406 Thread 0x0000000016f0e000 Uncommon trap: reason=unstable_if action=reinterpret pc=0x00000000036c6ab0 method=com.android.dx.ssa.NormalSsaInsn.getLocalAssignment()Lcom/android/dx/rop/code/RegisterSpec; @ 12
Event: 1.406 Thread 0x0000000016f0e000 Uncommon trap: reason=unstable_if action=reinterpret pc=0x0000000003724ea8 method=com.android.dx.ssa.NormalSsaInsn.getLocalAssignment()Lcom/android/dx/rop/code/RegisterSpec; @ 12
Event: 1.423 Thread 0x0000000016f0e000 Uncommon trap: reason=unstable_if action=reinterpret pc=0x000000000360c338 method=java.util.BitSet.ensureCapacity(I)V @ 6

Internal exceptions (2 events):
Event: 0.046 Thread 0x00000000033cd800 Exception <a 'java/lang/NoSuchMethodError': Method sun.misc.Unsafe.defineClass(Ljava/lang/String;[BII)Ljava/lang/Class; name or signature does not match> (0x00000000eab07c78) thrown at [C:\src\android\AOSP-openjdk\external\jetbrains\jdk\hotspot\src\share\v}ùÙ2“§?
Event: 0.046 Thread 0x00000000033cd800 Exception <a 'java/lang/NoSuchMethodError': Method sun.misc.Unsafe.prefetchRead(Ljava/lang/Object;J)V name or signature does not match> (0x00000000eab07f60) thrown at [C:\src\android\AOSP-openjdk\external\jetbrains\jdk\hotspot\src\share\vm\prims\jni.cpp, l

Events (10 events):
Event: 1.449 loading class com/android/dx/cf/attrib/AttRuntimeVisibleAnnotations
Event: 1.449 loading class com/android/dx/cf/attrib/AttRuntimeVisibleAnnotations done
Event: 1.449 loading class com/android/dx/cf/attrib/BaseAnnotations
Event: 1.449 loading class com/android/dx/cf/attrib/BaseAnnotations done
Event: 1.458 Executing VM operation: ForceSafepoint
Event: 1.812 Executing VM operation: ForceSafepoint done
Event: 1.875 loading class com/android/dx/dex/file/MethodAnnotationStruct
Event: 1.875 loading class com/android/dx/dex/file/MethodAnnotationStruct done
Event: 1.951 Executing VM operation: ParallelGCFailedAllocation
Event: 1.993 Executing VM operation: ParallelGCFailedAllocation done


Dynamic libraries:
0x00007ff636230000 - 0x00007ff636261000 	D:\Program Files\Android\Android Studio\jre\bin\java.exe
0x00007fffec7f0000 - 0x00007fffec9c1000 	C:\WINDOWS\SYSTEM32\ntdll.dll
0x00007fffeb1d0000 - 0x00007fffeb27c000 	C:\WINDOWS\System32\KERNEL32.DLL
0x00007fffe96e0000 - 0x00007fffe98fd000 	C:\WINDOWS\System32\KERNELBASE.dll
0x00007fffe9e60000 - 0x00007fffe9f02000 	C:\WINDOWS\System32\ADVAPI32.dll
0x00007fffeaaa0000 - 0x00007fffeab3e000 	C:\WINDOWS\System32\msvcrt.dll
0x00007fffec790000 - 0x00007fffec7e9000 	C:\WINDOWS\System32\sechost.dll
0x00007fffea970000 - 0x00007fffeaa91000 	C:\WINDOWS\System32\RPCRT4.dll
0x00007fffeac40000 - 0x00007fffeada5000 	C:\WINDOWS\System32\USER32.dll
0x00007fffe9d10000 - 0x00007fffe9d2e000 	C:\WINDOWS\System32\win32u.dll
0x00007fffea180000 - 0x00007fffea1b4000 	C:\WINDOWS\System32\GDI32.dll
0x00007fffe9b80000 - 0x00007fffe9d02000 	C:\WINDOWS\System32\gdi32full.dll
0x00007fffe41c0000 - 0x00007fffe443a000 	C:\WINDOWS\WinSxS\amd64_microsoft.windows.common-controls_6595b64144ccf1df_6.0.14393.953_none_42151e83c686086b\COMCTL32.dll
0x00007fffea600000 - 0x00007fffea8c8000 	C:\WINDOWS\System32\combase.dll
0x00007fffe8ce0000 - 0x00007fffe8dd5000 	C:\WINDOWS\System32\ucrtbase.dll
0x00007fffe9670000 - 0x00007fffe96da000 	C:\WINDOWS\System32\bcryptPrimitives.dll
0x00007fffe9da0000 - 0x00007fffe9dce000 	C:\WINDOWS\System32\IMM32.DLL
0x0000000063d40000 - 0x0000000063e12000 	D:\Program Files\Android\Android Studio\jre\jre\bin\msvcr100.dll
0x0000000062840000 - 0x000000006307c000 	D:\Program Files\Android\Android Studio\jre\jre\bin\server\jvm.dll
0x00007fffe9e40000 - 0x00007fffe9e48000 	C:\WINDOWS\System32\PSAPI.DLL
0x00007fffdc320000 - 0x00007fffdc329000 	C:\WINDOWS\SYSTEM32\WSOCK32.dll
0x00007fffea110000 - 0x00007fffea17a000 	C:\WINDOWS\System32\WS2_32.dll
0x00007fffe6c20000 - 0x00007fffe6c43000 	C:\WINDOWS\SYSTEM32\WINMM.dll
0x00007fffe4cf0000 - 0x00007fffe4cfa000 	C:\WINDOWS\SYSTEM32\VERSION.dll
0x00007fffe6b00000 - 0x00007fffe6b2b000 	C:\WINDOWS\SYSTEM32\WINMMBASE.dll
0x00007fffe9d30000 - 0x00007fffe9d72000 	C:\WINDOWS\System32\cfgmgr32.dll
0x00007fffe63e0000 - 0x00007fffe63ef000 	D:\Program Files\Android\Android Studio\jre\jre\bin\verify.dll
0x00007fffe4bc0000 - 0x00007fffe4be9000 	D:\Program Files\Android\Android Studio\jre\jre\bin\java.dll
0x00007fffe4ba0000 - 0x00007fffe4bb6000 	D:\Program Files\Android\Android Studio\jre\jre\bin\zip.dll
0x00007fffeb280000 - 0x00007fffec788000 	C:\WINDOWS\System32\SHELL32.dll
0x00007fffe8e80000 - 0x00007fffe955a000 	C:\WINDOWS\System32\windows.storage.dll
0x00007fffe8c50000 - 0x00007fffe8c9c000 	C:\WINDOWS\System32\powrprof.dll
0x00007fffea050000 - 0x00007fffea0a2000 	C:\WINDOWS\System32\shlwapi.dll
0x00007fffe8cd0000 - 0x00007fffe8cdf000 	C:\WINDOWS\System32\kernel.appcore.dll
0x00007fffe9560000 - 0x00007fffe9609000 	C:\WINDOWS\System32\shcore.dll
0x00007fffe8ca0000 - 0x00007fffe8cb4000 	C:\WINDOWS\System32\profapi.dll

VM Arguments:
jvm_args: -Djava.awt.headless=true -Xmx1024M -Dfile.encoding=GBK -Duser.country=CN -Duser.language=zh -Duser.variant 
java_command: com.android.dx.command.Main --dex --force-jumbo --num-threads=4 --multi-dex --output D:\musicbean\app\build\intermediates\transforms\dex\baidu\debug\folders\1000\5\slice_8 D:\musicbean\app\build\intermediates\transforms\instantRunSlicer\baidu\debug\folders\1\5\slice_8
java_class_path (initial): D:\SDK\build-tools\25.0.0\lib\dx.jar
Launcher Type: SUN_STANDARD

Environment Variables:
JAVA_HOME=C:\Program Files\Java\jdk1.8.0_101
CLASSPATH=.;C:\Program Files\Java\jdk1.8.0_101\lib;
PATH=C:\ProgramData\Oracle\Java\javapath;C:\WINDOWS\system32;C:\WINDOWS;C:\WINDOWS\System32\Wbem;C:\WINDOWS\System32\WindowsPowerShell\v1.0\;C:\Program Files\Java\jdk1.8.0_101\bin;C:\Program Files\Java\jdk1.8.0_101\jre\bin;D:\Git\cmd;C:\Users\Administrator\AppData\Local\Microsoft\WindowsApps;
USERNAME=Administrator
OS=Windows_NT
PROCESSOR_IDENTIFIER=Intel64 Family 6 Model 94 Stepping 3, GenuineIntel



---------------  S Y S T E M  ---------------

OS: Windows 10.0 , 64 bit Build 14393 (10.0.14393.1198)

CPU:total 4 (4 cores per cpu, 1 threads per core) family 6 model 94 stepping 3, cmov, cx8, fxsr, mmx, sse, sse2, sse3, ssse3, sse4.1, sse4.2, popcnt, avx, avx2, aes, clmul, erms, rtm, 3dnowpref, lzcnt, tsc, tscinvbit, bmi1, bmi2, adx

Memory: 4k page, physical 8299524k(2478292k free), swap 14749720k(5392k free)

vm_info: OpenJDK 64-Bit Server VM (25.112-b06) for windows-amd64 JRE (1.8.0_112-release-b06), built on Dec  8 2016 00:54:26 by "builder" with MS VC++ 10.0 (VS2010)

time: Fri May 19 13:21:39 2017
elapsed time: 2 seconds (0d 0h 0m 2s)

