#
# There is insufficient memory for the Java Runtime Environment to continue.
# Native memory allocation (malloc) failed to allocate 32744 bytes for ChunkPool::allocate
# Possible reasons:
#   The system is out of physical RAM or swap space
#   In 32 bit mode, the process size limit was hit
# Possible solutions:
#   Reduce memory load on the system
#   Increase physical memory or swap space
#   Check if swap backing store is full
#   Use 64 bit Java on a 64 bit OS
#   Decrease Java heap size (-Xmx/-Xms)
#   Decrease number of Java threads
#   Decrease Java thread stack sizes (-Xss)
#   Set larger code cache with -XX:ReservedCodeCacheSize=
# This output file may be truncated or incomplete.
#
#  Out of Memory Error (allocation.cpp:273), pid=34180, tid=0x000000000000867c
#
# JRE version: OpenJDK Runtime Environment (8.0_112-b06) (build 1.8.0_112-release-b06)
# Java VM: OpenJDK 64-Bit Server VM (25.112-b06 mixed mode windows-amd64 compressed oops)
# Failed to write core dump. Minidumps are not enabled by default on client versions of Windows
#

---------------  T H R E A D  ---------------

Current thread (0x000000001581e000):  JavaThread "C2 CompilerThread1" daemon [_thread_in_native, id=34428, stack(0x0000000017230000,0x0000000017330000)]

Stack: [0x0000000017230000,0x0000000017330000]
[error occurred during error reporting (printing stack bounds), id 0xc0000005]

Native frames: (J=compiled Java code, j=interpreted, Vv=VM code, C=native code)


Current CompileTask:
C2:   4449 1818   !   4       com.android.dx.cf.cst.ConstantPoolParser::parse0 (731 bytes)


---------------  P R O C E S S  ---------------

Java Threads: ( => current thread )
  0x0000000016da5000 JavaThread "pool-2-thread-4" [_thread_in_vm, id=34508, stack(0x0000000017a30000,0x0000000017b30000)]
  0x0000000016ca3000 JavaThread "pool-2-thread-3" [_thread_in_Java, id=34504, stack(0x0000000017930000,0x0000000017a30000)]
  0x0000000016cae000 JavaThread "pool-2-thread-2" [_thread_in_Java, id=34500, stack(0x0000000017830000,0x0000000017930000)]
  0x0000000016ca0000 JavaThread "pool-3-thread-1" [_thread_blocked, id=34496, stack(0x0000000017730000,0x0000000017830000)]
  0x0000000016c9f800 JavaThread "pool-2-thread-1" [_thread_blocked, id=34492, stack(0x0000000017630000,0x0000000017730000)]
  0x0000000016b8e000 JavaThread "Service Thread" daemon [_thread_blocked, id=34452, stack(0x0000000017430000,0x0000000017530000)]
  0x0000000016b86800 JavaThread "C1 CompilerThread2" daemon [_thread_blocked, id=34444, stack(0x0000000017330000,0x0000000017430000)]
=>0x000000001581e000 JavaThread "C2 CompilerThread1" daemon [_thread_in_native, id=34428, stack(0x0000000017230000,0x0000000017330000)]
  0x00000000157d0000 JavaThread "C2 CompilerThread0" daemon [_thread_blocked, id=34424, stack(0x0000000017130000,0x0000000017230000)]
  0x0000000015817800 JavaThread "Attach Listener" daemon [_thread_blocked, id=34420, stack(0x0000000017030000,0x0000000017130000)]
  0x0000000016b38800 JavaThread "Signal Dispatcher" daemon [_thread_blocked, id=34416, stack(0x0000000016f30000,0x0000000017030000)]
  0x00000000030e5800 JavaThread "Finalizer" daemon [_thread_blocked, id=34392, stack(0x0000000016a30000,0x0000000016b30000)]
  0x00000000030e0000 JavaThread "Reference Handler" daemon [_thread_blocked, id=34388, stack(0x0000000016930000,0x0000000016a30000)]
  0x000000000104d800 JavaThread "main" [_thread_blocked, id=34316, stack(0x00000000029b0000,0x0000000002ab0000)]

Other Threads:
  0x0000000015784800 VMThread [stack: 0x0000000016830000,0x0000000016930000] [id=34360]
  0x0000000016b90000 WatcherThread [stack: 0x0000000017530000,0x0000000017630000] [id=34456]

VM state:synchronizing (normal execution)

VM Mutex/Monitor currently owned by a thread:  ([mutex/lock_event])
[0x000000000104caa0] Safepoint_lock - owner thread: 0x0000000015784800
[0x000000000104c8a0] Threads_lock - owner thread: 0x0000000015784800
[0x000000000104ce20] Heap_lock - owner thread: 0x0000000016c9f800

Heap:
 PSYoungGen      total 71680K, used 71660K [0x00000000eab00000, 0x00000000f3700000, 0x0000000100000000)
  eden space 66560K, 100% used [0x00000000eab00000,0x00000000eec00000,0x00000000eec00000)
  from space 5120K, 99% used [0x00000000eec00000,0x00000000ef0fb3d0,0x00000000ef100000)
  to   space 5120K, 0% used [0x00000000f3200000,0x00000000f3200000,0x00000000f3700000)
 ParOldGen       total 87552K, used 22639K [0x00000000c0000000, 0x00000000c5580000, 0x00000000eab00000)
  object space 87552K, 25% used [0x00000000c0000000,0x00000000c161bdd0,0x00000000c5580000)
 Metaspace       used 6038K, capacity 7088K, committed 7296K, reserved 1056768K
  class space    used 564K, capacity 616K, committed 640K, reserved 1048576K

Card table byte_map: [0x00000000124b0000,0x00000000126c0000] byte_map_base: 0x0000000011eb0000

Marking Bits: (ParMarkBitMap*) 0x00000000630018f0
 Begin Bits: [0x0000000012c20000, 0x0000000013c20000)
 End Bits:   [0x0000000013c20000, 0x0000000014c20000)

Polling page: 0x0000000001000000

CodeCache: size=245760Kb used=7877Kb max_used=7877Kb free=237882Kb
 bounds [0x00000000030f0000, 0x00000000038b0000, 0x00000000120f0000]
 total_blobs=2060 nmethods=1797 adapters=177
 compilation: enabled

Compilation events (10 events):
Event: 4.353 Thread 0x0000000016b86800 1871       2       com.android.dx.cf.code.SwitchList::setDefaultTarget (51 bytes)
Event: 4.354 Thread 0x0000000016b86800 nmethod 1871 0x000000000389c010 code [0x000000000389c1c0, 0x000000000389c558]
Event: 4.354 Thread 0x0000000016b86800 1872       2       com.android.dx.cf.code.SwitchList::<init> (37 bytes)
Event: 4.354 Thread 0x0000000016b86800 nmethod 1872 0x000000000389c790 code [0x000000000389c900, 0x000000000389cbb8]
Event: 4.357 Thread 0x0000000016b86800 1873   !   2       com.android.dx.cf.direct.MemberListParser::parse (641 bytes)
Event: 4.361 Thread 0x0000000016b86800 nmethod 1873 0x000000000389ccd0 code [0x000000000389d420, 0x00000000038a0018]
Event: 4.361 Thread 0x0000000016b86800 1874       2       java.io.DataInputStream::<init> (30 bytes)
Event: 4.361 Thread 0x0000000016b86800 nmethod 1874 0x00000000038a5dd0 code [0x00000000038a5f40, 0x00000000038a6270]
Event: 4.361 Thread 0x0000000016b86800 1875       2       com.android.dx.cf.code.OneLocalsArray::merge (22 bytes)
Event: 4.361 Thread 0x0000000016b86800 nmethod 1875 0x00000000038a6350 code [0x00000000038a6500, 0x00000000038a67f8]

GC Heap History (6 events):
Event: 2.145 GC heap before
{Heap before GC invocations=1 (full 0):
 PSYoungGen      total 38400K, used 33280K [0x00000000eab00000, 0x00000000ed580000, 0x0000000100000000)
  eden space 33280K, 100% used [0x00000000eab00000,0x00000000ecb80000,0x00000000ecb80000)
  from space 5120K, 0% used [0x00000000ed080000,0x00000000ed080000,0x00000000ed580000)
  to   space 5120K, 0% used [0x00000000ecb80000,0x00000000ecb80000,0x00000000ed080000)
 ParOldGen       total 87552K, used 0K [0x00000000c0000000, 0x00000000c5580000, 0x00000000eab00000)
  object space 87552K, 0% used [0x00000000c0000000,0x00000000c0000000,0x00000000c5580000)
 Metaspace       used 5767K, capacity 6896K, committed 7040K, reserved 1056768K
  class space    used 561K, capacity 616K, committed 640K, reserved 1048576K
Event: 2.185 GC heap after
Heap after GC invocations=1 (full 0):
 PSYoungGen      total 38400K, used 5099K [0x00000000eab00000, 0x00000000ef600000, 0x0000000100000000)
  eden space 33280K, 0% used [0x00000000eab00000,0x00000000eab00000,0x00000000ecb80000)
  from space 5120K, 99% used [0x00000000ecb80000,0x00000000ed07adf8,0x00000000ed080000)
  to   space 5120K, 0% used [0x00000000ef100000,0x00000000ef100000,0x00000000ef600000)
 ParOldGen       total 87552K, used 1661K [0x00000000c0000000, 0x00000000c5580000, 0x00000000eab00000)
  object space 87552K, 1% used [0x00000000c0000000,0x00000000c019f458,0x00000000c5580000)
 Metaspace       used 5767K, capacity 6896K, committed 7040K, reserved 1056768K
  class space    used 561K, capacity 616K, committed 640K, reserved 1048576K
}
Event: 2.609 GC heap before
{Heap before GC invocations=2 (full 0):
 PSYoungGen      total 38400K, used 38379K [0x00000000eab00000, 0x00000000ef600000, 0x0000000100000000)
  eden space 33280K, 100% used [0x00000000eab00000,0x00000000ecb80000,0x00000000ecb80000)
  from space 5120K, 99% used [0x00000000ecb80000,0x00000000ed07adf8,0x00000000ed080000)
  to   space 5120K, 0% used [0x00000000ef100000,0x00000000ef100000,0x00000000ef600000)
 ParOldGen       total 87552K, used 1661K [0x00000000c0000000, 0x00000000c5580000, 0x00000000eab00000)
  object space 87552K, 1% used [0x00000000c0000000,0x00000000c019f458,0x00000000c5580000)
 Metaspace       used 5934K, capacity 7024K, committed 7296K, reserved 1056768K
  class space    used 562K, capacity 616K, committed 640K, reserved 1048576K
Event: 2.625 GC heap after
Heap after GC invocations=2 (full 0):
 PSYoungGen      total 71680K, used 5099K [0x00000000eab00000, 0x00000000ef600000, 0x0000000100000000)
  eden space 66560K, 0% used [0x00000000eab00000,0x00000000eab00000,0x00000000eec00000)
  from space 5120K, 99% used [0x00000000ef100000,0x00000000ef5fade8,0x00000000ef600000)
  to   space 5120K, 0% used [0x00000000eec00000,0x00000000eec00000,0x00000000ef100000)
 ParOldGen       total 87552K, used 6351K [0x00000000c0000000, 0x00000000c5580000, 0x00000000eab00000)
  object space 87552K, 7% used [0x00000000c0000000,0x00000000c0633df8,0x00000000c5580000)
 Metaspace       used 5934K, capacity 7024K, committed 7296K, reserved 1056768K
  class space    used 562K, capacity 616K, committed 640K, reserved 1048576K
}
Event: 3.691 GC heap before
{Heap before GC invocations=3 (full 0):
 PSYoungGen      total 71680K, used 71659K [0x00000000eab00000, 0x00000000ef600000, 0x0000000100000000)
  eden space 66560K, 100% used [0x00000000eab00000,0x00000000eec00000,0x00000000eec00000)
  from space 5120K, 99% used [0x00000000ef100000,0x00000000ef5fade8,0x00000000ef600000)
  to   space 5120K, 0% used [0x00000000eec00000,0x00000000eec00000,0x00000000ef100000)
 ParOldGen       total 87552K, used 6351K [0x00000000c0000000, 0x00000000c5580000, 0x00000000eab00000)
  object space 87552K, 7% used [0x00000000c0000000,0x00000000c0633df8,0x00000000c5580000)
 Metaspace       used 6017K, capacity 7088K, committed 7296K, reserved 1056768K
  class space    used 564K, capacity 616K, committed 640K, reserved 1048576K
Event: 3.836 GC heap after
Heap after GC invocations=3 (full 0):
 PSYoungGen      total 71680K, used 5100K [0x00000000eab00000, 0x00000000f3700000, 0x0000000100000000)
  eden space 66560K, 0% used [0x00000000eab00000,0x00000000eab00000,0x00000000eec00000)
  from space 5120K, 99% used [0x00000000eec00000,0x00000000ef0fb3d0,0x00000000ef100000)
  to   space 5120K, 0% used [0x00000000f3200000,0x00000000f3200000,0x00000000f3700000)
 ParOldGen       total 87552K, used 22639K [0x00000000c0000000, 0x00000000c5580000, 0x00000000eab00000)
  object space 87552K, 25% used [0x00000000c0000000,0x00000000c161bdd0,0x00000000c5580000)
 Metaspace       used 6017K, capacity 7088K, committed 7296K, reserved 1056768K
  class space    used 564K, capacity 616K, committed 640K, reserved 1048576K
}

Deoptimization events (10 events):
Event: 2.596 Thread 0x0000000016cae000 Uncommon trap: reason=unstable_if action=reinterpret pc=0x0000000003683644 method=com.android.dx.ssa.SsaRenamer$BlockRenamer.addMapping(ILcom/android/dx/rop/code/RegisterSpec;)V @ 120
Event: 2.666 Thread 0x0000000016da5000 Uncommon trap: reason=null_check action=make_not_entrant pc=0x000000000350e9e8 method=com.android.dx.rop.type.Type.equals(Ljava/lang/Object;)Z @ 8
Event: 3.041 Thread 0x0000000016cae000 Uncommon trap: reason=unstable_if action=reinterpret pc=0x0000000003751504 method=com.android.dx.ssa.SCCP.simulateStmt(Lcom/android/dx/ssa/SsaInsn;)V @ 469
Event: 3.042 Thread 0x0000000016cae000 Uncommon trap: reason=unstable_if action=reinterpret pc=0x0000000003796f28 method=com.android.dx.rop.code.RegisterSpecSet.equals(Ljava/lang/Object;)Z @ 41
Event: 3.071 Thread 0x0000000016da5000 Uncommon trap: reason=unstable_if action=reinterpret pc=0x00000000037838dc method=com.android.dx.rop.code.RegisterSpecSet.equals(Ljava/lang/Object;)Z @ 41
Event: 4.313 Thread 0x0000000016c9f800 Uncommon trap: reason=unstable_if action=reinterpret pc=0x000000000378d2a0 method=com.android.dx.dex.code.RopTranslator.outputBlock(Lcom/android/dx/rop/code/BasicBlock;I)V @ 132
Event: 4.321 Thread 0x0000000016cae000 Uncommon trap: reason=unstable_if action=reinterpret pc=0x00000000037e56cc method=com.android.dx.rop.cst.CstLiteral32.equals(Ljava/lang/Object;)Z @ 26
Event: 4.339 Thread 0x0000000016ca3000 Uncommon trap: reason=class_check action=maybe_recompile pc=0x00000000037d195c method=com.android.dx.cf.code.RopperMachine.run(Lcom/android/dx/cf/code/Frame;II)V @ 988
Event: 4.339 Thread 0x0000000016ca3000 Uncommon trap: reason=class_check action=maybe_recompile pc=0x00000000037d195c method=com.android.dx.cf.code.RopperMachine.run(Lcom/android/dx/cf/code/Frame;II)V @ 988
Event: 4.361 Thread 0x0000000016c9f800 Uncommon trap: reason=bimorphic action=maybe_recompile pc=0x00000000037d3858 method=com.android.dx.cf.code.RopperMachine.run(Lcom/android/dx/cf/code/Frame;II)V @ 978

Internal exceptions (5 events):
Event: 0.351 Thread 0x000000000104d800 Exception <a 'java/lang/NoSuchMethodError': Method sun.misc.Unsafe.defineClass(Ljava/lang/String;[BII)Ljava/lang/Class; name or signature does not match> (0x00000000eab07c78) thrown at [C:\src\android\AOSP-openjdk\external\jetbrains\jdk\hotspot\src\share\vﬁÇ0høy÷?
Event: 0.351 Thread 0x000000000104d800 Exception <a 'java/lang/NoSuchMethodError': Method sun.misc.Unsafe.prefetchRead(Ljava/lang/Object;J)V name or signature does not match> (0x00000000eab07f60) thrown at [C:\src\android\AOSP-openjdk\external\jetbrains\jdk\hotspot\src\share\vm\prims\jni.cpp, l“
Event: 2.589 Thread 0x0000000016cae000 Implicit null exception at 0x00000000034e2776 to 0x00000000034e58a5
Event: 2.590 Thread 0x0000000016cae000 Implicit null exception at 0x00000000034b86c7 to 0x00000000034bbc89
Event: 2.666 Thread 0x0000000016da5000 Implicit null exception at 0x000000000350e8e2 to 0x000000000350e9da

Events (10 events):
Event: 4.339 Thread 0x0000000016ca3000 Uncommon trap: trap_request=0xffffffde fr.pc=0x00000000037d195c
Event: 4.339 Thread 0x0000000016ca3000 DEOPT PACKING pc=0x00000000037d195c sp=0x0000000017a2e530
Event: 4.339 Thread 0x0000000016ca3000 DEOPT UNPACKING pc=0x000000000313556a sp=0x0000000017a2e4e8 mode 2
Event: 4.339 Thread 0x0000000016ca3000 Uncommon trap: trap_request=0xffffffde fr.pc=0x00000000037d195c
Event: 4.339 Thread 0x0000000016ca3000 DEOPT PACKING pc=0x00000000037d195c sp=0x0000000017a2e530
Event: 4.339 Thread 0x0000000016ca3000 DEOPT UNPACKING pc=0x000000000313556a sp=0x0000000017a2e4e8 mode 2
Event: 4.361 Thread 0x0000000016c9f800 Uncommon trap: trap_request=0xffffffc6 fr.pc=0x00000000037d3858
Event: 4.361 Thread 0x0000000016c9f800 DEOPT PACKING pc=0x00000000037d3858 sp=0x000000001772e6c0
Event: 4.361 Thread 0x0000000016c9f800 DEOPT UNPACKING pc=0x000000000313556a sp=0x000000001772e678 mode 2
Event: 4.363 Executing VM operation: ParallelGCFailedAllocation


Dynamic libraries:
0x00007ff636230000 - 0x00007ff636261000 	D:\Program Files\Android\Android Studio\jre\bin\java.exe
0x00007fffec7f0000 - 0x00007fffec9c1000 	C:\WINDOWS\SYSTEM32\ntdll.dll
0x00007fffeb1d0000 - 0x00007fffeb27c000 	C:\WINDOWS\System32\KERNEL32.DLL
0x00007fffe96e0000 - 0x00007fffe98fd000 	C:\WINDOWS\System32\KERNELBASE.dll
0x00007fffe9e60000 - 0x00007fffe9f02000 	C:\WINDOWS\System32\ADVAPI32.dll
0x00007fffeaaa0000 - 0x00007fffeab3e000 	C:\WINDOWS\System32\msvcrt.dll
0x00007fffec790000 - 0x00007fffec7e9000 	C:\WINDOWS\System32\sechost.dll
0x00007fffea970000 - 0x00007fffeaa91000 	C:\WINDOWS\System32\RPCRT4.dll
0x00007fffeac40000 - 0x00007fffeada5000 	C:\WINDOWS\System32\USER32.dll
0x00007fffe9d10000 - 0x00007fffe9d2e000 	C:\WINDOWS\System32\win32u.dll
0x00007fffea180000 - 0x00007fffea1b4000 	C:\WINDOWS\System32\GDI32.dll
0x00007fffe9b80000 - 0x00007fffe9d02000 	C:\WINDOWS\System32\gdi32full.dll
0x00007fffe41c0000 - 0x00007fffe443a000 	C:\WINDOWS\WinSxS\amd64_microsoft.windows.common-controls_6595b64144ccf1df_6.0.14393.953_none_42151e83c686086b\COMCTL32.dll
0x00007fffea600000 - 0x00007fffea8c8000 	C:\WINDOWS\System32\combase.dll
0x00007fffe8ce0000 - 0x00007fffe8dd5000 	C:\WINDOWS\System32\ucrtbase.dll
0x00007fffe9670000 - 0x00007fffe96da000 	C:\WINDOWS\System32\bcryptPrimitives.dll
0x00007fffe9da0000 - 0x00007fffe9dce000 	C:\WINDOWS\System32\IMM32.DLL
0x0000000063d40000 - 0x0000000063e12000 	D:\Program Files\Android\Android Studio\jre\jre\bin\msvcr100.dll
0x0000000062840000 - 0x000000006307c000 	D:\Program Files\Android\Android Studio\jre\jre\bin\server\jvm.dll
0x00007fffe9e40000 - 0x00007fffe9e48000 	C:\WINDOWS\System32\PSAPI.DLL
0x00007fffdc320000 - 0x00007fffdc329000 	C:\WINDOWS\SYSTEM32\WSOCK32.dll
0x00007fffea110000 - 0x00007fffea17a000 	C:\WINDOWS\System32\WS2_32.dll
0x00007fffe6c20000 - 0x00007fffe6c43000 	C:\WINDOWS\SYSTEM32\WINMM.dll
0x00007fffe4cf0000 - 0x00007fffe4cfa000 	C:\WINDOWS\SYSTEM32\VERSION.dll
0x00007fffe6b00000 - 0x00007fffe6b2b000 	C:\WINDOWS\SYSTEM32\WINMMBASE.dll
0x00007fffe9d30000 - 0x00007fffe9d72000 	C:\WINDOWS\System32\cfgmgr32.dll
0x00007fffe63f0000 - 0x00007fffe63ff000 	D:\Program Files\Android\Android Studio\jre\jre\bin\verify.dll
0x00007fffe4bc0000 - 0x00007fffe4be9000 	D:\Program Files\Android\Android Studio\jre\jre\bin\java.dll
0x00007fffe63d0000 - 0x00007fffe63e6000 	D:\Program Files\Android\Android Studio\jre\jre\bin\zip.dll
0x00007fffeb280000 - 0x00007fffec788000 	C:\WINDOWS\System32\SHELL32.dll
0x00007fffe8e80000 - 0x00007fffe955a000 	C:\WINDOWS\System32\windows.storage.dll
0x00007fffe8c50000 - 0x00007fffe8c9c000 	C:\WINDOWS\System32\powrprof.dll
0x00007fffea050000 - 0x00007fffea0a2000 	C:\WINDOWS\System32\shlwapi.dll
0x00007fffe8cd0000 - 0x00007fffe8cdf000 	C:\WINDOWS\System32\kernel.appcore.dll
0x00007fffe9560000 - 0x00007fffe9609000 	C:\WINDOWS\System32\shcore.dll
0x00007fffe8ca0000 - 0x00007fffe8cb4000 	C:\WINDOWS\System32\profapi.dll

VM Arguments:
jvm_args: -Djava.awt.headless=true -Xmx1024M -Dfile.encoding=GBK -Duser.country=CN -Duser.language=zh -Duser.variant 
java_command: com.android.dx.command.Main --dex --force-jumbo --num-threads=4 --multi-dex --output D:\musicbean\app\build\intermediates\transforms\dex\baidu\debug\folders\1000\5\slice_8 D:\musicbean\app\build\intermediates\transforms\instantRunSlicer\baidu\debug\folders\1\5\slice_8
java_class_path (initial): D:\SDK\build-tools\25.0.0\lib\dx.jar
Launcher Type: SUN_STANDARD

Environment Variables:
JAVA_HOME=C:\Program Files\Java\jdk1.8.0_101
CLASSPATH=.;C:\Program Files\Java\jdk1.8.0_101\lib;
PATH=C:\ProgramData\Oracle\Java\javapath;C:\WINDOWS\system32;C:\WINDOWS;C:\WINDOWS\System32\Wbem;C:\WINDOWS\System32\WindowsPowerShell\v1.0\;C:\Program Files\Java\jdk1.8.0_101\bin;C:\Program Files\Java\jdk1.8.0_101\jre\bin;D:\Git\cmd;C:\Users\Administrator\AppData\Local\Microsoft\WindowsApps;
USERNAME=Administrator
OS=Windows_NT
PROCESSOR_IDENTIFIER=Intel64 Family 6 Model 94 Stepping 3, GenuineIntel



---------------  S Y S T E M  ---------------

OS: Windows 10.0 , 64 bit Build 14393 (10.0.14393.1198)

CPU:total 4 (4 cores per cpu, 1 threads per core) family 6 model 94 stepping 3, cmov, cx8, fxsr, mmx, sse, sse2, sse3, ssse3, sse4.1, sse4.2, popcnt, avx, avx2, aes, clmul, erms, rtm, 3dnowpref, lzcnt, tsc, tscinvbit, bmi1, bmi2, adx

Memory: 4k page, physical 8299524k(2542208k free), swap 14749720k(3596k free)

vm_info: OpenJDK 64-Bit Server VM (25.112-b06) for windows-amd64 JRE (1.8.0_112-release-b06), built on Dec  8 2016 00:54:26 by "builder" with MS VC++ 10.0 (VS2010)

time: Mon May 22 14:04:58 2017
elapsed time: 4 seconds (0d 0h 0m 4s)

