#
# There is insufficient memory for the Java Runtime Environment to continue.
# Native memory allocation (malloc) failed to allocate 32744 bytes for ChunkPool::allocate
# Possible reasons:
#   The system is out of physical RAM or swap space
#   In 32 bit mode, the process size limit was hit
# Possible solutions:
#   Reduce memory load on the system
#   Increase physical memory or swap space
#   Check if swap backing store is full
#   Use 64 bit Java on a 64 bit OS
#   Decrease Java heap size (-Xmx/-Xms)
#   Decrease number of Java threads
#   Decrease Java thread stack sizes (-Xss)
#   Set larger code cache with -XX:ReservedCodeCacheSize=
# This output file may be truncated or incomplete.
#
#  Out of Memory Error (allocation.cpp:273), pid=13356, tid=0x0000000000003020
#
# JRE version: OpenJDK Runtime Environment (8.0_112-b06) (build 1.8.0_112-release-b06)
# Java VM: OpenJDK 64-Bit Server VM (25.112-b06 mixed mode windows-amd64 compressed oops)
# Failed to write core dump. Minidumps are not enabled by default on client versions of Windows
#

---------------  T H R E A D  ---------------

Current thread (0x0000000014ca0000):  JavaThread "C2 CompilerThread0" daemon [_thread_in_native, id=12320, stack(0x0000000016640000,0x0000000016740000)]

Stack: [0x0000000016640000,0x0000000016740000]
[error occurred during error reporting (printing stack bounds), id 0xc0000005]

Native frames: (J=compiled Java code, j=interpreted, Vv=VM code, C=native code)


Current CompileTask:
C2:   2926  512       4       java.util.BitSet::set (58 bytes)


---------------  P R O C E S S  ---------------

Java Threads: ( => current thread )
  0x00000000162ac000 JavaThread "pool-2-thread-4" [_thread_blocked, id=13288, stack(0x0000000016f40000,0x0000000017040000)]
  0x0000000016298000 JavaThread "pool-2-thread-3" [_thread_blocked, id=6048, stack(0x0000000016e40000,0x0000000016f40000)]
  0x00000000161a4000 JavaThread "pool-2-thread-2" [_thread_blocked, id=13400, stack(0x0000000016d40000,0x0000000016e40000)]
  0x0000000016191800 JavaThread "pool-3-thread-1" [_thread_blocked, id=11164, stack(0x0000000016c40000,0x0000000016d40000)]
  0x000000001618f800 JavaThread "pool-2-thread-1" [_thread_in_Java, id=10072, stack(0x0000000016b40000,0x0000000016c40000)]
  0x00000000160a5800 JavaThread "Service Thread" daemon [_thread_blocked, id=5632, stack(0x0000000016940000,0x0000000016a40000)]
  0x0000000016096800 JavaThread "C1 CompilerThread2" daemon [_thread_in_native, id=7344, stack(0x0000000016840000,0x0000000016940000)]
  0x0000000016093800 JavaThread "C2 CompilerThread1" daemon [_thread_blocked, id=2396, stack(0x0000000016740000,0x0000000016840000)]
=>0x0000000014ca0000 JavaThread "C2 CompilerThread0" daemon [_thread_in_native, id=12320, stack(0x0000000016640000,0x0000000016740000)]
  0x0000000014ce7800 JavaThread "Attach Listener" daemon [_thread_blocked, id=14816, stack(0x0000000016540000,0x0000000016640000)]
  0x0000000016048800 JavaThread "Signal Dispatcher" daemon [_thread_blocked, id=11176, stack(0x0000000016440000,0x0000000016540000)]
  0x00000000025b5800 JavaThread "Finalizer" daemon [_thread_blocked, id=10980, stack(0x0000000015ee0000,0x0000000015fe0000)]
  0x00000000025b0000 JavaThread "Reference Handler" daemon [_thread_blocked, id=9212, stack(0x0000000015de0000,0x0000000015ee0000)]
  0x000000000202d800 JavaThread "main" [_thread_in_Java, id=9276, stack(0x00000000023c0000,0x00000000024c0000)]

Other Threads:
  0x0000000014c54800 VMThread [stack: 0x0000000015ce0000,0x0000000015de0000] [id=1844]
  0x000000001609b800 WatcherThread [stack: 0x0000000016a40000,0x0000000016b40000] [id=6440]

VM state:not at safepoint (normal execution)

VM Mutex/Monitor currently owned by a thread: None

Heap:
 PSYoungGen      total 38400K, used 12265K [0x00000000eab00000, 0x00000000ed580000, 0x0000000100000000)
  eden space 33280K, 36% used [0x00000000eab00000,0x00000000eb6fa608,0x00000000ecb80000)
  from space 5120K, 0% used [0x00000000ed080000,0x00000000ed080000,0x00000000ed580000)
  to   space 5120K, 0% used [0x00000000ecb80000,0x00000000ecb80000,0x00000000ed080000)
 ParOldGen       total 87552K, used 0K [0x00000000c0000000, 0x00000000c5580000, 0x00000000eab00000)
  object space 87552K, 0% used [0x00000000c0000000,0x00000000c0000000,0x00000000c5580000)
 Metaspace       used 5192K, capacity 6352K, committed 6528K, reserved 1056768K
  class space    used 545K, capacity 584K, committed 640K, reserved 1048576K

Card table byte_map: [0x0000000011980000,0x0000000011b90000] byte_map_base: 0x0000000011380000

Marking Bits: (ParMarkBitMap*) 0x00000000630018f0
 Begin Bits: [0x00000000120f0000, 0x00000000130f0000)
 End Bits:   [0x00000000130f0000, 0x00000000140f0000)

Polling page: 0x0000000001f80000

CodeCache: size=245760Kb used=2084Kb max_used=2104Kb free=243675Kb
 bounds [0x00000000025c0000, 0x0000000002830000, 0x00000000115c0000]
 total_blobs=757 nmethods=494 adapters=177
 compilation: enabled

Compilation events (10 events):
Event: 2.918 Thread 0x0000000016096800  490   !   3       com.android.dx.cf.code.BytecodeArray::parseInstruction (2764 bytes)
Event: 2.919 Thread 0x0000000014ca0000  500       4       java.util.ArrayList::add (29 bytes)
Event: 2.920 Thread 0x0000000016093800  507       4       java.util.BitSet::nextSetBit (102 bytes)
Event: 2.921 Thread 0x0000000014ca0000 nmethod 500 0x00000000027ced10 code [0x00000000027cee60, 0x00000000027cf188]
Event: 2.921 Thread 0x0000000016093800 nmethod 507 0x00000000027cbc90 code [0x00000000027cbde0, 0x00000000027cbef8]
Event: 2.922 Thread 0x0000000016093800  509       4       java.util.ArrayList::ensureExplicitCapacity (26 bytes)
Event: 2.922 Thread 0x0000000014ca0000  510   !   4       com.android.dx.util.IntList::get (36 bytes)
Event: 2.922 Thread 0x0000000014ca0000 nmethod 510 0x00000000027cd290 code [0x00000000027cd3c0, 0x00000000027cd478]
Event: 2.924 Thread 0x0000000016093800 nmethod 509 0x00000000027c9e50 code [0x00000000027c9fa0, 0x00000000027ca1f8]
Event: 2.925 Thread 0x0000000014ca0000  512       4       java.util.BitSet::set (58 bytes)

GC Heap History (0 events):
No events

Deoptimization events (1 events):
Event: 2.848 Thread 0x000000001618f800 Uncommon trap: reason=unstable_if action=reinterpret pc=0x00000000027970e4 method=java.util.HashMap.getNode(ILjava/lang/Object;)Ljava/util/HashMap$Node; @ 129

Internal exceptions (2 events):
Event: 1.997 Thread 0x000000000202d800 Exception <a 'java/lang/NoSuchMethodError': Method sun.misc.Unsafe.defineClass(Ljava/lang/String;[BII)Ljava/lang/Class; name or signature does not match> (0x00000000eab07c78) thrown at [C:\src\android\AOSP-openjdk\external\jetbrains\jdk\hotspot\src\share\v`ñÁXÌõÿ?
Event: 1.998 Thread 0x000000000202d800 Exception <a 'java/lang/NoSuchMethodError': Method sun.misc.Unsafe.prefetchRead(Ljava/lang/Object;J)V name or signature does not match> (0x00000000eab07f60) thrown at [C:\src\android\AOSP-openjdk\external\jetbrains\jdk\hotspot\src\share\vm\prims\jni.cpp, l

Events (10 events):
Event: 2.914 loading class com/android/dx/dex/file/CodeItem
Event: 2.914 loading class com/android/dx/dex/file/CodeItem done
Event: 2.915 loading class java/io/PrintWriter
Event: 2.915 loading class java/io/PrintWriter done
Event: 2.915 loading class com/android/dx/dex/file/DebugInfoItem
Event: 2.915 loading class com/android/dx/dex/file/DebugInfoItem done
Event: 2.916 loading class com/android/dx/rop/annotation/AnnotationsList
Event: 2.916 loading class com/android/dx/rop/annotation/AnnotationsList done
Event: 2.916 loading class com/android/dx/dex/file/MethodIdItem
Event: 2.916 loading class com/android/dx/dex/file/MethodIdItem done


Dynamic libraries:
0x00007ff636230000 - 0x00007ff636261000 	D:\Program Files\Android\Android Studio\jre\bin\java.exe
0x00007fffec7f0000 - 0x00007fffec9c1000 	C:\WINDOWS\SYSTEM32\ntdll.dll
0x00007fffeb1d0000 - 0x00007fffeb27c000 	C:\WINDOWS\System32\KERNEL32.DLL
0x00007fffe96e0000 - 0x00007fffe98fd000 	C:\WINDOWS\System32\KERNELBASE.dll
0x00007fffe9e60000 - 0x00007fffe9f02000 	C:\WINDOWS\System32\ADVAPI32.dll
0x00007fffeaaa0000 - 0x00007fffeab3e000 	C:\WINDOWS\System32\msvcrt.dll
0x00007fffec790000 - 0x00007fffec7e9000 	C:\WINDOWS\System32\sechost.dll
0x00007fffea970000 - 0x00007fffeaa91000 	C:\WINDOWS\System32\RPCRT4.dll
0x00007fffeac40000 - 0x00007fffeada5000 	C:\WINDOWS\System32\USER32.dll
0x00007fffe9d10000 - 0x00007fffe9d2e000 	C:\WINDOWS\System32\win32u.dll
0x00007fffea180000 - 0x00007fffea1b4000 	C:\WINDOWS\System32\GDI32.dll
0x00007fffe9b80000 - 0x00007fffe9d02000 	C:\WINDOWS\System32\gdi32full.dll
0x00007fffe41c0000 - 0x00007fffe443a000 	C:\WINDOWS\WinSxS\amd64_microsoft.windows.common-controls_6595b64144ccf1df_6.0.14393.953_none_42151e83c686086b\COMCTL32.dll
0x00007fffea600000 - 0x00007fffea8c8000 	C:\WINDOWS\System32\combase.dll
0x00007fffe8ce0000 - 0x00007fffe8dd5000 	C:\WINDOWS\System32\ucrtbase.dll
0x00007fffe9670000 - 0x00007fffe96da000 	C:\WINDOWS\System32\bcryptPrimitives.dll
0x00007fffe9da0000 - 0x00007fffe9dce000 	C:\WINDOWS\System32\IMM32.DLL
0x0000000063530000 - 0x0000000063602000 	D:\Program Files\Android\Android Studio\jre\jre\bin\msvcr100.dll
0x0000000062840000 - 0x000000006307c000 	D:\Program Files\Android\Android Studio\jre\jre\bin\server\jvm.dll
0x00007fffe9e40000 - 0x00007fffe9e48000 	C:\WINDOWS\System32\PSAPI.DLL
0x00007fffdc320000 - 0x00007fffdc329000 	C:\WINDOWS\SYSTEM32\WSOCK32.dll
0x00007fffea110000 - 0x00007fffea17a000 	C:\WINDOWS\System32\WS2_32.dll
0x00007fffe6c20000 - 0x00007fffe6c43000 	C:\WINDOWS\SYSTEM32\WINMM.dll
0x00007fffe4cf0000 - 0x00007fffe4cfa000 	C:\WINDOWS\SYSTEM32\VERSION.dll
0x00007fffe6b00000 - 0x00007fffe6b2b000 	C:\WINDOWS\SYSTEM32\WINMMBASE.dll
0x00007fffe9d30000 - 0x00007fffe9d72000 	C:\WINDOWS\System32\cfgmgr32.dll
0x00007fffe63d0000 - 0x00007fffe63df000 	D:\Program Files\Android\Android Studio\jre\jre\bin\verify.dll
0x00007fffdde50000 - 0x00007fffdde79000 	D:\Program Files\Android\Android Studio\jre\jre\bin\java.dll
0x00007fffe3930000 - 0x00007fffe3946000 	D:\Program Files\Android\Android Studio\jre\jre\bin\zip.dll
0x00007fffeb280000 - 0x00007fffec788000 	C:\WINDOWS\System32\SHELL32.dll
0x00007fffe8e80000 - 0x00007fffe955a000 	C:\WINDOWS\System32\windows.storage.dll
0x00007fffe8c50000 - 0x00007fffe8c9c000 	C:\WINDOWS\System32\powrprof.dll
0x00007fffea050000 - 0x00007fffea0a2000 	C:\WINDOWS\System32\shlwapi.dll
0x00007fffe8cd0000 - 0x00007fffe8cdf000 	C:\WINDOWS\System32\kernel.appcore.dll
0x00007fffe9560000 - 0x00007fffe9609000 	C:\WINDOWS\System32\shcore.dll
0x00007fffe8ca0000 - 0x00007fffe8cb4000 	C:\WINDOWS\System32\profapi.dll

VM Arguments:
jvm_args: -Djava.awt.headless=true -Xmx1024M -Dfile.encoding=GBK -Duser.country=CN -Duser.language=zh -Duser.variant 
java_command: com.android.dx.command.Main --dex --force-jumbo --num-threads=4 --multi-dex --output D:\musicbean\app\build\intermediates\transforms\dex\baidu\debug\folders\1000\5\slice_4 D:\musicbean\app\build\intermediates\transforms\instantRunSlicer\baidu\debug\folders\1\5\slice_4
java_class_path (initial): D:\SDK\build-tools\25.0.0\lib\dx.jar
Launcher Type: SUN_STANDARD

Environment Variables:
JAVA_HOME=C:\Program Files\Java\jdk1.8.0_101
CLASSPATH=.;C:\Program Files\Java\jdk1.8.0_101\lib;
PATH=C:\ProgramData\Oracle\Java\javapath;C:\WINDOWS\system32;C:\WINDOWS;C:\WINDOWS\System32\Wbem;C:\WINDOWS\System32\WindowsPowerShell\v1.0\;C:\Program Files\Java\jdk1.8.0_101\bin;C:\Program Files\Java\jdk1.8.0_101\jre\bin;D:\Git\cmd;C:\Users\Administrator\AppData\Local\Microsoft\WindowsApps;
USERNAME=Administrator
OS=Windows_NT
PROCESSOR_IDENTIFIER=Intel64 Family 6 Model 94 Stepping 3, GenuineIntel



---------------  S Y S T E M  ---------------

OS: Windows 10.0 , 64 bit Build 14393 (10.0.14393.1198)

CPU:total 4 (4 cores per cpu, 1 threads per core) family 6 model 94 stepping 3, cmov, cx8, fxsr, mmx, sse, sse2, sse3, ssse3, sse4.1, sse4.2, popcnt, avx, avx2, aes, clmul, erms, rtm, 3dnowpref, lzcnt, tsc, tscinvbit, bmi1, bmi2, adx

Memory: 4k page, physical 8299524k(2480228k free), swap 14749720k(324k free)

vm_info: OpenJDK 64-Bit Server VM (25.112-b06) for windows-amd64 JRE (1.8.0_112-release-b06), built on Dec  8 2016 00:54:26 by "builder" with MS VC++ 10.0 (VS2010)

time: Wed May 17 13:58:04 2017
elapsed time: 2 seconds (0d 0h 0m 2s)

