#
# There is insufficient memory for the Java Runtime Environment to continue.
# Native memory allocation (malloc) failed to allocate 237536 bytes for Chunk::new
# Possible reasons:
#   The system is out of physical RAM or swap space
#   In 32 bit mode, the process size limit was hit
# Possible solutions:
#   Reduce memory load on the system
#   Increase physical memory or swap space
#   Check if swap backing store is full
#   Use 64 bit Java on a 64 bit OS
#   Decrease Java heap size (-Xmx/-Xms)
#   Decrease number of Java threads
#   Decrease Java thread stack sizes (-Xss)
#   Set larger code cache with -XX:ReservedCodeCacheSize=
# This output file may be truncated or incomplete.
#
#  Out of Memory Error (allocation.cpp:390), pid=32200, tid=0x0000000000008244
#
# JRE version: OpenJDK Runtime Environment (8.0_112-b06) (build 1.8.0_112-release-b06)
# Java VM: OpenJDK 64-Bit Server VM (25.112-b06 mixed mode windows-amd64 compressed oops)
# Failed to write core dump. Minidumps are not enabled by default on client versions of Windows
#

---------------  T H R E A D  ---------------

Current thread (0x0000000014e60000):  JavaThread "C2 CompilerThread0" daemon [_thread_in_native, id=33348, stack(0x0000000016800000,0x0000000016900000)]

Stack: [0x0000000016800000,0x0000000016900000]
[error occurred during error reporting (printing stack bounds), id 0xc0000005]

Native frames: (J=compiled Java code, j=interpreted, Vv=VM code, C=native code)


Current CompileTask:
C2:   6890 2509       4       com.android.dx.dex.code.form.Form35c::writeTo (157 bytes)


---------------  P R O C E S S  ---------------

Java Threads: ( => current thread )
  0x000000001636a000 JavaThread "pool-1-thread-1" [_thread_in_Java, id=32836, stack(0x00000000199a0000,0x0000000019aa0000)]
  0x000000001625d800 JavaThread "Service Thread" daemon [_thread_blocked, id=33544, stack(0x0000000016b00000,0x0000000016c00000)]
  0x0000000016256000 JavaThread "C1 CompilerThread2" daemon [_thread_blocked, id=33468, stack(0x0000000016a00000,0x0000000016b00000)]
  0x0000000016253800 JavaThread "C2 CompilerThread1" daemon [_thread_in_native, id=33440, stack(0x0000000016900000,0x0000000016a00000)]
=>0x0000000014e60000 JavaThread "C2 CompilerThread0" daemon [_thread_in_native, id=33348, stack(0x0000000016800000,0x0000000016900000)]
  0x0000000014ea7800 JavaThread "Attach Listener" daemon [_thread_blocked, id=33288, stack(0x0000000016700000,0x0000000016800000)]
  0x0000000016208800 JavaThread "Signal Dispatcher" daemon [_thread_blocked, id=33392, stack(0x0000000016600000,0x0000000016700000)]
  0x0000000002775800 JavaThread "Finalizer" daemon [_thread_blocked, id=32168, stack(0x00000000160a0000,0x00000000161a0000)]
  0x0000000002770000 JavaThread "Reference Handler" daemon [_thread_blocked, id=33608, stack(0x0000000015fa0000,0x00000000160a0000)]
  0x00000000020ed800 JavaThread "main" [_thread_blocked, id=33328, stack(0x0000000002480000,0x0000000002580000)]

Other Threads:
  0x0000000014e14800 VMThread [stack: 0x0000000015ea0000,0x0000000015fa0000] [id=33588]
  0x0000000016260000 WatcherThread [stack: 0x0000000016c00000,0x0000000016d00000] [id=33556]

VM state:not at safepoint (normal execution)

VM Mutex/Monitor currently owned by a thread: None

Heap:
 PSYoungGen      total 162304K, used 120037K [0x00000000eab00000, 0x00000000f7600000, 0x0000000100000000)
  eden space 124928K, 66% used [0x00000000eab00000,0x00000000efbbe5c0,0x00000000f2500000)
  from space 37376K, 99% used [0x00000000f2500000,0x00000000f497af98,0x00000000f4980000)
  to   space 29184K, 0% used [0x00000000f4980000,0x00000000f4980000,0x00000000f6600000)
 ParOldGen       total 87552K, used 58676K [0x00000000c0000000, 0x00000000c5580000, 0x00000000eab00000)
  object space 87552K, 67% used [0x00000000c0000000,0x00000000c394d2e8,0x00000000c5580000)
 Metaspace       used 6476K, capacity 7472K, committed 7552K, reserved 1056768K
  class space    used 585K, capacity 616K, committed 640K, reserved 1048576K

Card table byte_map: [0x0000000011b40000,0x0000000011d50000] byte_map_base: 0x0000000011540000

Marking Bits: (ParMarkBitMap*) 0x00000000630018f0
 Begin Bits: [0x00000000122b0000, 0x00000000132b0000)
 End Bits:   [0x00000000132b0000, 0x00000000142b0000)

Polling page: 0x00000000020c0000

CodeCache: size=245760Kb used=10411Kb max_used=10422Kb free=235348Kb
 bounds [0x0000000002780000, 0x00000000031c0000, 0x0000000011780000]
 total_blobs=2668 nmethods=2403 adapters=178
 compilation: enabled

Compilation events (10 events):
Event: 6.881 Thread 0x0000000016256000 2504   !   3       com.android.dx.dex.file.CodeItem::writeCodes (50 bytes)
Event: 6.881 Thread 0x0000000016256000 nmethod 2504 0x00000000031a9250 code [0x00000000031a9460, 0x00000000031a9ea8]
Event: 6.882 Thread 0x0000000016256000 2506       3       com.android.dx.dex.code.form.Form10x::writeTo (10 bytes)
Event: 6.882 Thread 0x0000000016256000 nmethod 2506 0x0000000003191950 code [0x0000000003191ae0, 0x0000000003191d38]
Event: 6.884 Thread 0x0000000016253800 nmethod 2502 0x0000000003192e50 code [0x0000000003192fc0, 0x0000000003193358]
Event: 6.884 Thread 0x0000000016253800 2507       4       com.android.dx.dex.code.form.Form35c::explicitize (105 bytes)
Event: 6.884 Thread 0x0000000014e60000 nmethod 2505 0x00000000031a7390 code [0x00000000031a7500, 0x00000000031a7868]
Event: 6.884 Thread 0x0000000014e60000 2508       4       com.android.dx.dex.file.Section::getAbsoluteOffset (38 bytes)
Event: 6.885 Thread 0x0000000014e60000 nmethod 2508 0x00000000031436d0 code [0x0000000003143800, 0x0000000003143898]
Event: 6.885 Thread 0x0000000014e60000 2509       4       com.android.dx.dex.code.form.Form35c::writeTo (157 bytes)

GC Heap History (10 events):
Event: 3.053 GC heap before
{Heap before GC invocations=3 (full 0):
 PSYoungGen      total 38400K, used 38386K [0x00000000eab00000, 0x00000000ef600000, 0x0000000100000000)
  eden space 33280K, 100% used [0x00000000eab00000,0x00000000ecb80000,0x00000000ecb80000)
  from space 5120K, 99% used [0x00000000ed080000,0x00000000ed57c9f8,0x00000000ed580000)
  to   space 5120K, 0% used [0x00000000ecb80000,0x00000000ecb80000,0x00000000ed080000)
 ParOldGen       total 87552K, used 6173K [0x00000000c0000000, 0x00000000c5580000, 0x00000000eab00000)
  object space 87552K, 7% used [0x00000000c0000000,0x00000000c0607408,0x00000000c5580000)
 Metaspace       used 5930K, capacity 7024K, committed 7296K, reserved 1056768K
  class space    used 562K, capacity 616K, committed 640K, reserved 1048576K
Event: 3.112 GC heap after
Heap after GC invocations=3 (full 0):
 PSYoungGen      total 38400K, used 5105K [0x00000000eab00000, 0x00000000ef600000, 0x0000000100000000)
  eden space 33280K, 0% used [0x00000000eab00000,0x00000000eab00000,0x00000000ecb80000)
  from space 5120K, 99% used [0x00000000ecb80000,0x00000000ed07c720,0x00000000ed080000)
  to   space 5120K, 0% used [0x00000000ef100000,0x00000000ef100000,0x00000000ef600000)
 ParOldGen       total 87552K, used 11623K [0x00000000c0000000, 0x00000000c5580000, 0x00000000eab00000)
  object space 87552K, 13% used [0x00000000c0000000,0x00000000c0b59ee0,0x00000000c5580000)
 Metaspace       used 5930K, capacity 7024K, committed 7296K, reserved 1056768K
  class space    used 562K, capacity 616K, committed 640K, reserved 1048576K
}
Event: 3.275 GC heap before
{Heap before GC invocations=4 (full 0):
 PSYoungGen      total 38400K, used 38385K [0x00000000eab00000, 0x00000000ef600000, 0x0000000100000000)
  eden space 33280K, 100% used [0x00000000eab00000,0x00000000ecb80000,0x00000000ecb80000)
  from space 5120K, 99% used [0x00000000ecb80000,0x00000000ed07c720,0x00000000ed080000)
  to   space 5120K, 0% used [0x00000000ef100000,0x00000000ef100000,0x00000000ef600000)
 ParOldGen       total 87552K, used 11623K [0x00000000c0000000, 0x00000000c5580000, 0x00000000eab00000)
  object space 87552K, 13% used [0x00000000c0000000,0x00000000c0b59ee0,0x00000000c5580000)
 Metaspace       used 5962K, capacity 7024K, committed 7296K, reserved 1056768K
  class space    used 562K, capacity 616K, committed 640K, reserved 1048576K
Event: 3.293 GC heap after
Heap after GC invocations=4 (full 0):
 PSYoungGen      total 71680K, used 5099K [0x00000000eab00000, 0x00000000ef600000, 0x0000000100000000)
  eden space 66560K, 0% used [0x00000000eab00000,0x00000000eab00000,0x00000000eec00000)
  from space 5120K, 99% used [0x00000000ef100000,0x00000000ef5faf50,0x00000000ef600000)
  to   space 5120K, 0% used [0x00000000eec00000,0x00000000eec00000,0x00000000ef100000)
 ParOldGen       total 87552K, used 19861K [0x00000000c0000000, 0x00000000c5580000, 0x00000000eab00000)
  object space 87552K, 22% used [0x00000000c0000000,0x00000000c1365570,0x00000000c5580000)
 Metaspace       used 5962K, capacity 7024K, committed 7296K, reserved 1056768K
  class space    used 562K, capacity 616K, committed 640K, reserved 1048576K
}
Event: 3.564 GC heap before
{Heap before GC invocations=5 (full 0):
 PSYoungGen      total 71680K, used 71659K [0x00000000eab00000, 0x00000000ef600000, 0x0000000100000000)
  eden space 66560K, 100% used [0x00000000eab00000,0x00000000eec00000,0x00000000eec00000)
  from space 5120K, 99% used [0x00000000ef100000,0x00000000ef5faf50,0x00000000ef600000)
  to   space 5120K, 0% used [0x00000000eec00000,0x00000000eec00000,0x00000000ef100000)
 ParOldGen       total 87552K, used 19861K [0x00000000c0000000, 0x00000000c5580000, 0x00000000eab00000)
  object space 87552K, 22% used [0x00000000c0000000,0x00000000c1365570,0x00000000c5580000)
 Metaspace       used 5995K, capacity 7088K, committed 7296K, reserved 1056768K
  class space    used 563K, capacity 616K, committed 640K, reserved 1048576K
Event: 3.609 GC heap after
Heap after GC invocations=5 (full 0):
 PSYoungGen      total 71680K, used 5100K [0x00000000eab00000, 0x00000000f6600000, 0x0000000100000000)
  eden space 66560K, 0% used [0x00000000eab00000,0x00000000eab00000,0x00000000eec00000)
  from space 5120K, 99% used [0x00000000eec00000,0x00000000ef0fb028,0x00000000ef100000)
  to   space 29184K, 0% used [0x00000000f4980000,0x00000000f4980000,0x00000000f6600000)
 ParOldGen       total 87552K, used 47183K [0x00000000c0000000, 0x00000000c5580000, 0x00000000eab00000)
  object space 87552K, 53% used [0x00000000c0000000,0x00000000c2e13f08,0x00000000c5580000)
 Metaspace       used 5995K, capacity 7088K, committed 7296K, reserved 1056768K
  class space    used 563K, capacity 616K, committed 640K, reserved 1048576K
}
Event: 4.033 GC heap before
{Heap before GC invocations=6 (full 0):
 PSYoungGen      total 71680K, used 71660K [0x00000000eab00000, 0x00000000f6600000, 0x0000000100000000)
  eden space 66560K, 100% used [0x00000000eab00000,0x00000000eec00000,0x00000000eec00000)
  from space 5120K, 99% used [0x00000000eec00000,0x00000000ef0fb028,0x00000000ef100000)
  to   space 29184K, 0% used [0x00000000f4980000,0x00000000f4980000,0x00000000f6600000)
 ParOldGen       total 87552K, used 47183K [0x00000000c0000000, 0x00000000c5580000, 0x00000000eab00000)
  object space 87552K, 53% used [0x00000000c0000000,0x00000000c2e13f08,0x00000000c5580000)
 Metaspace       used 6009K, capacity 7088K, committed 7296K, reserved 1056768K
  class space    used 563K, capacity 616K, committed 640K, reserved 1048576K
Event: 4.069 GC heap after
Heap after GC invocations=6 (full 0):
 PSYoungGen      total 154112K, used 29167K [0x00000000eab00000, 0x00000000f7600000, 0x0000000100000000)
  eden space 124928K, 0% used [0x00000000eab00000,0x00000000eab00000,0x00000000f2500000)
  from space 29184K, 99% used [0x00000000f4980000,0x00000000f65fbeb0,0x00000000f6600000)
  to   space 37376K, 0% used [0x00000000f2500000,0x00000000f2500000,0x00000000f4980000)
 ParOldGen       total 87552K, used 50942K [0x00000000c0000000, 0x00000000c5580000, 0x00000000eab00000)
  object space 87552K, 58% used [0x00000000c0000000,0x00000000c31bfa30,0x00000000c5580000)
 Metaspace       used 6009K, capacity 7088K, committed 7296K, reserved 1056768K
  class space    used 563K, capacity 616K, committed 640K, reserved 1048576K
}
Event: 4.959 GC heap before
{Heap before GC invocations=7 (full 0):
 PSYoungGen      total 154112K, used 154095K [0x00000000eab00000, 0x00000000f7600000, 0x0000000100000000)
  eden space 124928K, 100% used [0x00000000eab00000,0x00000000f2500000,0x00000000f2500000)
  from space 29184K, 99% used [0x00000000f4980000,0x00000000f65fbeb0,0x00000000f6600000)
  to   space 37376K, 0% used [0x00000000f2500000,0x00000000f2500000,0x00000000f4980000)
 ParOldGen       total 87552K, used 50942K [0x00000000c0000000, 0x00000000c5580000, 0x00000000eab00000)
  object space 87552K, 58% used [0x00000000c0000000,0x00000000c31bfa30,0x00000000c5580000)
 Metaspace       used 6051K, capacity 7088K, committed 7296K, reserved 1056768K
  class space    used 564K, capacity 616K, committed 640K, reserved 1048576K
Event: 5.004 GC heap after
Heap after GC invocations=7 (full 0):
 PSYoungGen      total 162304K, used 37355K [0x00000000eab00000, 0x00000000f7600000, 0x0000000100000000)
  eden space 124928K, 0% used [0x00000000eab00000,0x00000000eab00000,0x00000000f2500000)
  from space 37376K, 99% used [0x00000000f2500000,0x00000000f497af98,0x00000000f4980000)
  to   space 29184K, 0% used [0x00000000f4980000,0x00000000f4980000,0x00000000f6600000)
 ParOldGen       total 87552K, used 58676K [0x00000000c0000000, 0x00000000c5580000, 0x00000000eab00000)
  object space 87552K, 67% used [0x00000000c0000000,0x00000000c394d2e8,0x00000000c5580000)
 Metaspace       used 6051K, capacity 7088K, committed 7296K, reserved 1056768K
  class space    used 564K, capacity 616K, committed 640K, reserved 1048576K
}

Deoptimization events (10 events):
Event: 6.431 Thread 0x000000001636a000 Uncommon trap: reason=class_check action=maybe_recompile pc=0x0000000002b56f44 method=java.util.Arrays.equals([Ljava/lang/Object;[Ljava/lang/Object;)Z @ 62
Event: 6.431 Thread 0x000000001636a000 Uncommon trap: reason=unstable_if action=reinterpret pc=0x0000000002b56f78 method=java.util.Arrays.equals([Ljava/lang/Object;[Ljava/lang/Object;)Z @ 23
Event: 6.493 Thread 0x000000001636a000 Uncommon trap: reason=unstable_if action=reinterpret pc=0x00000000030a1778 method=com.android.dx.dex.code.LocalList$MakeState.snapshot(ILcom/android/dx/rop/code/RegisterSpecSet;)V @ 51
Event: 6.682 Thread 0x000000001636a000 Uncommon trap: reason=class_check action=maybe_recompile pc=0x00000000030fba44 method=com.android.dx.dex.code.OutputFinisher.massageInstructions([Lcom/android/dx/dex/code/Dop;)V @ 63
Event: 6.688 Thread 0x000000001636a000 Uncommon trap: reason=class_check action=maybe_recompile pc=0x00000000030fba44 method=com.android.dx.dex.code.OutputFinisher.massageInstructions([Lcom/android/dx/dex/code/Dop;)V @ 63
Event: 6.696 Thread 0x000000001636a000 Uncommon trap: reason=class_check action=maybe_recompile pc=0x00000000030fba44 method=com.android.dx.dex.code.OutputFinisher.massageInstructions([Lcom/android/dx/dex/code/Dop;)V @ 63
Event: 6.712 Thread 0x000000001636a000 Uncommon trap: reason=unstable_if action=reinterpret pc=0x0000000002f9a170 method=java.util.ArrayList.<init>(I)V @ 5
Event: 6.754 Thread 0x000000001636a000 Uncommon trap: reason=unstable_if action=reinterpret pc=0x000000000312ed68 method=com.android.dx.util.ByteArrayAnnotatedOutput.ensureCapacity(I)V @ 6
Event: 6.754 Thread 0x000000001636a000 Uncommon trap: reason=unstable_if action=reinterpret pc=0x000000000301b75c method=com.android.dx.util.ByteArrayAnnotatedOutput.ensureCapacity(I)V @ 6
Event: 6.768 Thread 0x000000001636a000 Uncommon trap: reason=unstable_if action=reinterpret pc=0x0000000003142d5c method=com.android.dx.util.ByteArrayAnnotatedOutput.writeByte(I)V @ 13

Internal exceptions (4 events):
Event: 0.492 Thread 0x00000000020ed800 Exception <a 'java/lang/NoSuchMethodError': Method sun.misc.Unsafe.defineClass(Ljava/lang/String;[BII)Ljava/lang/Class; name or signature does not match> (0x00000000eab07c78) thrown at [C:\src\android\AOSP-openjdk\external\jetbrains\jdk\hotspot\src\share\v‡ù£F¬vß?
Event: 0.492 Thread 0x00000000020ed800 Exception <a 'java/lang/NoSuchMethodError': Method sun.misc.Unsafe.prefetchRead(Ljava/lang/Object;J)V name or signature does not match> (0x00000000eab07f60) thrown at [C:\src\android\AOSP-openjdk\external\jetbrains\jdk\hotspot\src\share\vm\prims\jni.cpp, l«ävBÂŠ@
Event: 2.568 Thread 0x000000001645a800 Implicit null exception at 0x0000000002b630ea to 0x0000000002b65679
Event: 2.894 Thread 0x0000000016360000 Implicit null exception at 0x0000000002b9b522 to 0x0000000002b9b61a

Events (10 events):
Event: 6.882 Thread 0x000000001636a000 DEOPT PACKING pc=0x000000000318ba7f sp=0x0000000019a9e800
Event: 6.882 Thread 0x000000001636a000 DEOPT UNPACKING pc=0x00000000027c75bf sp=0x0000000019a9e5d8 mode 0
Event: 6.882 Thread 0x000000001636a000 DEOPT PACKING pc=0x000000000318714a sp=0x0000000019a9e960
Event: 6.882 Thread 0x000000001636a000 DEOPT UNPACKING pc=0x00000000027c75bf sp=0x0000000019a9e680 mode 0
Event: 6.883 Thread 0x000000001636a000 DEOPT PACKING pc=0x000000000318ba7f sp=0x0000000019a9e800
Event: 6.883 Thread 0x000000001636a000 DEOPT UNPACKING pc=0x00000000027c75bf sp=0x0000000019a9e5d8 mode 0
Event: 6.883 Thread 0x000000001636a000 DEOPT PACKING pc=0x000000000318714a sp=0x0000000019a9e960
Event: 6.883 Thread 0x000000001636a000 DEOPT UNPACKING pc=0x00000000027c75bf sp=0x0000000019a9e680 mode 0
Event: 6.884 Thread 0x000000001636a000 DEOPT PACKING pc=0x000000000318ba7f sp=0x0000000019a9e800
Event: 6.884 Thread 0x000000001636a000 DEOPT UNPACKING pc=0x00000000027c75bf sp=0x0000000019a9e5d8 mode 0


Dynamic libraries:
0x00007ff636230000 - 0x00007ff636261000 	D:\Program Files\Android\Android Studio\jre\bin\java.exe
0x00007fffec7f0000 - 0x00007fffec9c1000 	C:\WINDOWS\SYSTEM32\ntdll.dll
0x00007fffeb1d0000 - 0x00007fffeb27c000 	C:\WINDOWS\System32\KERNEL32.DLL
0x00007fffe96e0000 - 0x00007fffe98fd000 	C:\WINDOWS\System32\KERNELBASE.dll
0x00007fffe9e60000 - 0x00007fffe9f02000 	C:\WINDOWS\System32\ADVAPI32.dll
0x00007fffeaaa0000 - 0x00007fffeab3e000 	C:\WINDOWS\System32\msvcrt.dll
0x00007fffec790000 - 0x00007fffec7e9000 	C:\WINDOWS\System32\sechost.dll
0x00007fffea970000 - 0x00007fffeaa91000 	C:\WINDOWS\System32\RPCRT4.dll
0x00007fffeac40000 - 0x00007fffeada5000 	C:\WINDOWS\System32\USER32.dll
0x00007fffe9d10000 - 0x00007fffe9d2e000 	C:\WINDOWS\System32\win32u.dll
0x00007fffea180000 - 0x00007fffea1b4000 	C:\WINDOWS\System32\GDI32.dll
0x00007fffe9b80000 - 0x00007fffe9d02000 	C:\WINDOWS\System32\gdi32full.dll
0x00007fffe41c0000 - 0x00007fffe443a000 	C:\WINDOWS\WinSxS\amd64_microsoft.windows.common-controls_6595b64144ccf1df_6.0.14393.953_none_42151e83c686086b\COMCTL32.dll
0x00007fffea600000 - 0x00007fffea8c8000 	C:\WINDOWS\System32\combase.dll
0x00007fffe8ce0000 - 0x00007fffe8dd5000 	C:\WINDOWS\System32\ucrtbase.dll
0x00007fffe9670000 - 0x00007fffe96da000 	C:\WINDOWS\System32\bcryptPrimitives.dll
0x00007fffe9da0000 - 0x00007fffe9dce000 	C:\WINDOWS\System32\IMM32.DLL
0x0000000063d40000 - 0x0000000063e12000 	D:\Program Files\Android\Android Studio\jre\jre\bin\msvcr100.dll
0x0000000062840000 - 0x000000006307c000 	D:\Program Files\Android\Android Studio\jre\jre\bin\server\jvm.dll
0x00007fffe9e40000 - 0x00007fffe9e48000 	C:\WINDOWS\System32\PSAPI.DLL
0x00007fffdc320000 - 0x00007fffdc329000 	C:\WINDOWS\SYSTEM32\WSOCK32.dll
0x00007fffea110000 - 0x00007fffea17a000 	C:\WINDOWS\System32\WS2_32.dll
0x00007fffe6c20000 - 0x00007fffe6c43000 	C:\WINDOWS\SYSTEM32\WINMM.dll
0x00007fffe4cf0000 - 0x00007fffe4cfa000 	C:\WINDOWS\SYSTEM32\VERSION.dll
0x00007fffe6b00000 - 0x00007fffe6b2b000 	C:\WINDOWS\SYSTEM32\WINMMBASE.dll
0x00007fffe9d30000 - 0x00007fffe9d72000 	C:\WINDOWS\System32\cfgmgr32.dll
0x00007fffe63f0000 - 0x00007fffe63ff000 	D:\Program Files\Android\Android Studio\jre\jre\bin\verify.dll
0x00007fffe4bc0000 - 0x00007fffe4be9000 	D:\Program Files\Android\Android Studio\jre\jre\bin\java.dll
0x00007fffe63d0000 - 0x00007fffe63e6000 	D:\Program Files\Android\Android Studio\jre\jre\bin\zip.dll
0x00007fffeb280000 - 0x00007fffec788000 	C:\WINDOWS\System32\SHELL32.dll
0x00007fffe8e80000 - 0x00007fffe955a000 	C:\WINDOWS\System32\windows.storage.dll
0x00007fffe8c50000 - 0x00007fffe8c9c000 	C:\WINDOWS\System32\powrprof.dll
0x00007fffea050000 - 0x00007fffea0a2000 	C:\WINDOWS\System32\shlwapi.dll
0x00007fffe8cd0000 - 0x00007fffe8cdf000 	C:\WINDOWS\System32\kernel.appcore.dll
0x00007fffe9560000 - 0x00007fffe9609000 	C:\WINDOWS\System32\shcore.dll
0x00007fffe8ca0000 - 0x00007fffe8cb4000 	C:\WINDOWS\System32\profapi.dll

VM Arguments:
jvm_args: -Djava.awt.headless=true -Xmx1024M -Dfile.encoding=GBK -Duser.country=CN -Duser.language=zh -Duser.variant 
java_command: com.android.dx.command.Main --dex --force-jumbo --num-threads=4 --multi-dex --output D:\musicbean\app\build\intermediates\transforms\dex\baidu\debug\folders\1000\5\slice_8 D:\musicbean\app\build\intermediates\transforms\instantRunSlicer\baidu\debug\folders\1\5\slice_8
java_class_path (initial): D:\SDK\build-tools\25.0.0\lib\dx.jar
Launcher Type: SUN_STANDARD

Environment Variables:
JAVA_HOME=C:\Program Files\Java\jdk1.8.0_101
CLASSPATH=.;C:\Program Files\Java\jdk1.8.0_101\lib;
PATH=C:\ProgramData\Oracle\Java\javapath;C:\WINDOWS\system32;C:\WINDOWS;C:\WINDOWS\System32\Wbem;C:\WINDOWS\System32\WindowsPowerShell\v1.0\;C:\Program Files\Java\jdk1.8.0_101\bin;C:\Program Files\Java\jdk1.8.0_101\jre\bin;D:\Git\cmd;C:\Users\Administrator\AppData\Local\Microsoft\WindowsApps;
USERNAME=Administrator
OS=Windows_NT
PROCESSOR_IDENTIFIER=Intel64 Family 6 Model 94 Stepping 3, GenuineIntel



---------------  S Y S T E M  ---------------

OS: Windows 10.0 , 64 bit Build 14393 (10.0.14393.1198)

CPU:total 4 (4 cores per cpu, 1 threads per core) family 6 model 94 stepping 3, cmov, cx8, fxsr, mmx, sse, sse2, sse3, ssse3, sse4.1, sse4.2, popcnt, avx, avx2, aes, clmul, erms, rtm, 3dnowpref, lzcnt, tsc, tscinvbit, bmi1, bmi2, adx

Memory: 4k page, physical 8299524k(2597344k free), swap 14749720k(3300k free)

vm_info: OpenJDK 64-Bit Server VM (25.112-b06) for windows-amd64 JRE (1.8.0_112-release-b06), built on Dec  8 2016 00:54:26 by "builder" with MS VC++ 10.0 (VS2010)

time: Mon May 22 13:23:38 2017
elapsed time: 6 seconds (0d 0h 0m 6s)

