#
# There is insufficient memory for the Java Runtime Environment to continue.
# Native memory allocation (malloc) failed to allocate 32784 bytes for Chunk::new
# Possible reasons:
#   The system is out of physical RAM or swap space
#   In 32 bit mode, the process size limit was hit
# Possible solutions:
#   Reduce memory load on the system
#   Increase physical memory or swap space
#   Check if swap backing store is full
#   Use 64 bit Java on a 64 bit OS
#   Decrease Java heap size (-Xmx/-Xms)
#   Decrease number of Java threads
#   Decrease Java thread stack sizes (-Xss)
#   Set larger code cache with -XX:ReservedCodeCacheSize=
# This output file may be truncated or incomplete.
#
#  Out of Memory Error (allocation.cpp:390), pid=12488, tid=0x0000000000002dd0
#
# JRE version: OpenJDK Runtime Environment (8.0_112-b06) (build 1.8.0_112-release-b06)
# Java VM: OpenJDK 64-Bit Server VM (25.112-b06 mixed mode windows-amd64 compressed oops)
# Failed to write core dump. Minidumps are not enabled by default on client versions of Windows
#

---------------  T H R E A D  ---------------

Current thread (0x0000000014c30000):  JavaThread "C2 CompilerThread0" daemon [_thread_in_native, id=11728, stack(0x00000000165e0000,0x00000000166e0000)]

Stack: [0x00000000165e0000,0x00000000166e0000]
[error occurred during error reporting (printing stack bounds), id 0xc0000005]

Native frames: (J=compiled Java code, j=interpreted, Vv=VM code, C=native code)


Current CompileTask:
C2:   2448  921       4       com.android.dx.rop.code.Rops::ropFor (771 bytes)


---------------  P R O C E S S  ---------------

Java Threads: ( => current thread )
  0x0000000016255800 JavaThread "pool-2-thread-4" [_thread_in_Java, id=12728, stack(0x0000000016ee0000,0x0000000016fe0000)]
  0x0000000016255000 JavaThread "pool-2-thread-3" [_thread_blocked, id=3000, stack(0x0000000016de0000,0x0000000016ee0000)]
  0x0000000016254000 JavaThread "pool-2-thread-2" [_thread_in_Java, id=10664, stack(0x0000000016ce0000,0x0000000016de0000)]
  0x0000000016146000 JavaThread "pool-3-thread-1" [_thread_blocked, id=6352, stack(0x0000000016be0000,0x0000000016ce0000)]
  0x0000000016145800 JavaThread "pool-2-thread-1" [_thread_blocked, id=12132, stack(0x0000000016ae0000,0x0000000016be0000)]
  0x000000001603e000 JavaThread "Service Thread" daemon [_thread_blocked, id=3128, stack(0x00000000168e0000,0x00000000169e0000)]
  0x0000000016036800 JavaThread "C1 CompilerThread2" daemon [_thread_blocked, id=720, stack(0x00000000167e0000,0x00000000168e0000)]
  0x0000000016033800 JavaThread "C2 CompilerThread1" daemon [_thread_in_native, id=10376, stack(0x00000000166e0000,0x00000000167e0000)]
=>0x0000000014c30000 JavaThread "C2 CompilerThread0" daemon [_thread_in_native, id=11728, stack(0x00000000165e0000,0x00000000166e0000)]
  0x0000000014c77800 JavaThread "Attach Listener" daemon [_thread_blocked, id=4912, stack(0x00000000164e0000,0x00000000165e0000)]
  0x0000000015fe8800 JavaThread "Signal Dispatcher" daemon [_thread_blocked, id=12360, stack(0x00000000163e0000,0x00000000164e0000)]
  0x00000000021a5800 JavaThread "Finalizer" daemon [_thread_blocked, id=13832, stack(0x0000000015e80000,0x0000000015f80000)]
  0x00000000021a0000 JavaThread "Reference Handler" daemon [_thread_blocked, id=12300, stack(0x0000000015d80000,0x0000000015e80000)]
  0x000000000262d800 JavaThread "main" [_thread_in_Java, id=6040, stack(0x0000000000880000,0x0000000000980000)]

Other Threads:
  0x0000000014be4800 VMThread [stack: 0x0000000015c80000,0x0000000015d80000] [id=12716]
  0x0000000016040000 WatcherThread [stack: 0x00000000169e0000,0x0000000016ae0000] [id=9368]

VM state:not at safepoint (normal execution)

VM Mutex/Monitor currently owned by a thread: None

Heap:
 PSYoungGen      total 38400K, used 11665K [0x00000000eab00000, 0x00000000ed580000, 0x0000000100000000)
  eden space 33280K, 19% used [0x00000000eab00000,0x00000000eb167570,0x00000000ecb80000)
  from space 5120K, 99% used [0x00000000ecb80000,0x00000000ed07d218,0x00000000ed080000)
  to   space 5120K, 0% used [0x00000000ed080000,0x00000000ed080000,0x00000000ed580000)
 ParOldGen       total 87552K, used 7501K [0x00000000c0000000, 0x00000000c5580000, 0x00000000eab00000)
  object space 87552K, 8% used [0x00000000c0000000,0x00000000c0753550,0x00000000c5580000)
 Metaspace       used 5690K, capacity 6832K, committed 7040K, reserved 1056768K
  class space    used 559K, capacity 616K, committed 640K, reserved 1048576K

Card table byte_map: [0x00000000119f0000,0x0000000011c00000] byte_map_base: 0x00000000113f0000

Marking Bits: (ParMarkBitMap*) 0x00000000630018f0
 Begin Bits: [0x0000000012060000, 0x0000000013060000)
 End Bits:   [0x0000000013060000, 0x0000000014060000)

Polling page: 0x0000000000550000

CodeCache: size=245760Kb used=4214Kb max_used=4214Kb free=241545Kb
 bounds [0x0000000002630000, 0x0000000002a60000, 0x0000000011630000]
 total_blobs=1260 nmethods=997 adapters=177
 compilation: enabled

Compilation events (10 events):
Event: 2.436 Thread 0x0000000016036800 nmethod 1004 0x0000000002a498d0 code [0x0000000002a49a20, 0x0000000002a49bb0]
Event: 2.436 Thread 0x0000000016036800  999       1       com.android.dx.dex.code.RopTranslator::access$100 (5 bytes)
Event: 2.436 Thread 0x0000000016036800 nmethod 999 0x0000000002a49c50 code [0x0000000002a49da0, 0x0000000002a49e90]
Event: 2.436 Thread 0x0000000016036800 1015       1       com.android.dx.cf.attrib.AttCode::getMaxStack (5 bytes)
Event: 2.436 Thread 0x0000000016036800 nmethod 1015 0x0000000002a49f10 code [0x0000000002a4a060, 0x0000000002a4a170]
Event: 2.436 Thread 0x0000000016036800  976       1       com.android.dx.ssa.SsaMethod::getEntryBlockIndex (5 bytes)
Event: 2.436 Thread 0x0000000016036800 nmethod 976 0x0000000002a4a1d0 code [0x0000000002a4a320, 0x0000000002a4a430]
Event: 2.436 Thread 0x0000000016036800 1018       3       com.android.dx.ssa.SsaMethod::forEachBlockDepthFirst (194 bytes)
Event: 2.439 Thread 0x0000000016036800 nmethod 1018 0x0000000002a4a490 code [0x0000000002a4a920, 0x0000000002a4dd68]
Event: 2.445 Thread 0x0000000016036800 1020       2       java.util.HashMap::resize (359 bytes)

GC Heap History (2 events):
Event: 2.386 GC heap before
{Heap before GC invocations=1 (full 0):
 PSYoungGen      total 38400K, used 33280K [0x00000000eab00000, 0x00000000ed580000, 0x0000000100000000)
  eden space 33280K, 100% used [0x00000000eab00000,0x00000000ecb80000,0x00000000ecb80000)
  from space 5120K, 0% used [0x00000000ed080000,0x00000000ed080000,0x00000000ed580000)
  to   space 5120K, 0% used [0x00000000ecb80000,0x00000000ecb80000,0x00000000ed080000)
 ParOldGen       total 87552K, used 0K [0x00000000c0000000, 0x00000000c5580000, 0x00000000eab00000)
  object space 87552K, 0% used [0x00000000c0000000,0x00000000c0000000,0x00000000c5580000)
 Metaspace       used 5664K, capacity 6832K, committed 7040K, reserved 1056768K
  class space    used 557K, capacity 616K, committed 640K, reserved 1048576K
Event: 2.397 GC heap after
Heap after GC invocations=1 (full 0):
 PSYoungGen      total 38400K, used 5108K [0x00000000eab00000, 0x00000000ed580000, 0x0000000100000000)
  eden space 33280K, 0% used [0x00000000eab00000,0x00000000eab00000,0x00000000ecb80000)
  from space 5120K, 99% used [0x00000000ecb80000,0x00000000ed07d218,0x00000000ed080000)
  to   space 5120K, 0% used [0x00000000ed080000,0x00000000ed080000,0x00000000ed580000)
 ParOldGen       total 87552K, used 7501K [0x00000000c0000000, 0x00000000c5580000, 0x00000000eab00000)
  object space 87552K, 8% used [0x00000000c0000000,0x00000000c0753550,0x00000000c5580000)
 Metaspace       used 5664K, capacity 6832K, committed 7040K, reserved 1056768K
  class space    used 557K, capacity 616K, committed 640K, reserved 1048576K
}

Deoptimization events (10 events):
Event: 1.507 Thread 0x0000000016255000 Uncommon trap: reason=unstable_if action=reinterpret pc=0x000000000290a7f4 method=com.android.dx.rop.code.RegisterSpec.equals(ILcom/android/dx/rop/type/TypeBearer;Lcom/android/dx/rop/code/LocalItem;)Z @ 16
Event: 1.507 Thread 0x0000000016255000 Uncommon trap: reason=unstable_if action=reinterpret pc=0x000000000281faec method=java.util.HashMap.getNode(ILjava/lang/Object;)Ljava/util/HashMap$Node; @ 62
Event: 1.562 Thread 0x0000000016145800 Uncommon trap: reason=class_check action=maybe_recompile pc=0x0000000002992eb4 method=com.android.dx.cf.code.BytecodeArray.parseInstruction(ILcom/android/dx/cf/code/BytecodeArray$Visitor;)I @ 1287
Event: 1.562 Thread 0x0000000016145800 Uncommon trap: reason=class_check action=maybe_recompile pc=0x0000000002992eb4 method=com.android.dx.cf.code.BytecodeArray.parseInstruction(ILcom/android/dx/cf/code/BytecodeArray$Visitor;)I @ 1287
Event: 2.317 Thread 0x000000000262d800 Uncommon trap: reason=class_check action=maybe_recompile pc=0x0000000002992eb4 method=com.android.dx.cf.code.BytecodeArray.parseInstruction(ILcom/android/dx/cf/code/BytecodeArray$Visitor;)I @ 1287
Event: 2.317 Thread 0x000000000262d800 Uncommon trap: reason=class_check action=maybe_recompile pc=0x0000000002992eb4 method=com.android.dx.cf.code.BytecodeArray.parseInstruction(ILcom/android/dx/cf/code/BytecodeArray$Visitor;)I @ 1287
Event: 2.421 Thread 0x0000000016255800 Uncommon trap: reason=unstable_if action=reinterpret pc=0x000000000297d3d8 method=com.android.dx.util.IntList.binarysearch(I)I @ 26
Event: 2.421 Thread 0x0000000016255800 Uncommon trap: reason=null_check action=make_not_entrant pc=0x0000000002906538 method=com.android.dx.rop.type.Type.equals(Ljava/lang/Object;)Z @ 8
Event: 2.421 Thread 0x0000000016255800 Uncommon trap: reason=unstable_if action=reinterpret pc=0x0000000002906a04 method=com.android.dx.cf.code.Ropper.labelToResultIndex(I)I @ 34
Event: 2.424 Thread 0x0000000016255800 Uncommon trap: reason=unstable_if action=reinterpret pc=0x0000000002a24b64 method=com.android.dx.util.LabeledList.set(ILcom/android/dx/util/LabeledItem;)V @ 16

Internal exceptions (3 events):
Event: 0.056 Thread 0x000000000262d800 Exception <a 'java/lang/NoSuchMethodError': Method sun.misc.Unsafe.defineClass(Ljava/lang/String;[BII)Ljava/lang/Class; name or signature does not match> (0x00000000eab07c78) thrown at [C:\src\android\AOSP-openjdk\external\jetbrains\jdk\hotspot\src\share\vFKZ@йд╛?
Event: 0.056 Thread 0x000000000262d800 Exception <a 'java/lang/NoSuchMethodError': Method sun.misc.Unsafe.prefetchRead(Ljava/lang/Object;J)V name or signature does not match> (0x00000000eab07f60) thrown at [C:\src\android\AOSP-openjdk\external\jetbrains\jdk\hotspot\src\share\vm\prims\jni.cpp, l4Ч?^@
Event: 2.421 Thread 0x0000000016255800 Implicit null exception at 0x0000000002906422 to 0x0000000002906529

Events (10 events):
Event: 2.443 Thread 0x0000000016254000 DEOPT PACKING pc=0x0000000002a36682 sp=0x0000000016dde850
Event: 2.443 Thread 0x0000000016254000 DEOPT UNPACKING pc=0x00000000026775bf sp=0x0000000016dde5b8 mode 0
Event: 2.444 Thread 0x0000000016254000 DEOPT PACKING pc=0x0000000002a36682 sp=0x0000000016dde850
Event: 2.444 Thread 0x0000000016254000 DEOPT UNPACKING pc=0x00000000026775bf sp=0x0000000016dde5b8 mode 0
Event: 2.444 Thread 0x0000000016254000 DEOPT PACKING pc=0x0000000002a36682 sp=0x0000000016dde850
Event: 2.444 Thread 0x0000000016254000 DEOPT UNPACKING pc=0x00000000026775bf sp=0x0000000016dde5b8 mode 0
Event: 2.444 Thread 0x0000000016254000 DEOPT PACKING pc=0x0000000002a36682 sp=0x0000000016dde850
Event: 2.444 Thread 0x0000000016254000 DEOPT UNPACKING pc=0x00000000026775bf sp=0x0000000016dde5b8 mode 0
Event: 2.444 Thread 0x0000000016254000 DEOPT PACKING pc=0x0000000002a36682 sp=0x0000000016dde850
Event: 2.444 Thread 0x0000000016254000 DEOPT UNPACKING pc=0x00000000026775bf sp=0x0000000016dde5b8 mode 0


Dynamic libraries:
0x00007ff636230000 - 0x00007ff636261000 	D:\Program Files\Android\Android Studio\jre\bin\java.exe
0x00007fffec7f0000 - 0x00007fffec9c1000 	C:\WINDOWS\SYSTEM32\ntdll.dll
0x00007fffeb1d0000 - 0x00007fffeb27c000 	C:\WINDOWS\System32\KERNEL32.DLL
0x00007fffe96e0000 - 0x00007fffe98fd000 	C:\WINDOWS\System32\KERNELBASE.dll
0x00007fffe9e60000 - 0x00007fffe9f02000 	C:\WINDOWS\System32\ADVAPI32.dll
0x00007fffeaaa0000 - 0x00007fffeab3e000 	C:\WINDOWS\System32\msvcrt.dll
0x00007fffec790000 - 0x00007fffec7e9000 	C:\WINDOWS\System32\sechost.dll
0x00007fffea970000 - 0x00007fffeaa91000 	C:\WINDOWS\System32\RPCRT4.dll
0x00007fffeac40000 - 0x00007fffeada5000 	C:\WINDOWS\System32\USER32.dll
0x00007fffe9d10000 - 0x00007fffe9d2e000 	C:\WINDOWS\System32\win32u.dll
0x00007fffea180000 - 0x00007fffea1b4000 	C:\WINDOWS\System32\GDI32.dll
0x00007fffe9b80000 - 0x00007fffe9d02000 	C:\WINDOWS\System32\gdi32full.dll
0x00007fffe41c0000 - 0x00007fffe443a000 	C:\WINDOWS\WinSxS\amd64_microsoft.windows.common-controls_6595b64144ccf1df_6.0.14393.953_none_42151e83c686086b\COMCTL32.dll
0x00007fffea600000 - 0x00007fffea8c8000 	C:\WINDOWS\System32\combase.dll
0x00007fffe8ce0000 - 0x00007fffe8dd5000 	C:\WINDOWS\System32\ucrtbase.dll
0x00007fffe9670000 - 0x00007fffe96da000 	C:\WINDOWS\System32\bcryptPrimitives.dll
0x00007fffe9da0000 - 0x00007fffe9dce000 	C:\WINDOWS\System32\IMM32.DLL
0x0000000063d40000 - 0x0000000063e12000 	D:\Program Files\Android\Android Studio\jre\jre\bin\msvcr100.dll
0x0000000062840000 - 0x000000006307c000 	D:\Program Files\Android\Android Studio\jre\jre\bin\server\jvm.dll
0x00007fffe9e40000 - 0x00007fffe9e48000 	C:\WINDOWS\System32\PSAPI.DLL
0x00007fffdc320000 - 0x00007fffdc329000 	C:\WINDOWS\SYSTEM32\WSOCK32.dll
0x00007fffea110000 - 0x00007fffea17a000 	C:\WINDOWS\System32\WS2_32.dll
0x00007fffe6c20000 - 0x00007fffe6c43000 	C:\WINDOWS\SYSTEM32\WINMM.dll
0x00007fffe4cf0000 - 0x00007fffe4cfa000 	C:\WINDOWS\SYSTEM32\VERSION.dll
0x00007fffe6b00000 - 0x00007fffe6b2b000 	C:\WINDOWS\SYSTEM32\WINMMBASE.dll
0x00007fffe9d30000 - 0x00007fffe9d72000 	C:\WINDOWS\System32\cfgmgr32.dll
0x00007fffe63d0000 - 0x00007fffe63df000 	D:\Program Files\Android\Android Studio\jre\jre\bin\verify.dll
0x00007fffdde50000 - 0x00007fffdde79000 	D:\Program Files\Android\Android Studio\jre\jre\bin\java.dll
0x00007fffe3930000 - 0x00007fffe3946000 	D:\Program Files\Android\Android Studio\jre\jre\bin\zip.dll
0x00007fffeb280000 - 0x00007fffec788000 	C:\WINDOWS\System32\SHELL32.dll
0x00007fffe8e80000 - 0x00007fffe955a000 	C:\WINDOWS\System32\windows.storage.dll
0x00007fffe8c50000 - 0x00007fffe8c9c000 	C:\WINDOWS\System32\powrprof.dll
0x00007fffea050000 - 0x00007fffea0a2000 	C:\WINDOWS\System32\shlwapi.dll
0x00007fffe8cd0000 - 0x00007fffe8cdf000 	C:\WINDOWS\System32\kernel.appcore.dll
0x00007fffe9560000 - 0x00007fffe9609000 	C:\WINDOWS\System32\shcore.dll
0x00007fffe8ca0000 - 0x00007fffe8cb4000 	C:\WINDOWS\System32\profapi.dll

VM Arguments:
jvm_args: -Djava.awt.headless=true -Xmx1024M -Dfile.encoding=GBK -Duser.country=CN -Duser.language=zh -Duser.variant 
java_command: com.android.dx.command.Main --dex --force-jumbo --num-threads=4 --multi-dex --output D:\musicbean\app\build\intermediates\transforms\dex\baidu\debug\folders\1000\5\slice_3 D:\musicbean\app\build\intermediates\transforms\instantRunSlicer\baidu\debug\folders\1\5\slice_3
java_class_path (initial): D:\SDK\build-tools\25.0.0\lib\dx.jar
Launcher Type: SUN_STANDARD

Environment Variables:
JAVA_HOME=C:\Program Files\Java\jdk1.8.0_101
CLASSPATH=.;C:\Program Files\Java\jdk1.8.0_101\lib;
PATH=C:\ProgramData\Oracle\Java\javapath;C:\WINDOWS\system32;C:\WINDOWS;C:\WINDOWS\System32\Wbem;C:\WINDOWS\System32\WindowsPowerShell\v1.0\;C:\Program Files\Java\jdk1.8.0_101\bin;C:\Program Files\Java\jdk1.8.0_101\jre\bin;D:\Git\cmd;C:\Users\Administrator\AppData\Local\Microsoft\WindowsApps;
USERNAME=Administrator
OS=Windows_NT
PROCESSOR_IDENTIFIER=Intel64 Family 6 Model 94 Stepping 3, GenuineIntel



---------------  S Y S T E M  ---------------

OS: Windows 10.0 , 64 bit Build 14393 (10.0.14393.1198)

CPU:total 4 (4 cores per cpu, 1 threads per core) family 6 model 94 stepping 3, cmov, cx8, fxsr, mmx, sse, sse2, sse3, ssse3, sse4.1, sse4.2, popcnt, avx, avx2, aes, clmul, erms, rtm, 3dnowpref, lzcnt, tsc, tscinvbit, bmi1, bmi2, adx

Memory: 4k page, physical 8299524k(2377316k free), swap 14749720k(4152k free)

vm_info: OpenJDK 64-Bit Server VM (25.112-b06) for windows-amd64 JRE (1.8.0_112-release-b06), built on Dec  8 2016 00:54:26 by "builder" with MS VC++ 10.0 (VS2010)

time: Fri May 19 09:49:53 2017
elapsed time: 2 seconds (0d 0h 0m 2s)

