#
# There is insufficient memory for the Java Runtime Environment to continue.
# Native memory allocation (malloc) failed to allocate 377296 bytes for Chunk::new
# Possible reasons:
#   The system is out of physical RAM or swap space
#   In 32 bit mode, the process size limit was hit
# Possible solutions:
#   Reduce memory load on the system
#   Increase physical memory or swap space
#   Check if swap backing store is full
#   Use 64 bit Java on a 64 bit OS
#   Decrease Java heap size (-Xmx/-Xms)
#   Decrease number of Java threads
#   Decrease Java thread stack sizes (-Xss)
#   Set larger code cache with -XX:ReservedCodeCacheSize=
# This output file may be truncated or incomplete.
#
#  Out of Memory Error (allocation.cpp:390), pid=14644, tid=0x0000000000001900
#
# JRE version: OpenJDK Runtime Environment (8.0_112-b06) (build 1.8.0_112-release-b06)
# Java VM: OpenJDK 64-Bit Server VM (25.112-b06 mixed mode windows-amd64 compressed oops)
# Failed to write core dump. Minidumps are not enabled by default on client versions of Windows
#

---------------  T H R E A D  ---------------

Current thread (0x000000001500e000):  JavaThread "C2 CompilerThread1" daemon [_thread_in_native, id=6400, stack(0x0000000016a00000,0x0000000016b00000)]

Stack: [0x0000000016a00000,0x0000000016b00000]
[error occurred during error reporting (printing stack bounds), id 0xc0000005]

Native frames: (J=compiled Java code, j=interpreted, Vv=VM code, C=native code)


Current CompileTask:
C2:  11823 2399       4       com.android.dx.rop.cst.CstBaseMethodRef::getPrototype (41 bytes)


---------------  P R O C E S S  ---------------

Java Threads: ( => current thread )
  0x000000001646a000 JavaThread "pool-1-thread-1" [_thread_in_Java, id=3528, stack(0x0000000018ad0000,0x0000000018bd0000)]
  0x000000001635c000 JavaThread "Service Thread" daemon [_thread_blocked, id=5764, stack(0x0000000016c00000,0x0000000016d00000)]
  0x0000000016353000 JavaThread "C1 CompilerThread2" daemon [_thread_blocked, id=15104, stack(0x0000000016b00000,0x0000000016c00000)]
=>0x000000001500e000 JavaThread "C2 CompilerThread1" daemon [_thread_in_native, id=6400, stack(0x0000000016a00000,0x0000000016b00000)]
  0x0000000014fc0000 JavaThread "C2 CompilerThread0" daemon [_thread_in_native, id=8752, stack(0x0000000016900000,0x0000000016a00000)]
  0x0000000015007800 JavaThread "Attach Listener" daemon [_thread_blocked, id=3316, stack(0x0000000016800000,0x0000000016900000)]
  0x0000000016308800 JavaThread "Signal Dispatcher" daemon [_thread_blocked, id=15328, stack(0x0000000016700000,0x0000000016800000)]
  0x00000000028d5800 JavaThread "Finalizer" daemon [_thread_blocked, id=7964, stack(0x0000000016200000,0x0000000016300000)]
  0x00000000028d0000 JavaThread "Reference Handler" daemon [_thread_blocked, id=8012, stack(0x0000000016100000,0x0000000016200000)]
  0x00000000025dd800 JavaThread "main" [_thread_blocked, id=3784, stack(0x00000000025e0000,0x00000000026e0000)]

Other Threads:
  0x0000000014f74800 VMThread [stack: 0x0000000016000000,0x0000000016100000] [id=11232]
  0x000000001635e000 WatcherThread [stack: 0x0000000016d00000,0x0000000016e00000] [id=3960]

VM state:not at safepoint (normal execution)

VM Mutex/Monitor currently owned by a thread: None

Heap:
 PSYoungGen      total 172544K, used 110065K [0x00000000eab00000, 0x00000000fae00000, 0x0000000100000000)
  eden space 122880K, 49% used [0x00000000eab00000,0x00000000ee600c88,0x00000000f2300000)
  from space 49664K, 99% used [0x00000000f7d80000,0x00000000fadfbad8,0x00000000fae00000)
  to   space 35328K, 0% used [0x00000000f2300000,0x00000000f2300000,0x00000000f4580000)
 ParOldGen       total 123904K, used 75968K [0x00000000c0000000, 0x00000000c7900000, 0x00000000eab00000)
  object space 123904K, 61% used [0x00000000c0000000,0x00000000c4a30060,0x00000000c7900000)
 Metaspace       used 6310K, capacity 7344K, committed 7552K, reserved 1056768K
  class space    used 585K, capacity 616K, committed 640K, reserved 1048576K

Card table byte_map: [0x0000000011ca0000,0x0000000011eb0000] byte_map_base: 0x00000000116a0000

Marking Bits: (ParMarkBitMap*) 0x00000000630018f0
 Begin Bits: [0x0000000012410000, 0x0000000013410000)
 End Bits:   [0x0000000013410000, 0x0000000014410000)

Polling page: 0x00000000009b0000

CodeCache: size=245760Kb used=11500Kb max_used=11500Kb free=234259Kb
 bounds [0x00000000028e0000, 0x0000000003430000, 0x00000000118e0000]
 total_blobs=2634 nmethods=2369 adapters=178
 compilation: enabled

Compilation events (10 events):
Event: 11.784 Thread 0x0000000016353000 nmethod 2405 0x0000000003412f50 code [0x00000000034130a0, 0x00000000034131b0]
Event: 11.785 Thread 0x0000000014fc0000 2406       4       com.android.dx.dex.code.InsnFormat::write (15 bytes)
Event: 11.787 Thread 0x0000000014fc0000 nmethod 2406 0x0000000003423a50 code [0x0000000003423ba0, 0x0000000003423d58]
Event: 11.787 Thread 0x0000000014fc0000 2407       4       com.android.dx.dex.code.InsnFormat::makeByte (42 bytes)
Event: 11.788 Thread 0x0000000014fc0000 nmethod 2407 0x00000000033d4690 code [0x00000000033d47c0, 0x00000000033d4858]
Event: 11.788 Thread 0x0000000014fc0000 2408       4       com.android.dx.dex.code.form.Form35c::wordCount (74 bytes)
Event: 11.790 Thread 0x0000000014fc0000 nmethod 2408 0x0000000003421e90 code [0x0000000003421fe0, 0x0000000003422238]
Event: 11.791 Thread 0x0000000014fc0000 2409       4       com.android.dx.rop.type.StdTypeList::getWordCount (33 bytes)
Event: 11.792 Thread 0x0000000014fc0000 nmethod 2409 0x0000000003421a90 code [0x0000000003421be0, 0x0000000003421d18]
Event: 11.792 Thread 0x0000000014fc0000 2410 %     4       com.android.dx.dex.code.DalvInsnList::getOutsSize @ 9 (105 bytes)

GC Heap History (10 events):
Event: 6.137 GC heap before
{Heap before GC invocations=5 (full 0):
 PSYoungGen      total 71680K, used 71675K [0x00000000eab00000, 0x00000000ef600000, 0x0000000100000000)
  eden space 66560K, 100% used [0x00000000eab00000,0x00000000eec00000,0x00000000eec00000)
  from space 5120K, 99% used [0x00000000ef100000,0x00000000ef5fed30,0x00000000ef600000)
  to   space 5120K, 0% used [0x00000000eec00000,0x00000000eec00000,0x00000000ef100000)
 ParOldGen       total 87552K, used 47267K [0x00000000c0000000, 0x00000000c5580000, 0x00000000eab00000)
  object space 87552K, 53% used [0x00000000c0000000,0x00000000c2e28e98,0x00000000c5580000)
 Metaspace       used 5815K, capacity 6896K, committed 7040K, reserved 1056768K
  class space    used 561K, capacity 616K, committed 640K, reserved 1048576K
Event: 6.171 GC heap after
Heap after GC invocations=5 (full 0):
 PSYoungGen      total 71680K, used 5090K [0x00000000eab00000, 0x00000000f7100000, 0x0000000100000000)
  eden space 66560K, 0% used [0x00000000eab00000,0x00000000eab00000,0x00000000eec00000)
  from space 5120K, 99% used [0x00000000eec00000,0x00000000ef0f8800,0x00000000ef100000)
  to   space 34816K, 0% used [0x00000000f4f00000,0x00000000f4f00000,0x00000000f7100000)
 ParOldGen       total 87552K, used 78440K [0x00000000c0000000, 0x00000000c5580000, 0x00000000eab00000)
  object space 87552K, 89% used [0x00000000c0000000,0x00000000c4c9a040,0x00000000c5580000)
 Metaspace       used 5815K, capacity 6896K, committed 7040K, reserved 1056768K
  class space    used 561K, capacity 616K, committed 640K, reserved 1048576K
}
Event: 6.171 GC heap before
{Heap before GC invocations=6 (full 1):
 PSYoungGen      total 71680K, used 5090K [0x00000000eab00000, 0x00000000f7100000, 0x0000000100000000)
  eden space 66560K, 0% used [0x00000000eab00000,0x00000000eab00000,0x00000000eec00000)
  from space 5120K, 99% used [0x00000000eec00000,0x00000000ef0f8800,0x00000000ef100000)
  to   space 34816K, 0% used [0x00000000f4f00000,0x00000000f4f00000,0x00000000f7100000)
 ParOldGen       total 87552K, used 78440K [0x00000000c0000000, 0x00000000c5580000, 0x00000000eab00000)
  object space 87552K, 89% used [0x00000000c0000000,0x00000000c4c9a040,0x00000000c5580000)
 Metaspace       used 5815K, capacity 6896K, committed 7040K, reserved 1056768K
  class space    used 561K, capacity 616K, committed 640K, reserved 1048576K
Event: 6.759 GC heap after
Heap after GC invocations=6 (full 1):
 PSYoungGen      total 71680K, used 0K [0x00000000eab00000, 0x00000000f7100000, 0x0000000100000000)
  eden space 66560K, 0% used [0x00000000eab00000,0x00000000eab00000,0x00000000eec00000)
  from space 5120K, 0% used [0x00000000eec00000,0x00000000eec00000,0x00000000ef100000)
  to   space 34816K, 0% used [0x00000000f4f00000,0x00000000f4f00000,0x00000000f7100000)
 ParOldGen       total 123904K, used 43979K [0x00000000c0000000, 0x00000000c7900000, 0x00000000eab00000)
  object space 123904K, 35% used [0x00000000c0000000,0x00000000c2af2c70,0x00000000c7900000)
 Metaspace       used 5815K, capacity 6896K, committed 7040K, reserved 1056768K
  class space    used 561K, capacity 616K, committed 640K, reserved 1048576K
}
Event: 7.120 GC heap before
{Heap before GC invocations=7 (full 1):
 PSYoungGen      total 71680K, used 66560K [0x00000000eab00000, 0x00000000f7100000, 0x0000000100000000)
  eden space 66560K, 100% used [0x00000000eab00000,0x00000000eec00000,0x00000000eec00000)
  from space 5120K, 0% used [0x00000000eec00000,0x00000000eec00000,0x00000000ef100000)
  to   space 34816K, 0% used [0x00000000f4f00000,0x00000000f4f00000,0x00000000f7100000)
 ParOldGen       total 123904K, used 43979K [0x00000000c0000000, 0x00000000c7900000, 0x00000000eab00000)
  object space 123904K, 35% used [0x00000000c0000000,0x00000000c2af2c70,0x00000000c7900000)
 Metaspace       used 5841K, capacity 6960K, committed 7040K, reserved 1056768K
  class space    used 561K, capacity 616K, committed 640K, reserved 1048576K
Event: 7.270 GC heap after
Heap after GC invocations=7 (full 1):
 PSYoungGen      total 128000K, used 25546K [0x00000000eab00000, 0x00000000f6800000, 0x0000000100000000)
  eden space 102400K, 0% used [0x00000000eab00000,0x00000000eab00000,0x00000000f0f00000)
  from space 25600K, 99% used [0x00000000f4f00000,0x00000000f67f29c0,0x00000000f6800000)
  to   space 35328K, 0% used [0x00000000f2300000,0x00000000f2300000,0x00000000f4580000)
 ParOldGen       total 123904K, used 43979K [0x00000000c0000000, 0x00000000c7900000, 0x00000000eab00000)
  object space 123904K, 35% used [0x00000000c0000000,0x00000000c2af2c70,0x00000000c7900000)
 Metaspace       used 5841K, capacity 6960K, committed 7040K, reserved 1056768K
  class space    used 561K, capacity 616K, committed 640K, reserved 1048576K
}
Event: 8.046 GC heap before
{Heap before GC invocations=8 (full 1):
 PSYoungGen      total 128000K, used 127946K [0x00000000eab00000, 0x00000000f6800000, 0x0000000100000000)
  eden space 102400K, 100% used [0x00000000eab00000,0x00000000f0f00000,0x00000000f0f00000)
  from space 25600K, 99% used [0x00000000f4f00000,0x00000000f67f29c0,0x00000000f6800000)
  to   space 35328K, 0% used [0x00000000f2300000,0x00000000f2300000,0x00000000f4580000)
 ParOldGen       total 123904K, used 43979K [0x00000000c0000000, 0x00000000c7900000, 0x00000000eab00000)
  object space 123904K, 35% used [0x00000000c0000000,0x00000000c2af2c70,0x00000000c7900000)
 Metaspace       used 5861K, capacity 6960K, committed 7040K, reserved 1056768K
  class space    used 561K, capacity 616K, committed 640K, reserved 1048576K
Event: 8.326 GC heap after
Heap after GC invocations=8 (full 1):
 PSYoungGen      total 158208K, used 35307K [0x00000000eab00000, 0x00000000fae00000, 0x0000000100000000)
  eden space 122880K, 0% used [0x00000000eab00000,0x00000000eab00000,0x00000000f2300000)
  from space 35328K, 99% used [0x00000000f2300000,0x00000000f457af50,0x00000000f4580000)
  to   space 49664K, 0% used [0x00000000f7d80000,0x00000000f7d80000,0x00000000fae00000)
 ParOldGen       total 123904K, used 62689K [0x00000000c0000000, 0x00000000c7900000, 0x00000000eab00000)
  object space 123904K, 50% used [0x00000000c0000000,0x00000000c3d38490,0x00000000c7900000)
 Metaspace       used 5861K, capacity 6960K, committed 7040K, reserved 1056768K
  class space    used 561K, capacity 616K, committed 640K, reserved 1048576K
}
Event: 9.102 GC heap before
{Heap before GC invocations=9 (full 1):
 PSYoungGen      total 158208K, used 158187K [0x00000000eab00000, 0x00000000fae00000, 0x0000000100000000)
  eden space 122880K, 100% used [0x00000000eab00000,0x00000000f2300000,0x00000000f2300000)
  from space 35328K, 99% used [0x00000000f2300000,0x00000000f457af50,0x00000000f4580000)
  to   space 49664K, 0% used [0x00000000f7d80000,0x00000000f7d80000,0x00000000fae00000)
 ParOldGen       total 123904K, used 62689K [0x00000000c0000000, 0x00000000c7900000, 0x00000000eab00000)
  object space 123904K, 50% used [0x00000000c0000000,0x00000000c3d38490,0x00000000c7900000)
 Metaspace       used 5919K, capacity 7024K, committed 7296K, reserved 1056768K
  class space    used 564K, capacity 616K, committed 640K, reserved 1048576K
Event: 9.434 GC heap after
Heap after GC invocations=9 (full 1):
 PSYoungGen      total 172544K, used 49646K [0x00000000eab00000, 0x00000000fae00000, 0x0000000100000000)
  eden space 122880K, 0% used [0x00000000eab00000,0x00000000eab00000,0x00000000f2300000)
  from space 49664K, 99% used [0x00000000f7d80000,0x00000000fadfbad8,0x00000000fae00000)
  to   space 35328K, 0% used [0x00000000f2300000,0x00000000f2300000,0x00000000f4580000)
 ParOldGen       total 123904K, used 75968K [0x00000000c0000000, 0x00000000c7900000, 0x00000000eab00000)
  object space 123904K, 61% used [0x00000000c0000000,0x00000000c4a30060,0x00000000c7900000)
 Metaspace       used 5919K, capacity 7024K, committed 7296K, reserved 1056768K
  class space    used 564K, capacity 616K, committed 640K, reserved 1048576K
}

Deoptimization events (10 events):
Event: 10.927 Thread 0x000000001646a000 Uncommon trap: reason=unstable_if action=reinterpret pc=0x0000000003197894 method=java.util.TreeMap.put(Ljava/lang/Object;Ljava/lang/Object;)Ljava/lang/Object; @ 163
Event: 11.467 Thread 0x000000001646a000 Uncommon trap: reason=class_check action=maybe_recompile pc=0x0000000003378398 method=com.android.dx.dex.code.OutputFinisher.massageInstructions([Lcom/android/dx/dex/code/Dop;)V @ 63
Event: 11.469 Thread 0x000000001646a000 Uncommon trap: reason=class_check action=maybe_recompile pc=0x0000000003378398 method=com.android.dx.dex.code.OutputFinisher.massageInstructions([Lcom/android/dx/dex/code/Dop;)V @ 63
Event: 11.470 Thread 0x000000001646a000 Uncommon trap: reason=class_check action=maybe_recompile pc=0x0000000003378398 method=com.android.dx.dex.code.OutputFinisher.massageInstructions([Lcom/android/dx/dex/code/Dop;)V @ 63
Event: 11.490 Thread 0x000000001646a000 Uncommon trap: reason=unstable_if action=reinterpret pc=0x00000000033731b8 method=com.android.dx.dex.code.Dops.getNextOrNull(Lcom/android/dx/dex/code/Dop;Lcom/android/dx/dex/DexOptions;)Lcom/android/dx/dex/code/Dop; @ 7
Event: 11.490 Thread 0x000000001646a000 Uncommon trap: reason=unstable_if action=reinterpret pc=0x0000000003376760 method=com.android.dx.dex.code.InsnFormat.unsignedFitsInNibble(I)Z @ 5
Event: 11.490 Thread 0x000000001646a000 Uncommon trap: reason=unstable_if action=reinterpret pc=0x00000000032faccc method=com.android.dx.dex.code.OutputFinisher.findOpcodeForInsn(Lcom/android/dx/dex/code/DalvInsn;Lcom/android/dx/dex/code/Dop;)Lcom/android/dx/dex/code/Dop; @ 1
Event: 11.492 Thread 0x000000001646a000 Uncommon trap: reason=unstable_if action=reinterpret pc=0x000000000336b794 method=com.android.dx.dex.code.OutputFinisher.findOpcodeForInsn(Lcom/android/dx/dex/code/DalvInsn;Lcom/android/dx/dex/code/Dop;)Lcom/android/dx/dex/code/Dop; @ 1
Event: 11.494 Thread 0x000000001646a000 Uncommon trap: reason=class_check action=maybe_recompile pc=0x0000000003378398 method=com.android.dx.dex.code.OutputFinisher.massageInstructions([Lcom/android/dx/dex/code/Dop;)V @ 63
Event: 11.593 Thread 0x000000001646a000 Uncommon trap: reason=unstable_if action=reinterpret pc=0x00000000033d5c84 method=com.android.dx.util.ByteArrayAnnotatedOutput.writeByte(I)V @ 13

Internal exceptions (4 events):
Event: 0.306 Thread 0x00000000025dd800 Exception <a 'java/lang/NoSuchMethodError': Method sun.misc.Unsafe.defineClass(Ljava/lang/String;[BII)Ljava/lang/Class; name or signature does not match> (0x00000000eab07c78) thrown at [C:\src\android\AOSP-openjdk\external\jetbrains\jdk\hotspot\src\share\v@Ì A„ú”?
Event: 0.306 Thread 0x00000000025dd800 Exception <a 'java/lang/NoSuchMethodError': Method sun.misc.Unsafe.prefetchRead(Ljava/lang/Object;J)V name or signature does not match> (0x00000000eab07f60) thrown at [C:\src\android\AOSP-openjdk\external\jetbrains\jdk\hotspot\src\share\vm\prims\jni.cpp, lMÖ«‡ùÀˇ?
Event: 1.987 Thread 0x0000000016460000 Implicit null exception at 0x0000000002bb2222 to 0x0000000002bb2329
Event: 6.947 Thread 0x000000001656f800 Implicit null exception at 0x0000000002f3f0c7 to 0x0000000002f404d5

Events (10 events):
Event: 11.521 loading class com/android/dex/EncodedValueCodec done
Event: 11.523 loading class com/android/dx/dex/file/MapItem
Event: 11.523 loading class com/android/dx/dex/file/MapItem done
Event: 11.524 loading class com/android/dx/dex/file/UniformListItem
Event: 11.524 loading class com/android/dx/dex/file/UniformListItem done
Event: 11.525 loading class com/android/dex/DexFormat
Event: 11.525 loading class com/android/dex/DexFormat done
Event: 11.593 Thread 0x000000001646a000 Uncommon trap: trap_request=0xffffff65 fr.pc=0x00000000033d5c84
Event: 11.593 Thread 0x000000001646a000 DEOPT PACKING pc=0x00000000033d5c84 sp=0x0000000018bcef60
Event: 11.593 Thread 0x000000001646a000 DEOPT UNPACKING pc=0x000000000292556a sp=0x0000000018bcef18 mode 2


Dynamic libraries:
0x00007ff636230000 - 0x00007ff636261000 	D:\Program Files\Android\Android Studio\jre\bin\java.exe
0x00007fffec7f0000 - 0x00007fffec9c1000 	C:\WINDOWS\SYSTEM32\ntdll.dll
0x00007fffeb1d0000 - 0x00007fffeb27c000 	C:\WINDOWS\System32\KERNEL32.DLL
0x00007fffe96e0000 - 0x00007fffe98fd000 	C:\WINDOWS\System32\KERNELBASE.dll
0x00007fffe9e60000 - 0x00007fffe9f02000 	C:\WINDOWS\System32\ADVAPI32.dll
0x00007fffeaaa0000 - 0x00007fffeab3e000 	C:\WINDOWS\System32\msvcrt.dll
0x00007fffec790000 - 0x00007fffec7e9000 	C:\WINDOWS\System32\sechost.dll
0x00007fffea970000 - 0x00007fffeaa91000 	C:\WINDOWS\System32\RPCRT4.dll
0x00007fffeac40000 - 0x00007fffeada5000 	C:\WINDOWS\System32\USER32.dll
0x00007fffe9d10000 - 0x00007fffe9d2e000 	C:\WINDOWS\System32\win32u.dll
0x00007fffea180000 - 0x00007fffea1b4000 	C:\WINDOWS\System32\GDI32.dll
0x00007fffe9b80000 - 0x00007fffe9d02000 	C:\WINDOWS\System32\gdi32full.dll
0x00007fffe41c0000 - 0x00007fffe443a000 	C:\WINDOWS\WinSxS\amd64_microsoft.windows.common-controls_6595b64144ccf1df_6.0.14393.953_none_42151e83c686086b\COMCTL32.dll
0x00007fffea600000 - 0x00007fffea8c8000 	C:\WINDOWS\System32\combase.dll
0x00007fffe8ce0000 - 0x00007fffe8dd5000 	C:\WINDOWS\System32\ucrtbase.dll
0x00007fffe9670000 - 0x00007fffe96da000 	C:\WINDOWS\System32\bcryptPrimitives.dll
0x00007fffe9da0000 - 0x00007fffe9dce000 	C:\WINDOWS\System32\IMM32.DLL
0x0000000063530000 - 0x0000000063602000 	D:\Program Files\Android\Android Studio\jre\jre\bin\msvcr100.dll
0x0000000062840000 - 0x000000006307c000 	D:\Program Files\Android\Android Studio\jre\jre\bin\server\jvm.dll
0x00007fffe9e40000 - 0x00007fffe9e48000 	C:\WINDOWS\System32\PSAPI.DLL
0x00007fffdc320000 - 0x00007fffdc329000 	C:\WINDOWS\SYSTEM32\WSOCK32.dll
0x00007fffea110000 - 0x00007fffea17a000 	C:\WINDOWS\System32\WS2_32.dll
0x00007fffe6c20000 - 0x00007fffe6c43000 	C:\WINDOWS\SYSTEM32\WINMM.dll
0x00007fffe4cf0000 - 0x00007fffe4cfa000 	C:\WINDOWS\SYSTEM32\VERSION.dll
0x00007fffe6b00000 - 0x00007fffe6b2b000 	C:\WINDOWS\SYSTEM32\WINMMBASE.dll
0x00007fffe9d30000 - 0x00007fffe9d72000 	C:\WINDOWS\System32\cfgmgr32.dll
0x00007fffe63d0000 - 0x00007fffe63df000 	D:\Program Files\Android\Android Studio\jre\jre\bin\verify.dll
0x00007fffdde50000 - 0x00007fffdde79000 	D:\Program Files\Android\Android Studio\jre\jre\bin\java.dll
0x00007fffe3930000 - 0x00007fffe3946000 	D:\Program Files\Android\Android Studio\jre\jre\bin\zip.dll
0x00007fffeb280000 - 0x00007fffec788000 	C:\WINDOWS\System32\SHELL32.dll
0x00007fffe8e80000 - 0x00007fffe955a000 	C:\WINDOWS\System32\windows.storage.dll
0x00007fffe8c50000 - 0x00007fffe8c9c000 	C:\WINDOWS\System32\powrprof.dll
0x00007fffea050000 - 0x00007fffea0a2000 	C:\WINDOWS\System32\shlwapi.dll
0x00007fffe8cd0000 - 0x00007fffe8cdf000 	C:\WINDOWS\System32\kernel.appcore.dll
0x00007fffe9560000 - 0x00007fffe9609000 	C:\WINDOWS\System32\shcore.dll
0x00007fffe8ca0000 - 0x00007fffe8cb4000 	C:\WINDOWS\System32\profapi.dll

VM Arguments:
jvm_args: -Djava.awt.headless=true -Xmx1024M -Dfile.encoding=GBK -Duser.country=CN -Duser.language=zh -Duser.variant 
java_command: com.android.dx.command.Main --dex --force-jumbo --num-threads=4 --multi-dex --output D:\musicbean\app\build\intermediates\transforms\dex\baidu\debug\folders\1000\5\slice_3 D:\musicbean\app\build\intermediates\transforms\instantRunSlicer\baidu\debug\folders\1\5\slice_3
java_class_path (initial): D:\SDK\build-tools\25.0.0\lib\dx.jar
Launcher Type: SUN_STANDARD

Environment Variables:
JAVA_HOME=C:\Program Files\Java\jdk1.8.0_101
CLASSPATH=.;C:\Program Files\Java\jdk1.8.0_101\lib;
PATH=C:\ProgramData\Oracle\Java\javapath;C:\WINDOWS\system32;C:\WINDOWS;C:\WINDOWS\System32\Wbem;C:\WINDOWS\System32\WindowsPowerShell\v1.0\;C:\Program Files\Java\jdk1.8.0_101\bin;C:\Program Files\Java\jdk1.8.0_101\jre\bin;D:\Git\cmd;C:\Users\Administrator\AppData\Local\Microsoft\WindowsApps;
USERNAME=Administrator
OS=Windows_NT
PROCESSOR_IDENTIFIER=Intel64 Family 6 Model 94 Stepping 3, GenuineIntel



---------------  S Y S T E M  ---------------

OS: Windows 10.0 , 64 bit Build 14393 (10.0.14393.1198)

CPU:total 4 (4 cores per cpu, 1 threads per core) family 6 model 94 stepping 3, cmov, cx8, fxsr, mmx, sse, sse2, sse3, ssse3, sse4.1, sse4.2, popcnt, avx, avx2, aes, clmul, erms, rtm, 3dnowpref, lzcnt, tsc, tscinvbit, bmi1, bmi2, adx

Memory: 4k page, physical 8299524k(1823008k free), swap 14749720k(5304k free)

vm_info: OpenJDK 64-Bit Server VM (25.112-b06) for windows-amd64 JRE (1.8.0_112-release-b06), built on Dec  8 2016 00:54:26 by "builder" with MS VC++ 10.0 (VS2010)

time: Tue May 16 10:57:36 2017
elapsed time: 11 seconds (0d 0h 0m 11s)

