#
# There is insufficient memory for the Java Runtime Environment to continue.
# Native memory allocation (malloc) failed to allocate 713856 bytes for Chunk::new
# Possible reasons:
#   The system is out of physical RAM or swap space
#   In 32 bit mode, the process size limit was hit
# Possible solutions:
#   Reduce memory load on the system
#   Increase physical memory or swap space
#   Check if swap backing store is full
#   Use 64 bit Java on a 64 bit OS
#   Decrease Java heap size (-Xmx/-Xms)
#   Decrease number of Java threads
#   Decrease Java thread stack sizes (-Xss)
#   Set larger code cache with -XX:ReservedCodeCacheSize=
# This output file may be truncated or incomplete.
#
#  Out of Memory Error (allocation.cpp:390), pid=33000, tid=0x0000000000008238
#
# JRE version: OpenJDK Runtime Environment (8.0_112-b06) (build 1.8.0_112-release-b06)
# Java VM: OpenJDK 64-Bit Server VM (25.112-b06 mixed mode windows-amd64 compressed oops)
# Failed to write core dump. Minidumps are not enabled by default on client versions of Windows
#

---------------  T H R E A D  ---------------

Current thread (0x0000000016343800):  JavaThread "C2 CompilerThread1" daemon [_thread_in_native, id=33336, stack(0x00000000169f0000,0x0000000016af0000)]

Stack: [0x00000000169f0000,0x0000000016af0000]
[error occurred during error reporting (printing stack bounds), id 0xc0000005]

Native frames: (J=compiled Java code, j=interpreted, Vv=VM code, C=native code)


Current CompileTask:
C2:   3109 1277       4       com.android.dx.rop.code.Rops::ropFor (771 bytes)


---------------  P R O C E S S  ---------------

Java Threads: ( => current thread )
  0x000000001655b000 JavaThread "pool-2-thread-4" [_thread_in_Java, id=33288, stack(0x00000000171f0000,0x00000000172f0000)]
  0x0000000016559800 JavaThread "pool-2-thread-3" [_thread_blocked, id=33392, stack(0x00000000170f0000,0x00000000171f0000)]
  0x0000000016456000 JavaThread "pool-2-thread-2" [_thread_blocked, id=32168, stack(0x0000000016ff0000,0x00000000170f0000)]
  0x000000001645a000 JavaThread "pool-3-thread-1" [_thread_blocked, id=33608, stack(0x0000000016ef0000,0x0000000016ff0000)]
  0x000000001644c800 JavaThread "pool-2-thread-1" [_thread_blocked, id=33588, stack(0x0000000016df0000,0x0000000016ef0000)]
  0x000000001634e000 JavaThread "Service Thread" daemon [_thread_blocked, id=32384, stack(0x0000000016bf0000,0x0000000016cf0000)]
  0x0000000016346800 JavaThread "C1 CompilerThread2" daemon [_thread_in_native, id=29812, stack(0x0000000016af0000,0x0000000016bf0000)]
=>0x0000000016343800 JavaThread "C2 CompilerThread1" daemon [_thread_in_native, id=33336, stack(0x00000000169f0000,0x0000000016af0000)]
  0x0000000014f30000 JavaThread "C2 CompilerThread0" daemon [_thread_in_native, id=33340, stack(0x00000000168f0000,0x00000000169f0000)]
  0x0000000014f77800 JavaThread "Attach Listener" daemon [_thread_blocked, id=33508, stack(0x00000000167f0000,0x00000000168f0000)]
  0x00000000162f8800 JavaThread "Signal Dispatcher" daemon [_thread_blocked, id=33496, stack(0x00000000166f0000,0x00000000167f0000)]
  0x0000000002845800 JavaThread "Finalizer" daemon [_thread_blocked, id=33612, stack(0x0000000016190000,0x0000000016290000)]
  0x0000000002840000 JavaThread "Reference Handler" daemon [_thread_blocked, id=31368, stack(0x0000000016090000,0x0000000016190000)]
  0x000000000274d800 JavaThread "main" [_thread_blocked, id=33368, stack(0x0000000002600000,0x0000000002700000)]

Other Threads:
  0x0000000014ee4800 VMThread [stack: 0x0000000015f90000,0x0000000016090000] [id=33600]
  0x0000000016350000 WatcherThread [stack: 0x0000000016cf0000,0x0000000016df0000] [id=12012]

VM state:not at safepoint (normal execution)

VM Mutex/Monitor currently owned by a thread: None

Heap:
 PSYoungGen      total 38400K, used 11833K [0x00000000eab00000, 0x00000000ef600000, 0x0000000100000000)
  eden space 33280K, 20% used [0x00000000eab00000,0x00000000eb18f530,0x00000000ecb80000)
  from space 5120K, 99% used [0x00000000ecb80000,0x00000000ed07efd0,0x00000000ed080000)
  to   space 5120K, 0% used [0x00000000ef100000,0x00000000ef100000,0x00000000ef600000)
 ParOldGen       total 87552K, used 1972K [0x00000000c0000000, 0x00000000c5580000, 0x00000000eab00000)
  object space 87552K, 2% used [0x00000000c0000000,0x00000000c01ed140,0x00000000c5580000)
 Metaspace       used 5817K, capacity 6896K, committed 7040K, reserved 1056768K
  class space    used 559K, capacity 616K, committed 640K, reserved 1048576K

Card table byte_map: [0x0000000011c10000,0x0000000011e20000] byte_map_base: 0x0000000011610000

Marking Bits: (ParMarkBitMap*) 0x00000000630018f0
 Begin Bits: [0x0000000012380000, 0x0000000013380000)
 End Bits:   [0x0000000013380000, 0x0000000014380000)

Polling page: 0x0000000000cd0000

CodeCache: size=245760Kb used=5466Kb max_used=5466Kb free=240293Kb
 bounds [0x0000000002850000, 0x0000000002db0000, 0x0000000011850000]
 total_blobs=1574 nmethods=1311 adapters=177
 compilation: enabled

Compilation events (10 events):
Event: 3.088 Thread 0x0000000016346800 1291       3       com.android.dx.ssa.SsaConverter::placePhiFunctions (394 bytes)
Event: 3.090 Thread 0x0000000016346800 nmethod 1291 0x0000000002d873d0 code [0x0000000002d87980, 0x0000000002d8afc8]
Event: 3.092 Thread 0x0000000016346800 1292       3       com.android.dx.ssa.SsaMethod::forEachBlockDepthFirstDom (128 bytes)
Event: 3.093 Thread 0x0000000016346800 nmethod 1292 0x0000000002d8e790 code [0x0000000002d8eae0, 0x0000000002d90c38]
Event: 3.094 Thread 0x0000000016346800 1294       3       com.android.dx.ssa.SsaMethod::makeExitBlock (134 bytes)
Event: 3.095 Thread 0x0000000016346800 nmethod 1294 0x0000000002d91f50 code [0x0000000002d921e0, 0x0000000002d931e8]
Event: 3.096 Thread 0x0000000016346800 1295       3       com.android.dx.ssa.SCCP::<init> (142 bytes)
Event: 3.096 Thread 0x0000000016346800 nmethod 1295 0x0000000002d93b10 code [0x0000000002d93d80, 0x0000000002d94ea8]
Event: 3.097 Thread 0x0000000016346800 1296       3       com.android.dx.ssa.SCCP::run (298 bytes)
Event: 3.099 Thread 0x0000000016346800 nmethod 1296 0x0000000002d95790 code [0x0000000002d95b80, 0x0000000002d97c48]

GC Heap History (2 events):
Event: 2.603 GC heap before
{Heap before GC invocations=1 (full 0):
 PSYoungGen      total 38400K, used 33280K [0x00000000eab00000, 0x00000000ed580000, 0x0000000100000000)
  eden space 33280K, 100% used [0x00000000eab00000,0x00000000ecb80000,0x00000000ecb80000)
  from space 5120K, 0% used [0x00000000ed080000,0x00000000ed080000,0x00000000ed580000)
  to   space 5120K, 0% used [0x00000000ecb80000,0x00000000ecb80000,0x00000000ed080000)
 ParOldGen       total 87552K, used 0K [0x00000000c0000000, 0x00000000c5580000, 0x00000000eab00000)
  object space 87552K, 0% used [0x00000000c0000000,0x00000000c0000000,0x00000000c5580000)
 Metaspace       used 5766K, capacity 6896K, committed 7040K, reserved 1056768K
  class space    used 559K, capacity 616K, committed 640K, reserved 1048576K
Event: 2.866 GC heap after
Heap after GC invocations=1 (full 0):
 PSYoungGen      total 38400K, used 5115K [0x00000000eab00000, 0x00000000ef600000, 0x0000000100000000)
  eden space 33280K, 0% used [0x00000000eab00000,0x00000000eab00000,0x00000000ecb80000)
  from space 5120K, 99% used [0x00000000ecb80000,0x00000000ed07efd0,0x00000000ed080000)
  to   space 5120K, 0% used [0x00000000ef100000,0x00000000ef100000,0x00000000ef600000)
 ParOldGen       total 87552K, used 1972K [0x00000000c0000000, 0x00000000c5580000, 0x00000000eab00000)
  object space 87552K, 2% used [0x00000000c0000000,0x00000000c01ed140,0x00000000c5580000)
 Metaspace       used 5766K, capacity 6896K, committed 7040K, reserved 1056768K
  class space    used 559K, capacity 616K, committed 640K, reserved 1048576K
}

Deoptimization events (10 events):
Event: 1.986 Thread 0x0000000016456000 Uncommon trap: reason=class_check action=maybe_recompile pc=0x0000000002afbf28 method=com.android.dx.rop.type.Type.equals(Ljava/lang/Object;)Z @ 8
Event: 1.988 Thread 0x0000000016456000 Uncommon trap: reason=class_check action=maybe_recompile pc=0x0000000002afbf28 method=com.android.dx.rop.type.Type.equals(Ljava/lang/Object;)Z @ 8
Event: 2.002 Thread 0x0000000016456000 Uncommon trap: reason=unstable_if action=reinterpret pc=0x0000000002ab15f8 method=java.util.BitSet.ensureCapacity(I)V @ 6
Event: 2.003 Thread 0x0000000016456000 Uncommon trap: reason=unstable_if action=reinterpret pc=0x0000000002b7a630 method=com.android.dx.ssa.SsaRenamer$BlockRenamer.addMapping(ILcom/android/dx/rop/code/RegisterSpec;)V @ 120
Event: 2.006 Thread 0x0000000016456000 Uncommon trap: reason=bimorphic action=maybe_recompile pc=0x0000000002bc8134 method=java.util.HashMap.getNode(ILjava/lang/Object;)Ljava/util/HashMap$Node; @ 126
Event: 2.006 Thread 0x0000000016456000 Uncommon trap: reason=bimorphic action=maybe_recompile pc=0x0000000002bc8134 method=java.util.HashMap.getNode(ILjava/lang/Object;)Ljava/util/HashMap$Node; @ 126
Event: 2.006 Thread 0x0000000016456000 Uncommon trap: reason=bimorphic action=maybe_recompile pc=0x0000000002bc8134 method=java.util.HashMap.getNode(ILjava/lang/Object;)Ljava/util/HashMap$Node; @ 126
Event: 2.006 Thread 0x0000000016456000 Uncommon trap: reason=bimorphic action=maybe_recompile pc=0x0000000002bc8134 method=java.util.HashMap.getNode(ILjava/lang/Object;)Ljava/util/HashMap$Node; @ 126
Event: 2.006 Thread 0x0000000016456000 Uncommon trap: reason=bimorphic action=maybe_recompile pc=0x0000000002bbdc60 method=java.util.HashMap.getNode(ILjava/lang/Object;)Ljava/util/HashMap$Node; @ 126
Event: 2.222 Thread 0x000000001655b000 Uncommon trap: reason=null_check action=make_not_entrant pc=0x0000000002c9b428 method=com.android.dx.rop.type.Type.equals(Ljava/lang/Object;)Z @ 8

Internal exceptions (3 events):
Event: 0.031 Thread 0x000000000274d800 Exception <a 'java/lang/NoSuchMethodError': Method sun.misc.Unsafe.defineClass(Ljava/lang/String;[BII)Ljava/lang/Class; name or signature does not match> (0x00000000eab07c78) thrown at [C:\src\android\AOSP-openjdk\external\jetbrains\jdk\hotspot\src\share\vV+b:éÌŸ?
Event: 0.031 Thread 0x000000000274d800 Exception <a 'java/lang/NoSuchMethodError': Method sun.misc.Unsafe.prefetchRead(Ljava/lang/Object;J)V name or signature does not match> (0x00000000eab07f60) thrown at [C:\src\android\AOSP-openjdk\external\jetbrains\jdk\hotspot\src\share\vm\prims\jni.cpp, lrªS©ŠÇ@
Event: 2.222 Thread 0x000000001655b000 Implicit null exception at 0x0000000002c9b322 to 0x0000000002c9b41a

Events (10 events):
Event: 2.173 Thread 0x000000001655b000 DEOPT UNPACKING pc=0x00000000028975bf sp=0x00000000172eec90 mode 0
Event: 2.222 Thread 0x000000001655b000 Uncommon trap: trap_request=0xfffffff4 fr.pc=0x0000000002c9b428
Event: 2.222 Thread 0x000000001655b000 DEOPT PACKING pc=0x0000000002c9b428 sp=0x00000000172eeac0
Event: 2.222 Thread 0x000000001655b000 DEOPT UNPACKING pc=0x000000000289556a sp=0x00000000172eea48 mode 2
Event: 2.225 Thread 0x000000001655b000 DEOPT PACKING pc=0x0000000002cac1d8 sp=0x00000000172eeca0
Event: 2.225 Thread 0x000000001655b000 DEOPT UNPACKING pc=0x00000000028975bf sp=0x00000000172eeac8 mode 0
Event: 2.297 Thread 0x000000001655b000 DEOPT PACKING pc=0x0000000002bff014 sp=0x00000000172eed50
Event: 2.297 Thread 0x000000001655b000 DEOPT UNPACKING pc=0x00000000028975bf sp=0x00000000172eeb18 mode 0
Event: 2.423 Executing VM operation: ParallelGCFailedAllocation
Event: 2.866 Executing VM operation: ParallelGCFailedAllocation done


Dynamic libraries:
0x00007ff636230000 - 0x00007ff636261000 	D:\Program Files\Android\Android Studio\jre\bin\java.exe
0x00007fffec7f0000 - 0x00007fffec9c1000 	C:\WINDOWS\SYSTEM32\ntdll.dll
0x00007fffeb1d0000 - 0x00007fffeb27c000 	C:\WINDOWS\System32\KERNEL32.DLL
0x00007fffe96e0000 - 0x00007fffe98fd000 	C:\WINDOWS\System32\KERNELBASE.dll
0x00007fffe9e60000 - 0x00007fffe9f02000 	C:\WINDOWS\System32\ADVAPI32.dll
0x00007fffeaaa0000 - 0x00007fffeab3e000 	C:\WINDOWS\System32\msvcrt.dll
0x00007fffec790000 - 0x00007fffec7e9000 	C:\WINDOWS\System32\sechost.dll
0x00007fffea970000 - 0x00007fffeaa91000 	C:\WINDOWS\System32\RPCRT4.dll
0x00007fffeac40000 - 0x00007fffeada5000 	C:\WINDOWS\System32\USER32.dll
0x00007fffe9d10000 - 0x00007fffe9d2e000 	C:\WINDOWS\System32\win32u.dll
0x00007fffea180000 - 0x00007fffea1b4000 	C:\WINDOWS\System32\GDI32.dll
0x00007fffe9b80000 - 0x00007fffe9d02000 	C:\WINDOWS\System32\gdi32full.dll
0x00007fffe41c0000 - 0x00007fffe443a000 	C:\WINDOWS\WinSxS\amd64_microsoft.windows.common-controls_6595b64144ccf1df_6.0.14393.953_none_42151e83c686086b\COMCTL32.dll
0x00007fffea600000 - 0x00007fffea8c8000 	C:\WINDOWS\System32\combase.dll
0x00007fffe8ce0000 - 0x00007fffe8dd5000 	C:\WINDOWS\System32\ucrtbase.dll
0x00007fffe9670000 - 0x00007fffe96da000 	C:\WINDOWS\System32\bcryptPrimitives.dll
0x00007fffe9da0000 - 0x00007fffe9dce000 	C:\WINDOWS\System32\IMM32.DLL
0x0000000063d40000 - 0x0000000063e12000 	D:\Program Files\Android\Android Studio\jre\jre\bin\msvcr100.dll
0x0000000062840000 - 0x000000006307c000 	D:\Program Files\Android\Android Studio\jre\jre\bin\server\jvm.dll
0x00007fffe9e40000 - 0x00007fffe9e48000 	C:\WINDOWS\System32\PSAPI.DLL
0x00007fffdc320000 - 0x00007fffdc329000 	C:\WINDOWS\SYSTEM32\WSOCK32.dll
0x00007fffea110000 - 0x00007fffea17a000 	C:\WINDOWS\System32\WS2_32.dll
0x00007fffe6c20000 - 0x00007fffe6c43000 	C:\WINDOWS\SYSTEM32\WINMM.dll
0x00007fffe4cf0000 - 0x00007fffe4cfa000 	C:\WINDOWS\SYSTEM32\VERSION.dll
0x00007fffe6b00000 - 0x00007fffe6b2b000 	C:\WINDOWS\SYSTEM32\WINMMBASE.dll
0x00007fffe9d30000 - 0x00007fffe9d72000 	C:\WINDOWS\System32\cfgmgr32.dll
0x00007fffe63f0000 - 0x00007fffe63ff000 	D:\Program Files\Android\Android Studio\jre\jre\bin\verify.dll
0x00007fffe4bc0000 - 0x00007fffe4be9000 	D:\Program Files\Android\Android Studio\jre\jre\bin\java.dll
0x00007fffe63d0000 - 0x00007fffe63e6000 	D:\Program Files\Android\Android Studio\jre\jre\bin\zip.dll
0x00007fffeb280000 - 0x00007fffec788000 	C:\WINDOWS\System32\SHELL32.dll
0x00007fffe8e80000 - 0x00007fffe955a000 	C:\WINDOWS\System32\windows.storage.dll
0x00007fffe8c50000 - 0x00007fffe8c9c000 	C:\WINDOWS\System32\powrprof.dll
0x00007fffea050000 - 0x00007fffea0a2000 	C:\WINDOWS\System32\shlwapi.dll
0x00007fffe8cd0000 - 0x00007fffe8cdf000 	C:\WINDOWS\System32\kernel.appcore.dll
0x00007fffe9560000 - 0x00007fffe9609000 	C:\WINDOWS\System32\shcore.dll
0x00007fffe8ca0000 - 0x00007fffe8cb4000 	C:\WINDOWS\System32\profapi.dll

VM Arguments:
jvm_args: -Djava.awt.headless=true -Xmx1024M -Dfile.encoding=GBK -Duser.country=CN -Duser.language=zh -Duser.variant 
java_command: com.android.dx.command.Main --dex --force-jumbo --num-threads=4 --multi-dex --output D:\musicbean\app\build\intermediates\transforms\dex\baidu\debug\folders\1000\5\slice_2 D:\musicbean\app\build\intermediates\transforms\instantRunSlicer\baidu\debug\folders\1\5\slice_2
java_class_path (initial): D:\SDK\build-tools\25.0.0\lib\dx.jar
Launcher Type: SUN_STANDARD

Environment Variables:
JAVA_HOME=C:\Program Files\Java\jdk1.8.0_101
CLASSPATH=.;C:\Program Files\Java\jdk1.8.0_101\lib;
PATH=C:\ProgramData\Oracle\Java\javapath;C:\WINDOWS\system32;C:\WINDOWS;C:\WINDOWS\System32\Wbem;C:\WINDOWS\System32\WindowsPowerShell\v1.0\;C:\Program Files\Java\jdk1.8.0_101\bin;C:\Program Files\Java\jdk1.8.0_101\jre\bin;D:\Git\cmd;C:\Users\Administrator\AppData\Local\Microsoft\WindowsApps;
USERNAME=Administrator
OS=Windows_NT
PROCESSOR_IDENTIFIER=Intel64 Family 6 Model 94 Stepping 3, GenuineIntel



---------------  S Y S T E M  ---------------

OS: Windows 10.0 , 64 bit Build 14393 (10.0.14393.1198)

CPU:total 4 (4 cores per cpu, 1 threads per core) family 6 model 94 stepping 3, cmov, cx8, fxsr, mmx, sse, sse2, sse3, ssse3, sse4.1, sse4.2, popcnt, avx, avx2, aes, clmul, erms, rtm, 3dnowpref, lzcnt, tsc, tscinvbit, bmi1, bmi2, adx

Memory: 4k page, physical 8299524k(2587396k free), swap 14749720k(3632k free)

vm_info: OpenJDK 64-Bit Server VM (25.112-b06) for windows-amd64 JRE (1.8.0_112-release-b06), built on Dec  8 2016 00:54:26 by "builder" with MS VC++ 10.0 (VS2010)

time: Mon May 22 13:23:43 2017
elapsed time: 3 seconds (0d 0h 0m 3s)

