#
# There is insufficient memory for the Java Runtime Environment to continue.
# Native memory allocation (malloc) failed to allocate 65552 bytes for Chunk::new
# Possible reasons:
#   The system is out of physical RAM or swap space
#   In 32 bit mode, the process size limit was hit
# Possible solutions:
#   Reduce memory load on the system
#   Increase physical memory or swap space
#   Check if swap backing store is full
#   Use 64 bit Java on a 64 bit OS
#   Decrease Java heap size (-Xmx/-Xms)
#   Decrease number of Java threads
#   Decrease Java thread stack sizes (-Xss)
#   Set larger code cache with -XX:ReservedCodeCacheSize=
# This output file may be truncated or incomplete.
#
#  Out of Memory Error (allocation.cpp:390), pid=15252, tid=0x0000000000002298
#
# JRE version: OpenJDK Runtime Environment (8.0_112-b06) (build 1.8.0_112-release-b06)
# Java VM: OpenJDK 64-Bit Server VM (25.112-b06 mixed mode windows-amd64 compressed oops)
# Failed to write core dump. Minidumps are not enabled by default on client versions of Windows
#

---------------  T H R E A D  ---------------

Current thread (0x0000000015390000):  JavaThread "C2 CompilerThread0" daemon [_thread_in_native, id=8856, stack(0x0000000016ce0000,0x0000000016de0000)]

Stack: [0x0000000016ce0000,0x0000000016de0000]
[error occurred during error reporting (printing stack bounds), id 0xc0000005]

Native frames: (J=compiled Java code, j=interpreted, Vv=VM code, C=native code)


Current CompileTask:
C2:   8909 2087 %     4       com.android.dx.dex.code.OutputFinisher::getAllConstants @ 18 (47 bytes)


---------------  P R O C E S S  ---------------

Java Threads: ( => current thread )
  0x00000000167c9000 JavaThread "pool-1-thread-1" [_thread_in_vm, id=10216, stack(0x0000000018eb0000,0x0000000018fb0000)]
  0x0000000016739800 JavaThread "Service Thread" daemon [_thread_blocked, id=14848, stack(0x0000000016fe0000,0x00000000170e0000)]
  0x0000000016733800 JavaThread "C1 CompilerThread2" daemon [_thread_blocked, id=12296, stack(0x0000000016ee0000,0x0000000016fe0000)]
  0x00000000153d8800 JavaThread "C2 CompilerThread1" daemon [_thread_in_native, id=6580, stack(0x0000000016de0000,0x0000000016ee0000)]
=>0x0000000015390000 JavaThread "C2 CompilerThread0" daemon [_thread_in_native, id=8856, stack(0x0000000016ce0000,0x0000000016de0000)]
  0x00000000153d7800 JavaThread "Attach Listener" daemon [_thread_blocked, id=4600, stack(0x0000000016be0000,0x0000000016ce0000)]
  0x00000000166e8800 JavaThread "Signal Dispatcher" daemon [_thread_blocked, id=3128, stack(0x0000000016ae0000,0x0000000016be0000)]
  0x0000000002ca5800 JavaThread "Finalizer" daemon [_thread_blocked, id=14104, stack(0x00000000165e0000,0x00000000166e0000)]
  0x0000000002ca0000 JavaThread "Reference Handler" daemon [_thread_blocked, id=13840, stack(0x00000000164e0000,0x00000000165e0000)]
  0x0000000002bad800 JavaThread "main" [_thread_blocked, id=4436, stack(0x0000000000e00000,0x0000000000f00000)]

Other Threads:
  0x0000000015344800 VMThread [stack: 0x00000000163e0000,0x00000000164e0000] [id=13408]
  0x000000001673b800 WatcherThread [stack: 0x00000000170e0000,0x00000000171e0000] [id=13464]

VM state:not at safepoint (normal execution)

VM Mutex/Monitor currently owned by a thread: None

Heap:
 PSYoungGen      total 171520K, used 118267K [0x00000000eab00000, 0x00000000fc600000, 0x0000000100000000)
  eden space 123392K, 56% used [0x00000000eab00000,0x00000000eef7fc08,0x00000000f2380000)
  from space 48128K, 99% used [0x00000000f9700000,0x00000000fc5ff1f0,0x00000000fc600000)
  to   space 35328K, 0% used [0x00000000f2380000,0x00000000f2380000,0x00000000f4600000)
 ParOldGen       total 111616K, used 59949K [0x00000000c0000000, 0x00000000c6d00000, 0x00000000eab00000)
  object space 111616K, 53% used [0x00000000c0000000,0x00000000c3a8b4c0,0x00000000c6d00000)
 Metaspace       used 6047K, capacity 7088K, committed 7296K, reserved 1056768K
  class space    used 569K, capacity 616K, committed 640K, reserved 1048576K

Card table byte_map: [0x0000000012070000,0x0000000012280000] byte_map_base: 0x0000000011a70000

Marking Bits: (ParMarkBitMap*) 0x00000000630018f0
 Begin Bits: [0x00000000127e0000, 0x00000000137e0000)
 End Bits:   [0x00000000137e0000, 0x00000000147e0000)

Polling page: 0x00000000007f0000

CodeCache: size=245760Kb used=9727Kb max_used=9727Kb free=236032Kb
 bounds [0x0000000002cb0000, 0x0000000003640000, 0x0000000011cb0000]
 total_blobs=2260 nmethods=1996 adapters=177
 compilation: enabled

Compilation events (10 events):
Event: 8.890 Thread 0x0000000015390000 nmethod 2081 0x0000000003628310 code [0x0000000003628460, 0x0000000003628638]
Event: 8.890 Thread 0x0000000015390000 2087 %     4       com.android.dx.dex.code.OutputFinisher::getAllConstants @ 18 (47 bytes)
Event: 8.895 Thread 0x0000000016733800 2089       3       com.android.dx.dex.code.StdCatchBuilder::hasAnyCatches (57 bytes)
Event: 8.895 Thread 0x0000000016733800 nmethod 2089 0x000000000362c1d0 code [0x000000000362c3c0, 0x000000000362d0f8]
Event: 8.897 Thread 0x0000000016733800 2090       3       com.android.dx.dex.file.CodeItem::addContents (174 bytes)
Event: 8.898 Thread 0x0000000016733800 nmethod 2090 0x0000000003637910 code [0x0000000003637c20, 0x00000000036395c8]
Event: 8.908 Thread 0x0000000016733800 2095       3       java.util.HashMap::keySet (25 bytes)
Event: 8.908 Thread 0x0000000016733800 nmethod 2095 0x000000000362eb90 code [0x000000000362ed00, 0x000000000362f090]
Event: 8.908 Thread 0x0000000016733800 2096       3       java.util.HashMap$KeySet::iterator (12 bytes)
Event: 8.908 Thread 0x0000000016733800 nmethod 2096 0x0000000003637450 code [0x00000000036375c0, 0x0000000003637828]

GC Heap History (10 events):
Event: 5.815 GC heap before
{Heap before GC invocations=5 (full 0):
 PSYoungGen      total 71680K, used 71661K [0x00000000eab00000, 0x00000000ef600000, 0x0000000100000000)
  eden space 66560K, 100% used [0x00000000eab00000,0x00000000eec00000,0x00000000eec00000)
  from space 5120K, 99% used [0x00000000ef100000,0x00000000ef5fb700,0x00000000ef600000)
  to   space 5120K, 0% used [0x00000000eec00000,0x00000000eec00000,0x00000000ef100000)
 ParOldGen       total 87552K, used 49597K [0x00000000c0000000, 0x00000000c5580000, 0x00000000eab00000)
  object space 87552K, 56% used [0x00000000c0000000,0x00000000c306f478,0x00000000c5580000)
 Metaspace       used 5809K, capacity 6896K, committed 7040K, reserved 1056768K
  class space    used 563K, capacity 616K, committed 640K, reserved 1048576K
Event: 5.954 GC heap after
Heap after GC invocations=5 (full 0):
 PSYoungGen      total 71680K, used 5115K [0x00000000eab00000, 0x00000000f7500000, 0x0000000100000000)
  eden space 66560K, 0% used [0x00000000eab00000,0x00000000eab00000,0x00000000eec00000)
  from space 5120K, 99% used [0x00000000eec00000,0x00000000ef0fed90,0x00000000ef100000)
  to   space 36864K, 0% used [0x00000000f5100000,0x00000000f5100000,0x00000000f7500000)
 ParOldGen       total 87552K, used 82737K [0x00000000c0000000, 0x00000000c5580000, 0x00000000eab00000)
  object space 87552K, 94% used [0x00000000c0000000,0x00000000c50cc410,0x00000000c5580000)
 Metaspace       used 5809K, capacity 6896K, committed 7040K, reserved 1056768K
  class space    used 563K, capacity 616K, committed 640K, reserved 1048576K
}
Event: 5.954 GC heap before
{Heap before GC invocations=6 (full 1):
 PSYoungGen      total 71680K, used 5115K [0x00000000eab00000, 0x00000000f7500000, 0x0000000100000000)
  eden space 66560K, 0% used [0x00000000eab00000,0x00000000eab00000,0x00000000eec00000)
  from space 5120K, 99% used [0x00000000eec00000,0x00000000ef0fed90,0x00000000ef100000)
  to   space 36864K, 0% used [0x00000000f5100000,0x00000000f5100000,0x00000000f7500000)
 ParOldGen       total 87552K, used 82737K [0x00000000c0000000, 0x00000000c5580000, 0x00000000eab00000)
  object space 87552K, 94% used [0x00000000c0000000,0x00000000c50cc410,0x00000000c5580000)
 Metaspace       used 5809K, capacity 6896K, committed 7040K, reserved 1056768K
  class space    used 563K, capacity 616K, committed 640K, reserved 1048576K
Event: 6.364 GC heap after
Heap after GC invocations=6 (full 1):
 PSYoungGen      total 71680K, used 0K [0x00000000eab00000, 0x00000000f7500000, 0x0000000100000000)
  eden space 66560K, 0% used [0x00000000eab00000,0x00000000eab00000,0x00000000eec00000)
  from space 5120K, 0% used [0x00000000eec00000,0x00000000eec00000,0x00000000ef100000)
  to   space 36864K, 0% used [0x00000000f5100000,0x00000000f5100000,0x00000000f7500000)
 ParOldGen       total 111616K, used 38092K [0x00000000c0000000, 0x00000000c6d00000, 0x00000000eab00000)
  object space 111616K, 34% used [0x00000000c0000000,0x00000000c25332b8,0x00000000c6d00000)
 Metaspace       used 5809K, capacity 6896K, committed 7040K, reserved 1056768K
  class space    used 563K, capacity 616K, committed 640K, reserved 1048576K
}
Event: 6.817 GC heap before
{Heap before GC invocations=7 (full 1):
 PSYoungGen      total 71680K, used 66560K [0x00000000eab00000, 0x00000000f7500000, 0x0000000100000000)
  eden space 66560K, 100% used [0x00000000eab00000,0x00000000eec00000,0x00000000eec00000)
  from space 5120K, 0% used [0x00000000eec00000,0x00000000eec00000,0x00000000ef100000)
  to   space 36864K, 0% used [0x00000000f5100000,0x00000000f5100000,0x00000000f7500000)
 ParOldGen       total 111616K, used 38092K [0x00000000c0000000, 0x00000000c6d00000, 0x00000000eab00000)
  object space 111616K, 34% used [0x00000000c0000000,0x00000000c25332b8,0x00000000c6d00000)
 Metaspace       used 5847K, capacity 6960K, committed 7040K, reserved 1056768K
  class space    used 563K, capacity 616K, committed 640K, reserved 1048576K
Event: 6.900 GC heap after
Heap after GC invocations=7 (full 1):
 PSYoungGen      total 138752K, used 23607K [0x00000000eab00000, 0x00000000f6880000, 0x0000000100000000)
  eden space 114688K, 0% used [0x00000000eab00000,0x00000000eab00000,0x00000000f1b00000)
  from space 24064K, 98% used [0x00000000f5100000,0x00000000f680dc88,0x00000000f6880000)
  to   space 35328K, 0% used [0x00000000f2380000,0x00000000f2380000,0x00000000f4600000)
 ParOldGen       total 111616K, used 38100K [0x00000000c0000000, 0x00000000c6d00000, 0x00000000eab00000)
  object space 111616K, 34% used [0x00000000c0000000,0x00000000c25352b8,0x00000000c6d00000)
 Metaspace       used 5847K, capacity 6960K, committed 7040K, reserved 1056768K
  class space    used 563K, capacity 616K, committed 640K, reserved 1048576K
}
Event: 7.576 GC heap before
{Heap before GC invocations=8 (full 1):
 PSYoungGen      total 138752K, used 138295K [0x00000000eab00000, 0x00000000f6880000, 0x0000000100000000)
  eden space 114688K, 100% used [0x00000000eab00000,0x00000000f1b00000,0x00000000f1b00000)
  from space 24064K, 98% used [0x00000000f5100000,0x00000000f680dc88,0x00000000f6880000)
  to   space 35328K, 0% used [0x00000000f2380000,0x00000000f2380000,0x00000000f4600000)
 ParOldGen       total 111616K, used 38100K [0x00000000c0000000, 0x00000000c6d00000, 0x00000000eab00000)
  object space 111616K, 34% used [0x00000000c0000000,0x00000000c25352b8,0x00000000c6d00000)
 Metaspace       used 5886K, capacity 6960K, committed 7040K, reserved 1056768K
  class space    used 563K, capacity 616K, committed 640K, reserved 1048576K
Event: 7.630 GC heap after
Heap after GC invocations=8 (full 1):
 PSYoungGen      total 158720K, used 35309K [0x00000000eab00000, 0x00000000fc600000, 0x0000000100000000)
  eden space 123392K, 0% used [0x00000000eab00000,0x00000000eab00000,0x00000000f2380000)
  from space 35328K, 99% used [0x00000000f2380000,0x00000000f45fb4e8,0x00000000f4600000)
  to   space 48128K, 0% used [0x00000000f9700000,0x00000000f9700000,0x00000000fc600000)
 ParOldGen       total 111616K, used 54112K [0x00000000c0000000, 0x00000000c6d00000, 0x00000000eab00000)
  object space 111616K, 48% used [0x00000000c0000000,0x00000000c34d8098,0x00000000c6d00000)
 Metaspace       used 5886K, capacity 6960K, committed 7040K, reserved 1056768K
  class space    used 563K, capacity 616K, committed 640K, reserved 1048576K
}
Event: 8.206 GC heap before
{Heap before GC invocations=9 (full 1):
 PSYoungGen      total 158720K, used 158701K [0x00000000eab00000, 0x00000000fc600000, 0x0000000100000000)
  eden space 123392K, 100% used [0x00000000eab00000,0x00000000f2380000,0x00000000f2380000)
  from space 35328K, 99% used [0x00000000f2380000,0x00000000f45fb4e8,0x00000000f4600000)
  to   space 48128K, 0% used [0x00000000f9700000,0x00000000f9700000,0x00000000fc600000)
 ParOldGen       total 111616K, used 54112K [0x00000000c0000000, 0x00000000c6d00000, 0x00000000eab00000)
  object space 111616K, 48% used [0x00000000c0000000,0x00000000c34d8098,0x00000000c6d00000)
 Metaspace       used 5970K, capacity 7024K, committed 7296K, reserved 1056768K
  class space    used 565K, capacity 616K, committed 640K, reserved 1048576K
Event: 8.277 GC heap after
Heap after GC invocations=9 (full 1):
 PSYoungGen      total 171520K, used 48124K [0x00000000eab00000, 0x00000000fc600000, 0x0000000100000000)
  eden space 123392K, 0% used [0x00000000eab00000,0x00000000eab00000,0x00000000f2380000)
  from space 48128K, 99% used [0x00000000f9700000,0x00000000fc5ff1f0,0x00000000fc600000)
  to   space 35328K, 0% used [0x00000000f2380000,0x00000000f2380000,0x00000000f4600000)
 ParOldGen       total 111616K, used 59949K [0x00000000c0000000, 0x00000000c6d00000, 0x00000000eab00000)
  object space 111616K, 53% used [0x00000000c0000000,0x00000000c3a8b4c0,0x00000000c6d00000)
 Metaspace       used 5970K, capacity 7024K, committed 7296K, reserved 1056768K
  class space    used 565K, capacity 616K, committed 640K, reserved 1048576K
}

Deoptimization events (10 events):
Event: 8.135 Thread 0x00000000167c7800 Uncommon trap: reason=unstable_if action=reinterpret pc=0x00000000031d1c10 method=com.android.dx.ssa.SsaRenamer$BlockRenamer.process()V @ 90
Event: 8.504 Thread 0x00000000169b2800 Uncommon trap: reason=unstable_if action=reinterpret pc=0x0000000003233818 method=com.android.dx.util.BitIntSet.has(I)Z @ 8
Event: 8.864 Thread 0x00000000167c9000 Uncommon trap: reason=class_check action=maybe_recompile pc=0x000000000328f588 method=java.util.Arrays.hashCode([Ljava/lang/Object;)I @ 43
Event: 8.864 Thread 0x00000000167c9000 Uncommon trap: reason=class_check action=maybe_recompile pc=0x000000000328f588 method=java.util.Arrays.hashCode([Ljava/lang/Object;)I @ 43
Event: 8.864 Thread 0x00000000167c9000 Uncommon trap: reason=class_check action=maybe_recompile pc=0x000000000328f588 method=java.util.Arrays.hashCode([Ljava/lang/Object;)I @ 43
Event: 8.864 Thread 0x00000000167c9000 Uncommon trap: reason=class_check action=maybe_recompile pc=0x000000000328f588 method=java.util.Arrays.hashCode([Ljava/lang/Object;)I @ 43
Event: 8.864 Thread 0x00000000167c9000 Uncommon trap: reason=class_check action=maybe_recompile pc=0x000000000326cf68 method=java.util.Arrays.hashCode([Ljava/lang/Object;)I @ 43
Event: 8.871 Thread 0x00000000167c9000 Uncommon trap: reason=bimorphic action=maybe_recompile pc=0x000000000311e7b4 method=java.util.HashMap.getNode(ILjava/lang/Object;)Ljava/util/HashMap$Node; @ 126
Event: 8.871 Thread 0x00000000167c9000 Uncommon trap: reason=class_check action=maybe_recompile pc=0x000000000313d5b0 method=java.util.HashMap.putVal(ILjava/lang/Object;Ljava/lang/Object;ZZ)Ljava/lang/Object; @ 203
Event: 8.872 Thread 0x00000000167c9000 Uncommon trap: reason=unstable_if action=reinterpret pc=0x000000000313d56c method=java.util.HashMap.putVal(ILjava/lang/Object;Ljava/lang/Object;ZZ)Ljava/lang/Object; @ 94

Internal exceptions (3 events):
Event: 1.839 Thread 0x0000000002bad800 Exception <a 'java/lang/NoSuchMethodError': Method sun.misc.Unsafe.defineClass(Ljava/lang/String;[BII)Ljava/lang/Class; name or signature does not match> (0x00000000eab07c78) thrown at [C:\src\android\AOSP-openjdk\external\jetbrains\jdk\hotspot\src\share\v¸ÛG+—l˝?
Event: 1.839 Thread 0x0000000002bad800 Exception <a 'java/lang/NoSuchMethodError': Method sun.misc.Unsafe.prefetchRead(Ljava/lang/Object;J)V name or signature does not match> (0x00000000eab07f60) thrown at [C:\src\android\AOSP-openjdk\external\jetbrains\jdk\hotspot\src\share\vm\prims\jni.cpp, l\]ÏÅ$@
Event: 4.285 Thread 0x00000000167c7800 Implicit null exception at 0x0000000002fd7c62 to 0x0000000002fd7d69

Events (10 events):
Event: 8.871 Thread 0x00000000167c9000 DEOPT PACKING pc=0x000000000311e7b4 sp=0x0000000018faec50
Event: 8.871 Thread 0x00000000167c9000 DEOPT UNPACKING pc=0x0000000002cf556a sp=0x0000000018faeb78 mode 2
Event: 8.871 Thread 0x00000000167c9000 Uncommon trap: trap_request=0xffffffde fr.pc=0x000000000313d5b0
Event: 8.871 Thread 0x00000000167c9000 DEOPT PACKING pc=0x000000000313d5b0 sp=0x0000000018faebf0
Event: 8.871 Thread 0x00000000167c9000 DEOPT UNPACKING pc=0x0000000002cf556a sp=0x0000000018faeb68 mode 2
Event: 8.872 Thread 0x00000000167c9000 Uncommon trap: trap_request=0xffffff65 fr.pc=0x000000000313d56c
Event: 8.872 Thread 0x00000000167c9000 DEOPT PACKING pc=0x000000000313d56c sp=0x0000000018faead0
Event: 8.872 Thread 0x00000000167c9000 DEOPT UNPACKING pc=0x0000000002cf556a sp=0x0000000018faea50 mode 2
Event: 8.882 loading class com/android/dx/dex/file/CatchStructs
Event: 8.882 loading class com/android/dx/dex/file/CatchStructs done


Dynamic libraries:
0x00007ff636230000 - 0x00007ff636261000 	D:\Program Files\Android\Android Studio\jre\bin\java.exe
0x00007fffec7f0000 - 0x00007fffec9c1000 	C:\WINDOWS\SYSTEM32\ntdll.dll
0x00007fffeb1d0000 - 0x00007fffeb27c000 	C:\WINDOWS\System32\KERNEL32.DLL
0x00007fffe96e0000 - 0x00007fffe98fd000 	C:\WINDOWS\System32\KERNELBASE.dll
0x00007fffe9e60000 - 0x00007fffe9f02000 	C:\WINDOWS\System32\ADVAPI32.dll
0x00007fffeaaa0000 - 0x00007fffeab3e000 	C:\WINDOWS\System32\msvcrt.dll
0x00007fffec790000 - 0x00007fffec7e9000 	C:\WINDOWS\System32\sechost.dll
0x00007fffea970000 - 0x00007fffeaa91000 	C:\WINDOWS\System32\RPCRT4.dll
0x00007fffeac40000 - 0x00007fffeada5000 	C:\WINDOWS\System32\USER32.dll
0x00007fffe9d10000 - 0x00007fffe9d2e000 	C:\WINDOWS\System32\win32u.dll
0x00007fffea180000 - 0x00007fffea1b4000 	C:\WINDOWS\System32\GDI32.dll
0x00007fffe9b80000 - 0x00007fffe9d02000 	C:\WINDOWS\System32\gdi32full.dll
0x00007fffe41c0000 - 0x00007fffe443a000 	C:\WINDOWS\WinSxS\amd64_microsoft.windows.common-controls_6595b64144ccf1df_6.0.14393.953_none_42151e83c686086b\COMCTL32.dll
0x00007fffea600000 - 0x00007fffea8c8000 	C:\WINDOWS\System32\combase.dll
0x00007fffe8ce0000 - 0x00007fffe8dd5000 	C:\WINDOWS\System32\ucrtbase.dll
0x00007fffe9670000 - 0x00007fffe96da000 	C:\WINDOWS\System32\bcryptPrimitives.dll
0x00007fffe9da0000 - 0x00007fffe9dce000 	C:\WINDOWS\System32\IMM32.DLL
0x0000000063530000 - 0x0000000063602000 	D:\Program Files\Android\Android Studio\jre\jre\bin\msvcr100.dll
0x0000000062840000 - 0x000000006307c000 	D:\Program Files\Android\Android Studio\jre\jre\bin\server\jvm.dll
0x00007fffe9e40000 - 0x00007fffe9e48000 	C:\WINDOWS\System32\PSAPI.DLL
0x00007fffdc320000 - 0x00007fffdc329000 	C:\WINDOWS\SYSTEM32\WSOCK32.dll
0x00007fffea110000 - 0x00007fffea17a000 	C:\WINDOWS\System32\WS2_32.dll
0x00007fffe6c20000 - 0x00007fffe6c43000 	C:\WINDOWS\SYSTEM32\WINMM.dll
0x00007fffe4cf0000 - 0x00007fffe4cfa000 	C:\WINDOWS\SYSTEM32\VERSION.dll
0x00007fffe6b00000 - 0x00007fffe6b2b000 	C:\WINDOWS\SYSTEM32\WINMMBASE.dll
0x00007fffe9d30000 - 0x00007fffe9d72000 	C:\WINDOWS\System32\cfgmgr32.dll
0x00007fffe63d0000 - 0x00007fffe63df000 	D:\Program Files\Android\Android Studio\jre\jre\bin\verify.dll
0x00007fffdde50000 - 0x00007fffdde79000 	D:\Program Files\Android\Android Studio\jre\jre\bin\java.dll
0x00007fffe3930000 - 0x00007fffe3946000 	D:\Program Files\Android\Android Studio\jre\jre\bin\zip.dll
0x00007fffeb280000 - 0x00007fffec788000 	C:\WINDOWS\System32\SHELL32.dll
0x00007fffe8e80000 - 0x00007fffe955a000 	C:\WINDOWS\System32\windows.storage.dll
0x00007fffe8c50000 - 0x00007fffe8c9c000 	C:\WINDOWS\System32\powrprof.dll
0x00007fffea050000 - 0x00007fffea0a2000 	C:\WINDOWS\System32\shlwapi.dll
0x00007fffe8cd0000 - 0x00007fffe8cdf000 	C:\WINDOWS\System32\kernel.appcore.dll
0x00007fffe9560000 - 0x00007fffe9609000 	C:\WINDOWS\System32\shcore.dll
0x00007fffe8ca0000 - 0x00007fffe8cb4000 	C:\WINDOWS\System32\profapi.dll

VM Arguments:
jvm_args: -Djava.awt.headless=true -Xmx1024M -Dfile.encoding=GBK -Duser.country=CN -Duser.language=zh -Duser.variant 
java_command: com.android.dx.command.Main --dex --force-jumbo --num-threads=4 --multi-dex --output D:\musicbean\app\build\intermediates\transforms\dex\baidu\debug\folders\1000\5\slice_3 D:\musicbean\app\build\intermediates\transforms\instantRunSlicer\baidu\debug\folders\1\5\slice_3
java_class_path (initial): D:\SDK\build-tools\25.0.0\lib\dx.jar
Launcher Type: SUN_STANDARD

Environment Variables:
JAVA_HOME=C:\Program Files\Java\jdk1.8.0_101
CLASSPATH=.;C:\Program Files\Java\jdk1.8.0_101\lib;
PATH=C:\ProgramData\Oracle\Java\javapath;C:\WINDOWS\system32;C:\WINDOWS;C:\WINDOWS\System32\Wbem;C:\WINDOWS\System32\WindowsPowerShell\v1.0\;C:\Program Files\Java\jdk1.8.0_101\bin;C:\Program Files\Java\jdk1.8.0_101\jre\bin;D:\Git\cmd;C:\Users\Administrator\AppData\Local\Microsoft\WindowsApps;
USERNAME=Administrator
OS=Windows_NT
PROCESSOR_IDENTIFIER=Intel64 Family 6 Model 94 Stepping 3, GenuineIntel



---------------  S Y S T E M  ---------------

OS: Windows 10.0 , 64 bit Build 14393 (10.0.14393.1198)

CPU:total 4 (4 cores per cpu, 1 threads per core) family 6 model 94 stepping 3, cmov, cx8, fxsr, mmx, sse, sse2, sse3, ssse3, sse4.1, sse4.2, popcnt, avx, avx2, aes, clmul, erms, rtm, 3dnowpref, lzcnt, tsc, tscinvbit, bmi1, bmi2, adx

Memory: 4k page, physical 8299524k(2482612k free), swap 14749720k(3224k free)

vm_info: OpenJDK 64-Bit Server VM (25.112-b06) for windows-amd64 JRE (1.8.0_112-release-b06), built on Dec  8 2016 00:54:26 by "builder" with MS VC++ 10.0 (VS2010)

time: Wed May 17 13:58:04 2017
elapsed time: 8 seconds (0d 0h 0m 8s)

