#
# There is insufficient memory for the Java Runtime Environment to continue.
# Native memory allocation (malloc) failed to allocate 370176 bytes for Chunk::new
# Possible reasons:
#   The system is out of physical RAM or swap space
#   In 32 bit mode, the process size limit was hit
# Possible solutions:
#   Reduce memory load on the system
#   Increase physical memory or swap space
#   Check if swap backing store is full
#   Use 64 bit Java on a 64 bit OS
#   Decrease Java heap size (-Xmx/-Xms)
#   Decrease number of Java threads
#   Decrease Java thread stack sizes (-Xss)
#   Set larger code cache with -XX:ReservedCodeCacheSize=
# This output file may be truncated or incomplete.
#
#  Out of Memory Error (allocation.cpp:390), pid=12780, tid=0x000000000000222c
#
# JRE version: OpenJDK Runtime Environment (8.0_112-b06) (build 1.8.0_112-release-b06)
# Java VM: OpenJDK 64-Bit Server VM (25.112-b06 mixed mode windows-amd64 compressed oops)
# Failed to write core dump. Minidumps are not enabled by default on client versions of Windows
#

---------------  T H R E A D  ---------------

Current thread (0x0000000016fab800):  JavaThread "C2 CompilerThread1" daemon [_thread_in_native, id=8748, stack(0x0000000017660000,0x0000000017760000)]

Stack: [0x0000000017660000,0x0000000017760000]
[error occurred during error reporting (printing stack bounds), id 0xc0000005]

Native frames: (J=compiled Java code, j=interpreted, Vv=VM code, C=native code)


Current CompileTask:
C2:   3998 1673       4       com.android.dx.ssa.SCCP::run (298 bytes)


---------------  P R O C E S S  ---------------

Java Threads: ( => current thread )
  0x0000000017241000 JavaThread "pool-2-thread-4" [_thread_in_Java, id=6512, stack(0x0000000017e60000,0x0000000017f60000)]
  0x000000001723f000 JavaThread "pool-2-thread-3" [_thread_in_Java, id=15276, stack(0x0000000017d60000,0x0000000017e60000)]
  0x000000001723e800 JavaThread "pool-2-thread-2" [_thread_in_Java, id=14764, stack(0x0000000017c60000,0x0000000017d60000)]
  0x00000000171df000 JavaThread "pool-3-thread-1" [_thread_blocked, id=15036, stack(0x0000000017b60000,0x0000000017c60000)]
  0x00000000171dd000 JavaThread "pool-2-thread-1" [_thread_in_vm, id=12480, stack(0x0000000017a60000,0x0000000017b60000)]
  0x0000000016fbc800 JavaThread "Service Thread" daemon [_thread_blocked, id=10100, stack(0x0000000017860000,0x0000000017960000)]
  0x0000000016fb6000 JavaThread "C1 CompilerThread2" daemon [_thread_blocked, id=6576, stack(0x0000000017760000,0x0000000017860000)]
=>0x0000000016fab800 JavaThread "C2 CompilerThread1" daemon [_thread_in_native, id=8748, stack(0x0000000017660000,0x0000000017760000)]
  0x0000000015bb0800 JavaThread "C2 CompilerThread0" daemon [_thread_in_native, id=948, stack(0x0000000017560000,0x0000000017660000)]
  0x0000000015baf800 JavaThread "Attach Listener" daemon [_thread_blocked, id=13708, stack(0x0000000017460000,0x0000000017560000)]
  0x0000000016f68800 JavaThread "Signal Dispatcher" daemon [_thread_blocked, id=14724, stack(0x0000000017360000,0x0000000017460000)]
  0x00000000034c5800 JavaThread "Finalizer" daemon [_thread_blocked, id=14496, stack(0x0000000016e00000,0x0000000016f00000)]
  0x00000000034c0000 JavaThread "Reference Handler" daemon [_thread_blocked, id=15308, stack(0x0000000016d00000,0x0000000016e00000)]
  0x000000000183d800 JavaThread "main" [_thread_in_Java, id=7248, stack(0x00000000032d0000,0x00000000033d0000)]

Other Threads:
  0x0000000015b65800 VMThread [stack: 0x0000000016c00000,0x0000000016d00000] [id=14924]
  0x0000000016fbf000 WatcherThread [stack: 0x0000000017960000,0x0000000017a60000] [id=15144]

VM state:not at safepoint (normal execution)

VM Mutex/Monitor currently owned by a thread: None

Heap:
 PSYoungGen      total 71680K, used 42374K [0x00000000eab00000, 0x00000000ef600000, 0x0000000100000000)
  eden space 66560K, 56% used [0x00000000eab00000,0x00000000ecf671d0,0x00000000eec00000)
  from space 5120K, 99% used [0x00000000ef100000,0x00000000ef5fa7c0,0x00000000ef600000)
  to   space 5120K, 0% used [0x00000000eec00000,0x00000000eec00000,0x00000000ef100000)
 ParOldGen       total 87552K, used 6057K [0x00000000c0000000, 0x00000000c5580000, 0x00000000eab00000)
  object space 87552K, 6% used [0x00000000c0000000,0x00000000c05ea4c0,0x00000000c5580000)
 Metaspace       used 6263K, capacity 7088K, committed 7296K, reserved 1056768K
  class space    used 580K, capacity 616K, committed 640K, reserved 1048576K

Card table byte_map: [0x0000000012890000,0x0000000012aa0000] byte_map_base: 0x0000000012290000

Marking Bits: (ParMarkBitMap*) 0x00000000630018f0
 Begin Bits: [0x0000000013000000, 0x0000000014000000)
 End Bits:   [0x0000000014000000, 0x0000000015000000)

Polling page: 0x00000000017b0000

CodeCache: size=245760Kb used=6754Kb max_used=6756Kb free=239005Kb
 bounds [0x00000000034d0000, 0x0000000003b80000, 0x00000000124d0000]
 total_blobs=1929 nmethods=1659 adapters=184
 compilation: enabled

Compilation events (10 events):
Event: 3.754 Thread 0x0000000016fab800 nmethod 1351 0x0000000003b375d0 code [0x0000000003b37720, 0x0000000003b377f8]
Event: 3.818 Thread 0x0000000015bb0800 nmethod 1541 0x0000000003b63650 code [0x0000000003b63bc0, 0x0000000003b66d40]
Event: 3.875 Thread 0x0000000016fab800 1669       4       com.android.dx.ssa.SCCP::simulateBlock (54 bytes)
Event: 3.878 Thread 0x0000000016fab800 nmethod 1669 0x0000000003b34b50 code [0x0000000003b34cc0, 0x0000000003b34f38]
Event: 3.880 Thread 0x0000000015bb0800 1670       4       com.android.dx.ssa.SCCP::simulateBranch (666 bytes)
Event: 3.881 Thread 0x0000000016fab800 1671       4       com.android.dx.ssa.SCCP::simulatePhiBlock (50 bytes)
Event: 3.884 Thread 0x0000000016fab800 nmethod 1671 0x0000000003b34490 code [0x0000000003b345e0, 0x0000000003b34828]
Event: 3.887 Thread 0x0000000016fab800 1672 %     4       com.android.dx.ssa.SCCP::run @ 133 (298 bytes)
Event: 3.965 Thread 0x0000000016fab800 nmethod 1672% 0x0000000003b6d1d0 code [0x0000000003b6d5c0, 0x0000000003b6f758]
Event: 3.966 Thread 0x0000000016fab800 1673       4       com.android.dx.ssa.SCCP::run (298 bytes)

GC Heap History (4 events):
Event: 2.175 GC heap before
{Heap before GC invocations=1 (full 0):
 PSYoungGen      total 38400K, used 33280K [0x00000000eab00000, 0x00000000ed580000, 0x0000000100000000)
  eden space 33280K, 100% used [0x00000000eab00000,0x00000000ecb80000,0x00000000ecb80000)
  from space 5120K, 0% used [0x00000000ed080000,0x00000000ed080000,0x00000000ed580000)
  to   space 5120K, 0% used [0x00000000ecb80000,0x00000000ecb80000,0x00000000ed080000)
 ParOldGen       total 87552K, used 0K [0x00000000c0000000, 0x00000000c5580000, 0x00000000eab00000)
  object space 87552K, 0% used [0x00000000c0000000,0x00000000c0000000,0x00000000c5580000)
 Metaspace       used 5978K, capacity 6896K, committed 7040K, reserved 1056768K
  class space    used 578K, capacity 616K, committed 640K, reserved 1048576K
Event: 2.307 GC heap after
Heap after GC invocations=1 (full 0):
 PSYoungGen      total 38400K, used 5097K [0x00000000eab00000, 0x00000000ef600000, 0x0000000100000000)
  eden space 33280K, 0% used [0x00000000eab00000,0x00000000eab00000,0x00000000ecb80000)
  from space 5120K, 99% used [0x00000000ecb80000,0x00000000ed07a470,0x00000000ed080000)
  to   space 5120K, 0% used [0x00000000ef100000,0x00000000ef100000,0x00000000ef600000)
 ParOldGen       total 87552K, used 896K [0x00000000c0000000, 0x00000000c5580000, 0x00000000eab00000)
  object space 87552K, 1% used [0x00000000c0000000,0x00000000c00e02a0,0x00000000c5580000)
 Metaspace       used 5978K, capacity 6896K, committed 7040K, reserved 1056768K
  class space    used 578K, capacity 616K, committed 640K, reserved 1048576K
}
Event: 3.169 GC heap before
{Heap before GC invocations=2 (full 0):
 PSYoungGen      total 38400K, used 38377K [0x00000000eab00000, 0x00000000ef600000, 0x0000000100000000)
  eden space 33280K, 100% used [0x00000000eab00000,0x00000000ecb80000,0x00000000ecb80000)
  from space 5120K, 99% used [0x00000000ecb80000,0x00000000ed07a470,0x00000000ed080000)
  to   space 5120K, 0% used [0x00000000ef100000,0x00000000ef100000,0x00000000ef600000)
 ParOldGen       total 87552K, used 896K [0x00000000c0000000, 0x00000000c5580000, 0x00000000eab00000)
  object space 87552K, 1% used [0x00000000c0000000,0x00000000c00e02a0,0x00000000c5580000)
 Metaspace       used 6226K, capacity 7088K, committed 7296K, reserved 1056768K
  class space    used 580K, capacity 616K, committed 640K, reserved 1048576K
Event: 3.390 GC heap after
Heap after GC invocations=2 (full 0):
 PSYoungGen      total 71680K, used 5097K [0x00000000eab00000, 0x00000000ef600000, 0x0000000100000000)
  eden space 66560K, 0% used [0x00000000eab00000,0x00000000eab00000,0x00000000eec00000)
  from space 5120K, 99% used [0x00000000ef100000,0x00000000ef5fa7c0,0x00000000ef600000)
  to   space 5120K, 0% used [0x00000000eec00000,0x00000000eec00000,0x00000000ef100000)
 ParOldGen       total 87552K, used 6057K [0x00000000c0000000, 0x00000000c5580000, 0x00000000eab00000)
  object space 87552K, 6% used [0x00000000c0000000,0x00000000c05ea4c0,0x00000000c5580000)
 Metaspace       used 6226K, capacity 7088K, committed 7296K, reserved 1056768K
  class space    used 580K, capacity 616K, committed 640K, reserved 1048576K
}

Deoptimization events (10 events):
Event: 1.452 Thread 0x000000001723e800 Uncommon trap: reason=unstable_if action=reinterpret pc=0x000000000384e3d8 method=com.android.dx.rop.code.LocalItem.hashCode()I @ 25
Event: 1.452 Thread 0x000000001723e800 Uncommon trap: reason=unstable_if action=reinterpret pc=0x0000000003847618 method=com.android.dx.rop.code.LocalItem.hashCode()I @ 25
Event: 1.453 Thread 0x000000001723e800 Uncommon trap: reason=unstable_if action=reinterpret pc=0x0000000003853fec method=com.android.dx.rop.code.LocalItem.hashCode()I @ 25
Event: 2.110 Thread 0x00000000171dd000 Uncommon trap: reason=unstable_if action=reinterpret pc=0x0000000003921ce8 method=com.android.dx.ssa.SsaRenamer$BlockRenamer.addMapping(ILcom/android/dx/rop/code/RegisterSpec;)V @ 120
Event: 2.604 Thread 0x000000001723f000 Uncommon trap: reason=unstable_if action=reinterpret pc=0x0000000003a20874 method=com.android.dx.rop.code.DexTranslationAdvice.requiresSourcesInOrder(Lcom/android/dx/rop/code/Rop;Lcom/android/dx/rop/code/RegisterSpecList;)Z @ 21
Event: 2.777 Thread 0x000000001723f000 Uncommon trap: reason=class_check action=maybe_recompile pc=0x0000000003970bb8 method=com.android.dx.ssa.NormalSsaInsn.accept(Lcom/android/dx/ssa/SsaInsn$Visitor;)V @ 9
Event: 3.414 Thread 0x00000000171dd000 Uncommon trap: reason=class_check action=maybe_recompile pc=0x0000000003970bb8 method=com.android.dx.ssa.NormalSsaInsn.accept(Lcom/android/dx/ssa/SsaInsn$Visitor;)V @ 9
Event: 3.415 Thread 0x00000000171dd000 Uncommon trap: reason=class_check action=maybe_recompile pc=0x0000000003970bb8 method=com.android.dx.ssa.NormalSsaInsn.accept(Lcom/android/dx/ssa/SsaInsn$Visitor;)V @ 9
Event: 3.415 Thread 0x00000000171dd000 Uncommon trap: reason=class_check action=maybe_recompile pc=0x0000000003970bb8 method=com.android.dx.ssa.NormalSsaInsn.accept(Lcom/android/dx/ssa/SsaInsn$Visitor;)V @ 9
Event: 3.415 Thread 0x00000000171dd000 Uncommon trap: reason=class_check action=maybe_recompile pc=0x0000000003796930 method=com.android.dx.ssa.NormalSsaInsn.accept(Lcom/android/dx/ssa/SsaInsn$Visitor;)V @ 9

Internal exceptions (3 events):
Event: 0.038 Thread 0x000000000183d800 Exception <a 'java/lang/NoSuchMethodError': Method sun.misc.Unsafe.defineClass(Ljava/lang/String;[BII)Ljava/lang/Class; name or signature does not match> (0x00000000eab07c78) thrown at [C:\src\android\AOSP-openjdk\external\jetbrains\jdk\hotspot\src\share\vÄ ïèh£?
Event: 0.038 Thread 0x000000000183d800 Exception <a 'java/lang/NoSuchMethodError': Method sun.misc.Unsafe.prefetchRead(Ljava/lang/Object;J)V name or signature does not match> (0x00000000eab07f60) thrown at [C:\src\android\AOSP-openjdk\external\jetbrains\jdk\hotspot\src\share\vm\prims\jni.cpp, l!£Àõ√Ú?
Event: 1.173 Thread 0x0000000017241000 Implicit null exception at 0x00000000037ef63f to 0x00000000037f1c45

Events (10 events):
Event: 3.520 Thread 0x000000001723f000 DEOPT PACKING pc=0x0000000003832f49 sp=0x0000000017e5e710
Event: 3.520 Thread 0x000000001723f000 DEOPT UNPACKING pc=0x00000000035175bf sp=0x0000000017e5e4d8 mode 0
Event: 3.532 Thread 0x000000001723f000 DEOPT PACKING pc=0x0000000003833204 sp=0x0000000017e5e840
Event: 3.532 Thread 0x000000001723f000 DEOPT UNPACKING pc=0x00000000035175bf sp=0x0000000017e5e608 mode 0
Event: 3.547 Thread 0x000000000183d800 DEOPT PACKING pc=0x0000000003833204 sp=0x00000000033ce330
Event: 3.547 Thread 0x000000000183d800 DEOPT UNPACKING pc=0x00000000035175bf sp=0x00000000033ce0f8 mode 0
Event: 3.561 Thread 0x000000000183d800 DEOPT PACKING pc=0x0000000003833204 sp=0x00000000033ce330
Event: 3.561 Thread 0x000000000183d800 DEOPT UNPACKING pc=0x00000000035175bf sp=0x00000000033ce0f8 mode 0
Event: 3.966 Thread 0x00000000171dd000 DEOPT PACKING pc=0x00000000039c1551 sp=0x0000000017b5ec20
Event: 3.966 Thread 0x00000000171dd000 DEOPT UNPACKING pc=0x00000000035175bf sp=0x0000000017b5e9b0 mode 0


Dynamic libraries:
0x00007ff636230000 - 0x00007ff636261000 	D:\Program Files\Android\Android Studio\jre\bin\java.exe
0x00007fffec7f0000 - 0x00007fffec9c1000 	C:\WINDOWS\SYSTEM32\ntdll.dll
0x00007fffeb1d0000 - 0x00007fffeb27c000 	C:\WINDOWS\System32\KERNEL32.DLL
0x00007fffe96e0000 - 0x00007fffe98fd000 	C:\WINDOWS\System32\KERNELBASE.dll
0x00007fffe9e60000 - 0x00007fffe9f02000 	C:\WINDOWS\System32\ADVAPI32.dll
0x00007fffeaaa0000 - 0x00007fffeab3e000 	C:\WINDOWS\System32\msvcrt.dll
0x00007fffec790000 - 0x00007fffec7e9000 	C:\WINDOWS\System32\sechost.dll
0x00007fffea970000 - 0x00007fffeaa91000 	C:\WINDOWS\System32\RPCRT4.dll
0x00007fffeac40000 - 0x00007fffeada5000 	C:\WINDOWS\System32\USER32.dll
0x00007fffe9d10000 - 0x00007fffe9d2e000 	C:\WINDOWS\System32\win32u.dll
0x00007fffea180000 - 0x00007fffea1b4000 	C:\WINDOWS\System32\GDI32.dll
0x00007fffe9b80000 - 0x00007fffe9d02000 	C:\WINDOWS\System32\gdi32full.dll
0x00007fffe41c0000 - 0x00007fffe443a000 	C:\WINDOWS\WinSxS\amd64_microsoft.windows.common-controls_6595b64144ccf1df_6.0.14393.953_none_42151e83c686086b\COMCTL32.dll
0x00007fffea600000 - 0x00007fffea8c8000 	C:\WINDOWS\System32\combase.dll
0x00007fffe8ce0000 - 0x00007fffe8dd5000 	C:\WINDOWS\System32\ucrtbase.dll
0x00007fffe9670000 - 0x00007fffe96da000 	C:\WINDOWS\System32\bcryptPrimitives.dll
0x00007fffe9da0000 - 0x00007fffe9dce000 	C:\WINDOWS\System32\IMM32.DLL
0x0000000063530000 - 0x0000000063602000 	D:\Program Files\Android\Android Studio\jre\jre\bin\msvcr100.dll
0x0000000062840000 - 0x000000006307c000 	D:\Program Files\Android\Android Studio\jre\jre\bin\server\jvm.dll
0x00007fffe9e40000 - 0x00007fffe9e48000 	C:\WINDOWS\System32\PSAPI.DLL
0x00007fffdc320000 - 0x00007fffdc329000 	C:\WINDOWS\SYSTEM32\WSOCK32.dll
0x00007fffea110000 - 0x00007fffea17a000 	C:\WINDOWS\System32\WS2_32.dll
0x00007fffe6c20000 - 0x00007fffe6c43000 	C:\WINDOWS\SYSTEM32\WINMM.dll
0x00007fffe4cf0000 - 0x00007fffe4cfa000 	C:\WINDOWS\SYSTEM32\VERSION.dll
0x00007fffe6b00000 - 0x00007fffe6b2b000 	C:\WINDOWS\SYSTEM32\winmmbase.dll
0x00007fffe9d30000 - 0x00007fffe9d72000 	C:\WINDOWS\System32\cfgmgr32.dll
0x00007fffe63d0000 - 0x00007fffe63df000 	D:\Program Files\Android\Android Studio\jre\jre\bin\verify.dll
0x00007fffdde50000 - 0x00007fffdde79000 	D:\Program Files\Android\Android Studio\jre\jre\bin\java.dll
0x00007fffe3930000 - 0x00007fffe3946000 	D:\Program Files\Android\Android Studio\jre\jre\bin\zip.dll
0x00007fffeb280000 - 0x00007fffec788000 	C:\WINDOWS\System32\SHELL32.dll
0x00007fffe8e80000 - 0x00007fffe955a000 	C:\WINDOWS\System32\windows.storage.dll
0x00007fffe8c50000 - 0x00007fffe8c9c000 	C:\WINDOWS\System32\powrprof.dll
0x00007fffea050000 - 0x00007fffea0a2000 	C:\WINDOWS\System32\shlwapi.dll
0x00007fffe8cd0000 - 0x00007fffe8cdf000 	C:\WINDOWS\System32\kernel.appcore.dll
0x00007fffe9560000 - 0x00007fffe9609000 	C:\WINDOWS\System32\shcore.dll
0x00007fffe8ca0000 - 0x00007fffe8cb4000 	C:\WINDOWS\System32\profapi.dll

VM Arguments:
jvm_args: -Djava.awt.headless=true -Xmx1024M -Dfile.encoding=GBK -Duser.country=CN -Duser.language=zh -Duser.variant 
java_command: com.android.dx.command.Main --dex --force-jumbo --num-threads=4 --multi-dex --output D:\musicbean\app\build\intermediates\transforms\dex\baidu\debug\folders\1000\2\Rong_IMLib_2.8.1_9a037901c0458ba5c50d6cdbcf06e616fc86322c D:\musicbean\app\libs\Rong_IMLib_2.8.1.jar
java_class_path (initial): D:\SDK\build-tools\25.0.0\lib\dx.jar
Launcher Type: SUN_STANDARD

Environment Variables:
JAVA_HOME=C:\Program Files\Java\jdk1.8.0_101
CLASSPATH=.;C:\Program Files\Java\jdk1.8.0_101\lib;
PATH=C:\ProgramData\Oracle\Java\javapath;C:\WINDOWS\system32;C:\WINDOWS;C:\WINDOWS\System32\Wbem;C:\WINDOWS\System32\WindowsPowerShell\v1.0\;C:\Program Files\Java\jdk1.8.0_101\bin;C:\Program Files\Java\jdk1.8.0_101\jre\bin;D:\Git\cmd;C:\Users\Administrator\AppData\Local\Microsoft\WindowsApps;
USERNAME=Administrator
OS=Windows_NT
PROCESSOR_IDENTIFIER=Intel64 Family 6 Model 94 Stepping 3, GenuineIntel



---------------  S Y S T E M  ---------------

OS: Windows 10.0 , 64 bit Build 14393 (10.0.14393.1198)

CPU:total 4 (4 cores per cpu, 1 threads per core) family 6 model 94 stepping 3, cmov, cx8, fxsr, mmx, sse, sse2, sse3, ssse3, sse4.1, sse4.2, popcnt, avx, avx2, aes, clmul, erms, rtm, 3dnowpref, lzcnt, tsc, tscinvbit, bmi1, bmi2, adx

Memory: 4k page, physical 8299524k(2464276k free), swap 14749720k(6984k free)

vm_info: OpenJDK 64-Bit Server VM (25.112-b06) for windows-amd64 JRE (1.8.0_112-release-b06), built on Dec  8 2016 00:54:26 by "builder" with MS VC++ 10.0 (VS2010)

time: Tue May 16 10:57:02 2017
elapsed time: 4 seconds (0d 0h 0m 4s)

