#
# There is insufficient memory for the Java Runtime Environment to continue.
# Native memory allocation (malloc) failed to allocate 882976 bytes for Chunk::new
# Possible reasons:
#   The system is out of physical RAM or swap space
#   In 32 bit mode, the process size limit was hit
# Possible solutions:
#   Reduce memory load on the system
#   Increase physical memory or swap space
#   Check if swap backing store is full
#   Use 64 bit Java on a 64 bit OS
#   Decrease Java heap size (-Xmx/-Xms)
#   Decrease number of Java threads
#   Decrease Java thread stack sizes (-Xss)
#   Set larger code cache with -XX:ReservedCodeCacheSize=
# This output file may be truncated or incomplete.
#
#  Out of Memory Error (allocation.cpp:390), pid=33492, tid=0x0000000000003370
#
# JRE version: OpenJDK Runtime Environment (8.0_112-b06) (build 1.8.0_112-release-b06)
# Java VM: OpenJDK 64-Bit Server VM (25.112-b06 mixed mode windows-amd64 compressed oops)
# Failed to write core dump. Minidumps are not enabled by default on client versions of Windows
#

---------------  T H R E A D  ---------------

Current thread (0x0000000016e23800):  JavaThread "C2 CompilerThread1" daemon [_thread_in_native, id=13168, stack(0x00000000174d0000,0x00000000175d0000)]

Stack: [0x00000000174d0000,0x00000000175d0000]
[error occurred during error reporting (printing stack bounds), id 0xc0000005]

Native frames: (J=compiled Java code, j=interpreted, Vv=VM code, C=native code)


Current CompileTask:
C2:   4704 1423   !   4       com.android.dx.cf.cst.ConstantPoolParser::parse0 (731 bytes)


---------------  P R O C E S S  ---------------

Java Threads: ( => current thread )
  0x000000001704f000 JavaThread "pool-2-thread-4" [_thread_in_Java, id=32596, stack(0x0000000017cd0000,0x0000000017dd0000)]
  0x0000000017040000 JavaThread "pool-2-thread-3" [_thread_in_Java, id=32408, stack(0x0000000017bd0000,0x0000000017cd0000)]
  0x000000001703c000 JavaThread "pool-2-thread-2" [_thread_in_Java, id=29720, stack(0x0000000017ad0000,0x0000000017bd0000)]
  0x0000000016f2d800 JavaThread "pool-3-thread-1" [_thread_blocked, id=30884, stack(0x00000000179d0000,0x0000000017ad0000)]
  0x0000000016f2c800 JavaThread "pool-2-thread-1" [_thread_in_Java, id=31992, stack(0x00000000178d0000,0x00000000179d0000)]
  0x0000000016e2e000 JavaThread "Service Thread" daemon [_thread_blocked, id=31036, stack(0x00000000176d0000,0x00000000177d0000)]
  0x0000000016e26800 JavaThread "C1 CompilerThread2" daemon [_thread_in_native, id=23160, stack(0x00000000175d0000,0x00000000176d0000)]
=>0x0000000016e23800 JavaThread "C2 CompilerThread1" daemon [_thread_in_native, id=13168, stack(0x00000000174d0000,0x00000000175d0000)]
  0x0000000015a70000 JavaThread "C2 CompilerThread0" daemon [_thread_in_native, id=33072, stack(0x00000000173d0000,0x00000000174d0000)]
  0x0000000015ab7800 JavaThread "Attach Listener" daemon [_thread_blocked, id=25120, stack(0x00000000172d0000,0x00000000173d0000)]
  0x0000000016dd8800 JavaThread "Signal Dispatcher" daemon [_thread_blocked, id=24228, stack(0x00000000171d0000,0x00000000172d0000)]
  0x0000000003385800 JavaThread "Finalizer" daemon [_thread_blocked, id=24700, stack(0x0000000016cd0000,0x0000000016dd0000)]
  0x0000000015a27000 JavaThread "Reference Handler" daemon [_thread_blocked, id=32932, stack(0x0000000016bd0000,0x0000000016cd0000)]
  0x000000000308d800 JavaThread "main" [_thread_in_native, id=32364, stack(0x0000000003190000,0x0000000003290000)]

Other Threads:
  0x0000000015a24800 VMThread [stack: 0x0000000016ad0000,0x0000000016bd0000] [id=31144]
  0x0000000016e30000 WatcherThread [stack: 0x00000000177d0000,0x00000000178d0000] [id=29460]

VM state:not at safepoint (normal execution)

VM Mutex/Monitor currently owned by a thread: None

Heap:
 PSYoungGen      total 71680K, used 62166K [0x00000000eab00000, 0x00000000ef600000, 0x0000000100000000)
  eden space 66560K, 85% used [0x00000000eab00000,0x00000000ee2b6108,0x00000000eec00000)
  from space 5120K, 99% used [0x00000000ef100000,0x00000000ef5ff710,0x00000000ef600000)
  to   space 5120K, 0% used [0x00000000eec00000,0x00000000eec00000,0x00000000ef100000)
 ParOldGen       total 87552K, used 17696K [0x00000000c0000000, 0x00000000c5580000, 0x00000000eab00000)
  object space 87552K, 20% used [0x00000000c0000000,0x00000000c11482a8,0x00000000c5580000)
 Metaspace       used 5815K, capacity 6896K, committed 7040K, reserved 1056768K
  class space    used 562K, capacity 616K, committed 640K, reserved 1048576K

Card table byte_map: [0x0000000012750000,0x0000000012960000] byte_map_base: 0x0000000012150000

Marking Bits: (ParMarkBitMap*) 0x00000000630018f0
 Begin Bits: [0x0000000012ec0000, 0x0000000013ec0000)
 End Bits:   [0x0000000013ec0000, 0x0000000014ec0000)

Polling page: 0x0000000001230000

CodeCache: size=245760Kb used=6375Kb max_used=6375Kb free=239385Kb
 bounds [0x0000000003390000, 0x00000000039d0000, 0x0000000012390000]
 total_blobs=1696 nmethods=1433 adapters=177
 compilation: enabled

Compilation events (10 events):
Event: 4.694 Thread 0x0000000016e26800 nmethod 1450 0x00000000039bad50 code [0x00000000039bb0e0, 0x00000000039bcde8]
Event: 4.694 Thread 0x0000000016e26800 1452       3       com.android.dx.ssa.SsaConverter::edgeSplitSuccessors (98 bytes)
Event: 4.695 Thread 0x0000000016e26800 nmethod 1452 0x00000000039be190 code [0x00000000039be400, 0x00000000039bf228]
Event: 4.695 Thread 0x0000000016e26800 1453       3       com.android.dx.ssa.ConstCollector::updateConstUses (248 bytes)
Event: 4.697 Thread 0x0000000016e26800 nmethod 1453 0x00000000039bfbd0 code [0x00000000039bff80, 0x00000000039c2438]
Event: 4.697 Thread 0x0000000016e26800 1454       3       com.android.dx.ssa.LocalVariableExtractor::doit (59 bytes)
Event: 4.697 Thread 0x0000000016e26800 nmethod 1454 0x00000000039c3950 code [0x00000000039c3b00, 0x00000000039c4048]
Event: 4.697 Thread 0x0000000016e26800 1455       3       com.android.dx.ssa.DomFront::<init> (60 bytes)
Event: 4.697 Thread 0x0000000016e26800 nmethod 1455 0x00000000039c4250 code [0x00000000039c43e0, 0x00000000039c4a30]
Event: 4.698 Thread 0x0000000016e26800 1456 %     3       com.android.dx.ssa.Dominators::run @ 89 (506 bytes)

GC Heap History (4 events):
Event: 1.863 GC heap before
{Heap before GC invocations=1 (full 0):
 PSYoungGen      total 38400K, used 33280K [0x00000000eab00000, 0x00000000ed580000, 0x0000000100000000)
  eden space 33280K, 100% used [0x00000000eab00000,0x00000000ecb80000,0x00000000ecb80000)
  from space 5120K, 0% used [0x00000000ed080000,0x00000000ed080000,0x00000000ed580000)
  to   space 5120K, 0% used [0x00000000ecb80000,0x00000000ecb80000,0x00000000ed080000)
 ParOldGen       total 87552K, used 0K [0x00000000c0000000, 0x00000000c5580000, 0x00000000eab00000)
  object space 87552K, 0% used [0x00000000c0000000,0x00000000c0000000,0x00000000c5580000)
 Metaspace       used 5670K, capacity 6768K, committed 7040K, reserved 1056768K
  class space    used 559K, capacity 616K, committed 640K, reserved 1048576K
Event: 1.885 GC heap after
Heap after GC invocations=1 (full 0):
 PSYoungGen      total 38400K, used 5099K [0x00000000eab00000, 0x00000000ef600000, 0x0000000100000000)
  eden space 33280K, 0% used [0x00000000eab00000,0x00000000eab00000,0x00000000ecb80000)
  from space 5120K, 99% used [0x00000000ecb80000,0x00000000ed07acf0,0x00000000ed080000)
  to   space 5120K, 0% used [0x00000000ef100000,0x00000000ef100000,0x00000000ef600000)
 ParOldGen       total 87552K, used 5606K [0x00000000c0000000, 0x00000000c5580000, 0x00000000eab00000)
  object space 87552K, 6% used [0x00000000c0000000,0x00000000c0579ac0,0x00000000c5580000)
 Metaspace       used 5670K, capacity 6768K, committed 7040K, reserved 1056768K
  class space    used 559K, capacity 616K, committed 640K, reserved 1048576K
}
Event: 3.367 GC heap before
{Heap before GC invocations=2 (full 0):
 PSYoungGen      total 38400K, used 38379K [0x00000000eab00000, 0x00000000ef600000, 0x0000000100000000)
  eden space 33280K, 100% used [0x00000000eab00000,0x00000000ecb80000,0x00000000ecb80000)
  from space 5120K, 99% used [0x00000000ecb80000,0x00000000ed07acf0,0x00000000ed080000)
  to   space 5120K, 0% used [0x00000000ef100000,0x00000000ef100000,0x00000000ef600000)
 ParOldGen       total 87552K, used 5606K [0x00000000c0000000, 0x00000000c5580000, 0x00000000eab00000)
  object space 87552K, 6% used [0x00000000c0000000,0x00000000c0579ac0,0x00000000c5580000)
 Metaspace       used 5712K, capacity 6832K, committed 7040K, reserved 1056768K
  class space    used 560K, capacity 616K, committed 640K, reserved 1048576K
Event: 3.598 GC heap after
Heap after GC invocations=2 (full 0):
 PSYoungGen      total 71680K, used 5117K [0x00000000eab00000, 0x00000000ef600000, 0x0000000100000000)
  eden space 66560K, 0% used [0x00000000eab00000,0x00000000eab00000,0x00000000eec00000)
  from space 5120K, 99% used [0x00000000ef100000,0x00000000ef5ff710,0x00000000ef600000)
  to   space 5120K, 0% used [0x00000000eec00000,0x00000000eec00000,0x00000000ef100000)
 ParOldGen       total 87552K, used 17696K [0x00000000c0000000, 0x00000000c5580000, 0x00000000eab00000)
  object space 87552K, 20% used [0x00000000c0000000,0x00000000c11482a8,0x00000000c5580000)
 Metaspace       used 5712K, capacity 6832K, committed 7040K, reserved 1056768K
  class space    used 560K, capacity 616K, committed 640K, reserved 1048576K
}

Deoptimization events (10 events):
Event: 1.462 Thread 0x0000000017040000 Uncommon trap: reason=unstable_if action=reinterpret pc=0x000000000365bca0 method=com.android.dx.util.IntList.binarysearch(I)I @ 26
Event: 2.255 Thread 0x000000001704f000 Uncommon trap: reason=class_check action=maybe_recompile pc=0x0000000003748374 method=com.android.dx.ssa.NormalSsaInsn.accept(Lcom/android/dx/ssa/SsaInsn$Visitor;)V @ 9
Event: 2.627 Thread 0x0000000016f2c800 Uncommon trap: reason=class_check action=maybe_recompile pc=0x0000000003748374 method=com.android.dx.ssa.NormalSsaInsn.accept(Lcom/android/dx/ssa/SsaInsn$Visitor;)V @ 9
Event: 3.064 Thread 0x0000000017040000 Uncommon trap: reason=class_check action=maybe_recompile pc=0x0000000003748374 method=com.android.dx.ssa.NormalSsaInsn.accept(Lcom/android/dx/ssa/SsaInsn$Visitor;)V @ 9
Event: 3.347 Thread 0x0000000017040000 Uncommon trap: reason=predicate action=maybe_recompile pc=0x000000000384df3c method=com.android.dx.ssa.PhiInsn.mapSourceRegisters(Lcom/android/dx/ssa/RegisterMapper;)V @ 17
Event: 4.550 Thread 0x0000000017040000 Uncommon trap: reason=unstable_if action=reinterpret pc=0x00000000037d68fc method=com.android.dx.rop.code.RegisterSpec.withReg(I)Lcom/android/dx/rop/code/RegisterSpec; @ 5
Event: 4.550 Thread 0x0000000017040000 Uncommon trap: reason=unstable_if action=reinterpret pc=0x0000000003665f54 method=com.android.dx.rop.code.RegisterSpec.withReg(I)Lcom/android/dx/rop/code/RegisterSpec; @ 5
Event: 4.560 Thread 0x0000000016f2c800 Uncommon trap: reason=unstable_if action=reinterpret pc=0x0000000003892398 method=com.android.dx.cf.code.RopperMachine.run(Lcom/android/dx/cf/code/Frame;II)V @ 1019
Event: 4.561 Thread 0x0000000016f2c800 Uncommon trap: reason=class_check action=maybe_recompile pc=0x00000000038f5488 method=com.android.dx.rop.code.DexTranslationAdvice.hasConstantOperation(Lcom/android/dx/rop/code/Rop;Lcom/android/dx/rop/code/RegisterSpec;Lcom/android/dx/rop/code/RegisterSpec“»¯_@
Event: 4.593 Thread 0x000000000308d800 Uncommon trap: reason=unloaded action=reinterpret pc=0x00000000035e3aa4 method=com.android.dx.cf.cst.ConstantPoolParser.parse0(ILjava/util/BitSet;)Lcom/android/dx/rop/cst/Constant; @ 176

Internal exceptions (2 events):
Event: 0.033 Thread 0x000000000308d800 Exception <a 'java/lang/NoSuchMethodError': Method sun.misc.Unsafe.defineClass(Ljava/lang/String;[BII)Ljava/lang/Class; name or signature does not match> (0x00000000eab07c78) thrown at [C:\src\android\AOSP-openjdk\external\jetbrains\jdk\hotspot\src\share\v±áé•²¡?
Event: 0.033 Thread 0x000000000308d800 Exception <a 'java/lang/NoSuchMethodError': Method sun.misc.Unsafe.prefetchRead(Ljava/lang/Object;J)V name or signature does not match> (0x00000000eab07f60) thrown at [C:\src\android\AOSP-openjdk\external\jetbrains\jdk\hotspot\src\share\vm\prims\jni.cpp, l

Events (10 events):
Event: 4.560 Thread 0x0000000016f2c800 DEOPT UNPACKING pc=0x00000000033d556a sp=0x00000000179cec68 mode 2
Event: 4.561 Thread 0x0000000016f2c800 Uncommon trap: trap_request=0xffffffde fr.pc=0x00000000038f5488
Event: 4.561 Thread 0x0000000016f2c800 DEOPT PACKING pc=0x00000000038f5488 sp=0x00000000179cee60
Event: 4.561 Thread 0x0000000016f2c800 DEOPT UNPACKING pc=0x00000000033d556a sp=0x00000000179ced90 mode 2
Event: 4.593 Thread 0x000000000308d800 Uncommon trap: trap_request=0x000000cf fr.pc=0x00000000035e3aa4
Event: 4.593 Thread 0x000000000308d800 DEOPT PACKING pc=0x00000000035e3aa4 sp=0x000000000328e3d0
Event: 4.593 Thread 0x000000000308d800 DEOPT UNPACKING pc=0x00000000033d556a sp=0x000000000328e410 mode 2
Event: 4.679 Thread 0x000000001704f000 DEOPT PACKING pc=0x00000000038109b5 sp=0x0000000017dce7d0
Event: 4.679 Thread 0x000000001704f000 DEOPT UNPACKING pc=0x00000000033d75bf sp=0x0000000017dce4b0 mode 0
Event: 4.698 Thread 0x000000001704f000 Uncommon trap: trap_request=0xffffff65 fr.pc=0x00000000037772b4


Dynamic libraries:
0x00007ff636230000 - 0x00007ff636261000 	D:\Program Files\Android\Android Studio\jre\bin\java.exe
0x00007fffec7f0000 - 0x00007fffec9c1000 	C:\WINDOWS\SYSTEM32\ntdll.dll
0x00007fffeb1d0000 - 0x00007fffeb27c000 	C:\WINDOWS\System32\KERNEL32.DLL
0x00007fffe96e0000 - 0x00007fffe98fd000 	C:\WINDOWS\System32\KERNELBASE.dll
0x00007fffe9e60000 - 0x00007fffe9f02000 	C:\WINDOWS\System32\ADVAPI32.dll
0x00007fffeaaa0000 - 0x00007fffeab3e000 	C:\WINDOWS\System32\msvcrt.dll
0x00007fffec790000 - 0x00007fffec7e9000 	C:\WINDOWS\System32\sechost.dll
0x00007fffea970000 - 0x00007fffeaa91000 	C:\WINDOWS\System32\RPCRT4.dll
0x00007fffeac40000 - 0x00007fffeada5000 	C:\WINDOWS\System32\USER32.dll
0x00007fffe9d10000 - 0x00007fffe9d2e000 	C:\WINDOWS\System32\win32u.dll
0x00007fffea180000 - 0x00007fffea1b4000 	C:\WINDOWS\System32\GDI32.dll
0x00007fffe9b80000 - 0x00007fffe9d02000 	C:\WINDOWS\System32\gdi32full.dll
0x00007fffe41c0000 - 0x00007fffe443a000 	C:\WINDOWS\WinSxS\amd64_microsoft.windows.common-controls_6595b64144ccf1df_6.0.14393.953_none_42151e83c686086b\COMCTL32.dll
0x00007fffea600000 - 0x00007fffea8c8000 	C:\WINDOWS\System32\combase.dll
0x00007fffe8ce0000 - 0x00007fffe8dd5000 	C:\WINDOWS\System32\ucrtbase.dll
0x00007fffe9670000 - 0x00007fffe96da000 	C:\WINDOWS\System32\bcryptPrimitives.dll
0x00007fffe9da0000 - 0x00007fffe9dce000 	C:\WINDOWS\System32\IMM32.DLL
0x0000000063d40000 - 0x0000000063e12000 	D:\Program Files\Android\Android Studio\jre\jre\bin\msvcr100.dll
0x0000000062840000 - 0x000000006307c000 	D:\Program Files\Android\Android Studio\jre\jre\bin\server\jvm.dll
0x00007fffe9e40000 - 0x00007fffe9e48000 	C:\WINDOWS\System32\PSAPI.DLL
0x00007fffdc320000 - 0x00007fffdc329000 	C:\WINDOWS\SYSTEM32\WSOCK32.dll
0x00007fffe6c20000 - 0x00007fffe6c43000 	C:\WINDOWS\SYSTEM32\WINMM.dll
0x00007fffea110000 - 0x00007fffea17a000 	C:\WINDOWS\System32\WS2_32.dll
0x00007fffe4cf0000 - 0x00007fffe4cfa000 	C:\WINDOWS\SYSTEM32\VERSION.dll
0x00007fffe6b00000 - 0x00007fffe6b2b000 	C:\WINDOWS\SYSTEM32\WINMMBASE.dll
0x00007fffe9d30000 - 0x00007fffe9d72000 	C:\WINDOWS\System32\cfgmgr32.dll
0x00007fffe63f0000 - 0x00007fffe63ff000 	D:\Program Files\Android\Android Studio\jre\jre\bin\verify.dll
0x00007fffe4bc0000 - 0x00007fffe4be9000 	D:\Program Files\Android\Android Studio\jre\jre\bin\java.dll
0x00007fffe63d0000 - 0x00007fffe63e6000 	D:\Program Files\Android\Android Studio\jre\jre\bin\zip.dll
0x00007fffeb280000 - 0x00007fffec788000 	C:\WINDOWS\System32\SHELL32.dll
0x00007fffe8e80000 - 0x00007fffe955a000 	C:\WINDOWS\System32\windows.storage.dll
0x00007fffe8c50000 - 0x00007fffe8c9c000 	C:\WINDOWS\System32\powrprof.dll
0x00007fffea050000 - 0x00007fffea0a2000 	C:\WINDOWS\System32\shlwapi.dll
0x00007fffe8cd0000 - 0x00007fffe8cdf000 	C:\WINDOWS\System32\kernel.appcore.dll
0x00007fffe9560000 - 0x00007fffe9609000 	C:\WINDOWS\System32\shcore.dll
0x00007fffe8ca0000 - 0x00007fffe8cb4000 	C:\WINDOWS\System32\profapi.dll

VM Arguments:
jvm_args: -Djava.awt.headless=true -Xmx1024M -Dfile.encoding=GBK -Duser.country=CN -Duser.language=zh -Duser.variant 
java_command: com.android.dx.command.Main --dex --force-jumbo --num-threads=4 --multi-dex --output D:\musicbean\app\build\intermediates\transforms\dex\baidu\debug\folders\1000\5\slice_3 D:\musicbean\app\build\intermediates\transforms\instantRunSlicer\baidu\debug\folders\1\5\slice_3
java_class_path (initial): D:\SDK\build-tools\25.0.0\lib\dx.jar
Launcher Type: SUN_STANDARD

Environment Variables:
JAVA_HOME=C:\Program Files\Java\jdk1.8.0_101
CLASSPATH=.;C:\Program Files\Java\jdk1.8.0_101\lib;
PATH=C:\ProgramData\Oracle\Java\javapath;C:\WINDOWS\system32;C:\WINDOWS;C:\WINDOWS\System32\Wbem;C:\WINDOWS\System32\WindowsPowerShell\v1.0\;C:\Program Files\Java\jdk1.8.0_101\bin;C:\Program Files\Java\jdk1.8.0_101\jre\bin;D:\Git\cmd;C:\Users\Administrator\AppData\Local\Microsoft\WindowsApps;
USERNAME=Administrator
OS=Windows_NT
PROCESSOR_IDENTIFIER=Intel64 Family 6 Model 94 Stepping 3, GenuineIntel



---------------  S Y S T E M  ---------------

OS: Windows 10.0 , 64 bit Build 14393 (10.0.14393.1198)

CPU:total 4 (4 cores per cpu, 1 threads per core) family 6 model 94 stepping 3, cmov, cx8, fxsr, mmx, sse, sse2, sse3, ssse3, sse4.1, sse4.2, popcnt, avx, avx2, aes, clmul, erms, rtm, 3dnowpref, lzcnt, tsc, tscinvbit, bmi1, bmi2, adx

Memory: 4k page, physical 8299524k(2350404k free), swap 14749720k(4452k free)

vm_info: OpenJDK 64-Bit Server VM (25.112-b06) for windows-amd64 JRE (1.8.0_112-release-b06), built on Dec  8 2016 00:54:26 by "builder" with MS VC++ 10.0 (VS2010)

time: Mon May 22 14:01:22 2017
elapsed time: 4 seconds (0d 0h 0m 4s)

