#
# There is insufficient memory for the Java Runtime Environment to continue.
# Native memory allocation (malloc) failed to allocate 337216 bytes for Chunk::new
# Possible reasons:
#   The system is out of physical RAM or swap space
#   In 32 bit mode, the process size limit was hit
# Possible solutions:
#   Reduce memory load on the system
#   Increase physical memory or swap space
#   Check if swap backing store is full
#   Use 64 bit Java on a 64 bit OS
#   Decrease Java heap size (-Xmx/-Xms)
#   Decrease number of Java threads
#   Decrease Java thread stack sizes (-Xss)
#   Set larger code cache with -XX:ReservedCodeCacheSize=
# This output file may be truncated or incomplete.
#
#  Out of Memory Error (allocation.cpp:390), pid=3732, tid=0x0000000000003ae8
#
# JRE version: OpenJDK Runtime Environment (8.0_112-b06) (build 1.8.0_112-release-b06)
# Java VM: OpenJDK 64-Bit Server VM (25.112-b06 mixed mode windows-amd64 compressed oops)
# Failed to write core dump. Minidumps are not enabled by default on client versions of Windows
#

---------------  T H R E A D  ---------------

Current thread (0x0000000014fc8800):  JavaThread "C2 CompilerThread1" daemon [_thread_in_native, id=15080, stack(0x00000000169e0000,0x0000000016ae0000)]

Stack: [0x00000000169e0000,0x0000000016ae0000]
[error occurred during error reporting (printing stack bounds), id 0xc0000005]

Native frames: (J=compiled Java code, j=interpreted, Vv=VM code, C=native code)


Current CompileTask:
C2:   6538 1622       4       com.android.dx.ssa.LiteralOpUpgrader$1::visitNonMoveInsn (203 bytes)


---------------  P R O C E S S  ---------------

Java Threads: ( => current thread )
  0x0000000016553000 JavaThread "pool-2-thread-4" [_thread_blocked, id=14776, stack(0x00000000171e0000,0x00000000172e0000)]
  0x0000000016552800 JavaThread "pool-2-thread-3" [_thread_blocked, id=14880, stack(0x00000000170e0000,0x00000000171e0000)]
  0x0000000016550000 JavaThread "pool-2-thread-2" [_thread_in_Java, id=3220, stack(0x0000000016fe0000,0x00000000170e0000)]
  0x000000001654f800 JavaThread "pool-3-thread-1" [_thread_blocked, id=14924, stack(0x0000000016ee0000,0x0000000016fe0000)]
  0x000000001654c800 JavaThread "pool-2-thread-1" [_thread_blocked, id=14496, stack(0x0000000016de0000,0x0000000016ee0000)]
  0x000000001633e800 JavaThread "Service Thread" daemon [_thread_blocked, id=10432, stack(0x0000000016be0000,0x0000000016ce0000)]
  0x0000000016337000 JavaThread "C1 CompilerThread2" daemon [_thread_in_vm, id=13168, stack(0x0000000016ae0000,0x0000000016be0000)]
=>0x0000000014fc8800 JavaThread "C2 CompilerThread1" daemon [_thread_in_native, id=15080, stack(0x00000000169e0000,0x0000000016ae0000)]
  0x0000000014f80000 JavaThread "C2 CompilerThread0" daemon [_thread_in_native, id=6168, stack(0x00000000168e0000,0x00000000169e0000)]
  0x0000000014fc7800 JavaThread "Attach Listener" daemon [_thread_blocked, id=1836, stack(0x00000000167e0000,0x00000000168e0000)]
  0x00000000162e8800 JavaThread "Signal Dispatcher" daemon [_thread_blocked, id=11672, stack(0x00000000166e0000,0x00000000167e0000)]
  0x0000000002895800 JavaThread "Finalizer" daemon [_thread_blocked, id=14428, stack(0x00000000161e0000,0x00000000162e0000)]
  0x0000000014f37000 JavaThread "Reference Handler" daemon [_thread_blocked, id=1288, stack(0x00000000160e0000,0x00000000161e0000)]
  0x000000000269d800 JavaThread "main" [_thread_in_Java, id=12920, stack(0x00000000024f0000,0x00000000025f0000)]

Other Threads:
  0x0000000014f34800 VMThread [stack: 0x0000000015fe0000,0x00000000160e0000] [id=13400]
  0x0000000016340000 WatcherThread [stack: 0x0000000016ce0000,0x0000000016de0000] [id=15308]

VM state:not at safepoint (normal execution)

VM Mutex/Monitor currently owned by a thread:  ([mutex/lock_event])
[0x000000000269ca50] SystemDictionary_lock - owner thread: 0x0000000000000000

Heap:
 PSYoungGen      total 38400K, used 35261K [0x00000000eab00000, 0x00000000ed580000, 0x0000000100000000)
  eden space 33280K, 90% used [0x00000000eab00000,0x00000000ec876b78,0x00000000ecb80000)
  from space 5120K, 99% used [0x00000000ed080000,0x00000000ed578ac8,0x00000000ed580000)
  to   space 5120K, 0% used [0x00000000ecb80000,0x00000000ecb80000,0x00000000ed080000)
 ParOldGen       total 87552K, used 5362K [0x00000000c0000000, 0x00000000c5580000, 0x00000000eab00000)
  object space 87552K, 6% used [0x00000000c0000000,0x00000000c053c988,0x00000000c5580000)
 Metaspace       used 6209K, capacity 7088K, committed 7296K, reserved 1056768K
  class space    used 573K, capacity 616K, committed 640K, reserved 1048576K

Card table byte_map: [0x0000000011c60000,0x0000000011e70000] byte_map_base: 0x0000000011660000

Marking Bits: (ParMarkBitMap*) 0x00000000630018f0
 Begin Bits: [0x00000000123d0000, 0x00000000133d0000)
 End Bits:   [0x00000000133d0000, 0x00000000143d0000)

Polling page: 0x0000000000770000

CodeCache: size=245760Kb used=6333Kb max_used=6333Kb free=239426Kb
 bounds [0x00000000028a0000, 0x0000000002ee0000, 0x00000000118a0000]
 total_blobs=1883 nmethods=1614 adapters=183
 compilation: enabled

Compilation events (10 events):
Event: 6.529 Thread 0x0000000016337000 nmethod 1663 0x0000000002ebca50 code [0x0000000002ebcc40, 0x0000000002ebd258]
Event: 6.535 Thread 0x0000000016337000 1664       2       java.util.concurrent.locks.AbstractQueuedSynchronizer::compareAndSetTail (13 bytes)
Event: 6.535 Thread 0x0000000016337000 nmethod 1664 0x0000000002ebc710 code [0x0000000002ebc860, 0x0000000002ebc9f0]
Event: 6.535 Thread 0x0000000016337000 1665       2       java.util.concurrent.locks.AbstractQueuedSynchronizer::setHead (16 bytes)
Event: 6.535 Thread 0x0000000016337000 nmethod 1665 0x0000000002ecf8d0 code [0x0000000002ecfa20, 0x0000000002ecfbd0]
Event: 6.536 Thread 0x0000000016337000 1666       2       com.android.dx.ssa.back.SsaToRop::convert (99 bytes)
Event: 6.537 Thread 0x0000000016337000 nmethod 1666 0x0000000002ecfc90 code [0x0000000002ecfea0, 0x0000000002ed05b8]
Event: 6.537 Thread 0x0000000016337000 1676       2       com.android.dx.ssa.back.FirstFitLocalCombiningAllocator::handlePhiInsns (36 bytes)
Event: 6.537 Thread 0x0000000016337000 nmethod 1676 0x0000000002ed0d50 code [0x0000000002ed0ee0, 0x0000000002ed11d8]
Event: 6.537 Thread 0x0000000016337000 1674       2       com.android.dx.ssa.back.FirstFitLocalCombiningAllocator::handleInvokeRangeInsns (36 bytes)

GC Heap History (4 events):
Event: 5.946 GC heap before
{Heap before GC invocations=1 (full 0):
 PSYoungGen      total 38400K, used 33280K [0x00000000eab00000, 0x00000000ed580000, 0x0000000100000000)
  eden space 33280K, 100% used [0x00000000eab00000,0x00000000ecb80000,0x00000000ecb80000)
  from space 5120K, 0% used [0x00000000ed080000,0x00000000ed080000,0x00000000ed580000)
  to   space 5120K, 0% used [0x00000000ecb80000,0x00000000ecb80000,0x00000000ed080000)
 ParOldGen       total 87552K, used 0K [0x00000000c0000000, 0x00000000c5580000, 0x00000000eab00000)
  object space 87552K, 0% used [0x00000000c0000000,0x00000000c0000000,0x00000000c5580000)
 Metaspace       used 5945K, capacity 6896K, committed 7040K, reserved 1056768K
  class space    used 571K, capacity 616K, committed 640K, reserved 1048576K
Event: 5.965 GC heap after
Heap after GC invocations=1 (full 0):
 PSYoungGen      total 38400K, used 5099K [0x00000000eab00000, 0x00000000ed580000, 0x0000000100000000)
  eden space 33280K, 0% used [0x00000000eab00000,0x00000000eab00000,0x00000000ecb80000)
  from space 5120K, 99% used [0x00000000ecb80000,0x00000000ed07aeb8,0x00000000ed080000)
  to   space 5120K, 0% used [0x00000000ed080000,0x00000000ed080000,0x00000000ed580000)
 ParOldGen       total 87552K, used 1196K [0x00000000c0000000, 0x00000000c5580000, 0x00000000eab00000)
  object space 87552K, 1% used [0x00000000c0000000,0x00000000c012b168,0x00000000c5580000)
 Metaspace       used 5945K, capacity 6896K, committed 7040K, reserved 1056768K
  class space    used 571K, capacity 616K, committed 640K, reserved 1048576K
}
Event: 6.250 GC heap before
{Heap before GC invocations=2 (full 0):
 PSYoungGen      total 38400K, used 38379K [0x00000000eab00000, 0x00000000ed580000, 0x0000000100000000)
  eden space 33280K, 100% used [0x00000000eab00000,0x00000000ecb80000,0x00000000ecb80000)
  from space 5120K, 99% used [0x00000000ecb80000,0x00000000ed07aeb8,0x00000000ed080000)
  to   space 5120K, 0% used [0x00000000ed080000,0x00000000ed080000,0x00000000ed580000)
 ParOldGen       total 87552K, used 1196K [0x00000000c0000000, 0x00000000c5580000, 0x00000000eab00000)
  object space 87552K, 1% used [0x00000000c0000000,0x00000000c012b168,0x00000000c5580000)
 Metaspace       used 6147K, capacity 7024K, committed 7296K, reserved 1056768K
  class space    used 573K, capacity 616K, committed 640K, reserved 1048576K
Event: 6.262 GC heap after
Heap after GC invocations=2 (full 0):
 PSYoungGen      total 38400K, used 5090K [0x00000000eab00000, 0x00000000ed580000, 0x0000000100000000)
  eden space 33280K, 0% used [0x00000000eab00000,0x00000000eab00000,0x00000000ecb80000)
  from space 5120K, 99% used [0x00000000ed080000,0x00000000ed578ac8,0x00000000ed580000)
  to   space 5120K, 0% used [0x00000000ecb80000,0x00000000ecb80000,0x00000000ed080000)
 ParOldGen       total 87552K, used 5362K [0x00000000c0000000, 0x00000000c5580000, 0x00000000eab00000)
  object space 87552K, 6% used [0x00000000c0000000,0x00000000c053c988,0x00000000c5580000)
 Metaspace       used 6147K, capacity 7024K, committed 7296K, reserved 1056768K
  class space    used 573K, capacity 616K, committed 640K, reserved 1048576K
}

Deoptimization events (10 events):
Event: 6.022 Thread 0x0000000016552800 Uncommon trap: reason=bimorphic action=maybe_recompile pc=0x0000000002d286c8 method=com.android.dx.cf.code.BytecodeArray.parseInstruction(ILcom/android/dx/cf/code/BytecodeArray$Visitor;)I @ 1161
Event: 6.022 Thread 0x0000000016552800 Uncommon trap: reason=bimorphic action=maybe_recompile pc=0x0000000002d286c8 method=com.android.dx.cf.code.BytecodeArray.parseInstruction(ILcom/android/dx/cf/code/BytecodeArray$Visitor;)I @ 1161
Event: 6.024 Thread 0x0000000016552800 Uncommon trap: reason=bimorphic action=maybe_recompile pc=0x0000000002d286c8 method=com.android.dx.cf.code.BytecodeArray.parseInstruction(ILcom/android/dx/cf/code/BytecodeArray$Visitor;)I @ 1161
Event: 6.024 Thread 0x0000000016552800 Uncommon trap: reason=bimorphic action=maybe_recompile pc=0x0000000002d286c8 method=com.android.dx.cf.code.BytecodeArray.parseInstruction(ILcom/android/dx/cf/code/BytecodeArray$Visitor;)I @ 1161
Event: 6.093 Thread 0x0000000016550000 Uncommon trap: reason=unstable_if action=reinterpret pc=0x0000000002ca5680 method=com.android.dx.ssa.SsaMethod.deleteInsns(Ljava/util/Set;)V @ 130
Event: 6.101 Thread 0x0000000016550000 Uncommon trap: reason=bimorphic action=maybe_recompile pc=0x0000000002af9254 method=java.util.HashMap.getNode(ILjava/lang/Object;)Ljava/util/HashMap$Node; @ 126
Event: 6.101 Thread 0x0000000016550000 Uncommon trap: reason=bimorphic action=maybe_recompile pc=0x0000000002af9254 method=java.util.HashMap.getNode(ILjava/lang/Object;)Ljava/util/HashMap$Node; @ 126
Event: 6.272 Thread 0x000000000269d800 Uncommon trap: reason=bimorphic action=maybe_recompile pc=0x0000000002af9254 method=java.util.HashMap.getNode(ILjava/lang/Object;)Ljava/util/HashMap$Node; @ 126
Event: 6.272 Thread 0x000000000269d800 Uncommon trap: reason=bimorphic action=maybe_recompile pc=0x0000000002af9254 method=java.util.HashMap.getNode(ILjava/lang/Object;)Ljava/util/HashMap$Node; @ 126
Event: 6.300 Thread 0x0000000016550000 Uncommon trap: reason=unstable_if action=reinterpret pc=0x0000000002d9458c method=com.android.dx.ssa.MoveParamCombiner$1.visitNonMoveInsn(Lcom/android/dx/ssa/NormalSsaInsn;)V @ 27

Internal exceptions (2 events):
Event: 2.965 Thread 0x000000000269d800 Exception <a 'java/lang/NoSuchMethodError': Method sun.misc.Unsafe.defineClass(Ljava/lang/String;[BII)Ljava/lang/Class; name or signature does not match> (0x00000000eab07c78) thrown at [C:\src\android\AOSP-openjdk\external\jetbrains\jdk\hotspot\src\share\v—–é}∏@
Event: 2.965 Thread 0x000000000269d800 Exception <a 'java/lang/NoSuchMethodError': Method sun.misc.Unsafe.prefetchRead(Ljava/lang/Object;J)V name or signature does not match> (0x00000000eab07f60) thrown at [C:\src\android\AOSP-openjdk\external\jetbrains\jdk\hotspot\src\share\vm\prims\jni.cpp, l

Events (10 events):
Event: 6.262 Executing VM operation: ParallelGCFailedAllocation done
Event: 6.272 Thread 0x000000000269d800 Uncommon trap: trap_request=0xffffffc6 fr.pc=0x0000000002af9254
Event: 6.272 Thread 0x000000000269d800 DEOPT PACKING pc=0x0000000002af9254 sp=0x00000000025edf70
Event: 6.272 Thread 0x000000000269d800 DEOPT UNPACKING pc=0x00000000028e556a sp=0x00000000025ede88 mode 2
Event: 6.272 Thread 0x000000000269d800 Uncommon trap: trap_request=0xffffffc6 fr.pc=0x0000000002af9254
Event: 6.272 Thread 0x000000000269d800 DEOPT PACKING pc=0x0000000002af9254 sp=0x00000000025edf70
Event: 6.272 Thread 0x000000000269d800 DEOPT UNPACKING pc=0x00000000028e556a sp=0x00000000025ede88 mode 2
Event: 6.300 Thread 0x0000000016550000 Uncommon trap: trap_request=0xffffff65 fr.pc=0x0000000002d9458c
Event: 6.300 Thread 0x0000000016550000 DEOPT PACKING pc=0x0000000002d9458c sp=0x00000000170de540
Event: 6.300 Thread 0x0000000016550000 DEOPT UNPACKING pc=0x00000000028e556a sp=0x00000000170de498 mode 2


Dynamic libraries:
0x00007ff636230000 - 0x00007ff636261000 	D:\Program Files\Android\Android Studio\jre\bin\java.exe
0x00007fffec7f0000 - 0x00007fffec9c1000 	C:\WINDOWS\SYSTEM32\ntdll.dll
0x00007fffeb1d0000 - 0x00007fffeb27c000 	C:\WINDOWS\System32\KERNEL32.DLL
0x00007fffe96e0000 - 0x00007fffe98fd000 	C:\WINDOWS\System32\KERNELBASE.dll
0x00007fffe9e60000 - 0x00007fffe9f02000 	C:\WINDOWS\System32\ADVAPI32.dll
0x00007fffeaaa0000 - 0x00007fffeab3e000 	C:\WINDOWS\System32\msvcrt.dll
0x00007fffec790000 - 0x00007fffec7e9000 	C:\WINDOWS\System32\sechost.dll
0x00007fffea970000 - 0x00007fffeaa91000 	C:\WINDOWS\System32\RPCRT4.dll
0x00007fffeac40000 - 0x00007fffeada5000 	C:\WINDOWS\System32\USER32.dll
0x00007fffe9d10000 - 0x00007fffe9d2e000 	C:\WINDOWS\System32\win32u.dll
0x00007fffea180000 - 0x00007fffea1b4000 	C:\WINDOWS\System32\GDI32.dll
0x00007fffe9b80000 - 0x00007fffe9d02000 	C:\WINDOWS\System32\gdi32full.dll
0x00007fffe41c0000 - 0x00007fffe443a000 	C:\WINDOWS\WinSxS\amd64_microsoft.windows.common-controls_6595b64144ccf1df_6.0.14393.953_none_42151e83c686086b\COMCTL32.dll
0x00007fffea600000 - 0x00007fffea8c8000 	C:\WINDOWS\System32\combase.dll
0x00007fffe8ce0000 - 0x00007fffe8dd5000 	C:\WINDOWS\System32\ucrtbase.dll
0x00007fffe9670000 - 0x00007fffe96da000 	C:\WINDOWS\System32\bcryptPrimitives.dll
0x00007fffe9da0000 - 0x00007fffe9dce000 	C:\WINDOWS\System32\IMM32.DLL
0x0000000063530000 - 0x0000000063602000 	D:\Program Files\Android\Android Studio\jre\jre\bin\msvcr100.dll
0x0000000062840000 - 0x000000006307c000 	D:\Program Files\Android\Android Studio\jre\jre\bin\server\jvm.dll
0x00007fffe9e40000 - 0x00007fffe9e48000 	C:\WINDOWS\System32\PSAPI.DLL
0x00007fffdc320000 - 0x00007fffdc329000 	C:\WINDOWS\SYSTEM32\WSOCK32.dll
0x00007fffea110000 - 0x00007fffea17a000 	C:\WINDOWS\System32\WS2_32.dll
0x00007fffe6c20000 - 0x00007fffe6c43000 	C:\WINDOWS\SYSTEM32\WINMM.dll
0x00007fffe4cf0000 - 0x00007fffe4cfa000 	C:\WINDOWS\SYSTEM32\VERSION.dll
0x00007fffe6b00000 - 0x00007fffe6b2b000 	C:\WINDOWS\SYSTEM32\WINMMBASE.dll
0x00007fffe9d30000 - 0x00007fffe9d72000 	C:\WINDOWS\System32\cfgmgr32.dll
0x00007fffe63d0000 - 0x00007fffe63df000 	D:\Program Files\Android\Android Studio\jre\jre\bin\verify.dll
0x00007fffdde50000 - 0x00007fffdde79000 	D:\Program Files\Android\Android Studio\jre\jre\bin\java.dll
0x00007fffe3930000 - 0x00007fffe3946000 	D:\Program Files\Android\Android Studio\jre\jre\bin\zip.dll
0x00007fffeb280000 - 0x00007fffec788000 	C:\WINDOWS\System32\SHELL32.dll
0x00007fffe8e80000 - 0x00007fffe955a000 	C:\WINDOWS\System32\windows.storage.dll
0x00007fffe8c50000 - 0x00007fffe8c9c000 	C:\WINDOWS\System32\powrprof.dll
0x00007fffea050000 - 0x00007fffea0a2000 	C:\WINDOWS\System32\shlwapi.dll
0x00007fffe8cd0000 - 0x00007fffe8cdf000 	C:\WINDOWS\System32\kernel.appcore.dll
0x00007fffe9560000 - 0x00007fffe9609000 	C:\WINDOWS\System32\shcore.dll
0x00007fffe8ca0000 - 0x00007fffe8cb4000 	C:\WINDOWS\System32\profapi.dll

VM Arguments:
jvm_args: -Djava.awt.headless=true -Xmx1024M -Dfile.encoding=GBK -Duser.country=CN -Duser.language=zh -Duser.variant 
java_command: com.android.dx.command.Main --dex --force-jumbo --num-threads=4 --multi-dex --output D:\musicbean\app\build\intermediates\transforms\dex\baidu\debug\folders\1000\10\analytics-6.1.0_45600e21c8bc6e83213e765062f55b0a9a29a7e5 C:\Users\Administrator\.gradle\caches\modules-2\files-2.1\com.umeng.analytics\analytics\6.1.0\8d988e1e13f64c0e8e9d935e347f510f712b376b\analytics-6.1.0.jar
java_class_path (initial): D:\SDK\build-tools\25.0.0\lib\dx.jar
Launcher Type: SUN_STANDARD

Environment Variables:
JAVA_HOME=C:\Program Files\Java\jdk1.8.0_101
CLASSPATH=.;C:\Program Files\Java\jdk1.8.0_101\lib;
PATH=C:\ProgramData\Oracle\Java\javapath;C:\WINDOWS\system32;C:\WINDOWS;C:\WINDOWS\System32\Wbem;C:\WINDOWS\System32\WindowsPowerShell\v1.0\;C:\Program Files\Java\jdk1.8.0_101\bin;C:\Program Files\Java\jdk1.8.0_101\jre\bin;D:\Git\cmd;C:\Users\Administrator\AppData\Local\Microsoft\WindowsApps;
USERNAME=Administrator
OS=Windows_NT
PROCESSOR_IDENTIFIER=Intel64 Family 6 Model 94 Stepping 3, GenuineIntel



---------------  S Y S T E M  ---------------

OS: Windows 10.0 , 64 bit Build 14393 (10.0.14393.1198)

CPU:total 4 (4 cores per cpu, 1 threads per core) family 6 model 94 stepping 3, cmov, cx8, fxsr, mmx, sse, sse2, sse3, ssse3, sse4.1, sse4.2, popcnt, avx, avx2, aes, clmul, erms, rtm, 3dnowpref, lzcnt, tsc, tscinvbit, bmi1, bmi2, adx

Memory: 4k page, physical 8299524k(1822840k free), swap 14749720k(5400k free)

vm_info: OpenJDK 64-Bit Server VM (25.112-b06) for windows-amd64 JRE (1.8.0_112-release-b06), built on Dec  8 2016 00:54:26 by "builder" with MS VC++ 10.0 (VS2010)

time: Tue May 16 10:57:36 2017
elapsed time: 6 seconds (0d 0h 0m 6s)

