#
# There is insufficient memory for the Java Runtime Environment to continue.
# Native memory allocation (malloc) failed to allocate 273296 bytes for Chunk::new
# Possible reasons:
#   The system is out of physical RAM or swap space
#   In 32 bit mode, the process size limit was hit
# Possible solutions:
#   Reduce memory load on the system
#   Increase physical memory or swap space
#   Check if swap backing store is full
#   Use 64 bit Java on a 64 bit OS
#   Decrease Java heap size (-Xmx/-Xms)
#   Decrease number of Java threads
#   Decrease Java thread stack sizes (-Xss)
#   Set larger code cache with -XX:ReservedCodeCacheSize=
# This output file may be truncated or incomplete.
#
#  Out of Memory Error (allocation.cpp:390), pid=15920, tid=0x0000000000003f88
#
# JRE version: OpenJDK Runtime Environment (8.0_112-b06) (build 1.8.0_112-release-b06)
# Java VM: OpenJDK 64-Bit Server VM (25.112-b06 mixed mode windows-amd64 compressed oops)
# Failed to write core dump. Minidumps are not enabled by default on client versions of Windows
#

---------------  T H R E A D  ---------------

Current thread (0x00000000153eb000):  JavaThread "C2 CompilerThread0" daemon [_thread_in_native, id=16264, stack(0x0000000016d90000,0x0000000016e90000)]

Stack: [0x0000000016d90000,0x0000000016e90000]
[error occurred during error reporting (printing stack bounds), id 0xc0000005]

Native frames: (J=compiled Java code, j=interpreted, Vv=VM code, C=native code)


Current CompileTask:
C2:   2120 1296       4       com.android.dx.rop.code.Rops::ropFor (771 bytes)


---------------  P R O C E S S  ---------------

Java Threads: ( => current thread )
  0x0000000016a10000 JavaThread "pool-2-thread-4" [_thread_blocked, id=16340, stack(0x0000000017690000,0x0000000017790000)]
  0x0000000016a0f800 JavaThread "pool-2-thread-3" [_thread_in_Java, id=16336, stack(0x0000000017590000,0x0000000017690000)]
  0x0000000016a0e000 JavaThread "pool-2-thread-2" [_thread_blocked, id=16332, stack(0x0000000017490000,0x0000000017590000)]
  0x00000000168fb000 JavaThread "pool-3-thread-1" [_thread_blocked, id=16296, stack(0x0000000017390000,0x0000000017490000)]
  0x00000000168fa800 JavaThread "pool-2-thread-1" [_thread_in_Java, id=16292, stack(0x0000000017290000,0x0000000017390000)]
  0x00000000167f8000 JavaThread "Service Thread" daemon [_thread_blocked, id=16276, stack(0x0000000017090000,0x0000000017190000)]
  0x00000000167f0800 JavaThread "C1 CompilerThread2" daemon [_thread_blocked, id=16272, stack(0x0000000016f90000,0x0000000017090000)]
  0x000000001543a000 JavaThread "C2 CompilerThread1" daemon [_thread_in_native, id=16268, stack(0x0000000016e90000,0x0000000016f90000)]
=>0x00000000153eb000 JavaThread "C2 CompilerThread0" daemon [_thread_in_native, id=16264, stack(0x0000000016d90000,0x0000000016e90000)]
  0x0000000015439800 JavaThread "Attach Listener" daemon [_thread_blocked, id=16260, stack(0x0000000016c90000,0x0000000016d90000)]
  0x00000000153d6800 JavaThread "Signal Dispatcher" daemon [_thread_blocked, id=16256, stack(0x0000000016b90000,0x0000000016c90000)]
  0x0000000002d05800 JavaThread "Finalizer" daemon [_thread_blocked, id=16168, stack(0x0000000016630000,0x0000000016730000)]
  0x0000000002d00000 JavaThread "Reference Handler" daemon [_thread_blocked, id=16164, stack(0x0000000016530000,0x0000000016630000)]
  0x0000000002b0d800 JavaThread "main" [_thread_blocked, id=16072, stack(0x0000000002b10000,0x0000000002c10000)]

Other Threads:
  0x00000000153a4800 VMThread [stack: 0x0000000016430000,0x0000000016530000] [id=16160]
  0x00000000167fa000 WatcherThread [stack: 0x0000000017190000,0x0000000017290000] [id=16280]

VM state:not at safepoint (normal execution)

VM Mutex/Monitor currently owned by a thread: None

Heap:
 PSYoungGen      total 38400K, used 19836K [0x00000000eab00000, 0x00000000ed580000, 0x0000000100000000)
  eden space 33280K, 44% used [0x00000000eab00000,0x00000000eb9612f0,0x00000000ecb80000)
  from space 5120K, 99% used [0x00000000ed080000,0x00000000ed57df00,0x00000000ed580000)
  to   space 5120K, 0% used [0x00000000ecb80000,0x00000000ecb80000,0x00000000ed080000)
 ParOldGen       total 87552K, used 12491K [0x00000000c0000000, 0x00000000c5580000, 0x00000000eab00000)
  object space 87552K, 14% used [0x00000000c0000000,0x00000000c0c32da0,0x00000000c5580000)
 Metaspace       used 5857K, capacity 6960K, committed 7040K, reserved 1056768K
  class space    used 564K, capacity 616K, committed 640K, reserved 1048576K

Card table byte_map: [0x00000000120d0000,0x00000000122e0000] byte_map_base: 0x0000000011ad0000

Marking Bits: (ParMarkBitMap*) 0x00000000630018f0
 Begin Bits: [0x0000000012840000, 0x0000000013840000)
 End Bits:   [0x0000000013840000, 0x0000000014840000)

Polling page: 0x0000000002a60000

CodeCache: size=245760Kb used=5485Kb max_used=5498Kb free=240274Kb
 bounds [0x0000000002d10000, 0x0000000003280000, 0x0000000011d10000]
 total_blobs=1561 nmethods=1298 adapters=177
 compilation: enabled

Compilation events (10 events):
Event: 1.944 Thread 0x00000000153eb000 nmethod 1293 0x0000000003268710 code [0x0000000003268880, 0x0000000003268c98]
Event: 1.944 Thread 0x00000000153eb000 1296       4       com.android.dx.rop.code.Rops::ropFor (771 bytes)
Event: 1.950 Thread 0x000000001543a000 nmethod 1295 0x0000000003266e50 code [0x00000000032677e0, 0x0000000003267f28]
Event: 1.950 Thread 0x000000001543a000 1302       4       com.android.dx.cf.code.RopperMachine::getSources (264 bytes)
Event: 2.027 Thread 0x00000000167f0800 1309       2       com.android.dx.ssa.LocalVariableExtractor::doit (59 bytes)
Event: 2.028 Thread 0x00000000167f0800 nmethod 1309 0x000000000325e910 code [0x000000000325eaa0, 0x000000000325ed08]
Event: 2.084 Thread 0x000000001543a000 nmethod 1302 0x0000000003273c50 code [0x0000000003273e40, 0x00000000032748b8]
Event: 2.084 Thread 0x000000001543a000 1308 %     4       java.util.BitSet::cardinality @ 4 (32 bytes)
Event: 2.085 Thread 0x000000001543a000 nmethod 1308% 0x0000000003263e90 code [0x0000000003263fe0, 0x0000000003264158]
Event: 2.085 Thread 0x000000001543a000 1310       4       com.android.dx.ssa.LocalVariableExtractor::processBlock (383 bytes)

GC Heap History (4 events):
Event: 1.328 GC heap before
{Heap before GC invocations=1 (full 0):
 PSYoungGen      total 38400K, used 33280K [0x00000000eab00000, 0x00000000ed580000, 0x0000000100000000)
  eden space 33280K, 100% used [0x00000000eab00000,0x00000000ecb80000,0x00000000ecb80000)
  from space 5120K, 0% used [0x00000000ed080000,0x00000000ed080000,0x00000000ed580000)
  to   space 5120K, 0% used [0x00000000ecb80000,0x00000000ecb80000,0x00000000ed080000)
 ParOldGen       total 87552K, used 0K [0x00000000c0000000, 0x00000000c5580000, 0x00000000eab00000)
  object space 87552K, 0% used [0x00000000c0000000,0x00000000c0000000,0x00000000c5580000)
 Metaspace       used 5698K, capacity 6832K, committed 7040K, reserved 1056768K
  class space    used 560K, capacity 616K, committed 640K, reserved 1048576K
Event: 1.443 GC heap after
Heap after GC invocations=1 (full 0):
 PSYoungGen      total 38400K, used 5112K [0x00000000eab00000, 0x00000000ed580000, 0x0000000100000000)
  eden space 33280K, 0% used [0x00000000eab00000,0x00000000eab00000,0x00000000ecb80000)
  from space 5120K, 99% used [0x00000000ecb80000,0x00000000ed07e038,0x00000000ed080000)
  to   space 5120K, 0% used [0x00000000ed080000,0x00000000ed080000,0x00000000ed580000)
 ParOldGen       total 87552K, used 1962K [0x00000000c0000000, 0x00000000c5580000, 0x00000000eab00000)
  object space 87552K, 2% used [0x00000000c0000000,0x00000000c01ea8e0,0x00000000c5580000)
 Metaspace       used 5698K, capacity 6832K, committed 7040K, reserved 1056768K
  class space    used 560K, capacity 616K, committed 640K, reserved 1048576K
}
Event: 1.962 GC heap before
{Heap before GC invocations=2 (full 0):
 PSYoungGen      total 38400K, used 38392K [0x00000000eab00000, 0x00000000ed580000, 0x0000000100000000)
  eden space 33280K, 100% used [0x00000000eab00000,0x00000000ecb80000,0x00000000ecb80000)
  from space 5120K, 99% used [0x00000000ecb80000,0x00000000ed07e038,0x00000000ed080000)
  to   space 5120K, 0% used [0x00000000ed080000,0x00000000ed080000,0x00000000ed580000)
 ParOldGen       total 87552K, used 1962K [0x00000000c0000000, 0x00000000c5580000, 0x00000000eab00000)
  object space 87552K, 2% used [0x00000000c0000000,0x00000000c01ea8e0,0x00000000c5580000)
 Metaspace       used 5850K, capacity 6960K, committed 7040K, reserved 1056768K
  class space    used 562K, capacity 616K, committed 640K, reserved 1048576K
Event: 1.974 GC heap after
Heap after GC invocations=2 (full 0):
 PSYoungGen      total 38400K, used 5111K [0x00000000eab00000, 0x00000000ed580000, 0x0000000100000000)
  eden space 33280K, 0% used [0x00000000eab00000,0x00000000eab00000,0x00000000ecb80000)
  from space 5120K, 99% used [0x00000000ed080000,0x00000000ed57df00,0x00000000ed580000)
  to   space 5120K, 0% used [0x00000000ecb80000,0x00000000ecb80000,0x00000000ed080000)
 ParOldGen       total 87552K, used 12491K [0x00000000c0000000, 0x00000000c5580000, 0x00000000eab00000)
  object space 87552K, 14% used [0x00000000c0000000,0x00000000c0c32da0,0x00000000c5580000)
 Metaspace       used 5850K, capacity 6960K, committed 7040K, reserved 1056768K
  class space    used 562K, capacity 616K, committed 640K, reserved 1048576K
}

Deoptimization events (10 events):
Event: 0.397 Thread 0x0000000002b0d800 Uncommon trap: reason=unstable_if action=reinterpret pc=0x0000000002e9aac0 method=java.lang.String.<init>([CII)V @ 18
Event: 0.783 Thread 0x0000000002b0d800 Uncommon trap: reason=null_check action=make_not_entrant pc=0x0000000002fca7c8 method=com.android.dx.ssa.SsaRenamer.getLocalForNewReg(I)Lcom/android/dx/rop/code/LocalItem; @ 19
Event: 0.783 Thread 0x0000000002b0d800 Uncommon trap: reason=null_check action=make_not_entrant pc=0x0000000002fd6080 method=com.android.dx.ssa.SsaRenamer.getLocalForNewReg(I)Lcom/android/dx/rop/code/LocalItem; @ 19
Event: 1.206 Thread 0x0000000016a0e000 Uncommon trap: reason=class_check action=maybe_recompile pc=0x0000000003061e64 method=com.android.dx.ssa.NormalSsaInsn.accept(Lcom/android/dx/ssa/SsaInsn$Visitor;)V @ 9
Event: 1.206 Thread 0x0000000016a0e000 Uncommon trap: reason=class_check action=maybe_recompile pc=0x000000000305cfbc method=com.android.dx.ssa.NormalSsaInsn.accept(Lcom/android/dx/ssa/SsaInsn$Visitor;)V @ 9
Event: 1.206 Thread 0x0000000016a0e000 Uncommon trap: reason=class_check action=maybe_recompile pc=0x000000000305cfbc method=com.android.dx.ssa.NormalSsaInsn.accept(Lcom/android/dx/ssa/SsaInsn$Visitor;)V @ 9
Event: 1.211 Thread 0x0000000016a0e000 Uncommon trap: reason=unstable_if action=reinterpret pc=0x00000000030ed3cc method=com.android.dx.rop.code.RegisterSpecSet.put(Lcom/android/dx/rop/code/RegisterSpec;)V @ 77
Event: 1.211 Thread 0x0000000016a0e000 Uncommon trap: reason=unstable_if action=reinterpret pc=0x00000000030efe30 method=com.android.dx.rop.code.RegisterSpecSet.put(Lcom/android/dx/rop/code/RegisterSpec;)V @ 77
Event: 1.211 Thread 0x0000000016a0e000 Uncommon trap: reason=class_check action=maybe_recompile pc=0x0000000003061e64 method=com.android.dx.ssa.NormalSsaInsn.accept(Lcom/android/dx/ssa/SsaInsn$Visitor;)V @ 9
Event: 1.211 Thread 0x0000000016a0e000 Uncommon trap: reason=class_check action=maybe_recompile pc=0x000000000305cfbc method=com.android.dx.ssa.NormalSsaInsn.accept(Lcom/android/dx/ssa/SsaInsn$Visitor;)V @ 9

Internal exceptions (4 events):
Event: 0.061 Thread 0x0000000002b0d800 Exception <a 'java/lang/NoSuchMethodError': Method sun.misc.Unsafe.defineClass(Ljava/lang/String;[BII)Ljava/lang/Class; name or signature does not match> (0x00000000eab07c78) thrown at [C:\src\android\AOSP-openjdk\external\jetbrains\jdk\hotspot\src\share\vku% M¯?
Event: 0.061 Thread 0x0000000002b0d800 Exception <a 'java/lang/NoSuchMethodError': Method sun.misc.Unsafe.prefetchRead(Ljava/lang/Object;J)V name or signature does not match> (0x00000000eab07f60) thrown at [C:\src\android\AOSP-openjdk\external\jetbrains\jdk\hotspot\src\share\vm\prims\jni.cpp, l=”ÊPdé?
Event: 0.783 Thread 0x0000000002b0d800 Implicit null exception at 0x0000000002fc82b7 to 0x0000000002fca77d
Event: 0.783 Thread 0x0000000002b0d800 Implicit null exception at 0x0000000002fd3aec to 0x0000000002fd6061

Events (10 events):
Event: 2.033 Executing VM operation: Deoptimize
Event: 2.033 Executing VM operation: Deoptimize done
Event: 2.091 Thread 0x00000000168fa800 DEOPT PACKING pc=0x0000000003182a6c sp=0x000000001738e590
Event: 2.091 Thread 0x00000000168fa800 DEOPT UNPACKING pc=0x0000000002d575bf sp=0x000000001738e3d8 mode 0
Event: 2.093 loading class com/android/dx/util/ListIntSet$1
Event: 2.093 loading class com/android/dx/util/ListIntSet$1 done
Event: 2.112 Thread 0x0000000016a0f800 DEOPT PACKING pc=0x00000000031ce83a sp=0x000000001768ec10
Event: 2.112 Thread 0x0000000016a0f800 DEOPT UNPACKING pc=0x0000000002d575bf sp=0x000000001768e950 mode 0
Event: 2.113 Thread 0x0000000016a0f800 DEOPT PACKING pc=0x00000000030161c4 sp=0x000000001768eba0
Event: 2.113 Thread 0x0000000016a0f800 DEOPT UNPACKING pc=0x0000000002d575bf sp=0x000000001768e8b8 mode 0


Dynamic libraries:
0x00007ff636230000 - 0x00007ff636261000 	D:\Program Files\Android\Android Studio\jre\bin\java.exe
0x00007fffec7f0000 - 0x00007fffec9c1000 	C:\WINDOWS\SYSTEM32\ntdll.dll
0x00007fffeb1d0000 - 0x00007fffeb27c000 	C:\WINDOWS\System32\KERNEL32.DLL
0x00007fffe96e0000 - 0x00007fffe98fd000 	C:\WINDOWS\System32\KERNELBASE.dll
0x00007fffe9e60000 - 0x00007fffe9f02000 	C:\WINDOWS\System32\ADVAPI32.dll
0x00007fffeaaa0000 - 0x00007fffeab3e000 	C:\WINDOWS\System32\msvcrt.dll
0x00007fffec790000 - 0x00007fffec7e9000 	C:\WINDOWS\System32\sechost.dll
0x00007fffea970000 - 0x00007fffeaa91000 	C:\WINDOWS\System32\RPCRT4.dll
0x00007fffeac40000 - 0x00007fffeada5000 	C:\WINDOWS\System32\USER32.dll
0x00007fffe9d10000 - 0x00007fffe9d2e000 	C:\WINDOWS\System32\win32u.dll
0x00007fffea180000 - 0x00007fffea1b4000 	C:\WINDOWS\System32\GDI32.dll
0x00007fffe9b80000 - 0x00007fffe9d02000 	C:\WINDOWS\System32\gdi32full.dll
0x00007fffe41c0000 - 0x00007fffe443a000 	C:\WINDOWS\WinSxS\amd64_microsoft.windows.common-controls_6595b64144ccf1df_6.0.14393.953_none_42151e83c686086b\COMCTL32.dll
0x00007fffea600000 - 0x00007fffea8c8000 	C:\WINDOWS\System32\combase.dll
0x00007fffe8ce0000 - 0x00007fffe8dd5000 	C:\WINDOWS\System32\ucrtbase.dll
0x00007fffe9670000 - 0x00007fffe96da000 	C:\WINDOWS\System32\bcryptPrimitives.dll
0x00007fffe9da0000 - 0x00007fffe9dce000 	C:\WINDOWS\System32\IMM32.DLL
0x0000000063d40000 - 0x0000000063e12000 	D:\Program Files\Android\Android Studio\jre\jre\bin\msvcr100.dll
0x0000000062840000 - 0x000000006307c000 	D:\Program Files\Android\Android Studio\jre\jre\bin\server\jvm.dll
0x00007fffe9e40000 - 0x00007fffe9e48000 	C:\WINDOWS\System32\PSAPI.DLL
0x00007fffdc320000 - 0x00007fffdc329000 	C:\WINDOWS\SYSTEM32\WSOCK32.dll
0x00007fffea110000 - 0x00007fffea17a000 	C:\WINDOWS\System32\WS2_32.dll
0x00007fffe6c20000 - 0x00007fffe6c43000 	C:\WINDOWS\SYSTEM32\WINMM.dll
0x00007fffe4cf0000 - 0x00007fffe4cfa000 	C:\WINDOWS\SYSTEM32\VERSION.dll
0x00007fffe6b00000 - 0x00007fffe6b2b000 	C:\WINDOWS\SYSTEM32\WINMMBASE.dll
0x00007fffe9d30000 - 0x00007fffe9d72000 	C:\WINDOWS\System32\cfgmgr32.dll
0x00007fffe63e0000 - 0x00007fffe63ef000 	D:\Program Files\Android\Android Studio\jre\jre\bin\verify.dll
0x00007fffe4bc0000 - 0x00007fffe4be9000 	D:\Program Files\Android\Android Studio\jre\jre\bin\java.dll
0x00007fffe4ba0000 - 0x00007fffe4bb6000 	D:\Program Files\Android\Android Studio\jre\jre\bin\zip.dll
0x00007fffeb280000 - 0x00007fffec788000 	C:\WINDOWS\System32\SHELL32.dll
0x00007fffe8e80000 - 0x00007fffe955a000 	C:\WINDOWS\System32\windows.storage.dll
0x00007fffe8c50000 - 0x00007fffe8c9c000 	C:\WINDOWS\System32\powrprof.dll
0x00007fffea050000 - 0x00007fffea0a2000 	C:\WINDOWS\System32\shlwapi.dll
0x00007fffe8cd0000 - 0x00007fffe8cdf000 	C:\WINDOWS\System32\kernel.appcore.dll
0x00007fffe9560000 - 0x00007fffe9609000 	C:\WINDOWS\System32\shcore.dll
0x00007fffe8ca0000 - 0x00007fffe8cb4000 	C:\WINDOWS\System32\profapi.dll

VM Arguments:
jvm_args: -Djava.awt.headless=true -Xmx1024M -Dfile.encoding=GBK -Duser.country=CN -Duser.language=zh -Duser.variant 
java_command: com.android.dx.command.Main --dex --force-jumbo --num-threads=4 --multi-dex --output D:\musicbean\app\build\intermediates\transforms\dex\baidu\debug\folders\1000\5\slice_5 D:\musicbean\app\build\intermediates\transforms\instantRunSlicer\baidu\debug\folders\1\5\slice_5
java_class_path (initial): D:\SDK\build-tools\25.0.0\lib\dx.jar
Launcher Type: SUN_STANDARD

Environment Variables:
JAVA_HOME=C:\Program Files\Java\jdk1.8.0_101
CLASSPATH=.;C:\Program Files\Java\jdk1.8.0_101\lib;
PATH=C:\ProgramData\Oracle\Java\javapath;C:\WINDOWS\system32;C:\WINDOWS;C:\WINDOWS\System32\Wbem;C:\WINDOWS\System32\WindowsPowerShell\v1.0\;C:\Program Files\Java\jdk1.8.0_101\bin;C:\Program Files\Java\jdk1.8.0_101\jre\bin;D:\Git\cmd;C:\Users\Administrator\AppData\Local\Microsoft\WindowsApps;
USERNAME=Administrator
OS=Windows_NT
PROCESSOR_IDENTIFIER=Intel64 Family 6 Model 94 Stepping 3, GenuineIntel



---------------  S Y S T E M  ---------------

OS: Windows 10.0 , 64 bit Build 14393 (10.0.14393.1198)

CPU:total 4 (4 cores per cpu, 1 threads per core) family 6 model 94 stepping 3, cmov, cx8, fxsr, mmx, sse, sse2, sse3, ssse3, sse4.1, sse4.2, popcnt, avx, avx2, aes, clmul, erms, rtm, 3dnowpref, lzcnt, tsc, tscinvbit, bmi1, bmi2, adx

Memory: 4k page, physical 8299524k(2477856k free), swap 14749720k(6416k free)

vm_info: OpenJDK 64-Bit Server VM (25.112-b06) for windows-amd64 JRE (1.8.0_112-release-b06), built on Dec  8 2016 00:54:26 by "builder" with MS VC++ 10.0 (VS2010)

time: Fri May 19 13:21:39 2017
elapsed time: 2 seconds (0d 0h 0m 2s)

