#
# There is insufficient memory for the Java Runtime Environment to continue.
# Native memory allocation (malloc) failed to allocate 32784 bytes for Chunk::new
# Possible reasons:
#   The system is out of physical RAM or swap space
#   In 32 bit mode, the process size limit was hit
# Possible solutions:
#   Reduce memory load on the system
#   Increase physical memory or swap space
#   Check if swap backing store is full
#   Use 64 bit Java on a 64 bit OS
#   Decrease Java heap size (-Xmx/-Xms)
#   Decrease number of Java threads
#   Decrease Java thread stack sizes (-Xss)
#   Set larger code cache with -XX:ReservedCodeCacheSize=
# This output file may be truncated or incomplete.
#
#  Out of Memory Error (allocation.cpp:390), pid=31880, tid=0x0000000000005f30
#
# JRE version: OpenJDK Runtime Environment (8.0_112-b06) (build 1.8.0_112-release-b06)
# Java VM: OpenJDK 64-Bit Server VM (25.112-b06 mixed mode windows-amd64 compressed oops)
# Failed to write core dump. Minidumps are not enabled by default on client versions of Windows
#

---------------  T H R E A D  ---------------

Current thread (0x0000000016802000):  JavaThread "C2 CompilerThread1" daemon [_thread_in_native, id=24368, stack(0x0000000016eb0000,0x0000000016fb0000)]

Stack: [0x0000000016eb0000,0x0000000016fb0000]
[error occurred during error reporting (printing stack bounds), id 0xc0000005]

Native frames: (J=compiled Java code, j=interpreted, Vv=VM code, C=native code)


Current CompileTask:
C2:   1714  978       4       com.android.dx.ssa.SCCP::simulateStmt (481 bytes)


---------------  P R O C E S S  ---------------

Java Threads: ( => current thread )
  0x0000000016a39000 JavaThread "pool-2-thread-4" [_thread_blocked, id=10536, stack(0x00000000176b0000,0x00000000177b0000)]
  0x0000000016a38800 JavaThread "pool-2-thread-3" [_thread_blocked, id=39772, stack(0x00000000175b0000,0x00000000176b0000)]
  0x0000000016a2a000 JavaThread "pool-2-thread-2" [_thread_blocked, id=37300, stack(0x00000000174b0000,0x00000000175b0000)]
  0x0000000016910000 JavaThread "pool-3-thread-1" [_thread_blocked, id=38284, stack(0x00000000173b0000,0x00000000174b0000)]
  0x000000001690f000 JavaThread "pool-2-thread-1" [_thread_in_Java, id=12108, stack(0x00000000172b0000,0x00000000173b0000)]
  0x000000001680d000 JavaThread "Service Thread" daemon [_thread_blocked, id=2768, stack(0x00000000170b0000,0x00000000171b0000)]
  0x0000000016806800 JavaThread "C1 CompilerThread2" daemon [_thread_in_native, id=38828, stack(0x0000000016fb0000,0x00000000170b0000)]
=>0x0000000016802000 JavaThread "C2 CompilerThread1" daemon [_thread_in_native, id=24368, stack(0x0000000016eb0000,0x0000000016fb0000)]
  0x0000000015448000 JavaThread "C2 CompilerThread0" daemon [_thread_in_native, id=32856, stack(0x0000000016db0000,0x0000000016eb0000)]
  0x0000000015447800 JavaThread "Attach Listener" daemon [_thread_blocked, id=6984, stack(0x0000000016cb0000,0x0000000016db0000)]
  0x0000000015401800 JavaThread "Signal Dispatcher" daemon [_thread_blocked, id=2820, stack(0x0000000016bb0000,0x0000000016cb0000)]
  0x0000000002d15800 JavaThread "Finalizer" daemon [_thread_blocked, id=33168, stack(0x0000000016640000,0x0000000016740000)]
  0x0000000002d10000 JavaThread "Reference Handler" daemon [_thread_blocked, id=28308, stack(0x0000000016540000,0x0000000016640000)]
  0x0000000002c1d800 JavaThread "main" [_thread_in_native, id=1296, stack(0x0000000000f60000,0x0000000001060000)]

Other Threads:
  0x00000000153b4800 VMThread [stack: 0x0000000016440000,0x0000000016540000] [id=6528]
  0x000000001680f000 WatcherThread [stack: 0x00000000171b0000,0x00000000172b0000] [id=5692]

VM state:not at safepoint (normal execution)

VM Mutex/Monitor currently owned by a thread:  ([mutex/lock_event])
[0x0000000002c1bfd0] Patching_lock - owner thread: 0x0000000000000000

Heap:
 PSYoungGen      total 38400K, used 21988K [0x00000000eab00000, 0x00000000ed580000, 0x0000000100000000)
  eden space 33280K, 66% used [0x00000000eab00000,0x00000000ec079080,0x00000000ecb80000)
  from space 5120K, 0% used [0x00000000ed080000,0x00000000ed080000,0x00000000ed580000)
  to   space 5120K, 0% used [0x00000000ecb80000,0x00000000ecb80000,0x00000000ed080000)
 ParOldGen       total 87552K, used 0K [0x00000000c0000000, 0x00000000c5580000, 0x00000000eab00000)
  object space 87552K, 0% used [0x00000000c0000000,0x00000000c0000000,0x00000000c5580000)
 Metaspace       used 5681K, capacity 6832K, committed 7040K, reserved 1056768K
  class space    used 560K, capacity 616K, committed 640K, reserved 1048576K

Card table byte_map: [0x00000000120e0000,0x00000000122f0000] byte_map_base: 0x0000000011ae0000

Marking Bits: (ParMarkBitMap*) 0x00000000630418f0
 Begin Bits: [0x0000000012850000, 0x0000000013850000)
 End Bits:   [0x0000000013850000, 0x0000000014850000)

Polling page: 0x0000000000d50000

CodeCache: size=245760Kb used=4075Kb max_used=4075Kb free=241685Kb
 bounds [0x0000000002d20000, 0x0000000003120000, 0x0000000011d20000]
 total_blobs=1242 nmethods=979 adapters=177
 compilation: enabled

Compilation events (10 events):
Event: 1.697 Thread 0x0000000016802000 nmethod 976 0x000000000311a390 code [0x000000000311a4e0, 0x000000000311a5d8]
Event: 1.697 Thread 0x0000000016806800  977       3       com.android.dx.ssa.SsaMethod$1::visitPhiInsn (17 bytes)
Event: 1.698 Thread 0x0000000016806800 nmethod 977 0x000000000311ced0 code [0x000000000311d040, 0x000000000311d430]
Event: 1.698 Thread 0x0000000016802000  978       4       com.android.dx.ssa.SCCP::simulateStmt (481 bytes)
Event: 1.706 Thread 0x0000000016806800  979       3       com.android.dx.ssa.SsaMethod::onInsnRemoved (43 bytes)
Event: 1.706 Thread 0x0000000016806800 nmethod 979 0x000000000311c590 code [0x000000000311c720, 0x000000000311ccd8]
Event: 1.706 Thread 0x0000000016806800  981       3       com.android.dx.ssa.SsaMethod::getUseListCopy (56 bytes)
Event: 1.706 Thread 0x0000000016806800 nmethod 981 0x000000000311bcd0 code [0x000000000311be60, 0x000000000311c378]
Event: 1.706 Thread 0x0000000016806800  982       3       com.android.dx.ssa.SsaMethod::mapRegisters (87 bytes)
Event: 1.707 Thread 0x0000000016806800 nmethod 982 0x0000000003105650 code [0x00000000031058c0, 0x0000000003106a28]

GC Heap History (0 events):
No events

Deoptimization events (4 events):
Event: 1.297 Thread 0x000000001690f000 Uncommon trap: reason=unstable_if action=reinterpret pc=0x0000000002f32960 method=java.util.HashMap.getNode(ILjava/lang/Object;)Ljava/util/HashMap$Node; @ 129
Event: 1.304 Thread 0x0000000016a38800 Uncommon trap: reason=unstable_if action=reinterpret pc=0x0000000002f7ba70 method=java.util.BitSet.nextSetBit(I)I @ 87
Event: 1.511 Thread 0x000000001690f000 Uncommon trap: reason=class_check action=maybe_recompile pc=0x0000000003059224 method=com.android.dx.ssa.NormalSsaInsn.accept(Lcom/android/dx/ssa/SsaInsn$Visitor;)V @ 9
Event: 1.511 Thread 0x000000001690f000 Uncommon trap: reason=class_check action=maybe_recompile pc=0x0000000003059224 method=com.android.dx.ssa.NormalSsaInsn.accept(Lcom/android/dx/ssa/SsaInsn$Visitor;)V @ 9

Internal exceptions (2 events):
Event: 0.077 Thread 0x0000000002c1d800 Exception <a 'java/lang/NoSuchMethodError': Method sun.misc.Unsafe.defineClass(Ljava/lang/String;[BII)Ljava/lang/Class; name or signature does not match> (0x00000000eab07c78) thrown at [C:\src\android\AOSP-openjdk\external\jetbrains\jdk\hotspot\src\share\v⁄¢êöØ≥?
Event: 0.077 Thread 0x0000000002c1d800 Exception <a 'java/lang/NoSuchMethodError': Method sun.misc.Unsafe.prefetchRead(Ljava/lang/Object;J)V name or signature does not match> (0x00000000eab07f60) thrown at [C:\src\android\AOSP-openjdk\external\jetbrains\jdk\hotspot\src\share\vm\prims\jni.cpp, l

Events (10 events):
Event: 1.377 Executing VM operation: ForceSafepoint
Event: 1.510 Executing VM operation: ForceSafepoint done
Event: 1.511 Thread 0x000000001690f000 Uncommon trap: trap_request=0xffffffde fr.pc=0x0000000003059224
Event: 1.511 Thread 0x000000001690f000 DEOPT PACKING pc=0x0000000003059224 sp=0x00000000173ae730
Event: 1.511 Thread 0x000000001690f000 DEOPT UNPACKING pc=0x0000000002d6556a sp=0x00000000173ae770 mode 2
Event: 1.511 Thread 0x000000001690f000 Uncommon trap: trap_request=0xffffffde fr.pc=0x0000000003059224
Event: 1.511 Thread 0x000000001690f000 DEOPT PACKING pc=0x0000000003059224 sp=0x00000000173ae730
Event: 1.511 Thread 0x000000001690f000 DEOPT UNPACKING pc=0x0000000002d6556a sp=0x00000000173ae770 mode 2
Event: 1.679 Thread 0x000000001690f000 DEOPT PACKING pc=0x0000000002f31f62 sp=0x00000000173ae740
Event: 1.679 Thread 0x000000001690f000 DEOPT UNPACKING pc=0x0000000002d675bf sp=0x00000000173ae4a8 mode 0


Dynamic libraries:
0x00007ff720e80000 - 0x00007ff720eb1000 	D:\Program Files\Android\Android Studio\jre\bin\java.exe
0x00007fffec7f0000 - 0x00007fffec9c1000 	C:\WINDOWS\SYSTEM32\ntdll.dll
0x00007fffeb1d0000 - 0x00007fffeb27c000 	C:\WINDOWS\System32\KERNEL32.DLL
0x00007fffe96e0000 - 0x00007fffe98fd000 	C:\WINDOWS\System32\KERNELBASE.dll
0x00007fffe9e60000 - 0x00007fffe9f02000 	C:\WINDOWS\System32\ADVAPI32.dll
0x00007fffeaaa0000 - 0x00007fffeab3e000 	C:\WINDOWS\System32\msvcrt.dll
0x00007fffec790000 - 0x00007fffec7e9000 	C:\WINDOWS\System32\sechost.dll
0x00007fffea970000 - 0x00007fffeaa91000 	C:\WINDOWS\System32\RPCRT4.dll
0x00007fffeac40000 - 0x00007fffeada5000 	C:\WINDOWS\System32\USER32.dll
0x00007fffe9d10000 - 0x00007fffe9d2e000 	C:\WINDOWS\System32\win32u.dll
0x00007fffea180000 - 0x00007fffea1b4000 	C:\WINDOWS\System32\GDI32.dll
0x00007fffe9b80000 - 0x00007fffe9d02000 	C:\WINDOWS\System32\gdi32full.dll
0x00007fffe41c0000 - 0x00007fffe443a000 	C:\WINDOWS\WinSxS\amd64_microsoft.windows.common-controls_6595b64144ccf1df_6.0.14393.953_none_42151e83c686086b\COMCTL32.dll
0x00007fffea600000 - 0x00007fffea8c8000 	C:\WINDOWS\System32\combase.dll
0x00007fffe8ce0000 - 0x00007fffe8dd5000 	C:\WINDOWS\System32\ucrtbase.dll
0x00007fffe9670000 - 0x00007fffe96da000 	C:\WINDOWS\System32\bcryptPrimitives.dll
0x00007fffe9da0000 - 0x00007fffe9dce000 	C:\WINDOWS\System32\IMM32.DLL
0x00000000633b0000 - 0x0000000063482000 	D:\Program Files\Android\Android Studio\jre\jre\bin\msvcr100.dll
0x0000000062880000 - 0x00000000630bc000 	D:\Program Files\Android\Android Studio\jre\jre\bin\server\jvm.dll
0x00007fffe9e40000 - 0x00007fffe9e48000 	C:\WINDOWS\System32\PSAPI.DLL
0x00007fffe6df0000 - 0x00007fffe6df9000 	C:\WINDOWS\SYSTEM32\WSOCK32.dll
0x00007fffea110000 - 0x00007fffea17a000 	C:\WINDOWS\System32\WS2_32.dll
0x00007fffe6c20000 - 0x00007fffe6c43000 	C:\WINDOWS\SYSTEM32\WINMM.dll
0x00007fffe4cf0000 - 0x00007fffe4cfa000 	C:\WINDOWS\SYSTEM32\VERSION.dll
0x00007fffe6b00000 - 0x00007fffe6b2b000 	C:\WINDOWS\SYSTEM32\WINMMBASE.dll
0x00007fffe9d30000 - 0x00007fffe9d72000 	C:\WINDOWS\System32\cfgmgr32.dll
0x00007fffe65b0000 - 0x00007fffe65bf000 	D:\Program Files\Android\Android Studio\jre\jre\bin\verify.dll
0x00007fffe6580000 - 0x00007fffe65a9000 	D:\Program Files\Android\Android Studio\jre\jre\bin\java.dll
0x00007fffe6420000 - 0x00007fffe6436000 	D:\Program Files\Android\Android Studio\jre\jre\bin\zip.dll
0x00007fffeb280000 - 0x00007fffec788000 	C:\WINDOWS\System32\SHELL32.dll
0x00007fffe8e80000 - 0x00007fffe955a000 	C:\WINDOWS\System32\windows.storage.dll
0x00007fffe8c50000 - 0x00007fffe8c9c000 	C:\WINDOWS\System32\powrprof.dll
0x00007fffea050000 - 0x00007fffea0a2000 	C:\WINDOWS\System32\shlwapi.dll
0x00007fffe8cd0000 - 0x00007fffe8cdf000 	C:\WINDOWS\System32\kernel.appcore.dll
0x00007fffe9560000 - 0x00007fffe9609000 	C:\WINDOWS\System32\shcore.dll
0x00007fffe8ca0000 - 0x00007fffe8cb4000 	C:\WINDOWS\System32\profapi.dll

VM Arguments:
jvm_args: -Djava.awt.headless=true -Xmx1024M -Dfile.encoding=GBK -Duser.country=CN -Duser.language=zh -Duser.variant 
java_command: com.android.dx.command.Main --dex --force-jumbo --num-threads=4 --multi-dex --output D:\musicbean\app\build\intermediates\transforms\dex\baidu\debug\folders\1000\5\slice_5 D:\musicbean\app\build\intermediates\transforms\instantRunSlicer\baidu\debug\folders\1\5\slice_5
java_class_path (initial): D:\SDK\build-tools\25.0.0\lib\dx.jar
Launcher Type: SUN_STANDARD

Environment Variables:
JAVA_HOME=C:\Program Files\Java\jdk1.8.0_101
CLASSPATH=.;C:\Program Files\Java\jdk1.8.0_101\lib;
PATH=C:\ProgramData\Oracle\Java\javapath;C:\WINDOWS\system32;C:\WINDOWS;C:\WINDOWS\System32\Wbem;C:\WINDOWS\System32\WindowsPowerShell\v1.0\;C:\Program Files\Java\jdk1.8.0_101\bin;C:\Program Files\Java\jdk1.8.0_101\jre\bin;D:\Git\cmd;C:\Users\Administrator\AppData\Local\Microsoft\WindowsApps;
USERNAME=Administrator
OS=Windows_NT
PROCESSOR_IDENTIFIER=Intel64 Family 6 Model 94 Stepping 3, GenuineIntel



---------------  S Y S T E M  ---------------

OS: Windows 10.0 , 64 bit Build 14393 (10.0.14393.1198)

CPU:total 4 (4 cores per cpu, 1 threads per core) family 6 model 94 stepping 3, cmov, cx8, fxsr, mmx, sse, sse2, sse3, ssse3, sse4.1, sse4.2, popcnt, avx, avx2, aes, clmul, erms, rtm, 3dnowpref, lzcnt, tsc, tscinvbit, bmi1, bmi2, adx

Memory: 4k page, physical 8299524k(2485564k free), swap 14749720k(2476k free)

vm_info: OpenJDK 64-Bit Server VM (25.112-b06) for windows-amd64 JRE (1.8.0_112-release-b06), built on Dec  8 2016 00:54:26 by "builder" with MS VC++ 10.0 (VS2010)

time: Mon May 29 12:35:46 2017
elapsed time: 1 seconds (0d 0h 0m 1s)

