#
# There is insufficient memory for the Java Runtime Environment to continue.
# Native memory allocation (malloc) failed to allocate 204256 bytes for Chunk::new
# Possible reasons:
#   The system is out of physical RAM or swap space
#   In 32 bit mode, the process size limit was hit
# Possible solutions:
#   Reduce memory load on the system
#   Increase physical memory or swap space
#   Check if swap backing store is full
#   Use 64 bit Java on a 64 bit OS
#   Decrease Java heap size (-Xmx/-Xms)
#   Decrease number of Java threads
#   Decrease Java thread stack sizes (-Xss)
#   Set larger code cache with -XX:ReservedCodeCacheSize=
# This output file may be truncated or incomplete.
#
#  Out of Memory Error (allocation.cpp:390), pid=14364, tid=0x0000000000002f04
#
# JRE version: OpenJDK Runtime Environment (8.0_112-b06) (build 1.8.0_112-release-b06)
# Java VM: OpenJDK 64-Bit Server VM (25.112-b06 mixed mode windows-amd64 compressed oops)
# Failed to write core dump. Minidumps are not enabled by default on client versions of Windows
#

---------------  T H R E A D  ---------------

Current thread (0x00000000162b3800):  JavaThread "C2 CompilerThread1" daemon [_thread_in_native, id=12036, stack(0x0000000016960000,0x0000000016a60000)]

Stack: [0x0000000016960000,0x0000000016a60000]
[error occurred during error reporting (printing stack bounds), id 0xc0000005]

Native frames: (J=compiled Java code, j=interpreted, Vv=VM code, C=native code)


Current CompileTask:
C2:   1367  196   !   4       com.android.dx.cf.cst.ConstantPoolParser::parse0 (731 bytes)


---------------  P R O C E S S  ---------------

Java Threads: ( => current thread )
  0x00000000163d2800 JavaThread "pool-2-thread-4" [_thread_new, id=8200, stack(0x0000000000000000,0x0000000000000000)]
  0x00000000164c9000 JavaThread "pool-2-thread-3" [_thread_new, id=13116, stack(0x0000000000000000,0x0000000000000000)]
  0x00000000163d1000 JavaThread "pool-2-thread-2" [_thread_new, id=12868, stack(0x0000000000000000,0x0000000000000000)]
  0x00000000163cd800 JavaThread "pool-3-thread-1" [_thread_new, id=13180, stack(0x0000000000000000,0x0000000000000000)]
  0x00000000163c5000 JavaThread "pool-2-thread-1" [_thread_new, id=15052, stack(0x0000000000000000,0x0000000000000000)]
  0x00000000162be000 JavaThread "Service Thread" daemon [_thread_blocked, id=14784, stack(0x0000000016b60000,0x0000000016c60000)]
  0x00000000162b6800 JavaThread "C1 CompilerThread2" daemon [_thread_blocked, id=13136, stack(0x0000000016a60000,0x0000000016b60000)]
=>0x00000000162b3800 JavaThread "C2 CompilerThread1" daemon [_thread_in_native, id=12036, stack(0x0000000016960000,0x0000000016a60000)]
  0x0000000014eb0000 JavaThread "C2 CompilerThread0" daemon [_thread_blocked, id=3084, stack(0x0000000016860000,0x0000000016960000)]
  0x0000000014ef7800 JavaThread "Attach Listener" daemon [_thread_blocked, id=14260, stack(0x0000000016760000,0x0000000016860000)]
  0x0000000016268800 JavaThread "Signal Dispatcher" daemon [_thread_blocked, id=13712, stack(0x0000000016660000,0x0000000016760000)]
  0x00000000027cb000 JavaThread "Finalizer" daemon [_thread_blocked, id=13980, stack(0x0000000016100000,0x0000000016200000)]
  0x00000000027c0000 JavaThread "Reference Handler" daemon [_thread_blocked, id=10968, stack(0x0000000016000000,0x0000000016100000)]
  0x00000000025cd800 JavaThread "main" [_thread_in_vm, id=9416, stack(0x00000000024c0000,0x00000000025c0000)]

Other Threads:
  0x0000000014e64800 VMThread [stack: 0x0000000015f00000,0x0000000016000000] [id=8780]
  0x00000000162c0000 WatcherThread [stack: 0x0000000016c60000,0x0000000016d60000] [id=14324]

VM state:not at safepoint (normal execution)

VM Mutex/Monitor currently owned by a thread:  ([mutex/lock_event])
[0x00000000025cd020] AdapterHandlerLibrary_lock - owner thread: 0x00000000025cd800

Heap:
 PSYoungGen      total 38400K, used 4659K [0x00000000eab00000, 0x00000000ed580000, 0x0000000100000000)
  eden space 33280K, 14% used [0x00000000eab00000,0x00000000eaf8cdc0,0x00000000ecb80000)
  from space 5120K, 0% used [0x00000000ed080000,0x00000000ed080000,0x00000000ed580000)
  to   space 5120K, 0% used [0x00000000ecb80000,0x00000000ecb80000,0x00000000ed080000)
 ParOldGen       total 87552K, used 0K [0x00000000c0000000, 0x00000000c5580000, 0x00000000eab00000)
  object space 87552K, 0% used [0x00000000c0000000,0x00000000c0000000,0x00000000c5580000)
 Metaspace       used 3772K, capacity 5104K, committed 5376K, reserved 1056768K
  class space    used 408K, capacity 488K, committed 512K, reserved 1048576K

Card table byte_map: [0x0000000011b90000,0x0000000011da0000] byte_map_base: 0x0000000011590000

Marking Bits: (ParMarkBitMap*) 0x00000000630018f0
 Begin Bits: [0x0000000012300000, 0x0000000013300000)
 End Bits:   [0x0000000013300000, 0x0000000014300000)

Polling page: 0x00000000020e0000

CodeCache: size=245760Kb used=1607Kb max_used=1607Kb free=244153Kb
 bounds [0x00000000027d0000, 0x0000000002a40000, 0x00000000117d0000]
 total_blobs=461 nmethods=210 adapters=165
 compilation: enabled

Compilation events (10 events):
Event: 1.359 Thread 0x00000000162b6800  203   !   3       java.util.zip.InflaterInputStream::read (138 bytes)
Event: 1.360 Thread 0x00000000162b6800 nmethod 203 0x000000000295f6d0 code [0x000000000295f940, 0x0000000002960a48]
Event: 1.360 Thread 0x00000000162b6800  204       3       java.util.zip.InflaterInputStream::ensureOpen (18 bytes)
Event: 1.360 Thread 0x00000000162b6800 nmethod 204 0x000000000295f210 code [0x000000000295f380, 0x000000000295f5e8]
Event: 1.361 Thread 0x00000000162b6800  205       3       java.util.zip.ZipFile::ensureOpen (37 bytes)
Event: 1.361 Thread 0x00000000162b6800 nmethod 205 0x000000000295eb90 code [0x000000000295ed20, 0x000000000295f098]
Event: 1.361 Thread 0x00000000162b6800  207   !   3       java.util.zip.ZipFile$ZipFileInputStream::close (110 bytes)
Event: 1.361 Thread 0x00000000162b6800 nmethod 207 0x0000000002961350 code [0x0000000002961500, 0x0000000002961d18]
Event: 1.361 Thread 0x00000000162b6800  206       1       java.util.zip.ZipCoder::isUTF8 (5 bytes)
Event: 1.361 Thread 0x00000000162b6800 nmethod 206 0x000000000294f6d0 code [0x000000000294f820, 0x000000000294f930]

GC Heap History (0 events):
No events

Deoptimization events (0 events):
No events

Internal exceptions (2 events):
Event: 0.707 Thread 0x00000000025cd800 Exception <a 'java/lang/NoSuchMethodError': Method sun.misc.Unsafe.defineClass(Ljava/lang/String;[BII)Ljava/lang/Class; name or signature does not match> (0x00000000eab07c78) thrown at [C:\src\android\AOSP-openjdk\external\jetbrains\jdk\hotspot\src\share\vùáV‰Ÿæ?
Event: 0.707 Thread 0x00000000025cd800 Exception <a 'java/lang/NoSuchMethodError': Method sun.misc.Unsafe.prefetchRead(Ljava/lang/Object;J)V name or signature does not match> (0x00000000eab07f60) thrown at [C:\src\android\AOSP-openjdk\external\jetbrains\jdk\hotspot\src\share\vm\prims\jni.cpp, l

Events (10 events):
Event: 1.323 Thread 0x00000000163cd800 Thread added: 0x00000000163cd800
Event: 1.325 Thread 0x00000000163d1000 Thread added: 0x00000000163d1000
Event: 1.332 Thread 0x00000000164c9000 Thread added: 0x00000000164c9000
Event: 1.336 Thread 0x00000000163d2800 Thread added: 0x00000000163d2800
Event: 1.359 loading class com/android/dx/dex/cf/CfTranslator
Event: 1.359 loading class com/android/dx/dex/cf/CfTranslator done
Event: 1.361 loading class com/android/dx/dex/code/DalvCode$AssignIndicesCallback
Event: 1.361 loading class com/android/dx/dex/code/DalvCode$AssignIndicesCallback done
Event: 1.361 loading class com/android/dx/rop/cst/CstBoolean
Event: 1.361 loading class com/android/dx/rop/cst/CstBoolean done


Dynamic libraries:
0x00007ff636230000 - 0x00007ff636261000 	D:\Program Files\Android\Android Studio\jre\bin\java.exe
0x00007fffec7f0000 - 0x00007fffec9c1000 	C:\WINDOWS\SYSTEM32\ntdll.dll
0x00007fffeb1d0000 - 0x00007fffeb27c000 	C:\WINDOWS\System32\KERNEL32.DLL
0x00007fffe96e0000 - 0x00007fffe98fd000 	C:\WINDOWS\System32\KERNELBASE.dll
0x00007fffe9e60000 - 0x00007fffe9f02000 	C:\WINDOWS\System32\ADVAPI32.dll
0x00007fffeaaa0000 - 0x00007fffeab3e000 	C:\WINDOWS\System32\msvcrt.dll
0x00007fffec790000 - 0x00007fffec7e9000 	C:\WINDOWS\System32\sechost.dll
0x00007fffea970000 - 0x00007fffeaa91000 	C:\WINDOWS\System32\RPCRT4.dll
0x00007fffeac40000 - 0x00007fffeada5000 	C:\WINDOWS\System32\USER32.dll
0x00007fffe9d10000 - 0x00007fffe9d2e000 	C:\WINDOWS\System32\win32u.dll
0x00007fffea180000 - 0x00007fffea1b4000 	C:\WINDOWS\System32\GDI32.dll
0x00007fffe9b80000 - 0x00007fffe9d02000 	C:\WINDOWS\System32\gdi32full.dll
0x00007fffe41c0000 - 0x00007fffe443a000 	C:\WINDOWS\WinSxS\amd64_microsoft.windows.common-controls_6595b64144ccf1df_6.0.14393.953_none_42151e83c686086b\COMCTL32.dll
0x00007fffea600000 - 0x00007fffea8c8000 	C:\WINDOWS\System32\combase.dll
0x00007fffe8ce0000 - 0x00007fffe8dd5000 	C:\WINDOWS\System32\ucrtbase.dll
0x00007fffe9670000 - 0x00007fffe96da000 	C:\WINDOWS\System32\bcryptPrimitives.dll
0x00007fffe9da0000 - 0x00007fffe9dce000 	C:\WINDOWS\System32\IMM32.DLL
0x0000000063530000 - 0x0000000063602000 	D:\Program Files\Android\Android Studio\jre\jre\bin\msvcr100.dll
0x0000000062840000 - 0x000000006307c000 	D:\Program Files\Android\Android Studio\jre\jre\bin\server\jvm.dll
0x00007fffe9e40000 - 0x00007fffe9e48000 	C:\WINDOWS\System32\PSAPI.DLL
0x00007fffdc320000 - 0x00007fffdc329000 	C:\WINDOWS\SYSTEM32\WSOCK32.dll
0x00007fffea110000 - 0x00007fffea17a000 	C:\WINDOWS\System32\WS2_32.dll
0x00007fffe6c20000 - 0x00007fffe6c43000 	C:\WINDOWS\SYSTEM32\WINMM.dll
0x00007fffe4cf0000 - 0x00007fffe4cfa000 	C:\WINDOWS\SYSTEM32\VERSION.dll
0x00007fffe6b00000 - 0x00007fffe6b2b000 	C:\WINDOWS\SYSTEM32\WINMMBASE.dll
0x00007fffe9d30000 - 0x00007fffe9d72000 	C:\WINDOWS\System32\cfgmgr32.dll
0x00007fffe63d0000 - 0x00007fffe63df000 	D:\Program Files\Android\Android Studio\jre\jre\bin\verify.dll
0x00007fffdde50000 - 0x00007fffdde79000 	D:\Program Files\Android\Android Studio\jre\jre\bin\java.dll
0x00007fffe3930000 - 0x00007fffe3946000 	D:\Program Files\Android\Android Studio\jre\jre\bin\zip.dll
0x00007fffeb280000 - 0x00007fffec788000 	C:\WINDOWS\System32\SHELL32.dll
0x00007fffe8e80000 - 0x00007fffe955a000 	C:\WINDOWS\System32\windows.storage.dll
0x00007fffe8c50000 - 0x00007fffe8c9c000 	C:\WINDOWS\System32\powrprof.dll
0x00007fffea050000 - 0x00007fffea0a2000 	C:\WINDOWS\System32\shlwapi.dll
0x00007fffe8cd0000 - 0x00007fffe8cdf000 	C:\WINDOWS\System32\kernel.appcore.dll
0x00007fffe9560000 - 0x00007fffe9609000 	C:\WINDOWS\System32\shcore.dll
0x00007fffe8ca0000 - 0x00007fffe8cb4000 	C:\WINDOWS\System32\profapi.dll

VM Arguments:
jvm_args: -Djava.awt.headless=true -Xmx1024M -Dfile.encoding=GBK -Duser.country=CN -Duser.language=zh -Duser.variant 
java_command: com.android.dx.command.Main --dex --force-jumbo --num-threads=4 --multi-dex --output D:\musicbean\app\build\intermediates\transforms\dex\baidu\debug\folders\1000\5\slice_0 D:\musicbean\app\build\intermediates\transforms\instantRunSlicer\baidu\debug\folders\1\5\slice_0
java_class_path (initial): D:\SDK\build-tools\25.0.0\lib\dx.jar
Launcher Type: SUN_STANDARD

Environment Variables:
JAVA_HOME=C:\Program Files\Java\jdk1.8.0_101
CLASSPATH=.;C:\Program Files\Java\jdk1.8.0_101\lib;
PATH=C:\ProgramData\Oracle\Java\javapath;C:\WINDOWS\system32;C:\WINDOWS;C:\WINDOWS\System32\Wbem;C:\WINDOWS\System32\WindowsPowerShell\v1.0\;C:\Program Files\Java\jdk1.8.0_101\bin;C:\Program Files\Java\jdk1.8.0_101\jre\bin;D:\Git\cmd;C:\Users\Administrator\AppData\Local\Microsoft\WindowsApps;
USERNAME=Administrator
OS=Windows_NT
PROCESSOR_IDENTIFIER=Intel64 Family 6 Model 94 Stepping 3, GenuineIntel



---------------  S Y S T E M  ---------------

OS: Windows 10.0 , 64 bit Build 14393 (10.0.14393.1198)

CPU:total 4 (4 cores per cpu, 1 threads per core) family 6 model 94 stepping 3, cmov, cx8, fxsr, mmx, sse, sse2, sse3, ssse3, sse4.1, sse4.2, popcnt, avx, avx2, aes, clmul, erms, rtm, 3dnowpref, lzcnt, tsc, tscinvbit, bmi1, bmi2, adx

Memory: 4k page, physical 8299524k(2482148k free), swap 14749720k(324k free)

vm_info: OpenJDK 64-Bit Server VM (25.112-b06) for windows-amd64 JRE (1.8.0_112-release-b06), built on Dec  8 2016 00:54:26 by "builder" with MS VC++ 10.0 (VS2010)

time: Wed May 17 13:58:04 2017
elapsed time: 1 seconds (0d 0h 0m 1s)

