#
# There is insufficient memory for the Java Runtime Environment to continue.
# Native memory allocation (malloc) failed to allocate 671056 bytes for Chunk::new
# Possible reasons:
#   The system is out of physical RAM or swap space
#   In 32 bit mode, the process size limit was hit
# Possible solutions:
#   Reduce memory load on the system
#   Increase physical memory or swap space
#   Check if swap backing store is full
#   Use 64 bit Java on a 64 bit OS
#   Decrease Java heap size (-Xmx/-Xms)
#   Decrease number of Java threads
#   Decrease Java thread stack sizes (-Xss)
#   Set larger code cache with -XX:ReservedCodeCacheSize=
# This output file may be truncated or incomplete.
#
#  Out of Memory Error (allocation.cpp:390), pid=30360, tid=0x000000000000700c
#
# JRE version: OpenJDK Runtime Environment (8.0_112-b06) (build 1.8.0_112-release-b06)
# Java VM: OpenJDK 64-Bit Server VM (25.112-b06 mixed mode windows-amd64 compressed oops)
# Failed to write core dump. Minidumps are not enabled by default on client versions of Windows
#

---------------  T H R E A D  ---------------

Current thread (0x0000000016b2b800):  JavaThread "C2 CompilerThread1" daemon [_thread_in_native, id=28684, stack(0x00000000171e0000,0x00000000172e0000)]

Stack: [0x00000000171e0000,0x00000000172e0000]
[error occurred during error reporting (printing stack bounds), id 0xc0000005]

Native frames: (J=compiled Java code, j=interpreted, Vv=VM code, C=native code)


Current CompileTask:
C2:   4890 1579 %     4       com.android.dx.ssa.SsaConverter::placePhiFunctions @ 131 (394 bytes)


---------------  P R O C E S S  ---------------

Java Threads: ( => current thread )
  0x0000000016d51000 JavaThread "pool-2-thread-4" [_thread_in_Java, id=33364, stack(0x00000000179e0000,0x0000000017ae0000)]
  0x0000000016d4f800 JavaThread "pool-2-thread-3" [_thread_in_Java, id=33688, stack(0x00000000178e0000,0x00000000179e0000)]
  0x0000000016d4e800 JavaThread "pool-2-thread-2" [_thread_in_Java, id=33108, stack(0x00000000177e0000,0x00000000178e0000)]
  0x0000000016c58000 JavaThread "pool-3-thread-1" [_thread_blocked, id=31156, stack(0x00000000176e0000,0x00000000177e0000)]
  0x0000000016c48000 JavaThread "pool-2-thread-1" [_thread_in_Java, id=27988, stack(0x00000000175e0000,0x00000000176e0000)]
  0x0000000016b3e000 JavaThread "Service Thread" daemon [_thread_blocked, id=32384, stack(0x00000000173e0000,0x00000000174e0000)]
  0x0000000016b36800 JavaThread "C1 CompilerThread2" daemon [_thread_blocked, id=25548, stack(0x00000000172e0000,0x00000000173e0000)]
=>0x0000000016b2b800 JavaThread "C2 CompilerThread1" daemon [_thread_in_native, id=28684, stack(0x00000000171e0000,0x00000000172e0000)]
  0x0000000015790000 JavaThread "C2 CompilerThread0" daemon [_thread_in_native, id=32856, stack(0x00000000170e0000,0x00000000171e0000)]
  0x00000000157d7800 JavaThread "Attach Listener" daemon [_thread_blocked, id=33112, stack(0x0000000016fe0000,0x00000000170e0000)]
  0x0000000016ae8800 JavaThread "Signal Dispatcher" daemon [_thread_blocked, id=33464, stack(0x0000000016ee0000,0x0000000016fe0000)]
  0x00000000030a6000 JavaThread "Finalizer" daemon [_thread_blocked, id=33616, stack(0x00000000169e0000,0x0000000016ae0000)]
  0x00000000030a0800 JavaThread "Reference Handler" daemon [_thread_blocked, id=26132, stack(0x00000000168e0000,0x00000000169e0000)]
  0x0000000002aad800 JavaThread "main" [_thread_in_Java, id=31536, stack(0x0000000002eb0000,0x0000000002fb0000)]

Other Threads:
  0x0000000015745000 VMThread [stack: 0x00000000167e0000,0x00000000168e0000] [id=16648]
  0x0000000016b40000 WatcherThread [stack: 0x00000000174e0000,0x00000000175e0000] [id=22160]

VM state:not at safepoint (normal execution)

VM Mutex/Monitor currently owned by a thread: None

Heap:
 PSYoungGen      total 71680K, used 56477K [0x00000000eab00000, 0x00000000ef600000, 0x0000000100000000)
  eden space 66560K, 77% used [0x00000000eab00000,0x00000000edd28a38,0x00000000eec00000)
  from space 5120K, 99% used [0x00000000eec00000,0x00000000ef0feb80,0x00000000ef100000)
  to   space 5120K, 0% used [0x00000000ef100000,0x00000000ef100000,0x00000000ef600000)
 ParOldGen       total 87552K, used 29959K [0x00000000c0000000, 0x00000000c5580000, 0x00000000eab00000)
  object space 87552K, 34% used [0x00000000c0000000,0x00000000c1d41c40,0x00000000c5580000)
 Metaspace       used 5923K, capacity 7024K, committed 7296K, reserved 1056768K
  class space    used 562K, capacity 616K, committed 640K, reserved 1048576K

Card table byte_map: [0x0000000012470000,0x0000000012680000] byte_map_base: 0x0000000011e70000

Marking Bits: (ParMarkBitMap*) 0x00000000630018f0
 Begin Bits: [0x0000000012be0000, 0x0000000013be0000)
 End Bits:   [0x0000000013be0000, 0x0000000014be0000)

Polling page: 0x00000000029c0000

CodeCache: size=245760Kb used=6682Kb max_used=6687Kb free=239077Kb
 bounds [0x00000000030b0000, 0x0000000003740000, 0x00000000120b0000]
 total_blobs=1841 nmethods=1578 adapters=177
 compilation: enabled

Compilation events (10 events):
Event: 4.841 Thread 0x0000000015790000 nmethod 1589% 0x0000000003705890 code [0x00000000037059e0, 0x0000000003705bf8]
Event: 4.841 Thread 0x0000000015790000 1591       4       com.android.dx.rop.code.LocalVariableExtractor::processBlock (327 bytes)
Event: 4.842 Thread 0x0000000016b36800 1601       2       com.android.dx.cf.iface.StdMethod::<init> (40 bytes)
Event: 4.842 Thread 0x0000000016b36800 nmethod 1601 0x000000000373f3d0 code [0x000000000373f580, 0x000000000373f8a8]
Event: 4.845 Thread 0x0000000016b36800 1602       2       java.util.concurrent.locks.ReentrantLock::unlock (10 bytes)
Event: 4.845 Thread 0x0000000016b36800 nmethod 1602 0x000000000373ef50 code [0x000000000373f0c0, 0x000000000373f2b8]
Event: 4.866 Thread 0x0000000016b36800 1604       2       com.android.dx.rop.code.BasicBlockList::forEachInsn (39 bytes)
Event: 4.866 Thread 0x0000000016b36800 nmethod 1604 0x000000000373e990 code [0x000000000373eb00, 0x000000000373ed58]
Event: 4.866 Thread 0x0000000016b36800 1605 %     2       com.android.dx.rop.code.BasicBlockList::forEachInsn @ 7 (39 bytes)
Event: 4.866 Thread 0x0000000016b36800 nmethod 1605% 0x000000000373e310 code [0x000000000373e4a0, 0x000000000373e778]

GC Heap History (6 events):
Event: 1.866 GC heap before
{Heap before GC invocations=1 (full 0):
 PSYoungGen      total 38400K, used 33280K [0x00000000eab00000, 0x00000000ed580000, 0x0000000100000000)
  eden space 33280K, 100% used [0x00000000eab00000,0x00000000ecb80000,0x00000000ecb80000)
  from space 5120K, 0% used [0x00000000ed080000,0x00000000ed080000,0x00000000ed580000)
  to   space 5120K, 0% used [0x00000000ecb80000,0x00000000ecb80000,0x00000000ed080000)
 ParOldGen       total 87552K, used 0K [0x00000000c0000000, 0x00000000c5580000, 0x00000000eab00000)
  object space 87552K, 0% used [0x00000000c0000000,0x00000000c0000000,0x00000000c5580000)
 Metaspace       used 5741K, capacity 6896K, committed 7040K, reserved 1056768K
  class space    used 559K, capacity 616K, committed 640K, reserved 1048576K
Event: 1.896 GC heap after
Heap after GC invocations=1 (full 0):
 PSYoungGen      total 38400K, used 5103K [0x00000000eab00000, 0x00000000ef600000, 0x0000000100000000)
  eden space 33280K, 0% used [0x00000000eab00000,0x00000000eab00000,0x00000000ecb80000)
  from space 5120K, 99% used [0x00000000ecb80000,0x00000000ed07bd98,0x00000000ed080000)
  to   space 5120K, 0% used [0x00000000ef100000,0x00000000ef100000,0x00000000ef600000)
 ParOldGen       total 87552K, used 1445K [0x00000000c0000000, 0x00000000c5580000, 0x00000000eab00000)
  object space 87552K, 1% used [0x00000000c0000000,0x00000000c01697a8,0x00000000c5580000)
 Metaspace       used 5741K, capacity 6896K, committed 7040K, reserved 1056768K
  class space    used 559K, capacity 616K, committed 640K, reserved 1048576K
}
Event: 3.227 GC heap before
{Heap before GC invocations=2 (full 0):
 PSYoungGen      total 38400K, used 38383K [0x00000000eab00000, 0x00000000ef600000, 0x0000000100000000)
  eden space 33280K, 100% used [0x00000000eab00000,0x00000000ecb80000,0x00000000ecb80000)
  from space 5120K, 99% used [0x00000000ecb80000,0x00000000ed07bd98,0x00000000ed080000)
  to   space 5120K, 0% used [0x00000000ef100000,0x00000000ef100000,0x00000000ef600000)
 ParOldGen       total 87552K, used 1445K [0x00000000c0000000, 0x00000000c5580000, 0x00000000eab00000)
  object space 87552K, 1% used [0x00000000c0000000,0x00000000c01697a8,0x00000000c5580000)
 Metaspace       used 5869K, capacity 6960K, committed 7040K, reserved 1056768K
  class space    used 559K, capacity 616K, committed 640K, reserved 1048576K
Event: 3.418 GC heap after
Heap after GC invocations=2 (full 0):
 PSYoungGen      total 71680K, used 5091K [0x00000000eab00000, 0x00000000ef600000, 0x0000000100000000)
  eden space 66560K, 0% used [0x00000000eab00000,0x00000000eab00000,0x00000000eec00000)
  from space 5120K, 99% used [0x00000000ef100000,0x00000000ef5f8e40,0x00000000ef600000)
  to   space 5120K, 0% used [0x00000000eec00000,0x00000000eec00000,0x00000000ef100000)
 ParOldGen       total 87552K, used 9080K [0x00000000c0000000, 0x00000000c5580000, 0x00000000eab00000)
  object space 87552K, 10% used [0x00000000c0000000,0x00000000c08de378,0x00000000c5580000)
 Metaspace       used 5869K, capacity 6960K, committed 7040K, reserved 1056768K
  class space    used 559K, capacity 616K, committed 640K, reserved 1048576K
}
Event: 4.300 GC heap before
{Heap before GC invocations=3 (full 0):
 PSYoungGen      total 71680K, used 71651K [0x00000000eab00000, 0x00000000ef600000, 0x0000000100000000)
  eden space 66560K, 100% used [0x00000000eab00000,0x00000000eec00000,0x00000000eec00000)
  from space 5120K, 99% used [0x00000000ef100000,0x00000000ef5f8e40,0x00000000ef600000)
  to   space 5120K, 0% used [0x00000000eec00000,0x00000000eec00000,0x00000000ef100000)
 ParOldGen       total 87552K, used 9080K [0x00000000c0000000, 0x00000000c5580000, 0x00000000eab00000)
  object space 87552K, 10% used [0x00000000c0000000,0x00000000c08de378,0x00000000c5580000)
 Metaspace       used 5914K, capacity 7024K, committed 7296K, reserved 1056768K
  class space    used 562K, capacity 616K, committed 640K, reserved 1048576K
Event: 4.758 GC heap after
Heap after GC invocations=3 (full 0):
 PSYoungGen      total 71680K, used 5114K [0x00000000eab00000, 0x00000000ef600000, 0x0000000100000000)
  eden space 66560K, 0% used [0x00000000eab00000,0x00000000eab00000,0x00000000eec00000)
  from space 5120K, 99% used [0x00000000eec00000,0x00000000ef0feb80,0x00000000ef100000)
  to   space 5120K, 0% used [0x00000000ef100000,0x00000000ef100000,0x00000000ef600000)
 ParOldGen       total 87552K, used 29959K [0x00000000c0000000, 0x00000000c5580000, 0x00000000eab00000)
  object space 87552K, 34% used [0x00000000c0000000,0x00000000c1d41c40,0x00000000c5580000)
 Metaspace       used 5914K, capacity 7024K, committed 7296K, reserved 1056768K
  class space    used 562K, capacity 616K, committed 640K, reserved 1048576K
}

Deoptimization events (10 events):
Event: 1.678 Thread 0x0000000016d51000 Uncommon trap: reason=bimorphic action=maybe_recompile pc=0x00000000033dd380 method=java.util.HashMap.putVal(ILjava/lang/Object;Ljava/lang/Object;ZZ)Ljava/lang/Object; @ 91
Event: 1.678 Thread 0x0000000016d51000 Uncommon trap: reason=bimorphic action=maybe_recompile pc=0x0000000003391058 method=java.util.HashMap.getNode(ILjava/lang/Object;)Ljava/util/HashMap$Node; @ 126
Event: 1.678 Thread 0x0000000016d51000 Uncommon trap: reason=bimorphic action=maybe_recompile pc=0x000000000338f4d8 method=java.util.HashMap.getNode(ILjava/lang/Object;)Ljava/util/HashMap$Node; @ 126
Event: 1.841 Thread 0x0000000016d51000 Uncommon trap: reason=bimorphic action=maybe_recompile pc=0x0000000003530a84 method=com.android.dx.cf.code.BytecodeArray.parseInstruction(ILcom/android/dx/cf/code/BytecodeArray$Visitor;)I @ 1501
Event: 1.841 Thread 0x0000000016d51000 Uncommon trap: reason=bimorphic action=maybe_recompile pc=0x0000000003530a84 method=com.android.dx.cf.code.BytecodeArray.parseInstruction(ILcom/android/dx/cf/code/BytecodeArray$Visitor;)I @ 1501
Event: 3.212 Thread 0x0000000002aad800 Uncommon trap: reason=unstable_if action=reinterpret pc=0x0000000003506278 method=com.android.dx.ssa.SCCP.simulateStmt(Lcom/android/dx/ssa/SsaInsn;)V @ 59
Event: 3.525 Thread 0x0000000002aad800 Uncommon trap: reason=class_check action=maybe_recompile pc=0x000000000368026c method=com.android.dx.cf.code.RopperMachine.run(Lcom/android/dx/cf/code/Frame;II)V @ 988
Event: 3.525 Thread 0x0000000002aad800 Uncommon trap: reason=class_check action=maybe_recompile pc=0x000000000368026c method=com.android.dx.cf.code.RopperMachine.run(Lcom/android/dx/cf/code/Frame;II)V @ 988
Event: 3.526 Thread 0x0000000002aad800 Uncommon trap: reason=class_check action=maybe_recompile pc=0x000000000368026c method=com.android.dx.cf.code.RopperMachine.run(Lcom/android/dx/cf/code/Frame;II)V @ 988
Event: 3.973 Thread 0x0000000016c48000 Uncommon trap: reason=unstable_if action=reinterpret pc=0x00000000034bcb4c method=com.android.dx.dex.code.OutputFinisher.hasLocalInfo(Lcom/android/dx/dex/code/DalvInsn;)Z @ 24

Internal exceptions (4 events):
Event: 0.029 Thread 0x0000000002aad800 Exception <a 'java/lang/NoSuchMethodError': Method sun.misc.Unsafe.defineClass(Ljava/lang/String;[BII)Ljava/lang/Class; name or signature does not match> (0x00000000eab07c78) thrown at [C:\src\android\AOSP-openjdk\external\jetbrains\jdk\hotspot\src\share\vEá^
¿›ù?
Event: 0.029 Thread 0x0000000002aad800 Exception <a 'java/lang/NoSuchMethodError': Method sun.misc.Unsafe.prefetchRead(Ljava/lang/Object;J)V name or signature does not match> (0x00000000eab07f60) thrown at [C:\src\android\AOSP-openjdk\external\jetbrains\jdk\hotspot\src\share\vm\prims\jni.cpp, l=oÓ`b∑˙?
Event: 1.670 Thread 0x0000000016d51000 Implicit null exception at 0x0000000003454c62 to 0x0000000003454d5a
Event: 1.674 Thread 0x0000000016d51000 Implicit null exception at 0x00000000034cc147 to 0x00000000034cd6ed

Events (10 events):
Event: 4.121 loading class com/android/dx/dex/file/MethodAnnotationStruct
Event: 4.121 loading class com/android/dx/dex/file/MethodAnnotationStruct done
Event: 4.121 Executing VM operation: EnableBiasedLocking
Event: 4.277 Executing VM operation: EnableBiasedLocking done
Event: 4.300 Executing VM operation: ParallelGCFailedAllocation
Event: 4.758 Executing VM operation: ParallelGCFailedAllocation done
Event: 4.781 Thread 0x0000000016d4e800 DEOPT PACKING pc=0x00000000036cb358 sp=0x00000000178def00
Event: 4.781 Thread 0x0000000016d4e800 DEOPT UNPACKING pc=0x00000000030f75bf sp=0x00000000178ded48 mode 0
Event: 4.866 Thread 0x0000000002aad800 DEOPT PACKING pc=0x00000000033ed635 sp=0x0000000002faddc0
Event: 4.866 Thread 0x0000000002aad800 DEOPT UNPACKING pc=0x00000000030f75bf sp=0x0000000002fadaa0 mode 0


Dynamic libraries:
0x00007ff636230000 - 0x00007ff636261000 	D:\Program Files\Android\Android Studio\jre\bin\java.exe
0x00007fffec7f0000 - 0x00007fffec9c1000 	C:\WINDOWS\SYSTEM32\ntdll.dll
0x00007fffeb1d0000 - 0x00007fffeb27c000 	C:\WINDOWS\System32\KERNEL32.DLL
0x00007fffe96e0000 - 0x00007fffe98fd000 	C:\WINDOWS\System32\KERNELBASE.dll
0x00007fffe9e60000 - 0x00007fffe9f02000 	C:\WINDOWS\System32\ADVAPI32.dll
0x00007fffeaaa0000 - 0x00007fffeab3e000 	C:\WINDOWS\System32\msvcrt.dll
0x00007fffec790000 - 0x00007fffec7e9000 	C:\WINDOWS\System32\sechost.dll
0x00007fffea970000 - 0x00007fffeaa91000 	C:\WINDOWS\System32\RPCRT4.dll
0x00007fffeac40000 - 0x00007fffeada5000 	C:\WINDOWS\System32\USER32.dll
0x00007fffe9d10000 - 0x00007fffe9d2e000 	C:\WINDOWS\System32\win32u.dll
0x00007fffea180000 - 0x00007fffea1b4000 	C:\WINDOWS\System32\GDI32.dll
0x00007fffe9b80000 - 0x00007fffe9d02000 	C:\WINDOWS\System32\gdi32full.dll
0x00007fffe41c0000 - 0x00007fffe443a000 	C:\WINDOWS\WinSxS\amd64_microsoft.windows.common-controls_6595b64144ccf1df_6.0.14393.953_none_42151e83c686086b\COMCTL32.dll
0x00007fffea600000 - 0x00007fffea8c8000 	C:\WINDOWS\System32\combase.dll
0x00007fffe8ce0000 - 0x00007fffe8dd5000 	C:\WINDOWS\System32\ucrtbase.dll
0x00007fffe9670000 - 0x00007fffe96da000 	C:\WINDOWS\System32\bcryptPrimitives.dll
0x00007fffe9da0000 - 0x00007fffe9dce000 	C:\WINDOWS\System32\IMM32.DLL
0x0000000063d40000 - 0x0000000063e12000 	D:\Program Files\Android\Android Studio\jre\jre\bin\msvcr100.dll
0x0000000062840000 - 0x000000006307c000 	D:\Program Files\Android\Android Studio\jre\jre\bin\server\jvm.dll
0x00007fffe9e40000 - 0x00007fffe9e48000 	C:\WINDOWS\System32\PSAPI.DLL
0x00007fffdc320000 - 0x00007fffdc329000 	C:\WINDOWS\SYSTEM32\WSOCK32.dll
0x00007fffea110000 - 0x00007fffea17a000 	C:\WINDOWS\System32\WS2_32.dll
0x00007fffe6c20000 - 0x00007fffe6c43000 	C:\WINDOWS\SYSTEM32\WINMM.dll
0x00007fffe4cf0000 - 0x00007fffe4cfa000 	C:\WINDOWS\SYSTEM32\VERSION.dll
0x00007fffe6b00000 - 0x00007fffe6b2b000 	C:\WINDOWS\SYSTEM32\WINMMBASE.dll
0x00007fffe9d30000 - 0x00007fffe9d72000 	C:\WINDOWS\System32\cfgmgr32.dll
0x00007fffe63f0000 - 0x00007fffe63ff000 	D:\Program Files\Android\Android Studio\jre\jre\bin\verify.dll
0x00007fffe4bc0000 - 0x00007fffe4be9000 	D:\Program Files\Android\Android Studio\jre\jre\bin\java.dll
0x00007fffe63d0000 - 0x00007fffe63e6000 	D:\Program Files\Android\Android Studio\jre\jre\bin\zip.dll
0x00007fffeb280000 - 0x00007fffec788000 	C:\WINDOWS\System32\SHELL32.dll
0x00007fffe8e80000 - 0x00007fffe955a000 	C:\WINDOWS\System32\windows.storage.dll
0x00007fffe8c50000 - 0x00007fffe8c9c000 	C:\WINDOWS\System32\powrprof.dll
0x00007fffea050000 - 0x00007fffea0a2000 	C:\WINDOWS\System32\shlwapi.dll
0x00007fffe8cd0000 - 0x00007fffe8cdf000 	C:\WINDOWS\System32\kernel.appcore.dll
0x00007fffe9560000 - 0x00007fffe9609000 	C:\WINDOWS\System32\shcore.dll
0x00007fffe8ca0000 - 0x00007fffe8cb4000 	C:\WINDOWS\System32\profapi.dll

VM Arguments:
jvm_args: -Djava.awt.headless=true -Xmx1024M -Dfile.encoding=GBK -Duser.country=CN -Duser.language=zh -Duser.variant 
java_command: com.android.dx.command.Main --dex --force-jumbo --num-threads=4 --multi-dex --output D:\musicbean\app\build\intermediates\transforms\dex\baidu\debug\folders\1000\5\slice_2 D:\musicbean\app\build\intermediates\transforms\instantRunSlicer\baidu\debug\folders\1\5\slice_2
java_class_path (initial): D:\SDK\build-tools\25.0.0\lib\dx.jar
Launcher Type: SUN_STANDARD

Environment Variables:
JAVA_HOME=C:\Program Files\Java\jdk1.8.0_101
CLASSPATH=.;C:\Program Files\Java\jdk1.8.0_101\lib;
PATH=C:\ProgramData\Oracle\Java\javapath;C:\WINDOWS\system32;C:\WINDOWS;C:\WINDOWS\System32\Wbem;C:\WINDOWS\System32\WindowsPowerShell\v1.0\;C:\Program Files\Java\jdk1.8.0_101\bin;C:\Program Files\Java\jdk1.8.0_101\jre\bin;D:\Git\cmd;C:\Users\Administrator\AppData\Local\Microsoft\WindowsApps;
USERNAME=Administrator
OS=Windows_NT
PROCESSOR_IDENTIFIER=Intel64 Family 6 Model 94 Stepping 3, GenuineIntel



---------------  S Y S T E M  ---------------

OS: Windows 10.0 , 64 bit Build 14393 (10.0.14393.1198)

CPU:total 4 (4 cores per cpu, 1 threads per core) family 6 model 94 stepping 3, cmov, cx8, fxsr, mmx, sse, sse2, sse3, ssse3, sse4.1, sse4.2, popcnt, avx, avx2, aes, clmul, erms, rtm, 3dnowpref, lzcnt, tsc, tscinvbit, bmi1, bmi2, adx

Memory: 4k page, physical 8299524k(2321004k free), swap 14749720k(5320k free)

vm_info: OpenJDK 64-Bit Server VM (25.112-b06) for windows-amd64 JRE (1.8.0_112-release-b06), built on Dec  8 2016 00:54:26 by "builder" with MS VC++ 10.0 (VS2010)

time: Mon May 22 14:01:22 2017
elapsed time: 4 seconds (0d 0h 0m 4s)

