#
# There is insufficient memory for the Java Runtime Environment to continue.
# Native memory allocation (malloc) failed to allocate 852816 bytes for Chunk::new
# Possible reasons:
#   The system is out of physical RAM or swap space
#   In 32 bit mode, the process size limit was hit
# Possible solutions:
#   Reduce memory load on the system
#   Increase physical memory or swap space
#   Check if swap backing store is full
#   Use 64 bit Java on a 64 bit OS
#   Decrease Java heap size (-Xmx/-Xms)
#   Decrease number of Java threads
#   Decrease Java thread stack sizes (-Xss)
#   Set larger code cache with -XX:ReservedCodeCacheSize=
# This output file may be truncated or incomplete.
#
#  Out of Memory Error (allocation.cpp:390), pid=9252, tid=0x0000000000002254
#
# JRE version: OpenJDK Runtime Environment (8.0_112-b06) (build 1.8.0_112-release-b06)
# Java VM: OpenJDK 64-Bit Server VM (25.112-b06 mixed mode windows-amd64 compressed oops)
# Failed to write core dump. Minidumps are not enabled by default on client versions of Windows
#

---------------  T H R E A D  ---------------

Current thread (0x00000000159b0800):  JavaThread "C2 CompilerThread0" daemon [_thread_in_native, id=8788, stack(0x0000000017360000,0x0000000017460000)]

Stack: [0x0000000017360000,0x0000000017460000]
[error occurred during error reporting (printing stack bounds), id 0xc0000005]

Native frames: (J=compiled Java code, j=interpreted, Vv=VM code, C=native code)


Current CompileTask:
C2:   2483 1419       4       com.android.dx.rop.code.LocalVariableExtractor::processBlock (327 bytes)


---------------  P R O C E S S  ---------------

Java Threads: ( => current thread )
  0x0000000016fd2800 JavaThread "pool-2-thread-4" [_thread_blocked, id=14128, stack(0x0000000017c60000,0x0000000017d60000)]
  0x0000000016fc1800 JavaThread "pool-2-thread-3" [_thread_in_Java, id=12620, stack(0x0000000017b60000,0x0000000017c60000)]
  0x0000000016ed9000 JavaThread "pool-2-thread-2" [_thread_blocked, id=14416, stack(0x0000000017a60000,0x0000000017b60000)]
  0x0000000016ed6000 JavaThread "pool-3-thread-1" [_thread_blocked, id=12464, stack(0x0000000017960000,0x0000000017a60000)]
  0x0000000016ed3800 JavaThread "pool-2-thread-1" [_thread_blocked, id=13588, stack(0x0000000017860000,0x0000000017960000)]
  0x0000000016dbe000 JavaThread "Service Thread" daemon [_thread_blocked, id=13968, stack(0x0000000017660000,0x0000000017760000)]
  0x0000000016db6800 JavaThread "C1 CompilerThread2" daemon [_thread_blocked, id=11288, stack(0x0000000017560000,0x0000000017660000)]
  0x00000000159fe000 JavaThread "C2 CompilerThread1" daemon [_thread_in_native, id=10748, stack(0x0000000017460000,0x0000000017560000)]
=>0x00000000159b0800 JavaThread "C2 CompilerThread0" daemon [_thread_in_native, id=8788, stack(0x0000000017360000,0x0000000017460000)]
  0x00000000159af800 JavaThread "Attach Listener" daemon [_thread_blocked, id=11564, stack(0x0000000017260000,0x0000000017360000)]
  0x0000000016d68800 JavaThread "Signal Dispatcher" daemon [_thread_blocked, id=3540, stack(0x0000000017160000,0x0000000017260000)]
  0x00000000032cb000 JavaThread "Finalizer" daemon [_thread_blocked, id=4752, stack(0x0000000016c00000,0x0000000016d00000)]
  0x00000000032c0000 JavaThread "Reference Handler" daemon [_thread_blocked, id=10720, stack(0x0000000016b00000,0x0000000016c00000)]
  0x00000000031cd800 JavaThread "main" [_thread_blocked, id=9652, stack(0x0000000003060000,0x0000000003160000)]

Other Threads:
  0x0000000015965800 VMThread [stack: 0x0000000016a00000,0x0000000016b00000] [id=3784]
  0x0000000016dc0000 WatcherThread [stack: 0x0000000017760000,0x0000000017860000] [id=7008]

VM state:not at safepoint (normal execution)

VM Mutex/Monitor currently owned by a thread: None

Heap:
 PSYoungGen      total 71680K, used 13188K [0x00000000eab00000, 0x00000000ef600000, 0x0000000100000000)
  eden space 66560K, 12% used [0x00000000eab00000,0x00000000eb2e43e0,0x00000000eec00000)
  from space 5120K, 99% used [0x00000000ef100000,0x00000000ef5fcc30,0x00000000ef600000)
  to   space 5120K, 0% used [0x00000000eec00000,0x00000000eec00000,0x00000000ef100000)
 ParOldGen       total 87552K, used 8034K [0x00000000c0000000, 0x00000000c5580000, 0x00000000eab00000)
  object space 87552K, 9% used [0x00000000c0000000,0x00000000c07d8aa8,0x00000000c5580000)
 Metaspace       used 5865K, capacity 6960K, committed 7040K, reserved 1056768K
  class space    used 559K, capacity 616K, committed 640K, reserved 1048576K

Card table byte_map: [0x0000000012690000,0x00000000128a0000] byte_map_base: 0x0000000012090000

Marking Bits: (ParMarkBitMap*) 0x00000000630018f0
 Begin Bits: [0x0000000012e00000, 0x0000000013e00000)
 End Bits:   [0x0000000013e00000, 0x0000000014e00000)

Polling page: 0x0000000002ce0000

CodeCache: size=245760Kb used=5681Kb max_used=5681Kb free=240078Kb
 bounds [0x00000000032d0000, 0x0000000003870000, 0x00000000122d0000]
 total_blobs=1710 nmethods=1447 adapters=177
 compilation: enabled

Compilation events (10 events):
Event: 2.469 Thread 0x0000000016db6800 1495 %     3       com.android.dx.cf.code.BytecodeArray::processWorkSet @ 14 (50 bytes)
Event: 2.469 Thread 0x0000000016db6800 nmethod 1495% 0x000000000385ab50 code [0x000000000385ad20, 0x000000000385b338]
Event: 2.470 Thread 0x0000000016db6800 1496       2       com.android.dx.cf.code.BytecodeArray::parseLookupswitch (175 bytes)
Event: 2.470 Thread 0x0000000016db6800 nmethod 1496 0x000000000385b650 code [0x000000000385b880, 0x000000000385c028]
Event: 2.471 Thread 0x0000000016db6800 1497 %     3       com.android.dx.ssa.back.FirstFitLocalCombiningAllocator::handleNormalUnassociated @ 10 (99 bytes)
Event: 2.472 Thread 0x0000000016db6800 nmethod 1497% 0x000000000385c9d0 code [0x000000000385cca0, 0x000000000385e118]
Event: 2.473 Thread 0x0000000016db6800 1498       2       com.android.dx.cf.code.BasicBlocker::visitBranch (98 bytes)
Event: 2.473 Thread 0x0000000016db6800 nmethod 1498 0x000000000385eb90 code [0x000000000385eda0, 0x000000000385f578]
Event: 2.473 Thread 0x0000000016db6800 1499       1       com.android.dx.cf.attrib.BaseLocalVariables::getLocalVariables (5 bytes)
Event: 2.473 Thread 0x0000000016db6800 nmethod 1499 0x0000000003860490 code [0x00000000038605e0, 0x00000000038606f0]

GC Heap History (4 events):
Event: 1.338 GC heap before
{Heap before GC invocations=1 (full 0):
 PSYoungGen      total 38400K, used 33280K [0x00000000eab00000, 0x00000000ed580000, 0x0000000100000000)
  eden space 33280K, 100% used [0x00000000eab00000,0x00000000ecb80000,0x00000000ecb80000)
  from space 5120K, 0% used [0x00000000ed080000,0x00000000ed080000,0x00000000ed580000)
  to   space 5120K, 0% used [0x00000000ecb80000,0x00000000ecb80000,0x00000000ed080000)
 ParOldGen       total 87552K, used 0K [0x00000000c0000000, 0x00000000c5580000, 0x00000000eab00000)
  object space 87552K, 0% used [0x00000000c0000000,0x00000000c0000000,0x00000000c5580000)
 Metaspace       used 5696K, capacity 6832K, committed 7040K, reserved 1056768K
  class space    used 559K, capacity 616K, committed 640K, reserved 1048576K
Event: 1.568 GC heap after
Heap after GC invocations=1 (full 0):
 PSYoungGen      total 38400K, used 5103K [0x00000000eab00000, 0x00000000ef600000, 0x0000000100000000)
  eden space 33280K, 0% used [0x00000000eab00000,0x00000000eab00000,0x00000000ecb80000)
  from space 5120K, 99% used [0x00000000ecb80000,0x00000000ed07bd88,0x00000000ed080000)
  to   space 5120K, 0% used [0x00000000ef100000,0x00000000ef100000,0x00000000ef600000)
 ParOldGen       total 87552K, used 2130K [0x00000000c0000000, 0x00000000c5580000, 0x00000000eab00000)
  object space 87552K, 2% used [0x00000000c0000000,0x00000000c0214888,0x00000000c5580000)
 Metaspace       used 5696K, capacity 6832K, committed 7040K, reserved 1056768K
  class space    used 559K, capacity 616K, committed 640K, reserved 1048576K
}
Event: 2.358 GC heap before
{Heap before GC invocations=2 (full 0):
 PSYoungGen      total 38400K, used 38383K [0x00000000eab00000, 0x00000000ef600000, 0x0000000100000000)
  eden space 33280K, 100% used [0x00000000eab00000,0x00000000ecb80000,0x00000000ecb80000)
  from space 5120K, 99% used [0x00000000ecb80000,0x00000000ed07bd88,0x00000000ed080000)
  to   space 5120K, 0% used [0x00000000ef100000,0x00000000ef100000,0x00000000ef600000)
 ParOldGen       total 87552K, used 2130K [0x00000000c0000000, 0x00000000c5580000, 0x00000000eab00000)
  object space 87552K, 2% used [0x00000000c0000000,0x00000000c0214888,0x00000000c5580000)
 Metaspace       used 5858K, capacity 6960K, committed 7040K, reserved 1056768K
  class space    used 559K, capacity 616K, committed 640K, reserved 1048576K
Event: 2.455 GC heap after
Heap after GC invocations=2 (full 0):
 PSYoungGen      total 71680K, used 5107K [0x00000000eab00000, 0x00000000ef600000, 0x0000000100000000)
  eden space 66560K, 0% used [0x00000000eab00000,0x00000000eab00000,0x00000000eec00000)
  from space 5120K, 99% used [0x00000000ef100000,0x00000000ef5fcc30,0x00000000ef600000)
  to   space 5120K, 0% used [0x00000000eec00000,0x00000000eec00000,0x00000000ef100000)
 ParOldGen       total 87552K, used 8034K [0x00000000c0000000, 0x00000000c5580000, 0x00000000eab00000)
  object space 87552K, 9% used [0x00000000c0000000,0x00000000c07d8aa8,0x00000000c5580000)
 Metaspace       used 5858K, capacity 6960K, committed 7040K, reserved 1056768K
  class space    used 559K, capacity 616K, committed 640K, reserved 1048576K
}

Deoptimization events (10 events):
Event: 1.622 Thread 0x0000000016fc1800 Uncommon trap: reason=unstable_if action=reinterpret pc=0x000000000363be7c method=com.android.dx.ssa.SsaRenamer$BlockRenamer.addMapping(ILcom/android/dx/rop/code/RegisterSpec;)V @ 120
Event: 1.624 Thread 0x0000000016fc1800 Uncommon trap: reason=bimorphic action=maybe_recompile pc=0x0000000003669b80 method=java.util.HashMap.getNode(ILjava/lang/Object;)Ljava/util/HashMap$Node; @ 126
Event: 1.624 Thread 0x0000000016fc1800 Uncommon trap: reason=class_check action=maybe_recompile pc=0x0000000003749710 method=java.util.HashMap.putVal(ILjava/lang/Object;Ljava/lang/Object;ZZ)Ljava/lang/Object; @ 203
Event: 1.624 Thread 0x0000000016fc1800 Uncommon trap: reason=bimorphic action=maybe_recompile pc=0x0000000003669b80 method=java.util.HashMap.getNode(ILjava/lang/Object;)Ljava/util/HashMap$Node; @ 126
Event: 1.624 Thread 0x0000000016fc1800 Uncommon trap: reason=class_check action=maybe_recompile pc=0x0000000003749710 method=java.util.HashMap.putVal(ILjava/lang/Object;Ljava/lang/Object;ZZ)Ljava/lang/Object; @ 203
Event: 1.624 Thread 0x0000000016fc1800 Uncommon trap: reason=bimorphic action=maybe_recompile pc=0x0000000003669b80 method=java.util.HashMap.getNode(ILjava/lang/Object;)Ljava/util/HashMap$Node; @ 126
Event: 1.624 Thread 0x0000000016fc1800 Uncommon trap: reason=class_check action=maybe_recompile pc=0x0000000003749710 method=java.util.HashMap.putVal(ILjava/lang/Object;Ljava/lang/Object;ZZ)Ljava/lang/Object; @ 203
Event: 1.624 Thread 0x0000000016fc1800 Uncommon trap: reason=bimorphic action=maybe_recompile pc=0x0000000003669b80 method=java.util.HashMap.getNode(ILjava/lang/Object;)Ljava/util/HashMap$Node; @ 126
Event: 1.624 Thread 0x0000000016fc1800 Uncommon trap: reason=class_check action=maybe_recompile pc=0x0000000003749710 method=java.util.HashMap.putVal(ILjava/lang/Object;Ljava/lang/Object;ZZ)Ljava/lang/Object; @ 203
Event: 1.624 Thread 0x0000000016fc1800 Uncommon trap: reason=bimorphic action=maybe_recompile pc=0x00000000036b75a0 method=java.util.HashMap.getNode(ILjava/lang/Object;)Ljava/util/HashMap$Node; @ 126

Internal exceptions (2 events):
Event: 0.030 Thread 0x00000000031cd800 Exception <a 'java/lang/NoSuchMethodError': Method sun.misc.Unsafe.defineClass(Ljava/lang/String;[BII)Ljava/lang/Class; name or signature does not match> (0x00000000eab07c78) thrown at [C:\src\android\AOSP-openjdk\external\jetbrains\jdk\hotspot\src\share\vLwÄPŸ?
Event: 0.030 Thread 0x00000000031cd800 Exception <a 'java/lang/NoSuchMethodError': Method sun.misc.Unsafe.prefetchRead(Ljava/lang/Object;J)V name or signature does not match> (0x00000000eab07f60) thrown at [C:\src\android\AOSP-openjdk\external\jetbrains\jdk\hotspot\src\share\vm\prims\jni.cpp, l

Events (10 events):
Event: 2.351 Thread 0x0000000016fd2800 DEOPT PACKING pc=0x0000000003623ccf sp=0x0000000017d5e370
Event: 2.351 Thread 0x0000000016fd2800 DEOPT UNPACKING pc=0x00000000033175bf sp=0x0000000017d5e150 mode 0
Event: 2.357 Thread 0x0000000016fd2800 DEOPT PACKING pc=0x0000000003623ccf sp=0x0000000017d5e370
Event: 2.357 Thread 0x0000000016fd2800 DEOPT UNPACKING pc=0x00000000033175bf sp=0x0000000017d5e150 mode 0
Event: 2.357 Executing VM operation: ParallelGCFailedAllocation
Event: 2.455 Executing VM operation: ParallelGCFailedAllocation done
Event: 2.464 Thread 0x0000000016fc1800 DEOPT PACKING pc=0x000000000370f8f5 sp=0x0000000017c5e960
Event: 2.464 Thread 0x0000000016fc1800 DEOPT UNPACKING pc=0x00000000033175bf sp=0x0000000017c5e640 mode 0
Event: 2.468 Thread 0x0000000016fc1800 DEOPT PACKING pc=0x0000000003623ccf sp=0x0000000017c5e8d0
Event: 2.468 Thread 0x0000000016fc1800 DEOPT UNPACKING pc=0x00000000033175bf sp=0x0000000017c5e6b0 mode 0


Dynamic libraries:
0x00007ff636230000 - 0x00007ff636261000 	D:\Program Files\Android\Android Studio\jre\bin\java.exe
0x00007fffec7f0000 - 0x00007fffec9c1000 	C:\WINDOWS\SYSTEM32\ntdll.dll
0x00007fffeb1d0000 - 0x00007fffeb27c000 	C:\WINDOWS\System32\KERNEL32.DLL
0x00007fffe96e0000 - 0x00007fffe98fd000 	C:\WINDOWS\System32\KERNELBASE.dll
0x00007fffe9e60000 - 0x00007fffe9f02000 	C:\WINDOWS\System32\ADVAPI32.dll
0x00007fffeaaa0000 - 0x00007fffeab3e000 	C:\WINDOWS\System32\msvcrt.dll
0x00007fffec790000 - 0x00007fffec7e9000 	C:\WINDOWS\System32\sechost.dll
0x00007fffea970000 - 0x00007fffeaa91000 	C:\WINDOWS\System32\RPCRT4.dll
0x00007fffeac40000 - 0x00007fffeada5000 	C:\WINDOWS\System32\USER32.dll
0x00007fffe9d10000 - 0x00007fffe9d2e000 	C:\WINDOWS\System32\win32u.dll
0x00007fffea180000 - 0x00007fffea1b4000 	C:\WINDOWS\System32\GDI32.dll
0x00007fffe9b80000 - 0x00007fffe9d02000 	C:\WINDOWS\System32\gdi32full.dll
0x00007fffe41c0000 - 0x00007fffe443a000 	C:\WINDOWS\WinSxS\amd64_microsoft.windows.common-controls_6595b64144ccf1df_6.0.14393.953_none_42151e83c686086b\COMCTL32.dll
0x00007fffea600000 - 0x00007fffea8c8000 	C:\WINDOWS\System32\combase.dll
0x00007fffe8ce0000 - 0x00007fffe8dd5000 	C:\WINDOWS\System32\ucrtbase.dll
0x00007fffe9670000 - 0x00007fffe96da000 	C:\WINDOWS\System32\bcryptPrimitives.dll
0x00007fffe9da0000 - 0x00007fffe9dce000 	C:\WINDOWS\System32\IMM32.DLL
0x0000000063d40000 - 0x0000000063e12000 	D:\Program Files\Android\Android Studio\jre\jre\bin\msvcr100.dll
0x0000000062840000 - 0x000000006307c000 	D:\Program Files\Android\Android Studio\jre\jre\bin\server\jvm.dll
0x00007fffe9e40000 - 0x00007fffe9e48000 	C:\WINDOWS\System32\PSAPI.DLL
0x00007fffdc320000 - 0x00007fffdc329000 	C:\WINDOWS\SYSTEM32\WSOCK32.dll
0x00007fffea110000 - 0x00007fffea17a000 	C:\WINDOWS\System32\WS2_32.dll
0x00007fffe6c20000 - 0x00007fffe6c43000 	C:\WINDOWS\SYSTEM32\WINMM.dll
0x00007fffe4cf0000 - 0x00007fffe4cfa000 	C:\WINDOWS\SYSTEM32\VERSION.dll
0x00007fffe6b00000 - 0x00007fffe6b2b000 	C:\WINDOWS\SYSTEM32\WINMMBASE.dll
0x00007fffe9d30000 - 0x00007fffe9d72000 	C:\WINDOWS\System32\cfgmgr32.dll
0x00007fffe63d0000 - 0x00007fffe63df000 	D:\Program Files\Android\Android Studio\jre\jre\bin\verify.dll
0x00007fffdde50000 - 0x00007fffdde79000 	D:\Program Files\Android\Android Studio\jre\jre\bin\java.dll
0x00007fffe3930000 - 0x00007fffe3946000 	D:\Program Files\Android\Android Studio\jre\jre\bin\zip.dll
0x00007fffeb280000 - 0x00007fffec788000 	C:\WINDOWS\System32\SHELL32.dll
0x00007fffe8e80000 - 0x00007fffe955a000 	C:\WINDOWS\System32\windows.storage.dll
0x00007fffe8c50000 - 0x00007fffe8c9c000 	C:\WINDOWS\System32\powrprof.dll
0x00007fffea050000 - 0x00007fffea0a2000 	C:\WINDOWS\System32\shlwapi.dll
0x00007fffe8cd0000 - 0x00007fffe8cdf000 	C:\WINDOWS\System32\kernel.appcore.dll
0x00007fffe9560000 - 0x00007fffe9609000 	C:\WINDOWS\System32\shcore.dll
0x00007fffe8ca0000 - 0x00007fffe8cb4000 	C:\WINDOWS\System32\profapi.dll

VM Arguments:
jvm_args: -Djava.awt.headless=true -Xmx1024M -Dfile.encoding=GBK -Duser.country=CN -Duser.language=zh -Duser.variant 
java_command: com.android.dx.command.Main --dex --force-jumbo --num-threads=4 --multi-dex --output D:\musicbean\app\build\intermediates\transforms\dex\baidu\debug\folders\1000\5\slice_2 D:\musicbean\app\build\intermediates\transforms\instantRunSlicer\baidu\debug\folders\1\5\slice_2
java_class_path (initial): D:\SDK\build-tools\25.0.0\lib\dx.jar
Launcher Type: SUN_STANDARD

Environment Variables:
JAVA_HOME=C:\Program Files\Java\jdk1.8.0_101
CLASSPATH=.;C:\Program Files\Java\jdk1.8.0_101\lib;
PATH=C:\ProgramData\Oracle\Java\javapath;C:\WINDOWS\system32;C:\WINDOWS;C:\WINDOWS\System32\Wbem;C:\WINDOWS\System32\WindowsPowerShell\v1.0\;C:\Program Files\Java\jdk1.8.0_101\bin;C:\Program Files\Java\jdk1.8.0_101\jre\bin;D:\Git\cmd;C:\Users\Administrator\AppData\Local\Microsoft\WindowsApps;
USERNAME=Administrator
OS=Windows_NT
PROCESSOR_IDENTIFIER=Intel64 Family 6 Model 94 Stepping 3, GenuineIntel



---------------  S Y S T E M  ---------------

OS: Windows 10.0 , 64 bit Build 14393 (10.0.14393.1198)

CPU:total 4 (4 cores per cpu, 1 threads per core) family 6 model 94 stepping 3, cmov, cx8, fxsr, mmx, sse, sse2, sse3, ssse3, sse4.1, sse4.2, popcnt, avx, avx2, aes, clmul, erms, rtm, 3dnowpref, lzcnt, tsc, tscinvbit, bmi1, bmi2, adx

Memory: 4k page, physical 8299524k(2377580k free), swap 14749720k(3580k free)

vm_info: OpenJDK 64-Bit Server VM (25.112-b06) for windows-amd64 JRE (1.8.0_112-release-b06), built on Dec  8 2016 00:54:26 by "builder" with MS VC++ 10.0 (VS2010)

time: Fri May 19 09:49:53 2017
elapsed time: 2 seconds (0d 0h 0m 2s)

