#
# There is insufficient memory for the Java Runtime Environment to continue.
# Native memory allocation (malloc) failed to allocate 277776 bytes for Chunk::new
# Possible reasons:
#   The system is out of physical RAM or swap space
#   In 32 bit mode, the process size limit was hit
# Possible solutions:
#   Reduce memory load on the system
#   Increase physical memory or swap space
#   Check if swap backing store is full
#   Use 64 bit Java on a 64 bit OS
#   Decrease Java heap size (-Xmx/-Xms)
#   Decrease number of Java threads
#   Decrease Java thread stack sizes (-Xss)
#   Set larger code cache with -XX:ReservedCodeCacheSize=
# This output file may be truncated or incomplete.
#
#  Out of Memory Error (allocation.cpp:390), pid=40636, tid=0x0000000000009810
#
# JRE version: OpenJDK Runtime Environment (8.0_112-b06) (build 1.8.0_112-release-b06)
# Java VM: OpenJDK 64-Bit Server VM (25.112-b06 mixed mode windows-amd64 compressed oops)
# Failed to write core dump. Minidumps are not enabled by default on client versions of Windows
#

---------------  T H R E A D  ---------------

Current thread (0x0000000014ed8800):  JavaThread "C2 CompilerThread1" daemon [_thread_in_native, id=38928, stack(0x00000000168e0000,0x00000000169e0000)]

Stack: [0x00000000168e0000,0x00000000169e0000]
[error occurred during error reporting (printing stack bounds), id 0xc0000005]

Native frames: (J=compiled Java code, j=interpreted, Vv=VM code, C=native code)


Current CompileTask:
C2:   1300 1401       4       com.android.dx.ssa.SCCP::simulateStmt (481 bytes)


---------------  P R O C E S S  ---------------

Java Threads: ( => current thread )
  0x00000000164ab800 JavaThread "pool-2-thread-4" [_thread_in_Java, id=36468, stack(0x00000000170e0000,0x00000000171e0000)]
  0x0000000016462000 JavaThread "pool-2-thread-3" [_thread_blocked, id=39568, stack(0x0000000016fe0000,0x00000000170e0000)]
  0x0000000016461800 JavaThread "pool-2-thread-2" [_thread_in_vm, id=40948, stack(0x0000000016ee0000,0x0000000016fe0000)]
  0x000000001645b000 JavaThread "pool-3-thread-1" [_thread_blocked, id=40552, stack(0x0000000016de0000,0x0000000016ee0000)]
  0x000000001648e000 JavaThread "pool-2-thread-1" [_thread_in_Java, id=39344, stack(0x0000000016ce0000,0x0000000016de0000)]
  0x000000001623f800 JavaThread "Service Thread" daemon [_thread_blocked, id=39580, stack(0x0000000016ae0000,0x0000000016be0000)]
  0x0000000016233800 JavaThread "C1 CompilerThread2" daemon [_thread_blocked, id=35532, stack(0x00000000169e0000,0x0000000016ae0000)]
=>0x0000000014ed8800 JavaThread "C2 CompilerThread1" daemon [_thread_in_native, id=38928, stack(0x00000000168e0000,0x00000000169e0000)]
  0x0000000014e90000 JavaThread "C2 CompilerThread0" daemon [_thread_in_native, id=39516, stack(0x00000000167e0000,0x00000000168e0000)]
  0x0000000014ed7800 JavaThread "Attach Listener" daemon [_thread_blocked, id=36428, stack(0x00000000166e0000,0x00000000167e0000)]
  0x00000000161e8800 JavaThread "Signal Dispatcher" daemon [_thread_blocked, id=39864, stack(0x00000000165e0000,0x00000000166e0000)]
  0x00000000027ac000 JavaThread "Finalizer" daemon [_thread_blocked, id=37164, stack(0x00000000160e0000,0x00000000161e0000)]
  0x00000000027a1000 JavaThread "Reference Handler" daemon [_thread_blocked, id=40548, stack(0x0000000015fe0000,0x00000000160e0000)]
  0x000000000216d800 JavaThread "main" [_thread_in_Java, id=33708, stack(0x00000000025b0000,0x00000000026b0000)]

Other Threads:
  0x0000000014e44800 VMThread [stack: 0x0000000015ee0000,0x0000000015fe0000] [id=38700]
  0x0000000016241000 WatcherThread [stack: 0x0000000016be0000,0x0000000016ce0000] [id=37772]

VM state:not at safepoint (normal execution)

VM Mutex/Monitor currently owned by a thread: None

Heap:
 PSYoungGen      total 38400K, used 7551K [0x00000000eab00000, 0x00000000ed580000, 0x0000000100000000)
  eden space 33280K, 7% used [0x00000000eab00000,0x00000000ead63210,0x00000000ecb80000)
  from space 5120K, 99% used [0x00000000ed080000,0x00000000ed57ca20,0x00000000ed580000)
  to   space 5120K, 0% used [0x00000000ecb80000,0x00000000ecb80000,0x00000000ed080000)
 ParOldGen       total 87552K, used 6209K [0x00000000c0000000, 0x00000000c5580000, 0x00000000eab00000)
  object space 87552K, 7% used [0x00000000c0000000,0x00000000c0610508,0x00000000c5580000)
 Metaspace       used 6103K, capacity 7024K, committed 7296K, reserved 1056768K
  class space    used 578K, capacity 616K, committed 640K, reserved 1048576K

Card table byte_map: [0x0000000011b70000,0x0000000011d80000] byte_map_base: 0x0000000011570000

Marking Bits: (ParMarkBitMap*) 0x00000000630018f0
 Begin Bits: [0x00000000122e0000, 0x00000000132e0000)
 End Bits:   [0x00000000132e0000, 0x00000000142e0000)

Polling page: 0x00000000007c0000

CodeCache: size=245760Kb used=5741Kb max_used=5741Kb free=240018Kb
 bounds [0x00000000027b0000, 0x0000000002d50000, 0x00000000117b0000]
 total_blobs=1697 nmethods=1426 adapters=184
 compilation: disabled (not enough contiguous free space left)

Compilation events (10 events):
Event: 1.210 Thread 0x0000000016233800 1426       3       com.android.dx.ssa.Dominators::<init> (55 bytes)
Event: 1.210 Thread 0x0000000016233800 nmethod 1426 0x0000000002d25310 code [0x0000000002d254a0, 0x0000000002d259f0]
Event: 1.210 Thread 0x0000000016233800 1424       3       com.android.dx.cf.code.Ropper::addReturnBlock (228 bytes)
Event: 1.212 Thread 0x0000000016233800 nmethod 1424 0x0000000002d37710 code [0x0000000002d37c40, 0x0000000002d3b488]
Event: 1.212 Thread 0x0000000016233800 1425       3       com.android.dx.cf.code.Ropper::addSynchExceptionHandlerBlock (206 bytes)
Event: 1.214 Thread 0x0000000016233800 nmethod 1425 0x0000000002d3e210 code [0x0000000002d3e7a0, 0x0000000002d424d8]
Event: 1.215 Thread 0x0000000016233800 1431       3       java.util.ArrayList::set (20 bytes)
Event: 1.215 Thread 0x0000000016233800 nmethod 1431 0x0000000002d249d0 code [0x0000000002d24b80, 0x0000000002d25038]
Event: 1.215 Thread 0x0000000016233800 1428       3       java.lang.String::<init> (15 bytes)
Event: 1.215 Thread 0x0000000016233800 nmethod 1428 0x0000000002d24290 code [0x0000000002d24420, 0x0000000002d24808]

GC Heap History (2 events):
Event: 0.956 GC heap before
{Heap before GC invocations=1 (full 0):
 PSYoungGen      total 38400K, used 33280K [0x00000000eab00000, 0x00000000ed580000, 0x0000000100000000)
  eden space 33280K, 100% used [0x00000000eab00000,0x00000000ecb80000,0x00000000ecb80000)
  from space 5120K, 0% used [0x00000000ed080000,0x00000000ed080000,0x00000000ed580000)
  to   space 5120K, 0% used [0x00000000ecb80000,0x00000000ecb80000,0x00000000ed080000)
 ParOldGen       total 87552K, used 0K [0x00000000c0000000, 0x00000000c5580000, 0x00000000eab00000)
  object space 87552K, 0% used [0x00000000c0000000,0x00000000c0000000,0x00000000c5580000)
 Metaspace       used 5944K, capacity 6896K, committed 7040K, reserved 1056768K
  class space    used 576K, capacity 616K, committed 640K, reserved 1048576K
Event: 1.051 GC heap after
Heap after GC invocations=1 (full 0):
 PSYoungGen      total 38400K, used 5090K [0x00000000eab00000, 0x00000000ed580000, 0x0000000100000000)
  eden space 33280K, 0% used [0x00000000eab00000,0x00000000eab00000,0x00000000ecb80000)
  from space 5120K, 99% used [0x00000000ecb80000,0x00000000ed078ae8,0x00000000ed080000)
  to   space 5120K, 0% used [0x00000000ed080000,0x00000000ed080000,0x00000000ed580000)
 ParOldGen       total 87552K, used 1670K [0x00000000c0000000, 0x00000000c5580000, 0x00000000eab00000)
  object space 87552K, 1% used [0x00000000c0000000,0x00000000c01a1bb0,0x00000000c5580000)
 Metaspace       used 5944K, capacity 6896K, committed 7040K, reserved 1056768K
  class space    used 576K, capacity 616K, committed 640K, reserved 1048576K
}

Deoptimization events (8 events):
Event: 0.278 Thread 0x000000000216d800 Uncommon trap: reason=unstable_if action=reinterpret pc=0x00000000028fb41c method=java.lang.String.indexOf(II)I @ 49
Event: 0.488 Thread 0x000000001648e000 Uncommon trap: reason=unstable_if action=reinterpret pc=0x00000000029e3730 method=java.util.BitSet.nextSetBit(I)I @ 87
Event: 1.116 Thread 0x0000000016462000 Uncommon trap: reason=bimorphic action=maybe_recompile pc=0x0000000002c6e27c method=com.android.dx.ssa.SCCP.setLatticeValueTo(IILcom/android/dx/rop/cst/Constant;)Z @ 43
Event: 1.127 Thread 0x0000000016462000 Uncommon trap: reason=unstable_if action=reinterpret pc=0x0000000002ba9b2c method=com.android.dx.rop.code.RegisterSpecSet.put(Lcom/android/dx/rop/code/RegisterSpec;)V @ 77
Event: 1.127 Thread 0x0000000016462000 Uncommon trap: reason=unstable_if action=reinterpret pc=0x0000000002b65fd8 method=com.android.dx.rop.code.RegisterSpecSet.put(Lcom/android/dx/rop/code/RegisterSpec;)V @ 77
Event: 1.127 Thread 0x0000000016462000 Uncommon trap: reason=bimorphic action=maybe_recompile pc=0x0000000002c6e27c method=com.android.dx.ssa.SCCP.setLatticeValueTo(IILcom/android/dx/rop/cst/Constant;)Z @ 43
Event: 1.127 Thread 0x0000000016462000 Uncommon trap: reason=bimorphic action=maybe_recompile pc=0x0000000002c6e27c method=com.android.dx.ssa.SCCP.setLatticeValueTo(IILcom/android/dx/rop/cst/Constant;)Z @ 43
Event: 1.186 Thread 0x000000001648e000 Uncommon trap: reason=unstable_if action=reinterpret pc=0x0000000002ba6628 method=com.android.dx.util.IntList.binarysearch(I)I @ 105

Internal exceptions (2 events):
Event: 0.055 Thread 0x000000000216d800 Exception <a 'java/lang/NoSuchMethodError': Method sun.misc.Unsafe.defineClass(Ljava/lang/String;[BII)Ljava/lang/Class; name or signature does not match> (0x00000000eab07c78) thrown at [C:\src\android\AOSP-openjdk\external\jetbrains\jdk\hotspot\src\share\v”7‰·¬?
Event: 0.055 Thread 0x000000000216d800 Exception <a 'java/lang/NoSuchMethodError': Method sun.misc.Unsafe.prefetchRead(Ljava/lang/Object;J)V name or signature does not match> (0x00000000eab07f60) thrown at [C:\src\android\AOSP-openjdk\external\jetbrains\jdk\hotspot\src\share\vm\prims\jni.cpp, l

Events (10 events):
Event: 1.127 Thread 0x0000000016462000 Uncommon trap: trap_request=0xffffffc6 fr.pc=0x0000000002c6e27c
Event: 1.127 Thread 0x0000000016462000 DEOPT PACKING pc=0x0000000002c6e27c sp=0x00000000170deca0
Event: 1.127 Thread 0x0000000016462000 DEOPT UNPACKING pc=0x00000000027f556a sp=0x00000000170debe8 mode 2
Event: 1.186 Thread 0x000000001648e000 Uncommon trap: trap_request=0xffffff65 fr.pc=0x0000000002ba6628
Event: 1.186 Thread 0x000000001648e000 DEOPT PACKING pc=0x0000000002ba6628 sp=0x0000000016dde770
Event: 1.186 Thread 0x000000001648e000 DEOPT UNPACKING pc=0x00000000027f556a sp=0x0000000016dde6e8 mode 2
Event: 1.189 Thread 0x000000001648e000 DEOPT PACKING pc=0x0000000002c9a3ab sp=0x0000000016dde8b0
Event: 1.189 Thread 0x000000001648e000 DEOPT UNPACKING pc=0x00000000027f75bf sp=0x0000000016dde608 mode 0
Event: 1.193 loading class com/android/dx/cf/attrib/AttRuntimeInvisibleAnnotations
Event: 1.193 loading class com/android/dx/cf/attrib/AttRuntimeInvisibleAnnotations done


Dynamic libraries:
0x00007ff6a7a20000 - 0x00007ff6a7a51000 	D:\Program Files\Android\Android Studio\jre\bin\java.exe
0x00007fffec7f0000 - 0x00007fffec9c1000 	C:\WINDOWS\SYSTEM32\ntdll.dll
0x00007fffeb1d0000 - 0x00007fffeb27c000 	C:\WINDOWS\System32\KERNEL32.DLL
0x00007fffe96e0000 - 0x00007fffe98fd000 	C:\WINDOWS\System32\KERNELBASE.dll
0x00007fffe9e60000 - 0x00007fffe9f02000 	C:\WINDOWS\System32\ADVAPI32.dll
0x00007fffeaaa0000 - 0x00007fffeab3e000 	C:\WINDOWS\System32\msvcrt.dll
0x00007fffec790000 - 0x00007fffec7e9000 	C:\WINDOWS\System32\sechost.dll
0x00007fffea970000 - 0x00007fffeaa91000 	C:\WINDOWS\System32\RPCRT4.dll
0x00007fffeac40000 - 0x00007fffeada5000 	C:\WINDOWS\System32\USER32.dll
0x00007fffe9d10000 - 0x00007fffe9d2e000 	C:\WINDOWS\System32\win32u.dll
0x00007fffea180000 - 0x00007fffea1b4000 	C:\WINDOWS\System32\GDI32.dll
0x00007fffe9b80000 - 0x00007fffe9d02000 	C:\WINDOWS\System32\gdi32full.dll
0x00007fffe41c0000 - 0x00007fffe443a000 	C:\WINDOWS\WinSxS\amd64_microsoft.windows.common-controls_6595b64144ccf1df_6.0.14393.953_none_42151e83c686086b\COMCTL32.dll
0x00007fffea600000 - 0x00007fffea8c8000 	C:\WINDOWS\System32\combase.dll
0x00007fffe8ce0000 - 0x00007fffe8dd5000 	C:\WINDOWS\System32\ucrtbase.dll
0x00007fffe9670000 - 0x00007fffe96da000 	C:\WINDOWS\System32\bcryptPrimitives.dll
0x00007fffe9da0000 - 0x00007fffe9dce000 	C:\WINDOWS\System32\IMM32.DLL
0x0000000063d40000 - 0x0000000063e12000 	D:\Program Files\Android\Android Studio\jre\jre\bin\msvcr100.dll
0x0000000062840000 - 0x000000006307c000 	D:\Program Files\Android\Android Studio\jre\jre\bin\server\jvm.dll
0x00007fffe9e40000 - 0x00007fffe9e48000 	C:\WINDOWS\System32\PSAPI.DLL
0x00007fffdc320000 - 0x00007fffdc329000 	C:\WINDOWS\SYSTEM32\WSOCK32.dll
0x00007fffea110000 - 0x00007fffea17a000 	C:\WINDOWS\System32\WS2_32.dll
0x00007fffe6c20000 - 0x00007fffe6c43000 	C:\WINDOWS\SYSTEM32\WINMM.dll
0x00007fffe4cf0000 - 0x00007fffe4cfa000 	C:\WINDOWS\SYSTEM32\VERSION.dll
0x00007fffe6b00000 - 0x00007fffe6b2b000 	C:\WINDOWS\SYSTEM32\WINMMBASE.dll
0x00007fffe9d30000 - 0x00007fffe9d72000 	C:\WINDOWS\System32\cfgmgr32.dll
0x00007fffe63f0000 - 0x00007fffe63ff000 	D:\Program Files\Android\Android Studio\jre\jre\bin\verify.dll
0x00007fffe4bc0000 - 0x00007fffe4be9000 	D:\Program Files\Android\Android Studio\jre\jre\bin\java.dll
0x00007fffe63d0000 - 0x00007fffe63e6000 	D:\Program Files\Android\Android Studio\jre\jre\bin\zip.dll
0x00007fffeb280000 - 0x00007fffec788000 	C:\WINDOWS\System32\SHELL32.dll
0x00007fffe8e80000 - 0x00007fffe955a000 	C:\WINDOWS\System32\windows.storage.dll
0x00007fffe8c50000 - 0x00007fffe8c9c000 	C:\WINDOWS\System32\powrprof.dll
0x00007fffea050000 - 0x00007fffea0a2000 	C:\WINDOWS\System32\shlwapi.dll
0x00007fffe8cd0000 - 0x00007fffe8cdf000 	C:\WINDOWS\System32\kernel.appcore.dll
0x00007fffe9560000 - 0x00007fffe9609000 	C:\WINDOWS\System32\shcore.dll
0x00007fffe8ca0000 - 0x00007fffe8cb4000 	C:\WINDOWS\System32\profapi.dll

VM Arguments:
jvm_args: -Djava.awt.headless=true -Xmx1024M -Dfile.encoding=GBK -Duser.country=CN -Duser.language=zh -Duser.variant 
java_command: com.android.dx.command.Main --dex --force-jumbo --num-threads=4 --multi-dex --output D:\musicbean\app\build\intermediates\transforms\dex\baidu\debug\folders\1000\2\libweibo_aa0c95dff4bccba37bd6e0afb7f6ac566f8bcaa7 D:\musicbean\app\libs\libweibo.jar
java_class_path (initial): D:\SDK\build-tools\25.0.0\lib\dx.jar
Launcher Type: SUN_STANDARD

Environment Variables:
JAVA_HOME=C:\Program Files\Java\jdk1.8.0_101
CLASSPATH=.;C:\Program Files\Java\jdk1.8.0_101\lib;
PATH=C:\ProgramData\Oracle\Java\javapath;C:\WINDOWS\system32;C:\WINDOWS;C:\WINDOWS\System32\Wbem;C:\WINDOWS\System32\WindowsPowerShell\v1.0\;C:\Program Files\Java\jdk1.8.0_101\bin;C:\Program Files\Java\jdk1.8.0_101\jre\bin;D:\Git\cmd;C:\Users\Administrator\AppData\Local\Microsoft\WindowsApps;
USERNAME=Administrator
OS=Windows_NT
PROCESSOR_IDENTIFIER=Intel64 Family 6 Model 94 Stepping 3, GenuineIntel



---------------  S Y S T E M  ---------------

OS: Windows 10.0 , 64 bit Build 14393 (10.0.14393.1198)

CPU:total 4 (4 cores per cpu, 1 threads per core) family 6 model 94 stepping 3, cmov, cx8, fxsr, mmx, sse, sse2, sse3, ssse3, sse4.1, sse4.2, popcnt, avx, avx2, aes, clmul, erms, rtm, 3dnowpref, lzcnt, tsc, tscinvbit, bmi1, bmi2, adx

Memory: 4k page, physical 8299524k(2174500k free), swap 14749720k(3576k free)

vm_info: OpenJDK 64-Bit Server VM (25.112-b06) for windows-amd64 JRE (1.8.0_112-release-b06), built on Dec  8 2016 00:54:26 by "builder" with MS VC++ 10.0 (VS2010)

time: Tue May 23 11:30:00 2017
elapsed time: 1 seconds (0d 0h 0m 1s)

