#
# There is insufficient memory for the Java Runtime Environment to continue.
# Native memory allocation (malloc) failed to allocate 294416 bytes for Chunk::new
# Possible reasons:
#   The system is out of physical RAM or swap space
#   In 32 bit mode, the process size limit was hit
# Possible solutions:
#   Reduce memory load on the system
#   Increase physical memory or swap space
#   Check if swap backing store is full
#   Use 64 bit Java on a 64 bit OS
#   Decrease Java heap size (-Xmx/-Xms)
#   Decrease number of Java threads
#   Decrease Java thread stack sizes (-Xss)
#   Set larger code cache with -XX:ReservedCodeCacheSize=
# This output file may be truncated or incomplete.
#
#  Out of Memory Error (allocation.cpp:390), pid=14736, tid=0x000000000000399c
#
# JRE version: OpenJDK Runtime Environment (8.0_112-b06) (build 1.8.0_112-release-b06)
# Java VM: OpenJDK 64-Bit Server VM (25.112-b06 mixed mode windows-amd64 compressed oops)
# Failed to write core dump. Minidumps are not enabled by default on client versions of Windows
#

---------------  T H R E A D  ---------------

Current thread (0x00000000158f0000):  JavaThread "C2 CompilerThread0" daemon [_thread_in_native, id=14748, stack(0x00000000172b0000,0x00000000173b0000)]

Stack: [0x00000000172b0000,0x00000000173b0000]
[error occurred during error reporting (printing stack bounds), id 0xc0000005]

Native frames: (J=compiled Java code, j=interpreted, Vv=VM code, C=native code)


Current CompileTask:
C2:   3853 1472 %     4       com.android.dx.ssa.SsaConverter::placePhiFunctions @ 206 (394 bytes)


---------------  P R O C E S S  ---------------

Java Threads: ( => current thread )
  0x0000000016f4d000 JavaThread "pool-2-thread-4" [_thread_in_Java, id=15172, stack(0x0000000017bb0000,0x0000000017cb0000)]
  0x0000000016f4a800 JavaThread "pool-2-thread-3" [_thread_blocked, id=9404, stack(0x0000000017ab0000,0x0000000017bb0000)]
  0x0000000016e28800 JavaThread "pool-2-thread-2" [_thread_in_Java, id=15336, stack(0x00000000179b0000,0x0000000017ab0000)]
  0x0000000016e19000 JavaThread "pool-3-thread-1" [_thread_blocked, id=15312, stack(0x00000000178b0000,0x00000000179b0000)]
  0x0000000016e0b000 JavaThread "pool-2-thread-1" [_thread_in_vm, id=15352, stack(0x00000000177b0000,0x00000000178b0000)]
  0x0000000016d15800 JavaThread "Service Thread" daemon [_thread_blocked, id=14552, stack(0x00000000175b0000,0x00000000176b0000)]
  0x0000000016d06800 JavaThread "C1 CompilerThread2" daemon [_thread_blocked, id=14820, stack(0x00000000174b0000,0x00000000175b0000)]
  0x000000001593e000 JavaThread "C2 CompilerThread1" daemon [_thread_in_native, id=15096, stack(0x00000000173b0000,0x00000000174b0000)]
=>0x00000000158f0000 JavaThread "C2 CompilerThread0" daemon [_thread_in_native, id=14748, stack(0x00000000172b0000,0x00000000173b0000)]
  0x0000000015937800 JavaThread "Attach Listener" daemon [_thread_blocked, id=15236, stack(0x00000000171b0000,0x00000000172b0000)]
  0x0000000016cb8800 JavaThread "Signal Dispatcher" daemon [_thread_blocked, id=9972, stack(0x00000000170b0000,0x00000000171b0000)]
  0x0000000003205800 JavaThread "Finalizer" daemon [_thread_blocked, id=14864, stack(0x0000000016b50000,0x0000000016c50000)]
  0x0000000003200000 JavaThread "Reference Handler" daemon [_thread_blocked, id=9316, stack(0x0000000016a50000,0x0000000016b50000)]
  0x000000000142d800 JavaThread "main" [_thread_in_native, id=14880, stack(0x0000000003010000,0x0000000003110000)]

Other Threads:
  0x00000000158a4800 VMThread [stack: 0x0000000016950000,0x0000000016a50000] [id=14972]
  0x0000000016d0b800 WatcherThread [stack: 0x00000000176b0000,0x00000000177b0000] [id=1792]

VM state:not at safepoint (normal execution)

VM Mutex/Monitor currently owned by a thread: None

Heap:
 PSYoungGen      total 38400K, used 26394K [0x00000000eab00000, 0x00000000ed580000, 0x0000000100000000)
  eden space 33280K, 63% used [0x00000000eab00000,0x00000000ebfca410,0x00000000ecb80000)
  from space 5120K, 99% used [0x00000000ed080000,0x00000000ed57c530,0x00000000ed580000)
  to   space 5120K, 0% used [0x00000000ecb80000,0x00000000ecb80000,0x00000000ed080000)
 ParOldGen       total 87552K, used 6408K [0x00000000c0000000, 0x00000000c5580000, 0x00000000eab00000)
  object space 87552K, 7% used [0x00000000c0000000,0x00000000c0642378,0x00000000c5580000)
 Metaspace       used 5859K, capacity 6960K, committed 7040K, reserved 1056768K
  class space    used 564K, capacity 616K, committed 640K, reserved 1048576K

Card table byte_map: [0x00000000125d0000,0x00000000127e0000] byte_map_base: 0x0000000011fd0000

Marking Bits: (ParMarkBitMap*) 0x00000000630018f0
 Begin Bits: [0x0000000012d40000, 0x0000000013d40000)
 End Bits:   [0x0000000013d40000, 0x0000000014d40000)

Polling page: 0x00000000013e0000

CodeCache: size=245760Kb used=6405Kb max_used=6405Kb free=239354Kb
 bounds [0x0000000003210000, 0x0000000003860000, 0x0000000012210000]
 total_blobs=1725 nmethods=1460 adapters=177
 compilation: enabled

Compilation events (10 events):
Event: 3.825 Thread 0x0000000016d06800 nmethod 1470 0x0000000003843590 code [0x0000000003843700, 0x00000000038439f0]
Event: 3.825 Thread 0x0000000016d06800 1471       3       com.android.dx.rop.code.LocalItem::<init> (15 bytes)
Event: 3.825 Thread 0x0000000016d06800 nmethod 1471 0x000000000383eed0 code [0x000000000383f020, 0x000000000383f1f0]
Event: 3.826 Thread 0x00000000158f0000 1472 %     4       com.android.dx.ssa.SsaConverter::placePhiFunctions @ 206 (394 bytes)
Event: 3.835 Thread 0x000000001593e000 nmethod 1456 0x0000000003849b90 code [0x0000000003849de0, 0x000000000384b758]
Event: 3.837 Thread 0x000000001593e000 1473       4       com.android.dx.util.Bits::or (24 bytes)
Event: 3.839 Thread 0x000000001593e000 nmethod 1473 0x0000000003843290 code [0x00000000038433c0, 0x00000000038434d8]
Event: 3.839 Thread 0x0000000016d06800 1474       3       com.android.dx.rop.code.LocalVariableExtractor::processBlock (327 bytes)
Event: 3.841 Thread 0x0000000016d06800 nmethod 1474 0x000000000384d9d0 code [0x000000000384de40, 0x00000000038518d8]
Event: 3.842 Thread 0x000000001593e000 1475       4       com.android.dx.rop.code.LocalVariableInfo::mutableCopyOfStarts (29 bytes)

GC Heap History (4 events):
Event: 1.630 GC heap before
{Heap before GC invocations=1 (full 0):
 PSYoungGen      total 38400K, used 33280K [0x00000000eab00000, 0x00000000ed580000, 0x0000000100000000)
  eden space 33280K, 100% used [0x00000000eab00000,0x00000000ecb80000,0x00000000ecb80000)
  from space 5120K, 0% used [0x00000000ed080000,0x00000000ed080000,0x00000000ed580000)
  to   space 5120K, 0% used [0x00000000ecb80000,0x00000000ecb80000,0x00000000ed080000)
 ParOldGen       total 87552K, used 0K [0x00000000c0000000, 0x00000000c5580000, 0x00000000eab00000)
  object space 87552K, 0% used [0x00000000c0000000,0x00000000c0000000,0x00000000c5580000)
 Metaspace       used 5705K, capacity 6832K, committed 7040K, reserved 1056768K
  class space    used 560K, capacity 616K, committed 640K, reserved 1048576K
Event: 1.639 GC heap after
Heap after GC invocations=1 (full 0):
 PSYoungGen      total 38400K, used 5109K [0x00000000eab00000, 0x00000000ed580000, 0x0000000100000000)
  eden space 33280K, 0% used [0x00000000eab00000,0x00000000eab00000,0x00000000ecb80000)
  from space 5120K, 99% used [0x00000000ecb80000,0x00000000ed07d4d8,0x00000000ed080000)
  to   space 5120K, 0% used [0x00000000ed080000,0x00000000ed080000,0x00000000ed580000)
 ParOldGen       total 87552K, used 2467K [0x00000000c0000000, 0x00000000c5580000, 0x00000000eab00000)
  object space 87552K, 2% used [0x00000000c0000000,0x00000000c0268dc8,0x00000000c5580000)
 Metaspace       used 5705K, capacity 6832K, committed 7040K, reserved 1056768K
  class space    used 560K, capacity 616K, committed 640K, reserved 1048576K
}
Event: 3.391 GC heap before
{Heap before GC invocations=2 (full 0):
 PSYoungGen      total 38400K, used 38389K [0x00000000eab00000, 0x00000000ed580000, 0x0000000100000000)
  eden space 33280K, 100% used [0x00000000eab00000,0x00000000ecb80000,0x00000000ecb80000)
  from space 5120K, 99% used [0x00000000ecb80000,0x00000000ed07d4d8,0x00000000ed080000)
  to   space 5120K, 0% used [0x00000000ed080000,0x00000000ed080000,0x00000000ed580000)
 ParOldGen       total 87552K, used 2467K [0x00000000c0000000, 0x00000000c5580000, 0x00000000eab00000)
  object space 87552K, 2% used [0x00000000c0000000,0x00000000c0268dc8,0x00000000c5580000)
 Metaspace       used 5788K, capacity 6896K, committed 7040K, reserved 1056768K
  class space    used 562K, capacity 616K, committed 640K, reserved 1048576K
Event: 3.400 GC heap after
Heap after GC invocations=2 (full 0):
 PSYoungGen      total 38400K, used 5105K [0x00000000eab00000, 0x00000000ed580000, 0x0000000100000000)
  eden space 33280K, 0% used [0x00000000eab00000,0x00000000eab00000,0x00000000ecb80000)
  from space 5120K, 99% used [0x00000000ed080000,0x00000000ed57c530,0x00000000ed580000)
  to   space 5120K, 0% used [0x00000000ecb80000,0x00000000ecb80000,0x00000000ed080000)
 ParOldGen       total 87552K, used 6408K [0x00000000c0000000, 0x00000000c5580000, 0x00000000eab00000)
  object space 87552K, 7% used [0x00000000c0000000,0x00000000c0642378,0x00000000c5580000)
 Metaspace       used 5788K, capacity 6896K, committed 7040K, reserved 1056768K
  class space    used 562K, capacity 616K, committed 640K, reserved 1048576K
}

Deoptimization events (10 events):
Event: 0.968 Thread 0x0000000016e0b000 Uncommon trap: reason=class_check action=maybe_recompile pc=0x00000000034a3530 method=com.android.dx.ssa.NormalSsaInsn.accept(Lcom/android/dx/ssa/SsaInsn$Visitor;)V @ 9
Event: 0.968 Thread 0x0000000016e0b000 Uncommon trap: reason=class_check action=maybe_recompile pc=0x00000000034a3530 method=com.android.dx.ssa.NormalSsaInsn.accept(Lcom/android/dx/ssa/SsaInsn$Visitor;)V @ 9
Event: 0.976 Thread 0x0000000016e0b000 Uncommon trap: reason=unstable_if action=reinterpret pc=0x00000000034f90f0 method=com.android.dx.rop.code.RegisterSpecSet.put(Lcom/android/dx/rop/code/RegisterSpec;)V @ 77
Event: 0.977 Thread 0x0000000016e0b000 Uncommon trap: reason=class_check action=maybe_recompile pc=0x00000000034a3530 method=com.android.dx.ssa.NormalSsaInsn.accept(Lcom/android/dx/ssa/SsaInsn$Visitor;)V @ 9
Event: 1.004 Thread 0x0000000016e0b000 Uncommon trap: reason=null_check action=make_not_entrant pc=0x00000000035030e8 method=com.android.dx.rop.type.Type.equals(Ljava/lang/Object;)Z @ 8
Event: 1.645 Thread 0x0000000016e0b000 Uncommon trap: reason=null_check action=make_not_entrant pc=0x00000000035d2f00 method=com.android.dx.ssa.SsaRenamer.getLocalForNewReg(I)Lcom/android/dx/rop/code/LocalItem; @ 19
Event: 3.437 Thread 0x0000000016e0b000 Uncommon trap: reason=class_check action=maybe_recompile pc=0x00000000035e96cc method=com.android.dx.cf.code.BytecodeArray.parseInstruction(ILcom/android/dx/cf/code/BytecodeArray$Visitor;)I @ 2225
Event: 3.825 Thread 0x0000000016f4d000 Uncommon trap: reason=class_check action=maybe_recompile pc=0x00000000035e96cc method=com.android.dx.cf.code.BytecodeArray.parseInstruction(ILcom/android/dx/cf/code/BytecodeArray$Visitor;)I @ 2225
Event: 3.836 Thread 0x0000000016f4d000 Uncommon trap: reason=unstable_if action=reinterpret pc=0x000000000381cbb8 method=com.android.dx.rop.code.LocalVariableExtractor.processBlock(I)V @ 179
Event: 3.836 Thread 0x0000000016f4d000 Uncommon trap: reason=class_check action=maybe_recompile pc=0x00000000035e96cc method=com.android.dx.cf.code.BytecodeArray.parseInstruction(ILcom/android/dx/cf/code/BytecodeArray$Visitor;)I @ 2225

Internal exceptions (4 events):
Event: 0.154 Thread 0x000000000142d800 Exception <a 'java/lang/NoSuchMethodError': Method sun.misc.Unsafe.defineClass(Ljava/lang/String;[BII)Ljava/lang/Class; name or signature does not match> (0x00000000eab07c78) thrown at [C:\src\android\AOSP-openjdk\external\jetbrains\jdk\hotspot\src\share\v‹Ó# 9¬Ã?
Event: 0.154 Thread 0x000000000142d800 Exception <a 'java/lang/NoSuchMethodError': Method sun.misc.Unsafe.prefetchRead(Ljava/lang/Object;J)V name or signature does not match> (0x00000000eab07f60) thrown at [C:\src\android\AOSP-openjdk\external\jetbrains\jdk\hotspot\src\share\vm\prims\jni.cpp, l|Jl½ð?
Event: 1.004 Thread 0x0000000016e0b000 Implicit null exception at 0x0000000003502fe2 to 0x00000000035030da
Event: 1.645 Thread 0x0000000016e0b000 Implicit null exception at 0x00000000035d18af to 0x00000000035d2ebd

Events (10 events):
Event: 3.801 loading class com/android/dx/rop/code/RegisterSpec$1 done
Event: 3.825 Thread 0x0000000016f4d000 Uncommon trap: trap_request=0xffffffde fr.pc=0x00000000035e96cc
Event: 3.825 Thread 0x0000000016f4d000 DEOPT PACKING pc=0x00000000035e96cc sp=0x0000000017cae7e0
Event: 3.825 Thread 0x0000000016f4d000 DEOPT UNPACKING pc=0x000000000325556a sp=0x0000000017cae778 mode 2
Event: 3.836 Thread 0x0000000016f4d000 Uncommon trap: trap_request=0xffffff65 fr.pc=0x000000000381cbb8
Event: 3.836 Thread 0x0000000016f4d000 DEOPT PACKING pc=0x000000000381cbb8 sp=0x0000000017cae950
Event: 3.836 Thread 0x0000000016f4d000 DEOPT UNPACKING pc=0x000000000325556a sp=0x0000000017cae930 mode 2
Event: 3.836 Thread 0x0000000016f4d000 Uncommon trap: trap_request=0xffffffde fr.pc=0x00000000035e96cc
Event: 3.836 Thread 0x0000000016f4d000 DEOPT PACKING pc=0x00000000035e96cc sp=0x0000000017cae7e0
Event: 3.836 Thread 0x0000000016f4d000 DEOPT UNPACKING pc=0x000000000325556a sp=0x0000000017cae778 mode 2


Dynamic libraries:
0x00007ff636230000 - 0x00007ff636261000 	D:\Program Files\Android\Android Studio\jre\bin\java.exe
0x00007fffec7f0000 - 0x00007fffec9c1000 	C:\WINDOWS\SYSTEM32\ntdll.dll
0x00007fffeb1d0000 - 0x00007fffeb27c000 	C:\WINDOWS\System32\KERNEL32.DLL
0x00007fffe96e0000 - 0x00007fffe98fd000 	C:\WINDOWS\System32\KERNELBASE.dll
0x00007fffe9e60000 - 0x00007fffe9f02000 	C:\WINDOWS\System32\ADVAPI32.dll
0x00007fffeaaa0000 - 0x00007fffeab3e000 	C:\WINDOWS\System32\msvcrt.dll
0x00007fffec790000 - 0x00007fffec7e9000 	C:\WINDOWS\System32\sechost.dll
0x00007fffea970000 - 0x00007fffeaa91000 	C:\WINDOWS\System32\RPCRT4.dll
0x00007fffeac40000 - 0x00007fffeada5000 	C:\WINDOWS\System32\USER32.dll
0x00007fffe9d10000 - 0x00007fffe9d2e000 	C:\WINDOWS\System32\win32u.dll
0x00007fffea180000 - 0x00007fffea1b4000 	C:\WINDOWS\System32\GDI32.dll
0x00007fffe9b80000 - 0x00007fffe9d02000 	C:\WINDOWS\System32\gdi32full.dll
0x00007fffe41c0000 - 0x00007fffe443a000 	C:\WINDOWS\WinSxS\amd64_microsoft.windows.common-controls_6595b64144ccf1df_6.0.14393.953_none_42151e83c686086b\COMCTL32.dll
0x00007fffea600000 - 0x00007fffea8c8000 	C:\WINDOWS\System32\combase.dll
0x00007fffe8ce0000 - 0x00007fffe8dd5000 	C:\WINDOWS\System32\ucrtbase.dll
0x00007fffe9670000 - 0x00007fffe96da000 	C:\WINDOWS\System32\bcryptPrimitives.dll
0x00007fffe9da0000 - 0x00007fffe9dce000 	C:\WINDOWS\System32\IMM32.DLL
0x0000000063530000 - 0x0000000063602000 	D:\Program Files\Android\Android Studio\jre\jre\bin\msvcr100.dll
0x0000000062840000 - 0x000000006307c000 	D:\Program Files\Android\Android Studio\jre\jre\bin\server\jvm.dll
0x00007fffe9e40000 - 0x00007fffe9e48000 	C:\WINDOWS\System32\PSAPI.DLL
0x00007fffdc320000 - 0x00007fffdc329000 	C:\WINDOWS\SYSTEM32\WSOCK32.dll
0x00007fffea110000 - 0x00007fffea17a000 	C:\WINDOWS\System32\WS2_32.dll
0x00007fffe6c20000 - 0x00007fffe6c43000 	C:\WINDOWS\SYSTEM32\WINMM.dll
0x00007fffe4cf0000 - 0x00007fffe4cfa000 	C:\WINDOWS\SYSTEM32\VERSION.dll
0x00007fffe6b00000 - 0x00007fffe6b2b000 	C:\WINDOWS\SYSTEM32\WINMMBASE.dll
0x00007fffe9d30000 - 0x00007fffe9d72000 	C:\WINDOWS\System32\cfgmgr32.dll
0x00007fffe63d0000 - 0x00007fffe63df000 	D:\Program Files\Android\Android Studio\jre\jre\bin\verify.dll
0x00007fffdde50000 - 0x00007fffdde79000 	D:\Program Files\Android\Android Studio\jre\jre\bin\java.dll
0x00007fffe3930000 - 0x00007fffe3946000 	D:\Program Files\Android\Android Studio\jre\jre\bin\zip.dll
0x00007fffeb280000 - 0x00007fffec788000 	C:\WINDOWS\System32\SHELL32.dll
0x00007fffe8e80000 - 0x00007fffe955a000 	C:\WINDOWS\System32\windows.storage.dll
0x00007fffe8c50000 - 0x00007fffe8c9c000 	C:\WINDOWS\System32\powrprof.dll
0x00007fffea050000 - 0x00007fffea0a2000 	C:\WINDOWS\System32\shlwapi.dll
0x00007fffe8cd0000 - 0x00007fffe8cdf000 	C:\WINDOWS\System32\kernel.appcore.dll
0x00007fffe9560000 - 0x00007fffe9609000 	C:\WINDOWS\System32\shcore.dll
0x00007fffe8ca0000 - 0x00007fffe8cb4000 	C:\WINDOWS\System32\profapi.dll

VM Arguments:
jvm_args: -Djava.awt.headless=true -Xmx1024M -Dfile.encoding=GBK -Duser.country=CN -Duser.language=zh -Duser.variant 
java_command: com.android.dx.command.Main --dex --force-jumbo --num-threads=4 --multi-dex --output D:\musicbean\app\build\intermediates\transforms\dex\baidu\debug\folders\1000\5\slice_5 D:\musicbean\app\build\intermediates\transforms\instantRunSlicer\baidu\debug\folders\1\5\slice_5
java_class_path (initial): D:\SDK\build-tools\25.0.0\lib\dx.jar
Launcher Type: SUN_STANDARD

Environment Variables:
JAVA_HOME=C:\Program Files\Java\jdk1.8.0_101
CLASSPATH=.;C:\Program Files\Java\jdk1.8.0_101\lib;
PATH=C:\ProgramData\Oracle\Java\javapath;C:\WINDOWS\system32;C:\WINDOWS;C:\WINDOWS\System32\Wbem;C:\WINDOWS\System32\WindowsPowerShell\v1.0\;C:\Program Files\Java\jdk1.8.0_101\bin;C:\Program Files\Java\jdk1.8.0_101\jre\bin;D:\Git\cmd;C:\Users\Administrator\AppData\Local\Microsoft\WindowsApps;
USERNAME=Administrator
OS=Windows_NT
PROCESSOR_IDENTIFIER=Intel64 Family 6 Model 94 Stepping 3, GenuineIntel



---------------  S Y S T E M  ---------------

OS: Windows 10.0 , 64 bit Build 14393 (10.0.14393.1198)

CPU:total 4 (4 cores per cpu, 1 threads per core) family 6 model 94 stepping 3, cmov, cx8, fxsr, mmx, sse, sse2, sse3, ssse3, sse4.1, sse4.2, popcnt, avx, avx2, aes, clmul, erms, rtm, 3dnowpref, lzcnt, tsc, tscinvbit, bmi1, bmi2, adx

Memory: 4k page, physical 8299524k(2450880k free), swap 14749720k(3512k free)

vm_info: OpenJDK 64-Bit Server VM (25.112-b06) for windows-amd64 JRE (1.8.0_112-release-b06), built on Dec  8 2016 00:54:26 by "builder" with MS VC++ 10.0 (VS2010)

time: Tue May 16 10:57:08 2017
elapsed time: 3 seconds (0d 0h 0m 3s)

