#
# There is insufficient memory for the Java Runtime Environment to continue.
# Native memory allocation (malloc) failed to allocate 391696 bytes for Chunk::new
# Possible reasons:
#   The system is out of physical RAM or swap space
#   In 32 bit mode, the process size limit was hit
# Possible solutions:
#   Reduce memory load on the system
#   Increase physical memory or swap space
#   Check if swap backing store is full
#   Use 64 bit Java on a 64 bit OS
#   Decrease Java heap size (-Xmx/-Xms)
#   Decrease number of Java threads
#   Decrease Java thread stack sizes (-Xss)
#   Set larger code cache with -XX:ReservedCodeCacheSize=
# This output file may be truncated or incomplete.
#
#  Out of Memory Error (allocation.cpp:390), pid=15216, tid=0x0000000000003d24
#
# JRE version: OpenJDK Runtime Environment (8.0_112-b06) (build 1.8.0_112-release-b06)
# Java VM: OpenJDK 64-Bit Server VM (25.112-b06 mixed mode windows-amd64 compressed oops)
# Failed to write core dump. Minidumps are not enabled by default on client versions of Windows
#

---------------  T H R E A D  ---------------

Current thread (0x0000000015790000):  JavaThread "C2 CompilerThread0" daemon [_thread_in_native, id=15652, stack(0x0000000017140000,0x0000000017240000)]

Stack: [0x0000000017140000,0x0000000017240000]
[error occurred during error reporting (printing stack bounds), id 0xc0000005]

Native frames: (J=compiled Java code, j=interpreted, Vv=VM code, C=native code)


Current CompileTask:
C2:   1931 1346       4       com.android.dx.ssa.SCCP::simulatePhi (169 bytes)


---------------  P R O C E S S  ---------------

Java Threads: ( => current thread )
  0x0000000016da5800 JavaThread "pool-2-thread-4" [_thread_in_vm, id=15764, stack(0x0000000017a40000,0x0000000017b40000)]
  0x0000000016da4000 JavaThread "pool-2-thread-3" [_thread_in_Java, id=15760, stack(0x0000000017940000,0x0000000017a40000)]
  0x0000000016cd6000 JavaThread "pool-2-thread-2" [_thread_blocked, id=15756, stack(0x0000000017840000,0x0000000017940000)]
  0x0000000016caa000 JavaThread "pool-3-thread-1" [_thread_blocked, id=15752, stack(0x0000000017740000,0x0000000017840000)]
  0x0000000016ca9800 JavaThread "pool-2-thread-1" [_thread_blocked, id=15748, stack(0x0000000017640000,0x0000000017740000)]
  0x0000000016ba0000 JavaThread "Service Thread" daemon [_thread_blocked, id=15664, stack(0x0000000017440000,0x0000000017540000)]
  0x0000000016b93800 JavaThread "C1 CompilerThread2" daemon [_thread_blocked, id=15660, stack(0x0000000017340000,0x0000000017440000)]
  0x00000000157d8800 JavaThread "C2 CompilerThread1" daemon [_thread_in_native, id=15656, stack(0x0000000017240000,0x0000000017340000)]
=>0x0000000015790000 JavaThread "C2 CompilerThread0" daemon [_thread_in_native, id=15652, stack(0x0000000017140000,0x0000000017240000)]
  0x00000000157d7800 JavaThread "Attach Listener" daemon [_thread_blocked, id=15648, stack(0x0000000017040000,0x0000000017140000)]
  0x0000000016b48800 JavaThread "Signal Dispatcher" daemon [_thread_blocked, id=15644, stack(0x0000000016f40000,0x0000000017040000)]
  0x00000000030a5800 JavaThread "Finalizer" daemon [_thread_blocked, id=15588, stack(0x00000000169e0000,0x0000000016ae0000)]
  0x00000000030a0000 JavaThread "Reference Handler" daemon [_thread_blocked, id=15584, stack(0x00000000168e0000,0x00000000169e0000)]
  0x0000000002fad800 JavaThread "main" [_thread_in_Java, id=15484, stack(0x0000000002e80000,0x0000000002f80000)]

Other Threads:
  0x0000000015744800 VMThread [stack: 0x00000000167e0000,0x00000000168e0000] [id=15564]
  0x0000000016ba2000 WatcherThread [stack: 0x0000000017540000,0x0000000017640000] [id=15668]

VM state:not at safepoint (normal execution)

VM Mutex/Monitor currently owned by a thread:  ([mutex/lock_event])
[0x0000000002fb11d0] Compile_lock - owner thread: 0x0000000000000000

Heap:
 PSYoungGen      total 71680K, used 51227K [0x00000000eab00000, 0x00000000ef600000, 0x0000000100000000)
  eden space 66560K, 69% used [0x00000000eab00000,0x00000000ed807868,0x00000000eec00000)
  from space 5120K, 99% used [0x00000000ef100000,0x00000000ef5ff4e8,0x00000000ef600000)
  to   space 5120K, 0% used [0x00000000eec00000,0x00000000eec00000,0x00000000ef100000)
 ParOldGen       total 87552K, used 17898K [0x00000000c0000000, 0x00000000c5580000, 0x00000000eab00000)
  object space 87552K, 20% used [0x00000000c0000000,0x00000000c117a838,0x00000000c5580000)
 Metaspace       used 5843K, capacity 6960K, committed 7040K, reserved 1056768K
  class space    used 561K, capacity 616K, committed 640K, reserved 1048576K

Card table byte_map: [0x0000000012470000,0x0000000012680000] byte_map_base: 0x0000000011e70000

Marking Bits: (ParMarkBitMap*) 0x00000000630018f0
 Begin Bits: [0x0000000012be0000, 0x0000000013be0000)
 End Bits:   [0x0000000013be0000, 0x0000000014be0000)

Polling page: 0x00000000012a0000

CodeCache: size=245760Kb used=5663Kb max_used=5684Kb free=240096Kb
 bounds [0x00000000030b0000, 0x0000000003650000, 0x00000000120b0000]
 total_blobs=1565 nmethods=1302 adapters=177
 compilation: enabled

Compilation events (10 events):
Event: 1.766 Thread 0x0000000016b93800 nmethod 1347 0x0000000003627690 code [0x0000000003627900, 0x0000000003628138]
Event: 1.786 Thread 0x00000000157d8800 nmethod 1340 0x000000000362d390 code [0x000000000362d620, 0x000000000362ef90]
Event: 1.786 Thread 0x00000000157d8800 1345       4       com.android.dx.ssa.SCCP::simulateBranch (666 bytes)
Event: 1.791 Thread 0x0000000015790000 nmethod 1308 0x00000000036368d0 code [0x0000000003636c20, 0x000000000363a350]
Event: 1.791 Thread 0x0000000015790000 1346       4       com.android.dx.ssa.SCCP::simulatePhi (169 bytes)
Event: 1.886 Thread 0x00000000157d8800 nmethod 1345 0x000000000363f3d0 code [0x000000000363f780, 0x00000000036427d0]
Event: 1.886 Thread 0x00000000157d8800 1348       4       com.android.dx.ssa.ConstCollector$2::map (28 bytes)
Event: 1.887 Thread 0x00000000157d8800 nmethod 1348 0x0000000003613210 code [0x0000000003613360, 0x0000000003613438]
Event: 1.887 Thread 0x00000000157d8800 1304   !   4       java.util.BitSet::clone (49 bytes)
Event: 1.889 Thread 0x00000000157d8800 nmethod 1304 0x0000000003612cd0 code [0x0000000003612e40, 0x0000000003613068]

GC Heap History (4 events):
Event: 1.005 GC heap before
{Heap before GC invocations=1 (full 0):
 PSYoungGen      total 38400K, used 33280K [0x00000000eab00000, 0x00000000ed580000, 0x0000000100000000)
  eden space 33280K, 100% used [0x00000000eab00000,0x00000000ecb80000,0x00000000ecb80000)
  from space 5120K, 0% used [0x00000000ed080000,0x00000000ed080000,0x00000000ed580000)
  to   space 5120K, 0% used [0x00000000ecb80000,0x00000000ecb80000,0x00000000ed080000)
 ParOldGen       total 87552K, used 0K [0x00000000c0000000, 0x00000000c5580000, 0x00000000eab00000)
  object space 87552K, 0% used [0x00000000c0000000,0x00000000c0000000,0x00000000c5580000)
 Metaspace       used 5728K, capacity 6832K, committed 7040K, reserved 1056768K
  class space    used 560K, capacity 616K, committed 640K, reserved 1048576K
Event: 1.031 GC heap after
Heap after GC invocations=1 (full 0):
 PSYoungGen      total 38400K, used 5088K [0x00000000eab00000, 0x00000000ef600000, 0x0000000100000000)
  eden space 33280K, 0% used [0x00000000eab00000,0x00000000eab00000,0x00000000ecb80000)
  from space 5120K, 99% used [0x00000000ecb80000,0x00000000ed078108,0x00000000ed080000)
  to   space 5120K, 0% used [0x00000000ef100000,0x00000000ef100000,0x00000000ef600000)
 ParOldGen       total 87552K, used 3366K [0x00000000c0000000, 0x00000000c5580000, 0x00000000eab00000)
  object space 87552K, 3% used [0x00000000c0000000,0x00000000c03499d0,0x00000000c5580000)
 Metaspace       used 5728K, capacity 6832K, committed 7040K, reserved 1056768K
  class space    used 560K, capacity 616K, committed 640K, reserved 1048576K
}
Event: 1.263 GC heap before
{Heap before GC invocations=2 (full 0):
 PSYoungGen      total 38400K, used 38368K [0x00000000eab00000, 0x00000000ef600000, 0x0000000100000000)
  eden space 33280K, 100% used [0x00000000eab00000,0x00000000ecb80000,0x00000000ecb80000)
  from space 5120K, 99% used [0x00000000ecb80000,0x00000000ed078108,0x00000000ed080000)
  to   space 5120K, 0% used [0x00000000ef100000,0x00000000ef100000,0x00000000ef600000)
 ParOldGen       total 87552K, used 3366K [0x00000000c0000000, 0x00000000c5580000, 0x00000000eab00000)
  object space 87552K, 3% used [0x00000000c0000000,0x00000000c03499d0,0x00000000c5580000)
 Metaspace       used 5824K, capacity 6896K, committed 7040K, reserved 1056768K
  class space    used 560K, capacity 616K, committed 640K, reserved 1048576K
Event: 1.285 GC heap after
Heap after GC invocations=2 (full 0):
 PSYoungGen      total 71680K, used 5117K [0x00000000eab00000, 0x00000000ef600000, 0x0000000100000000)
  eden space 66560K, 0% used [0x00000000eab00000,0x00000000eab00000,0x00000000eec00000)
  from space 5120K, 99% used [0x00000000ef100000,0x00000000ef5ff4e8,0x00000000ef600000)
  to   space 5120K, 0% used [0x00000000eec00000,0x00000000eec00000,0x00000000ef100000)
 ParOldGen       total 87552K, used 17898K [0x00000000c0000000, 0x00000000c5580000, 0x00000000eab00000)
  object space 87552K, 20% used [0x00000000c0000000,0x00000000c117a838,0x00000000c5580000)
 Metaspace       used 5824K, capacity 6896K, committed 7040K, reserved 1056768K
  class space    used 560K, capacity 616K, committed 640K, reserved 1048576K
}

Deoptimization events (7 events):
Event: 0.541 Thread 0x0000000016ca9800 Uncommon trap: reason=unstable_if action=reinterpret pc=0x000000000329a5e4 method=java.util.HashMap.getNode(ILjava/lang/Object;)Ljava/util/HashMap$Node; @ 129
Event: 0.543 Thread 0x0000000016ca9800 Uncommon trap: reason=unloaded action=reinterpret pc=0x00000000033783b4 method=com.android.dx.ssa.SsaRenamer$BlockRenamer.visitMoveInsn(Lcom/android/dx/ssa/NormalSsaInsn;)V @ 208
Event: 0.722 Thread 0x0000000016cd6000 Uncommon trap: reason=unstable_if action=reinterpret pc=0x00000000032f1570 method=java.util.BitSet.nextSetBit(I)I @ 87
Event: 0.766 Thread 0x0000000016ca9800 Uncommon trap: reason=unloaded action=reinterpret pc=0x00000000033e90a8 method=com.android.dx.ssa.SsaRenamer$BlockRenamer.visitMoveInsn(Lcom/android/dx/ssa/NormalSsaInsn;)V @ 208
Event: 0.794 Thread 0x0000000016cd6000 Uncommon trap: reason=unstable_if action=reinterpret pc=0x0000000003301d38 method=java.util.BitSet.ensureCapacity(I)V @ 6
Event: 0.827 Thread 0x0000000002fad800 Uncommon trap: reason=unloaded action=reinterpret pc=0x000000000324e5f0 method=com.android.dx.cf.cst.ConstantPoolParser.parse0(ILjava/util/BitSet;)Lcom/android/dx/rop/cst/Constant; @ 176
Event: 1.095 Thread 0x0000000016da5800 Uncommon trap: reason=unstable_if action=reinterpret pc=0x00000000033c4070 method=com.android.dx.rop.code.RegisterSpecSet.put(Lcom/android/dx/rop/code/RegisterSpec;)V @ 77

Internal exceptions (2 events):
Event: 0.035 Thread 0x0000000002fad800 Exception <a 'java/lang/NoSuchMethodError': Method sun.misc.Unsafe.defineClass(Ljava/lang/String;[BII)Ljava/lang/Class; name or signature does not match> (0x00000000eab07c78) thrown at [C:\src\android\AOSP-openjdk\external\jetbrains\jdk\hotspot\src\share\væ²Ñ9?Å¡?
Event: 0.035 Thread 0x0000000002fad800 Exception <a 'java/lang/NoSuchMethodError': Method sun.misc.Unsafe.prefetchRead(Ljava/lang/Object;J)V name or signature does not match> (0x00000000eab07f60) thrown at [C:\src\android\AOSP-openjdk\external\jetbrains\jdk\hotspot\src\share\vm\prims\jni.cpp, l

Events (10 events):
Event: 1.459 loading class com/android/dx/util/ListIntSet
Event: 1.459 loading class com/android/dx/util/ListIntSet done
Event: 1.459 Executing VM operation: Deoptimize
Event: 1.709 Executing VM operation: Deoptimize done
Event: 1.716 Thread 0x0000000016da4000 DEOPT PACKING pc=0x000000000358a3ac sp=0x0000000017a3e820
Event: 1.716 Thread 0x0000000016da4000 DEOPT UNPACKING pc=0x00000000030f75bf sp=0x0000000017a3e668 mode 0
Event: 1.720 loading class com/android/dx/util/ListIntSet$1
Event: 1.720 loading class com/android/dx/util/ListIntSet$1 done
Event: 1.729 Thread 0x0000000002fad800 DEOPT PACKING pc=0x000000000358a3ac sp=0x0000000002f7e1a0
Event: 1.729 Thread 0x0000000002fad800 DEOPT UNPACKING pc=0x00000000030f75bf sp=0x0000000002f7dfe8 mode 0


Dynamic libraries:
0x00007ff636230000 - 0x00007ff636261000 	D:\Program Files\Android\Android Studio\jre\bin\java.exe
0x00007fffec7f0000 - 0x00007fffec9c1000 	C:\WINDOWS\SYSTEM32\ntdll.dll
0x00007fffeb1d0000 - 0x00007fffeb27c000 	C:\WINDOWS\System32\KERNEL32.DLL
0x00007fffe96e0000 - 0x00007fffe98fd000 	C:\WINDOWS\System32\KERNELBASE.dll
0x00007fffe9e60000 - 0x00007fffe9f02000 	C:\WINDOWS\System32\ADVAPI32.dll
0x00007fffeaaa0000 - 0x00007fffeab3e000 	C:\WINDOWS\System32\msvcrt.dll
0x00007fffec790000 - 0x00007fffec7e9000 	C:\WINDOWS\System32\sechost.dll
0x00007fffea970000 - 0x00007fffeaa91000 	C:\WINDOWS\System32\RPCRT4.dll
0x00007fffeac40000 - 0x00007fffeada5000 	C:\WINDOWS\System32\USER32.dll
0x00007fffe9d10000 - 0x00007fffe9d2e000 	C:\WINDOWS\System32\win32u.dll
0x00007fffea180000 - 0x00007fffea1b4000 	C:\WINDOWS\System32\GDI32.dll
0x00007fffe9b80000 - 0x00007fffe9d02000 	C:\WINDOWS\System32\gdi32full.dll
0x00007fffe41c0000 - 0x00007fffe443a000 	C:\WINDOWS\WinSxS\amd64_microsoft.windows.common-controls_6595b64144ccf1df_6.0.14393.953_none_42151e83c686086b\COMCTL32.dll
0x00007fffea600000 - 0x00007fffea8c8000 	C:\WINDOWS\System32\combase.dll
0x00007fffe8ce0000 - 0x00007fffe8dd5000 	C:\WINDOWS\System32\ucrtbase.dll
0x00007fffe9670000 - 0x00007fffe96da000 	C:\WINDOWS\System32\bcryptPrimitives.dll
0x00007fffe9da0000 - 0x00007fffe9dce000 	C:\WINDOWS\System32\IMM32.DLL
0x0000000063d40000 - 0x0000000063e12000 	D:\Program Files\Android\Android Studio\jre\jre\bin\msvcr100.dll
0x0000000062840000 - 0x000000006307c000 	D:\Program Files\Android\Android Studio\jre\jre\bin\server\jvm.dll
0x00007fffe9e40000 - 0x00007fffe9e48000 	C:\WINDOWS\System32\PSAPI.DLL
0x00007fffdc320000 - 0x00007fffdc329000 	C:\WINDOWS\SYSTEM32\WSOCK32.dll
0x00007fffea110000 - 0x00007fffea17a000 	C:\WINDOWS\System32\WS2_32.dll
0x00007fffe6c20000 - 0x00007fffe6c43000 	C:\WINDOWS\SYSTEM32\WINMM.dll
0x00007fffe4cf0000 - 0x00007fffe4cfa000 	C:\WINDOWS\SYSTEM32\VERSION.dll
0x00007fffe6b00000 - 0x00007fffe6b2b000 	C:\WINDOWS\SYSTEM32\WINMMBASE.dll
0x00007fffe9d30000 - 0x00007fffe9d72000 	C:\WINDOWS\System32\cfgmgr32.dll
0x00007fffe63e0000 - 0x00007fffe63ef000 	D:\Program Files\Android\Android Studio\jre\jre\bin\verify.dll
0x00007fffe4bc0000 - 0x00007fffe4be9000 	D:\Program Files\Android\Android Studio\jre\jre\bin\java.dll
0x00007fffe4ba0000 - 0x00007fffe4bb6000 	D:\Program Files\Android\Android Studio\jre\jre\bin\zip.dll
0x00007fffeb280000 - 0x00007fffec788000 	C:\WINDOWS\System32\SHELL32.dll
0x00007fffe8e80000 - 0x00007fffe955a000 	C:\WINDOWS\System32\windows.storage.dll
0x00007fffe8c50000 - 0x00007fffe8c9c000 	C:\WINDOWS\System32\powrprof.dll
0x00007fffea050000 - 0x00007fffea0a2000 	C:\WINDOWS\System32\shlwapi.dll
0x00007fffe8cd0000 - 0x00007fffe8cdf000 	C:\WINDOWS\System32\kernel.appcore.dll
0x00007fffe9560000 - 0x00007fffe9609000 	C:\WINDOWS\System32\shcore.dll
0x00007fffe8ca0000 - 0x00007fffe8cb4000 	C:\WINDOWS\System32\profapi.dll

VM Arguments:
jvm_args: -Djava.awt.headless=true -Xmx1024M -Dfile.encoding=GBK -Duser.country=CN -Duser.language=zh -Duser.variant 
java_command: com.android.dx.command.Main --dex --force-jumbo --num-threads=4 --multi-dex --output D:\musicbean\app\build\intermediates\transforms\dex\baidu\debug\folders\1000\5\slice_9 D:\musicbean\app\build\intermediates\transforms\instantRunSlicer\baidu\debug\folders\1\5\slice_9
java_class_path (initial): D:\SDK\build-tools\25.0.0\lib\dx.jar
Launcher Type: SUN_STANDARD

Environment Variables:
JAVA_HOME=C:\Program Files\Java\jdk1.8.0_101
CLASSPATH=.;C:\Program Files\Java\jdk1.8.0_101\lib;
PATH=C:\ProgramData\Oracle\Java\javapath;C:\WINDOWS\system32;C:\WINDOWS;C:\WINDOWS\System32\Wbem;C:\WINDOWS\System32\WindowsPowerShell\v1.0\;C:\Program Files\Java\jdk1.8.0_101\bin;C:\Program Files\Java\jdk1.8.0_101\jre\bin;D:\Git\cmd;C:\Users\Administrator\AppData\Local\Microsoft\WindowsApps;
USERNAME=Administrator
OS=Windows_NT
PROCESSOR_IDENTIFIER=Intel64 Family 6 Model 94 Stepping 3, GenuineIntel



---------------  S Y S T E M  ---------------

OS: Windows 10.0 , 64 bit Build 14393 (10.0.14393.1198)

CPU:total 4 (4 cores per cpu, 1 threads per core) family 6 model 94 stepping 3, cmov, cx8, fxsr, mmx, sse, sse2, sse3, ssse3, sse4.1, sse4.2, popcnt, avx, avx2, aes, clmul, erms, rtm, 3dnowpref, lzcnt, tsc, tscinvbit, bmi1, bmi2, adx

Memory: 4k page, physical 8299524k(2504500k free), swap 14749720k(6892k free)

vm_info: OpenJDK 64-Bit Server VM (25.112-b06) for windows-amd64 JRE (1.8.0_112-release-b06), built on Dec  8 2016 00:54:26 by "builder" with MS VC++ 10.0 (VS2010)

time: Fri May 19 13:21:36 2017
elapsed time: 1 seconds (0d 0h 0m 1s)

