#
# There is insufficient memory for the Java Runtime Environment to continue.
# Native memory allocation (malloc) failed to allocate 131088 bytes for Chunk::new
# Possible reasons:
#   The system is out of physical RAM or swap space
#   In 32 bit mode, the process size limit was hit
# Possible solutions:
#   Reduce memory load on the system
#   Increase physical memory or swap space
#   Check if swap backing store is full
#   Use 64 bit Java on a 64 bit OS
#   Decrease Java heap size (-Xmx/-Xms)
#   Decrease number of Java threads
#   Decrease Java thread stack sizes (-Xss)
#   Set larger code cache with -XX:ReservedCodeCacheSize=
# This output file may be truncated or incomplete.
#
#  Out of Memory Error (allocation.cpp:390), pid=39180, tid=0x0000000000008450
#
# JRE version: OpenJDK Runtime Environment (8.0_112-b06) (build 1.8.0_112-release-b06)
# Java VM: OpenJDK 64-Bit Server VM (25.112-b06 mixed mode windows-amd64 compressed oops)
# Failed to write core dump. Minidumps are not enabled by default on client versions of Windows
#

---------------  T H R E A D  ---------------

Current thread (0x000000000282a000):  JavaThread "C2 CompilerThread1" daemon [_thread_in_native, id=33872, stack(0x0000000016960000,0x0000000016a60000)]

Stack: [0x0000000016960000,0x0000000016a60000]
[error occurred during error reporting (printing stack bounds), id 0xc0000005]

Native frames: (J=compiled Java code, j=interpreted, Vv=VM code, C=native code)


Current CompileTask:
C2:   1407 1377   !   4       com.android.dx.cf.code.BytecodeArray::parseInstruction (2764 bytes)


---------------  P R O C E S S  ---------------

Java Threads: ( => current thread )
  0x00000000164d4800 JavaThread "pool-2-thread-4" [_thread_blocked, id=39104, stack(0x0000000017160000,0x0000000017260000)]
  0x00000000164d3800 JavaThread "pool-2-thread-3" [_thread_blocked, id=38532, stack(0x0000000017060000,0x0000000017160000)]
  0x00000000164d2000 JavaThread "pool-2-thread-2" [_thread_blocked, id=38992, stack(0x0000000016f60000,0x0000000017060000)]
  0x00000000164cf800 JavaThread "pool-3-thread-1" [_thread_blocked, id=28648, stack(0x0000000016e60000,0x0000000016f60000)]
  0x00000000164ce800 JavaThread "pool-2-thread-1" [_thread_in_Java, id=39100, stack(0x0000000016d60000,0x0000000016e60000)]
  0x00000000162bd800 JavaThread "Service Thread" daemon [_thread_blocked, id=38188, stack(0x0000000016b60000,0x0000000016c60000)]
  0x00000000162b6000 JavaThread "C1 CompilerThread2" daemon [_thread_blocked, id=28900, stack(0x0000000016a60000,0x0000000016b60000)]
=>0x000000000282a000 JavaThread "C2 CompilerThread1" daemon [_thread_in_native, id=33872, stack(0x0000000016960000,0x0000000016a60000)]
  0x0000000014f5c800 JavaThread "C2 CompilerThread0" daemon [_thread_in_native, id=36076, stack(0x0000000016860000,0x0000000016960000)]
  0x0000000014f17000 JavaThread "Attach Listener" daemon [_thread_blocked, id=38780, stack(0x0000000016760000,0x0000000016860000)]
  0x0000000016268800 JavaThread "Signal Dispatcher" daemon [_thread_blocked, id=37296, stack(0x0000000016660000,0x0000000016760000)]
  0x0000000014ee8800 JavaThread "Finalizer" daemon [_thread_blocked, id=38012, stack(0x0000000016160000,0x0000000016260000)]
  0x0000000002822000 JavaThread "Reference Handler" daemon [_thread_blocked, id=37500, stack(0x0000000016060000,0x0000000016160000)]
  0x000000000272d800 JavaThread "main" [_thread_blocked, id=40744, stack(0x0000000002540000,0x0000000002640000)]

Other Threads:
  0x0000000014ec5800 VMThread [stack: 0x0000000015f60000,0x0000000016060000] [id=37828]
  0x00000000162bf000 WatcherThread [stack: 0x0000000016c60000,0x0000000016d60000] [id=38176]

VM state:not at safepoint (normal execution)

VM Mutex/Monitor currently owned by a thread: None

Heap:
 PSYoungGen      total 71680K, used 26187K [0x00000000eab00000, 0x00000000ef600000, 0x0000000100000000)
  eden space 66560K, 31% used [0x00000000eab00000,0x00000000ebf99b48,0x00000000eec00000)
  from space 5120K, 99% used [0x00000000ef100000,0x00000000ef5f9360,0x00000000ef600000)
  to   space 5120K, 0% used [0x00000000eec00000,0x00000000eec00000,0x00000000ef100000)
 ParOldGen       total 87552K, used 6297K [0x00000000c0000000, 0x00000000c5580000, 0x00000000eab00000)
  object space 87552K, 7% used [0x00000000c0000000,0x00000000c06266b0,0x00000000c5580000)
 Metaspace       used 6163K, capacity 7088K, committed 7296K, reserved 1056768K
  class space    used 578K, capacity 616K, committed 640K, reserved 1048576K

Card table byte_map: [0x0000000011bf0000,0x0000000011e00000] byte_map_base: 0x00000000115f0000

Marking Bits: (ParMarkBitMap*) 0x00000000630018f0
 Begin Bits: [0x0000000012360000, 0x0000000013360000)
 End Bits:   [0x0000000013360000, 0x0000000014360000)

Polling page: 0x0000000000a90000

CodeCache: size=245760Kb used=5616Kb max_used=5616Kb free=240143Kb
 bounds [0x0000000002830000, 0x0000000002db0000, 0x0000000011830000]
 total_blobs=1659 nmethods=1388 adapters=184
 compilation: disabled (not enough contiguous free space left)

Compilation events (10 events):
Event: 1.247 Thread 0x0000000014f5c800 nmethod 1376 0x0000000002da0c50 code [0x0000000002da0d80, 0x0000000002da0e58]
Event: 1.248 Thread 0x00000000162b6000 nmethod 1378 0x0000000002da1090 code [0x0000000002da12c0, 0x0000000002da1eb8]
Event: 1.248 Thread 0x00000000162b6000 1379       3       com.android.dx.cf.iface.StdMethodList::get (9 bytes)
Event: 1.248 Thread 0x00000000162b6000 nmethod 1379 0x0000000002da0710 code [0x0000000002da0880, 0x0000000002da0b88]
Event: 1.250 Thread 0x0000000014f5c800 1380   !   4       com.android.dx.cf.cst.ConstantPoolParser::parse0 (731 bytes)
Event: 1.250 Thread 0x00000000162b6000 1381       1       com.android.dx.cf.attrib.AttSignature::byteLength (3 bytes)
Event: 1.250 Thread 0x00000000162b6000 nmethod 1381 0x0000000002d9bb50 code [0x0000000002d9bca0, 0x0000000002d9bdb0]
Event: 1.253 Thread 0x00000000162b6000 1384       3       com.android.dx.cf.direct.MethodListParser::set (30 bytes)
Event: 1.254 Thread 0x00000000162b6000 nmethod 1384 0x0000000002dac090 code [0x0000000002dac280, 0x0000000002daccb8]
Event: 1.254 Thread 0x00000000162b6000 1385       3       com.android.dx.cf.iface.StdMember::getDescriptor (8 bytes)

GC Heap History (2 events):
Event: 0.975 GC heap before
{Heap before GC invocations=1 (full 0):
 PSYoungGen      total 38400K, used 33280K [0x00000000eab00000, 0x00000000ed580000, 0x0000000100000000)
  eden space 33280K, 100% used [0x00000000eab00000,0x00000000ecb80000,0x00000000ecb80000)
  from space 5120K, 0% used [0x00000000ed080000,0x00000000ed080000,0x00000000ed580000)
  to   space 5120K, 0% used [0x00000000ecb80000,0x00000000ecb80000,0x00000000ed080000)
 ParOldGen       total 87552K, used 0K [0x00000000c0000000, 0x00000000c5580000, 0x00000000eab00000)
  object space 87552K, 0% used [0x00000000c0000000,0x00000000c0000000,0x00000000c5580000)
 Metaspace       used 5979K, capacity 6896K, committed 7040K, reserved 1056768K
  class space    used 576K, capacity 616K, committed 640K, reserved 1048576K
Event: 0.989 GC heap after
Heap after GC invocations=1 (full 0):
 PSYoungGen      total 38400K, used 5119K [0x00000000eab00000, 0x00000000ef600000, 0x0000000100000000)
  eden space 33280K, 0% used [0x00000000eab00000,0x00000000eab00000,0x00000000ecb80000)
  from space 5120K, 99% used [0x00000000ecb80000,0x00000000ed07fc88,0x00000000ed080000)
  to   space 5120K, 0% used [0x00000000ef100000,0x00000000ef100000,0x00000000ef600000)
 ParOldGen       total 87552K, used 1530K [0x00000000c0000000, 0x00000000c5580000, 0x00000000eab00000)
  object space 87552K, 1% used [0x00000000c0000000,0x00000000c017ea98,0x00000000c5580000)
 Metaspace       used 5979K, capacity 6896K, committed 7040K, reserved 1056768K
  class space    used 576K, capacity 616K, committed 640K, reserved 1048576K
}

Deoptimization events (9 events):
Event: 0.290 Thread 0x000000000272d800 Uncommon trap: reason=unstable_if action=reinterpret pc=0x00000000029755dc method=java.lang.String.indexOf(II)I @ 49
Event: 0.543 Thread 0x00000000164d3800 Uncommon trap: reason=unstable_if action=reinterpret pc=0x0000000002a8b7b0 method=java.util.BitSet.nextSetBit(I)I @ 87
Event: 0.601 Thread 0x00000000164ce800 Uncommon trap: reason=unstable_if action=reinterpret pc=0x0000000002a49dc0 method=java.util.HashMap.getNode(ILjava/lang/Object;)Ljava/util/HashMap$Node; @ 62
Event: 0.642 Thread 0x00000000164ce800 Uncommon trap: reason=unstable_if action=reinterpret pc=0x0000000002aa3174 method=java.util.BitSet.ensureCapacity(I)V @ 6
Event: 0.693 Thread 0x00000000164d4800 Uncommon trap: reason=unstable_if action=reinterpret pc=0x0000000002b80904 method=java.util.HashMap.getNode(ILjava/lang/Object;)Ljava/util/HashMap$Node; @ 129
Event: 0.693 Thread 0x00000000164d4800 Uncommon trap: reason=unstable_if action=reinterpret pc=0x0000000002a5628c method=java.util.HashMap.getNode(ILjava/lang/Object;)Ljava/util/HashMap$Node; @ 129
Event: 0.927 Thread 0x00000000164d4800 Uncommon trap: reason=null_check action=make_not_entrant pc=0x0000000002be64e8 method=com.android.dx.rop.type.Type.equals(Ljava/lang/Object;)Z @ 8
Event: 0.946 Thread 0x00000000164d2000 Uncommon trap: reason=null_check action=make_not_entrant pc=0x0000000002b8bdc0 method=com.android.dx.ssa.SsaRenamer.getLocalForNewReg(I)Lcom/android/dx/rop/code/LocalItem; @ 19
Event: 1.024 Thread 0x00000000164d4800 Uncommon trap: reason=unstable_if action=reinterpret pc=0x0000000002bcd104 method=com.android.dx.ssa.SsaRenamer$BlockRenamer.addMapping(ILcom/android/dx/rop/code/RegisterSpec;)V @ 120

Internal exceptions (4 events):
Event: 0.081 Thread 0x000000000272d800 Exception <a 'java/lang/NoSuchMethodError': Method sun.misc.Unsafe.defineClass(Ljava/lang/String;[BII)Ljava/lang/Class; name or signature does not match> (0x00000000eab07c78) thrown at [C:\src\android\AOSP-openjdk\external\jetbrains\jdk\hotspot\src\share\vÄû5
çÞ´?
Event: 0.082 Thread 0x000000000272d800 Exception <a 'java/lang/NoSuchMethodError': Method sun.misc.Unsafe.prefetchRead(Ljava/lang/Object;J)V name or signature does not match> (0x00000000eab07f60) thrown at [C:\src\android\AOSP-openjdk\external\jetbrains\jdk\hotspot\src\share\vm\prims\jni.cpp, lÍsD¾K©í?
Event: 0.927 Thread 0x00000000164d4800 Implicit null exception at 0x0000000002be63e2 to 0x0000000002be64da
Event: 0.946 Thread 0x00000000164d2000 Implicit null exception at 0x0000000002b89370 to 0x0000000002b8bd7d

Events (10 events):
Event: 0.946 Thread 0x00000000164d2000 DEOPT UNPACKING pc=0x000000000287556a sp=0x000000001705eaf8 mode 2
Event: 0.975 Executing VM operation: ParallelGCFailedAllocation
Event: 0.989 Executing VM operation: ParallelGCFailedAllocation done
Event: 0.995 loading class com/android/dx/cf/attrib/AttAnnotationDefault
Event: 0.995 loading class com/android/dx/cf/attrib/AttAnnotationDefault done
Event: 1.024 Thread 0x00000000164d4800 Uncommon trap: trap_request=0xffffff65 fr.pc=0x0000000002bcd104
Event: 1.024 Thread 0x00000000164d4800 DEOPT PACKING pc=0x0000000002bcd104 sp=0x000000001725e520
Event: 1.024 Thread 0x00000000164d4800 DEOPT UNPACKING pc=0x000000000287556a sp=0x000000001725e4b0 mode 2
Event: 1.247 loading class com/android/dx/rop/code/RegisterSpec$1
Event: 1.247 loading class com/android/dx/rop/code/RegisterSpec$1 done


Dynamic libraries:
0x00007ff6a7a20000 - 0x00007ff6a7a51000 	D:\Program Files\Android\Android Studio\jre\bin\java.exe
0x00007fffec7f0000 - 0x00007fffec9c1000 	C:\WINDOWS\SYSTEM32\ntdll.dll
0x00007fffeb1d0000 - 0x00007fffeb27c000 	C:\WINDOWS\System32\KERNEL32.DLL
0x00007fffe96e0000 - 0x00007fffe98fd000 	C:\WINDOWS\System32\KERNELBASE.dll
0x00007fffe9e60000 - 0x00007fffe9f02000 	C:\WINDOWS\System32\ADVAPI32.dll
0x00007fffeaaa0000 - 0x00007fffeab3e000 	C:\WINDOWS\System32\msvcrt.dll
0x00007fffec790000 - 0x00007fffec7e9000 	C:\WINDOWS\System32\sechost.dll
0x00007fffea970000 - 0x00007fffeaa91000 	C:\WINDOWS\System32\RPCRT4.dll
0x00007fffeac40000 - 0x00007fffeada5000 	C:\WINDOWS\System32\USER32.dll
0x00007fffe9d10000 - 0x00007fffe9d2e000 	C:\WINDOWS\System32\win32u.dll
0x00007fffea180000 - 0x00007fffea1b4000 	C:\WINDOWS\System32\GDI32.dll
0x00007fffe9b80000 - 0x00007fffe9d02000 	C:\WINDOWS\System32\gdi32full.dll
0x00007fffe41c0000 - 0x00007fffe443a000 	C:\WINDOWS\WinSxS\amd64_microsoft.windows.common-controls_6595b64144ccf1df_6.0.14393.953_none_42151e83c686086b\COMCTL32.dll
0x00007fffea600000 - 0x00007fffea8c8000 	C:\WINDOWS\System32\combase.dll
0x00007fffe8ce0000 - 0x00007fffe8dd5000 	C:\WINDOWS\System32\ucrtbase.dll
0x00007fffe9670000 - 0x00007fffe96da000 	C:\WINDOWS\System32\bcryptPrimitives.dll
0x00007fffe9da0000 - 0x00007fffe9dce000 	C:\WINDOWS\System32\IMM32.DLL
0x0000000063d40000 - 0x0000000063e12000 	D:\Program Files\Android\Android Studio\jre\jre\bin\msvcr100.dll
0x0000000062840000 - 0x000000006307c000 	D:\Program Files\Android\Android Studio\jre\jre\bin\server\jvm.dll
0x00007fffe9e40000 - 0x00007fffe9e48000 	C:\WINDOWS\System32\PSAPI.DLL
0x00007fffdc320000 - 0x00007fffdc329000 	C:\WINDOWS\SYSTEM32\WSOCK32.dll
0x00007fffea110000 - 0x00007fffea17a000 	C:\WINDOWS\System32\WS2_32.dll
0x00007fffe6c20000 - 0x00007fffe6c43000 	C:\WINDOWS\SYSTEM32\WINMM.dll
0x00007fffe4cf0000 - 0x00007fffe4cfa000 	C:\WINDOWS\SYSTEM32\VERSION.dll
0x00007fffe6b00000 - 0x00007fffe6b2b000 	C:\WINDOWS\SYSTEM32\WINMMBASE.dll
0x00007fffe9d30000 - 0x00007fffe9d72000 	C:\WINDOWS\System32\cfgmgr32.dll
0x00007fffe63f0000 - 0x00007fffe63ff000 	D:\Program Files\Android\Android Studio\jre\jre\bin\verify.dll
0x00007fffe4bc0000 - 0x00007fffe4be9000 	D:\Program Files\Android\Android Studio\jre\jre\bin\java.dll
0x00007fffe63d0000 - 0x00007fffe63e6000 	D:\Program Files\Android\Android Studio\jre\jre\bin\zip.dll
0x00007fffeb280000 - 0x00007fffec788000 	C:\WINDOWS\System32\SHELL32.dll
0x00007fffe8e80000 - 0x00007fffe955a000 	C:\WINDOWS\System32\windows.storage.dll
0x00007fffe8c50000 - 0x00007fffe8c9c000 	C:\WINDOWS\System32\powrprof.dll
0x00007fffea050000 - 0x00007fffea0a2000 	C:\WINDOWS\System32\shlwapi.dll
0x00007fffe8cd0000 - 0x00007fffe8cdf000 	C:\WINDOWS\System32\kernel.appcore.dll
0x00007fffe9560000 - 0x00007fffe9609000 	C:\WINDOWS\System32\shcore.dll
0x00007fffe8ca0000 - 0x00007fffe8cb4000 	C:\WINDOWS\System32\profapi.dll

VM Arguments:
jvm_args: -Djava.awt.headless=true -Xmx1024M -Dfile.encoding=GBK -Duser.country=CN -Duser.language=zh -Duser.variant 
java_command: com.android.dx.command.Main --dex --force-jumbo --num-threads=4 --multi-dex --output D:\musicbean\app\build\intermediates\transforms\dex\baidu\debug\folders\1000\2\gson-2.4_8489059599ebc9ff2b3813a253a5fc490bbaa22f D:\musicbean\app\libs\gson-2.4.jar
java_class_path (initial): D:\SDK\build-tools\25.0.0\lib\dx.jar
Launcher Type: SUN_STANDARD

Environment Variables:
JAVA_HOME=C:\Program Files\Java\jdk1.8.0_101
CLASSPATH=.;C:\Program Files\Java\jdk1.8.0_101\lib;
PATH=C:\ProgramData\Oracle\Java\javapath;C:\WINDOWS\system32;C:\WINDOWS;C:\WINDOWS\System32\Wbem;C:\WINDOWS\System32\WindowsPowerShell\v1.0\;C:\Program Files\Java\jdk1.8.0_101\bin;C:\Program Files\Java\jdk1.8.0_101\jre\bin;D:\Git\cmd;C:\Users\Administrator\AppData\Local\Microsoft\WindowsApps;
USERNAME=Administrator
OS=Windows_NT
PROCESSOR_IDENTIFIER=Intel64 Family 6 Model 94 Stepping 3, GenuineIntel



---------------  S Y S T E M  ---------------

OS: Windows 10.0 , 64 bit Build 14393 (10.0.14393.1198)

CPU:total 4 (4 cores per cpu, 1 threads per core) family 6 model 94 stepping 3, cmov, cx8, fxsr, mmx, sse, sse2, sse3, ssse3, sse4.1, sse4.2, popcnt, avx, avx2, aes, clmul, erms, rtm, 3dnowpref, lzcnt, tsc, tscinvbit, bmi1, bmi2, adx

Memory: 4k page, physical 8299524k(2165536k free), swap 14749720k(51148k free)

vm_info: OpenJDK 64-Bit Server VM (25.112-b06) for windows-amd64 JRE (1.8.0_112-release-b06), built on Dec  8 2016 00:54:26 by "builder" with MS VC++ 10.0 (VS2010)

time: Tue May 23 11:30:00 2017
elapsed time: 1 seconds (0d 0h 0m 1s)

