#
# There is insufficient memory for the Java Runtime Environment to continue.
# Native memory allocation (malloc) failed to allocate 55200 bytes for Chunk::new
# Possible reasons:
#   The system is out of physical RAM or swap space
#   In 32 bit mode, the process size limit was hit
# Possible solutions:
#   Reduce memory load on the system
#   Increase physical memory or swap space
#   Check if swap backing store is full
#   Use 64 bit Java on a 64 bit OS
#   Decrease Java heap size (-Xmx/-Xms)
#   Decrease number of Java threads
#   Decrease Java thread stack sizes (-Xss)
#   Set larger code cache with -XX:ReservedCodeCacheSize=
# This output file may be truncated or incomplete.
#
#  Out of Memory Error (allocation.cpp:390), pid=32912, tid=0x0000000000008170
#
# JRE version: OpenJDK Runtime Environment (8.0_112-b06) (build 1.8.0_112-release-b06)
# Java VM: OpenJDK 64-Bit Server VM (25.112-b06 mixed mode windows-amd64 compressed oops)
# Failed to write core dump. Minidumps are not enabled by default on client versions of Windows
#

---------------  T H R E A D  ---------------

Current thread (0x0000000014d10000):  JavaThread "C2 CompilerThread0" daemon [_thread_in_native, id=33136, stack(0x0000000016650000,0x0000000016750000)]

Stack: [0x0000000016650000,0x0000000016750000]
[error occurred during error reporting (printing stack bounds), id 0xc0000005]

Native frames: (J=compiled Java code, j=interpreted, Vv=VM code, C=native code)


Current CompileTask:
C2:   1157  879       4       com.android.dx.ssa.NormalSsaInsn::accept (25 bytes)


---------------  P R O C E S S  ---------------

Java Threads: ( => current thread )
  0x00000000162bd000 JavaThread "pool-2-thread-4" [_thread_in_vm, id=33232, stack(0x0000000016f50000,0x0000000017050000)]
  0x00000000162bc000 JavaThread "pool-2-thread-3" [_thread_blocked, id=33224, stack(0x0000000016e50000,0x0000000016f50000)]
  0x00000000162ba800 JavaThread "pool-2-thread-2" [_thread_in_Java, id=33220, stack(0x0000000016d50000,0x0000000016e50000)]
  0x00000000161c0800 JavaThread "pool-3-thread-1" [_thread_blocked, id=33216, stack(0x0000000016c50000,0x0000000016d50000)]
  0x00000000161bc000 JavaThread "pool-2-thread-1" [_thread_in_Java, id=33212, stack(0x0000000016b50000,0x0000000016c50000)]
  0x00000000160af000 JavaThread "Service Thread" daemon [_thread_blocked, id=33172, stack(0x0000000016950000,0x0000000016a50000)]
  0x00000000160a7000 JavaThread "C1 CompilerThread2" daemon [_thread_in_native, id=33156, stack(0x0000000016850000,0x0000000016950000)]
  0x0000000014d58800 JavaThread "C2 CompilerThread1" daemon [_thread_in_native, id=33144, stack(0x0000000016750000,0x0000000016850000)]
=>0x0000000014d10000 JavaThread "C2 CompilerThread0" daemon [_thread_in_native, id=33136, stack(0x0000000016650000,0x0000000016750000)]
  0x0000000014d57800 JavaThread "Attach Listener" daemon [_thread_blocked, id=33132, stack(0x0000000016550000,0x0000000016650000)]
  0x0000000016058800 JavaThread "Signal Dispatcher" daemon [_thread_blocked, id=33128, stack(0x0000000016450000,0x0000000016550000)]
  0x0000000002625800 JavaThread "Finalizer" daemon [_thread_blocked, id=33104, stack(0x0000000015f50000,0x0000000016050000)]
  0x0000000002620000 JavaThread "Reference Handler" daemon [_thread_blocked, id=33100, stack(0x0000000015e50000,0x0000000015f50000)]
  0x000000000252d800 JavaThread "main" [_thread_in_Java, id=33032, stack(0x0000000002400000,0x0000000002500000)]

Other Threads:
  0x0000000014cc4800 VMThread [stack: 0x0000000015d50000,0x0000000015e50000] [id=33092]
  0x00000000160b1000 WatcherThread [stack: 0x0000000016a50000,0x0000000016b50000] [id=33176]

VM state:not at safepoint (normal execution)

VM Mutex/Monitor currently owned by a thread: None

Heap:
 PSYoungGen      total 38400K, used 25566K [0x00000000eab00000, 0x00000000ed580000, 0x0000000100000000)
  eden space 33280K, 76% used [0x00000000eab00000,0x00000000ec3f7b18,0x00000000ecb80000)
  from space 5120K, 0% used [0x00000000ed080000,0x00000000ed080000,0x00000000ed580000)
  to   space 5120K, 0% used [0x00000000ecb80000,0x00000000ecb80000,0x00000000ed080000)
 ParOldGen       total 87552K, used 0K [0x00000000c0000000, 0x00000000c5580000, 0x00000000eab00000)
  object space 87552K, 0% used [0x00000000c0000000,0x00000000c0000000,0x00000000c5580000)
 Metaspace       used 5673K, capacity 6832K, committed 7040K, reserved 1056768K
  class space    used 560K, capacity 616K, committed 640K, reserved 1048576K

Card table byte_map: [0x00000000119f0000,0x0000000011c00000] byte_map_base: 0x00000000113f0000

Marking Bits: (ParMarkBitMap*) 0x00000000630018f0
 Begin Bits: [0x0000000012160000, 0x0000000013160000)
 End Bits:   [0x0000000013160000, 0x0000000014160000)

Polling page: 0x0000000000450000

CodeCache: size=245760Kb used=3698Kb max_used=3698Kb free=242061Kb
 bounds [0x0000000002630000, 0x00000000029d0000, 0x0000000011630000]
 total_blobs=1136 nmethods=873 adapters=177
 compilation: enabled

Compilation events (10 events):
Event: 1.148 Thread 0x00000000160a7000 nmethod 892 0x00000000029b4cd0 code [0x00000000029b5080, 0x00000000029b7128]
Event: 1.149 Thread 0x00000000160a7000  913       3       com.android.dx.cf.code.BaseMachine::popArgs (62 bytes)
Event: 1.149 Thread 0x00000000160a7000 nmethod 913 0x00000000029a08d0 code [0x00000000029a0a80, 0x00000000029a1118]
Event: 1.149 Thread 0x00000000160a7000  907       3       com.android.dx.cf.code.ByteBlock::<init> (181 bytes)
Event: 1.149 Thread 0x00000000160a7000 nmethod 907 0x00000000029adc90 code [0x00000000029adf60, 0x00000000029af268]
Event: 1.149 Thread 0x00000000160a7000  916   !   3       com.android.dx.cf.code.Ropper::processBlock (1101 bytes)
Event: 1.151 Thread 0x0000000014d58800 nmethod 882 0x00000000029bb910 code [0x00000000029bbaa0, 0x00000000029bc188]
Event: 1.151 Thread 0x0000000014d58800  906       4       com.android.dx.cf.code.Ropper::labelToResultIndex (47 bytes)
Event: 1.154 Thread 0x0000000014d58800 nmethod 906 0x00000000029a0350 code [0x00000000029a04a0, 0x00000000029a0738]
Event: 1.154 Thread 0x0000000014d58800  912       4       com.android.dx.ssa.back.LivenessAnalyzer::handleTailRecursion (94 bytes)

GC Heap History (0 events):
No events

Deoptimization events (6 events):
Event: 0.701 Thread 0x000000000252d800 Uncommon trap: reason=unstable_if action=reinterpret pc=0x000000000281c664 method=java.util.HashMap.getNode(ILjava/lang/Object;)Ljava/util/HashMap$Node; @ 129
Event: 1.021 Thread 0x000000000252d800 Uncommon trap: reason=unloaded action=reinterpret pc=0x00000000027e0bf0 method=com.android.dx.cf.cst.ConstantPoolParser.parse0(ILjava/util/BitSet;)Lcom/android/dx/rop/cst/Constant; @ 176
Event: 1.027 Thread 0x000000000252d800 Uncommon trap: reason=unstable_if action=reinterpret pc=0x00000000028893cc method=com.android.dx.rop.code.RegisterSpec.equals(ILcom/android/dx/rop/type/TypeBearer;Lcom/android/dx/rop/code/LocalItem;)Z @ 24
Event: 1.061 Thread 0x00000000161bc000 Uncommon trap: reason=unloaded action=reinterpret pc=0x000000000288e9ac method=com.android.dx.ssa.SsaRenamer$BlockRenamer.visitMoveInsn(Lcom/android/dx/ssa/NormalSsaInsn;)V @ 208
Event: 1.096 Thread 0x00000000162bd000 Uncommon trap: reason=unstable_if action=reinterpret pc=0x000000000298dc78 method=com.android.dx.rop.code.RegisterSpec.equals(ILcom/android/dx/rop/type/TypeBearer;Lcom/android/dx/rop/code/LocalItem;)Z @ 16
Event: 1.135 Thread 0x00000000162bd000 Uncommon trap: reason=unstable_if action=reinterpret pc=0x000000000286b1f8 method=java.util.BitSet.ensureCapacity(I)V @ 6

Internal exceptions (2 events):
Event: 0.059 Thread 0x000000000252d800 Exception <a 'java/lang/NoSuchMethodError': Method sun.misc.Unsafe.defineClass(Ljava/lang/String;[BII)Ljava/lang/Class; name or signature does not match> (0x00000000eab07c78) thrown at [C:\src\android\AOSP-openjdk\external\jetbrains\jdk\hotspot\src\share\v∆LÊpÆ?
Event: 0.059 Thread 0x000000000252d800 Exception <a 'java/lang/NoSuchMethodError': Method sun.misc.Unsafe.prefetchRead(Ljava/lang/Object;J)V name or signature does not match> (0x00000000eab07f60) thrown at [C:\src\android\AOSP-openjdk\external\jetbrains\jdk\hotspot\src\share\vm\prims\jni.cpp, l

Events (10 events):
Event: 1.096 Thread 0x00000000162bd000 DEOPT UNPACKING pc=0x000000000267556a sp=0x000000001704e388 mode 2
Event: 1.096 loading class java/util/HashMap$Values
Event: 1.096 loading class java/util/HashMap$Values done
Event: 1.096 loading class java/util/HashMap$ValueIterator
Event: 1.096 loading class java/util/HashMap$ValueIterator done
Event: 1.135 Thread 0x00000000162bd000 Uncommon trap: trap_request=0xffffff65 fr.pc=0x000000000286b1f8
Event: 1.135 Thread 0x00000000162bd000 DEOPT PACKING pc=0x000000000286b1f8 sp=0x000000001704efb0
Event: 1.135 Thread 0x00000000162bd000 DEOPT UNPACKING pc=0x000000000267556a sp=0x000000001704ee88 mode 2
Event: 1.150 loading class com/android/dx/dex/file/MethodAnnotationStruct
Event: 1.150 loading class com/android/dx/dex/file/MethodAnnotationStruct done


Dynamic libraries:
0x00007ff636230000 - 0x00007ff636261000 	D:\Program Files\Android\Android Studio\jre\bin\java.exe
0x00007fffec7f0000 - 0x00007fffec9c1000 	C:\WINDOWS\SYSTEM32\ntdll.dll
0x00007fffeb1d0000 - 0x00007fffeb27c000 	C:\WINDOWS\System32\KERNEL32.DLL
0x00007fffe96e0000 - 0x00007fffe98fd000 	C:\WINDOWS\System32\KERNELBASE.dll
0x00007fffe9e60000 - 0x00007fffe9f02000 	C:\WINDOWS\System32\ADVAPI32.dll
0x00007fffeaaa0000 - 0x00007fffeab3e000 	C:\WINDOWS\System32\msvcrt.dll
0x00007fffec790000 - 0x00007fffec7e9000 	C:\WINDOWS\System32\sechost.dll
0x00007fffea970000 - 0x00007fffeaa91000 	C:\WINDOWS\System32\RPCRT4.dll
0x00007fffeac40000 - 0x00007fffeada5000 	C:\WINDOWS\System32\USER32.dll
0x00007fffe9d10000 - 0x00007fffe9d2e000 	C:\WINDOWS\System32\win32u.dll
0x00007fffea180000 - 0x00007fffea1b4000 	C:\WINDOWS\System32\GDI32.dll
0x00007fffe9b80000 - 0x00007fffe9d02000 	C:\WINDOWS\System32\gdi32full.dll
0x00007fffe41c0000 - 0x00007fffe443a000 	C:\WINDOWS\WinSxS\amd64_microsoft.windows.common-controls_6595b64144ccf1df_6.0.14393.953_none_42151e83c686086b\COMCTL32.dll
0x00007fffea600000 - 0x00007fffea8c8000 	C:\WINDOWS\System32\combase.dll
0x00007fffe8ce0000 - 0x00007fffe8dd5000 	C:\WINDOWS\System32\ucrtbase.dll
0x00007fffe9670000 - 0x00007fffe96da000 	C:\WINDOWS\System32\bcryptPrimitives.dll
0x00007fffe9da0000 - 0x00007fffe9dce000 	C:\WINDOWS\System32\IMM32.DLL
0x0000000063d40000 - 0x0000000063e12000 	D:\Program Files\Android\Android Studio\jre\jre\bin\msvcr100.dll
0x0000000062840000 - 0x000000006307c000 	D:\Program Files\Android\Android Studio\jre\jre\bin\server\jvm.dll
0x00007fffe9e40000 - 0x00007fffe9e48000 	C:\WINDOWS\System32\PSAPI.DLL
0x00007fffdc320000 - 0x00007fffdc329000 	C:\WINDOWS\SYSTEM32\WSOCK32.dll
0x00007fffea110000 - 0x00007fffea17a000 	C:\WINDOWS\System32\WS2_32.dll
0x00007fffe6c20000 - 0x00007fffe6c43000 	C:\WINDOWS\SYSTEM32\WINMM.dll
0x00007fffe4cf0000 - 0x00007fffe4cfa000 	C:\WINDOWS\SYSTEM32\VERSION.dll
0x00007fffe6b00000 - 0x00007fffe6b2b000 	C:\WINDOWS\SYSTEM32\WINMMBASE.dll
0x00007fffe9d30000 - 0x00007fffe9d72000 	C:\WINDOWS\System32\cfgmgr32.dll
0x00007fffe63f0000 - 0x00007fffe63ff000 	D:\Program Files\Android\Android Studio\jre\jre\bin\verify.dll
0x00007fffe4bc0000 - 0x00007fffe4be9000 	D:\Program Files\Android\Android Studio\jre\jre\bin\java.dll
0x00007fffe63d0000 - 0x00007fffe63e6000 	D:\Program Files\Android\Android Studio\jre\jre\bin\zip.dll
0x00007fffeb280000 - 0x00007fffec788000 	C:\WINDOWS\System32\SHELL32.dll
0x00007fffe8e80000 - 0x00007fffe955a000 	C:\WINDOWS\System32\windows.storage.dll
0x00007fffe8c50000 - 0x00007fffe8c9c000 	C:\WINDOWS\System32\powrprof.dll
0x00007fffea050000 - 0x00007fffea0a2000 	C:\WINDOWS\System32\shlwapi.dll
0x00007fffe8cd0000 - 0x00007fffe8cdf000 	C:\WINDOWS\System32\kernel.appcore.dll
0x00007fffe9560000 - 0x00007fffe9609000 	C:\WINDOWS\System32\shcore.dll
0x00007fffe8ca0000 - 0x00007fffe8cb4000 	C:\WINDOWS\System32\profapi.dll

VM Arguments:
jvm_args: -Djava.awt.headless=true -Xmx1024M -Dfile.encoding=GBK -Duser.country=CN -Duser.language=zh -Duser.variant 
java_command: com.android.dx.command.Main --dex --force-jumbo --num-threads=4 --multi-dex --output D:\musicbean\app\build\intermediates\transforms\dex\baidu\debug\folders\1000\5\slice_9 D:\musicbean\app\build\intermediates\transforms\instantRunSlicer\baidu\debug\folders\1\5\slice_9
java_class_path (initial): D:\SDK\build-tools\25.0.0\lib\dx.jar
Launcher Type: SUN_STANDARD

Environment Variables:
JAVA_HOME=C:\Program Files\Java\jdk1.8.0_101
CLASSPATH=.;C:\Program Files\Java\jdk1.8.0_101\lib;
PATH=C:\ProgramData\Oracle\Java\javapath;C:\WINDOWS\system32;C:\WINDOWS;C:\WINDOWS\System32\Wbem;C:\WINDOWS\System32\WindowsPowerShell\v1.0\;C:\Program Files\Java\jdk1.8.0_101\bin;C:\Program Files\Java\jdk1.8.0_101\jre\bin;D:\Git\cmd;C:\Users\Administrator\AppData\Local\Microsoft\WindowsApps;
USERNAME=Administrator
OS=Windows_NT
PROCESSOR_IDENTIFIER=Intel64 Family 6 Model 94 Stepping 3, GenuineIntel



---------------  S Y S T E M  ---------------

OS: Windows 10.0 , 64 bit Build 14393 (10.0.14393.1198)

CPU:total 4 (4 cores per cpu, 1 threads per core) family 6 model 94 stepping 3, cmov, cx8, fxsr, mmx, sse, sse2, sse3, ssse3, sse4.1, sse4.2, popcnt, avx, avx2, aes, clmul, erms, rtm, 3dnowpref, lzcnt, tsc, tscinvbit, bmi1, bmi2, adx

Memory: 4k page, physical 8299524k(2508660k free), swap 14749720k(2040k free)

vm_info: OpenJDK 64-Bit Server VM (25.112-b06) for windows-amd64 JRE (1.8.0_112-release-b06), built on Dec  8 2016 00:54:26 by "builder" with MS VC++ 10.0 (VS2010)

time: Mon May 22 13:23:03 2017
elapsed time: 1 seconds (0d 0h 0m 1s)

