#
# There is insufficient memory for the Java Runtime Environment to continue.
# Native memory allocation (malloc) failed to allocate 32744 bytes for ChunkPool::allocate
# Possible reasons:
#   The system is out of physical RAM or swap space
#   In 32 bit mode, the process size limit was hit
# Possible solutions:
#   Reduce memory load on the system
#   Increase physical memory or swap space
#   Check if swap backing store is full
#   Use 64 bit Java on a 64 bit OS
#   Decrease Java heap size (-Xmx/-Xms)
#   Decrease number of Java threads
#   Decrease Java thread stack sizes (-Xss)
#   Set larger code cache with -XX:ReservedCodeCacheSize=
# This output file may be truncated or incomplete.
#
#  Out of Memory Error (allocation.cpp:273), pid=14460, tid=0x000000000000084c
#
# JRE version: OpenJDK Runtime Environment (8.0_112-b06) (build 1.8.0_112-release-b06)
# Java VM: OpenJDK 64-Bit Server VM (25.112-b06 mixed mode windows-amd64 compressed oops)
# Failed to write core dump. Minidumps are not enabled by default on client versions of Windows
#

---------------  T H R E A D  ---------------

Current thread (0x0000000016cd6800):  JavaThread "C1 CompilerThread2" daemon [_thread_in_native, id=2124, stack(0x0000000017480000,0x0000000017580000)]

Stack: [0x0000000017480000,0x0000000017580000]
[error occurred during error reporting (printing stack bounds), id 0xc0000005]

Native frames: (J=compiled Java code, j=interpreted, Vv=VM code, C=native code)


Current CompileTask:
C1:   3648  290   !   3       com.android.dx.cf.code.BytecodeArray::parseInstruction (2764 bytes)


---------------  P R O C E S S  ---------------

Java Threads: ( => current thread )
  0x0000000016f0a000 JavaThread "pool-2-thread-4" [_thread_blocked, id=13996, stack(0x0000000017b80000,0x0000000017c80000)]
  0x0000000016f07800 JavaThread "pool-2-thread-3" [_thread_in_native, id=12848, stack(0x0000000017a80000,0x0000000017b80000)]
  0x0000000016df3000 JavaThread "pool-2-thread-2" [_thread_blocked, id=9916, stack(0x0000000017980000,0x0000000017a80000)]
  0x0000000016def000 JavaThread "pool-3-thread-1" [_thread_blocked, id=15024, stack(0x0000000017880000,0x0000000017980000)]
  0x0000000016d51800 JavaThread "pool-2-thread-1" [_thread_in_Java, id=14244, stack(0x0000000017780000,0x0000000017880000)]
  0x0000000016cdc000 JavaThread "Service Thread" daemon [_thread_blocked, id=9224, stack(0x0000000017580000,0x0000000017680000)]
=>0x0000000016cd6800 JavaThread "C1 CompilerThread2" daemon [_thread_in_native, id=2124, stack(0x0000000017480000,0x0000000017580000)]
  0x000000001596e000 JavaThread "C2 CompilerThread1" daemon [_thread_blocked, id=4920, stack(0x0000000017380000,0x0000000017480000)]
  0x0000000015920000 JavaThread "C2 CompilerThread0" daemon [_thread_blocked, id=5656, stack(0x0000000017280000,0x0000000017380000)]
  0x0000000015967800 JavaThread "Attach Listener" daemon [_thread_blocked, id=13288, stack(0x0000000017180000,0x0000000017280000)]
  0x0000000016c88800 JavaThread "Signal Dispatcher" daemon [_thread_blocked, id=6048, stack(0x0000000017080000,0x0000000017180000)]
  0x0000000003235800 JavaThread "Finalizer" daemon [_thread_blocked, id=1876, stack(0x0000000016b80000,0x0000000016c80000)]
  0x0000000003230000 JavaThread "Reference Handler" daemon [_thread_blocked, id=7472, stack(0x0000000016a80000,0x0000000016b80000)]
  0x000000000121d800 JavaThread "main" [_thread_blocked, id=13712, stack(0x0000000001460000,0x0000000001560000)]

Other Threads:
  0x00000000158d4800 VMThread [stack: 0x0000000016980000,0x0000000016a80000] [id=15012]
  0x0000000016cde000 WatcherThread [stack: 0x0000000017680000,0x0000000017780000] [id=12760]

VM state:not at safepoint (normal execution)

VM Mutex/Monitor currently owned by a thread: None

Heap:
 PSYoungGen      total 38400K, used 8654K [0x00000000eab00000, 0x00000000ed580000, 0x0000000100000000)
  eden space 33280K, 26% used [0x00000000eab00000,0x00000000eb373858,0x00000000ecb80000)
  from space 5120K, 0% used [0x00000000ed080000,0x00000000ed080000,0x00000000ed580000)
  to   space 5120K, 0% used [0x00000000ecb80000,0x00000000ecb80000,0x00000000ed080000)
 ParOldGen       total 87552K, used 0K [0x00000000c0000000, 0x00000000c5580000, 0x00000000eab00000)
  object space 87552K, 0% used [0x00000000c0000000,0x00000000c0000000,0x00000000c5580000)
 Metaspace       used 4446K, capacity 5712K, committed 6016K, reserved 1058816K
  class space    used 469K, capacity 520K, committed 640K, reserved 1048576K

Card table byte_map: [0x0000000012600000,0x0000000012810000] byte_map_base: 0x0000000012000000

Marking Bits: (ParMarkBitMap*) 0x00000000630018f0
 Begin Bits: [0x0000000012d70000, 0x0000000013d70000)
 End Bits:   [0x0000000013d70000, 0x0000000014d70000)

Polling page: 0x0000000000df0000

CodeCache: size=245760Kb used=1787Kb max_used=1787Kb free=243972Kb
 bounds [0x0000000003240000, 0x00000000034b0000, 0x0000000012240000]
 total_blobs=547 nmethods=289 adapters=172
 compilation: enabled

Compilation events (10 events):
Event: 3.638 Thread 0x0000000016cd6800 nmethod 283 0x00000000033fdcd0 code [0x00000000033fdee0, 0x00000000033fec18]
Event: 3.644 Thread 0x0000000016cd6800  285       3       com.android.dx.rop.type.Type::equals (31 bytes)
Event: 3.644 Thread 0x0000000016cd6800 nmethod 285 0x00000000033fcd50 code [0x00000000033fcee0, 0x00000000033fd368]
Event: 3.644 Thread 0x0000000016cd6800  286       3       com.android.dx.rop.cst.CstInteger::getType (4 bytes)
Event: 3.644 Thread 0x0000000016cd6800 nmethod 286 0x00000000033fca10 code [0x00000000033fcb60, 0x00000000033fccb0]
Event: 3.644 Thread 0x0000000016cd6800  287       1       com.android.dx.rop.code.Rop::getBranchingness (5 bytes)
Event: 3.644 Thread 0x0000000016cd6800 nmethod 287 0x00000000033fc750 code [0x00000000033fc8a0, 0x00000000033fc9b0]
Event: 3.644 Thread 0x0000000016cd6800  288       3       com.android.dx.util.Bits::set (19 bytes)
Event: 3.644 Thread 0x0000000016cd6800 nmethod 288 0x00000000033ff590 code [0x00000000033ff6e0, 0x00000000033ff850]
Event: 3.644 Thread 0x0000000016cd6800  290   !   3       com.android.dx.cf.code.BytecodeArray::parseInstruction (2764 bytes)

GC Heap History (0 events):
No events

Deoptimization events (0 events):
No events

Internal exceptions (2 events):
Event: 0.614 Thread 0x000000000121d800 Exception <a 'java/lang/NoSuchMethodError': Method sun.misc.Unsafe.defineClass(Ljava/lang/String;[BII)Ljava/lang/Class; name or signature does not match> (0x00000000eab07c78) thrown at [C:\src\android\AOSP-openjdk\external\jetbrains\jdk\hotspot\src\share\vhмоснду?
Event: 0.614 Thread 0x000000000121d800 Exception <a 'java/lang/NoSuchMethodError': Method sun.misc.Unsafe.prefetchRead(Ljava/lang/Object;J)V name or signature does not match> (0x00000000eab07f60) thrown at [C:\src\android\AOSP-openjdk\external\jetbrains\jdk\hotspot\src\share\vm\prims\jni.cpp, l

Events (10 events):
Event: 3.643 loading class com/android/dx/cf/code/Merger
Event: 3.643 loading class com/android/dx/cf/code/Merger done
Event: 3.645 loading class com/android/dx/rop/code/BasicBlockList
Event: 3.645 loading class com/android/dx/rop/code/BasicBlockList done
Event: 3.646 loading class com/android/dx/rop/code/Insn$Visitor
Event: 3.646 loading class com/android/dx/rop/code/Insn$Visitor done
Event: 3.646 loading class com/android/dx/rop/code/RopMethod
Event: 3.646 loading class com/android/dx/rop/code/RopMethod done
Event: 3.646 loading class com/android/dx/ssa/Optimizer
Event: 3.647 loading class com/android/dx/ssa/Optimizer done


Dynamic libraries:
0x00007ff636230000 - 0x00007ff636261000 	D:\Program Files\Android\Android Studio\jre\bin\java.exe
0x00007fffec7f0000 - 0x00007fffec9c1000 	C:\WINDOWS\SYSTEM32\ntdll.dll
0x00007fffeb1d0000 - 0x00007fffeb27c000 	C:\WINDOWS\System32\KERNEL32.DLL
0x00007fffe96e0000 - 0x00007fffe98fd000 	C:\WINDOWS\System32\KERNELBASE.dll
0x00007fffe9e60000 - 0x00007fffe9f02000 	C:\WINDOWS\System32\ADVAPI32.dll
0x00007fffeaaa0000 - 0x00007fffeab3e000 	C:\WINDOWS\System32\msvcrt.dll
0x00007fffec790000 - 0x00007fffec7e9000 	C:\WINDOWS\System32\sechost.dll
0x00007fffea970000 - 0x00007fffeaa91000 	C:\WINDOWS\System32\RPCRT4.dll
0x00007fffeac40000 - 0x00007fffeada5000 	C:\WINDOWS\System32\USER32.dll
0x00007fffe9d10000 - 0x00007fffe9d2e000 	C:\WINDOWS\System32\win32u.dll
0x00007fffea180000 - 0x00007fffea1b4000 	C:\WINDOWS\System32\GDI32.dll
0x00007fffe9b80000 - 0x00007fffe9d02000 	C:\WINDOWS\System32\gdi32full.dll
0x00007fffe41c0000 - 0x00007fffe443a000 	C:\WINDOWS\WinSxS\amd64_microsoft.windows.common-controls_6595b64144ccf1df_6.0.14393.953_none_42151e83c686086b\COMCTL32.dll
0x00007fffea600000 - 0x00007fffea8c8000 	C:\WINDOWS\System32\combase.dll
0x00007fffe8ce0000 - 0x00007fffe8dd5000 	C:\WINDOWS\System32\ucrtbase.dll
0x00007fffe9670000 - 0x00007fffe96da000 	C:\WINDOWS\System32\bcryptPrimitives.dll
0x00007fffe9da0000 - 0x00007fffe9dce000 	C:\WINDOWS\System32\IMM32.DLL
0x0000000063530000 - 0x0000000063602000 	D:\Program Files\Android\Android Studio\jre\jre\bin\msvcr100.dll
0x0000000062840000 - 0x000000006307c000 	D:\Program Files\Android\Android Studio\jre\jre\bin\server\jvm.dll
0x00007fffe9e40000 - 0x00007fffe9e48000 	C:\WINDOWS\System32\PSAPI.DLL
0x00007fffdc320000 - 0x00007fffdc329000 	C:\WINDOWS\SYSTEM32\WSOCK32.dll
0x00007fffea110000 - 0x00007fffea17a000 	C:\WINDOWS\System32\WS2_32.dll
0x00007fffe6c20000 - 0x00007fffe6c43000 	C:\WINDOWS\SYSTEM32\WINMM.dll
0x00007fffe4cf0000 - 0x00007fffe4cfa000 	C:\WINDOWS\SYSTEM32\VERSION.dll
0x00007fffe6b00000 - 0x00007fffe6b2b000 	C:\WINDOWS\SYSTEM32\WINMMBASE.dll
0x00007fffe9d30000 - 0x00007fffe9d72000 	C:\WINDOWS\System32\cfgmgr32.dll
0x00007fffe63d0000 - 0x00007fffe63df000 	D:\Program Files\Android\Android Studio\jre\jre\bin\verify.dll
0x00007fffdde50000 - 0x00007fffdde79000 	D:\Program Files\Android\Android Studio\jre\jre\bin\java.dll
0x00007fffe3930000 - 0x00007fffe3946000 	D:\Program Files\Android\Android Studio\jre\jre\bin\zip.dll
0x00007fffeb280000 - 0x00007fffec788000 	C:\WINDOWS\System32\SHELL32.dll
0x00007fffe8e80000 - 0x00007fffe955a000 	C:\WINDOWS\System32\windows.storage.dll
0x00007fffe8c50000 - 0x00007fffe8c9c000 	C:\WINDOWS\System32\powrprof.dll
0x00007fffea050000 - 0x00007fffea0a2000 	C:\WINDOWS\System32\shlwapi.dll
0x00007fffe8cd0000 - 0x00007fffe8cdf000 	C:\WINDOWS\System32\kernel.appcore.dll
0x00007fffe9560000 - 0x00007fffe9609000 	C:\WINDOWS\System32\shcore.dll
0x00007fffe8ca0000 - 0x00007fffe8cb4000 	C:\WINDOWS\System32\profapi.dll

VM Arguments:
jvm_args: -Djava.awt.headless=true -Xmx1024M -Dfile.encoding=GBK -Duser.country=CN -Duser.language=zh -Duser.variant 
java_command: com.android.dx.command.Main --dex --force-jumbo --num-threads=4 --multi-dex --output D:\musicbean\app\build\intermediates\transforms\dex\baidu\debug\folders\1000\5\slice_0 D:\musicbean\app\build\intermediates\transforms\instantRunSlicer\baidu\debug\folders\1\5\slice_0
java_class_path (initial): D:\SDK\build-tools\25.0.0\lib\dx.jar
Launcher Type: SUN_STANDARD

Environment Variables:
JAVA_HOME=C:\Program Files\Java\jdk1.8.0_101
CLASSPATH=.;C:\Program Files\Java\jdk1.8.0_101\lib;
PATH=C:\ProgramData\Oracle\Java\javapath;C:\WINDOWS\system32;C:\WINDOWS;C:\WINDOWS\System32\Wbem;C:\WINDOWS\System32\WindowsPowerShell\v1.0\;C:\Program Files\Java\jdk1.8.0_101\bin;C:\Program Files\Java\jdk1.8.0_101\jre\bin;D:\Git\cmd;C:\Users\Administrator\AppData\Local\Microsoft\WindowsApps;
USERNAME=Administrator
OS=Windows_NT
PROCESSOR_IDENTIFIER=Intel64 Family 6 Model 94 Stepping 3, GenuineIntel



---------------  S Y S T E M  ---------------

OS: Windows 10.0 , 64 bit Build 14393 (10.0.14393.1198)

CPU:total 4 (4 cores per cpu, 1 threads per core) family 6 model 94 stepping 3, cmov, cx8, fxsr, mmx, sse, sse2, sse3, ssse3, sse4.1, sse4.2, popcnt, avx, avx2, aes, clmul, erms, rtm, 3dnowpref, lzcnt, tsc, tscinvbit, bmi1, bmi2, adx

Memory: 4k page, physical 8299524k(2456304k free), swap 14749720k(3168k free)

vm_info: OpenJDK 64-Bit Server VM (25.112-b06) for windows-amd64 JRE (1.8.0_112-release-b06), built on Dec  8 2016 00:54:26 by "builder" with MS VC++ 10.0 (VS2010)

time: Wed May 17 13:59:02 2017
elapsed time: 3 seconds (0d 0h 0m 3s)

