#
# There is insufficient memory for the Java Runtime Environment to continue.
# Native memory allocation (malloc) failed to allocate 262160 bytes for Chunk::new
# Possible reasons:
#   The system is out of physical RAM or swap space
#   In 32 bit mode, the process size limit was hit
# Possible solutions:
#   Reduce memory load on the system
#   Increase physical memory or swap space
#   Check if swap backing store is full
#   Use 64 bit Java on a 64 bit OS
#   Decrease Java heap size (-Xmx/-Xms)
#   Decrease number of Java threads
#   Decrease Java thread stack sizes (-Xss)
#   Set larger code cache with -XX:ReservedCodeCacheSize=
# This output file may be truncated or incomplete.
#
#  Out of Memory Error (allocation.cpp:390), pid=4112, tid=0x0000000000009774
#
# JRE version: OpenJDK Runtime Environment (8.0_112-b06) (build 1.8.0_112-release-b06)
# Java VM: OpenJDK 64-Bit Server VM (25.112-b06 mixed mode windows-amd64 compressed oops)
# Failed to write core dump. Minidumps are not enabled by default on client versions of Windows
#

---------------  T H R E A D  ---------------

Current thread (0x00000000154f0800):  JavaThread "C2 CompilerThread0" daemon [_thread_in_native, id=38772, stack(0x0000000016e40000,0x0000000016f40000)]

Stack: [0x0000000016e40000,0x0000000016f40000]
[error occurred during error reporting (printing stack bounds), id 0xc0000005]

Native frames: (J=compiled Java code, j=interpreted, Vv=VM code, C=native code)


Current CompileTask:
C2:   2849 1080   !   4       com.android.dx.cf.code.BytecodeArray::parseInstruction (2764 bytes)


---------------  P R O C E S S  ---------------

Java Threads: ( => current thread )
  0x0000000016ae5000 JavaThread "pool-2-thread-4" [_thread_in_Java, id=40936, stack(0x0000000017740000,0x0000000017840000)]
  0x00000000169a0800 JavaThread "pool-2-thread-3" [_thread_blocked, id=30796, stack(0x0000000017640000,0x0000000017740000)]
  0x00000000169a8000 JavaThread "pool-2-thread-2" [_thread_in_Java, id=15020, stack(0x0000000017540000,0x0000000017640000)]
  0x000000001699e800 JavaThread "pool-3-thread-1" [_thread_blocked, id=33904, stack(0x0000000017440000,0x0000000017540000)]
  0x000000001699e000 JavaThread "pool-2-thread-1" [_thread_in_Java, id=6540, stack(0x0000000017340000,0x0000000017440000)]
  0x000000001689e000 JavaThread "Service Thread" daemon [_thread_blocked, id=28624, stack(0x0000000017140000,0x0000000017240000)]
  0x0000000016896800 JavaThread "C1 CompilerThread2" daemon [_thread_blocked, id=38004, stack(0x0000000017040000,0x0000000017140000)]
  0x000000001553e000 JavaThread "C2 CompilerThread1" daemon [_thread_in_native, id=37548, stack(0x0000000016f40000,0x0000000017040000)]
=>0x00000000154f0800 JavaThread "C2 CompilerThread0" daemon [_thread_in_native, id=38772, stack(0x0000000016e40000,0x0000000016f40000)]
  0x00000000154ef800 JavaThread "Attach Listener" daemon [_thread_blocked, id=15144, stack(0x0000000016d40000,0x0000000016e40000)]
  0x0000000016848800 JavaThread "Signal Dispatcher" daemon [_thread_blocked, id=8444, stack(0x0000000016c40000,0x0000000016d40000)]
  0x0000000002e05800 JavaThread "Finalizer" daemon [_thread_blocked, id=14208, stack(0x0000000016740000,0x0000000016840000)]
  0x0000000002e00000 JavaThread "Reference Handler" daemon [_thread_blocked, id=15064, stack(0x0000000016640000,0x0000000016740000)]
  0x0000000002c0d800 JavaThread "main" [_thread_blocked, id=28080, stack(0x0000000002ad0000,0x0000000002bd0000)]

Other Threads:
  0x00000000154a4800 VMThread [stack: 0x0000000016540000,0x0000000016640000] [id=40328]
  0x00000000168a0000 WatcherThread [stack: 0x0000000017240000,0x0000000017340000] [id=14952]

VM state:not at safepoint (normal execution)

VM Mutex/Monitor currently owned by a thread: None

Heap:
 PSYoungGen      total 38400K, used 15405K [0x00000000eab00000, 0x00000000ed580000, 0x0000000100000000)
  eden space 33280K, 30% used [0x00000000eab00000,0x00000000eb50f0d0,0x00000000ecb80000)
  from space 5120K, 99% used [0x00000000ecb80000,0x00000000ed07c6d0,0x00000000ed080000)
  to   space 5120K, 0% used [0x00000000ed080000,0x00000000ed080000,0x00000000ed580000)
 ParOldGen       total 87552K, used 2692K [0x00000000c0000000, 0x00000000c5580000, 0x00000000eab00000)
  object space 87552K, 3% used [0x00000000c0000000,0x00000000c02a1208,0x00000000c5580000)
 Metaspace       used 5723K, capacity 6832K, committed 7040K, reserved 1056768K
  class space    used 561K, capacity 616K, committed 640K, reserved 1048576K

Card table byte_map: [0x00000000121d0000,0x00000000123e0000] byte_map_base: 0x0000000011bd0000

Marking Bits: (ParMarkBitMap*) 0x00000000630418f0
 Begin Bits: [0x0000000012940000, 0x0000000013940000)
 End Bits:   [0x0000000013940000, 0x0000000014940000)

Polling page: 0x0000000000c60000

CodeCache: size=245760Kb used=4383Kb max_used=4396Kb free=241377Kb
 bounds [0x0000000002e10000, 0x0000000003260000, 0x0000000011e10000]
 total_blobs=1357 nmethods=1094 adapters=177
 compilation: enabled

Compilation events (10 events):
Event: 2.785 Thread 0x000000001553e000 nmethod 1071 0x0000000003256750 code [0x00000000032568c0, 0x0000000003256b18]
Event: 2.785 Thread 0x000000001553e000 1064       4       com.android.dx.ssa.back.RegisterAllocator::getDefinitionSpecForSsaReg (22 bytes)
Event: 2.787 Thread 0x000000001553e000 nmethod 1064 0x0000000003256050 code [0x00000000032561c0, 0x0000000003256428]
Event: 2.787 Thread 0x000000001553e000 1117   !   4       com.android.dx.cf.code.ExecutionStack::push (102 bytes)
Event: 2.789 Thread 0x000000001553e000 nmethod 1117 0x000000000325a450 code [0x000000000325a5c0, 0x000000000325a838]
Event: 2.789 Thread 0x000000001553e000 1118       4       com.android.dx.cf.code.RopperMachine::getSources (264 bytes)
Event: 2.802 Thread 0x000000001553e000 nmethod 1118 0x00000000032588d0 code [0x0000000003258ac0, 0x0000000003259538]
Event: 2.803 Thread 0x000000001553e000 1119       4       com.android.dx.cf.code.BaseMachine::storeResults (90 bytes)
Event: 2.813 Thread 0x000000001553e000 nmethod 1119 0x000000000325b050 code [0x000000000325b220, 0x000000000325bcf8]
Event: 2.813 Thread 0x000000001553e000 1122   !   4       com.android.dx.cf.code.Ropper::processBlock (1101 bytes)

GC Heap History (2 events):
Event: 2.428 GC heap before
{Heap before GC invocations=1 (full 0):
 PSYoungGen      total 38400K, used 33280K [0x00000000eab00000, 0x00000000ed580000, 0x0000000100000000)
  eden space 33280K, 100% used [0x00000000eab00000,0x00000000ecb80000,0x00000000ecb80000)
  from space 5120K, 0% used [0x00000000ed080000,0x00000000ed080000,0x00000000ed580000)
  to   space 5120K, 0% used [0x00000000ecb80000,0x00000000ecb80000,0x00000000ed080000)
 ParOldGen       total 87552K, used 0K [0x00000000c0000000, 0x00000000c5580000, 0x00000000eab00000)
  object space 87552K, 0% used [0x00000000c0000000,0x00000000c0000000,0x00000000c5580000)
 Metaspace       used 5714K, capacity 6832K, committed 7040K, reserved 1056768K
  class space    used 560K, capacity 616K, committed 640K, reserved 1048576K
Event: 2.701 GC heap after
Heap after GC invocations=1 (full 0):
 PSYoungGen      total 38400K, used 5105K [0x00000000eab00000, 0x00000000ed580000, 0x0000000100000000)
  eden space 33280K, 0% used [0x00000000eab00000,0x00000000eab00000,0x00000000ecb80000)
  from space 5120K, 99% used [0x00000000ecb80000,0x00000000ed07c6d0,0x00000000ed080000)
  to   space 5120K, 0% used [0x00000000ed080000,0x00000000ed080000,0x00000000ed580000)
 ParOldGen       total 87552K, used 2692K [0x00000000c0000000, 0x00000000c5580000, 0x00000000eab00000)
  object space 87552K, 3% used [0x00000000c0000000,0x00000000c02a1208,0x00000000c5580000)
 Metaspace       used 5714K, capacity 6832K, committed 7040K, reserved 1056768K
  class space    used 560K, capacity 616K, committed 640K, reserved 1048576K
}

Deoptimization events (8 events):
Event: 1.536 Thread 0x0000000002c0d800 Uncommon trap: reason=unstable_if action=reinterpret pc=0x0000000002ffb720 method=java.util.HashMap.getNode(ILjava/lang/Object;)Ljava/util/HashMap$Node; @ 129
Event: 1.932 Thread 0x00000000169a8000 Uncommon trap: reason=unstable_if action=reinterpret pc=0x00000000030cbeec method=com.android.dx.rop.code.RegisterSpec.equals(ILcom/android/dx/rop/type/TypeBearer;Lcom/android/dx/rop/code/LocalItem;)Z @ 24
Event: 1.937 Thread 0x00000000169a8000 Uncommon trap: reason=unloaded action=reinterpret pc=0x00000000030f9ac4 method=com.android.dx.ssa.SsaRenamer$BlockRenamer.visitMoveInsn(Lcom/android/dx/ssa/NormalSsaInsn;)V @ 208
Event: 1.937 Thread 0x00000000169a8000 Uncommon trap: reason=unloaded action=reinterpret pc=0x00000000030d0698 method=com.android.dx.ssa.SsaRenamer$BlockRenamer.visitMoveInsn(Lcom/android/dx/ssa/NormalSsaInsn;)V @ 208
Event: 1.963 Thread 0x0000000002c0d800 Uncommon trap: reason=unloaded action=reinterpret pc=0x0000000002fb6f30 method=com.android.dx.cf.cst.ConstantPoolParser.parse0(ILjava/util/BitSet;)Lcom/android/dx/rop/cst/Constant; @ 176
Event: 2.055 Thread 0x0000000016ae5000 Uncommon trap: reason=unstable_if action=reinterpret pc=0x00000000030a4074 method=java.util.BitSet.ensureCapacity(I)V @ 6
Event: 2.723 Thread 0x00000000169a8000 Uncommon trap: reason=unstable_if action=reinterpret pc=0x000000000322a404 method=com.android.dx.ssa.SsaRenamer$BlockRenamer.addMapping(ILcom/android/dx/rop/code/RegisterSpec;)V @ 120
Event: 2.736 Thread 0x00000000169a8000 Uncommon trap: reason=unstable_if action=reinterpret pc=0x000000000318e170 method=com.android.dx.rop.code.RegisterSpecSet.put(Lcom/android/dx/rop/code/RegisterSpec;)V @ 77

Internal exceptions (2 events):
Event: 0.596 Thread 0x0000000002c0d800 Exception <a 'java/lang/NoSuchMethodError': Method sun.misc.Unsafe.defineClass(Ljava/lang/String;[BII)Ljava/lang/Class; name or signature does not match> (0x00000000eab07c78) thrown at [C:\src\android\AOSP-openjdk\external\jetbrains\jdk\hotspot\src\share\vúè)Ôã?
Event: 0.596 Thread 0x0000000002c0d800 Exception <a 'java/lang/NoSuchMethodError': Method sun.misc.Unsafe.prefetchRead(Ljava/lang/Object;J)V name or signature does not match> (0x00000000eab07f60) thrown at [C:\src\android\AOSP-openjdk\external\jetbrains\jdk\hotspot\src\share\vm\prims\jni.cpp, l

Events (10 events):
Event: 2.721 loading class java/util/TreeMap$EntrySet
Event: 2.721 loading class java/util/TreeMap$EntrySet done
Event: 2.721 loading class java/util/TreeMap$EntryIterator
Event: 2.721 loading class java/util/TreeMap$EntryIterator done
Event: 2.723 Thread 0x00000000169a8000 Uncommon trap: trap_request=0xffffff65 fr.pc=0x000000000322a404
Event: 2.723 Thread 0x00000000169a8000 DEOPT PACKING pc=0x000000000322a404 sp=0x000000001763eba0
Event: 2.723 Thread 0x00000000169a8000 DEOPT UNPACKING pc=0x0000000002e5556a sp=0x000000001763eb30 mode 2
Event: 2.736 Thread 0x00000000169a8000 Uncommon trap: trap_request=0xffffff65 fr.pc=0x000000000318e170
Event: 2.736 Thread 0x00000000169a8000 DEOPT PACKING pc=0x000000000318e170 sp=0x000000001763ed60
Event: 2.736 Thread 0x00000000169a8000 DEOPT UNPACKING pc=0x0000000002e5556a sp=0x000000001763ec80 mode 2


Dynamic libraries:
0x00007ff6a7a20000 - 0x00007ff6a7a51000 	D:\Program Files\Android\Android Studio\jre\bin\java.exe
0x00007fffec7f0000 - 0x00007fffec9c1000 	C:\WINDOWS\SYSTEM32\ntdll.dll
0x00007fffeb1d0000 - 0x00007fffeb27c000 	C:\WINDOWS\System32\KERNEL32.DLL
0x00007fffe96e0000 - 0x00007fffe98fd000 	C:\WINDOWS\System32\KERNELBASE.dll
0x00007fffe9e60000 - 0x00007fffe9f02000 	C:\WINDOWS\System32\ADVAPI32.dll
0x00007fffeaaa0000 - 0x00007fffeab3e000 	C:\WINDOWS\System32\msvcrt.dll
0x00007fffec790000 - 0x00007fffec7e9000 	C:\WINDOWS\System32\sechost.dll
0x00007fffea970000 - 0x00007fffeaa91000 	C:\WINDOWS\System32\RPCRT4.dll
0x00007fffeac40000 - 0x00007fffeada5000 	C:\WINDOWS\System32\USER32.dll
0x00007fffe9d10000 - 0x00007fffe9d2e000 	C:\WINDOWS\System32\win32u.dll
0x00007fffea180000 - 0x00007fffea1b4000 	C:\WINDOWS\System32\GDI32.dll
0x00007fffe9b80000 - 0x00007fffe9d02000 	C:\WINDOWS\System32\gdi32full.dll
0x00007fffe41c0000 - 0x00007fffe443a000 	C:\WINDOWS\WinSxS\amd64_microsoft.windows.common-controls_6595b64144ccf1df_6.0.14393.953_none_42151e83c686086b\COMCTL32.dll
0x00007fffea600000 - 0x00007fffea8c8000 	C:\WINDOWS\System32\combase.dll
0x00007fffe8ce0000 - 0x00007fffe8dd5000 	C:\WINDOWS\System32\ucrtbase.dll
0x00007fffe9670000 - 0x00007fffe96da000 	C:\WINDOWS\System32\bcryptPrimitives.dll
0x00007fffe9da0000 - 0x00007fffe9dce000 	C:\WINDOWS\System32\IMM32.DLL
0x0000000063bb0000 - 0x0000000063c82000 	D:\Program Files\Android\Android Studio\jre\jre\bin\msvcr100.dll
0x0000000062880000 - 0x00000000630bc000 	D:\Program Files\Android\Android Studio\jre\jre\bin\server\jvm.dll
0x00007fffe9e40000 - 0x00007fffe9e48000 	C:\WINDOWS\System32\PSAPI.DLL
0x00007fffe6560000 - 0x00007fffe6569000 	C:\WINDOWS\SYSTEM32\WSOCK32.dll
0x00007fffea110000 - 0x00007fffea17a000 	C:\WINDOWS\System32\WS2_32.dll
0x00007fffe6c20000 - 0x00007fffe6c43000 	C:\WINDOWS\SYSTEM32\WINMM.dll
0x00007fffe4cf0000 - 0x00007fffe4cfa000 	C:\WINDOWS\SYSTEM32\VERSION.dll
0x00007fffe6b00000 - 0x00007fffe6b2b000 	C:\WINDOWS\SYSTEM32\WINMMBASE.dll
0x00007fffe9d30000 - 0x00007fffe9d72000 	C:\WINDOWS\System32\cfgmgr32.dll
0x00007fffe6550000 - 0x00007fffe655f000 	D:\Program Files\Android\Android Studio\jre\jre\bin\verify.dll
0x00007fffe4bc0000 - 0x00007fffe4be9000 	D:\Program Files\Android\Android Studio\jre\jre\bin\java.dll
0x00007fffe6410000 - 0x00007fffe6426000 	D:\Program Files\Android\Android Studio\jre\jre\bin\zip.dll
0x00007fffeb280000 - 0x00007fffec788000 	C:\WINDOWS\System32\SHELL32.dll
0x00007fffe8e80000 - 0x00007fffe955a000 	C:\WINDOWS\System32\windows.storage.dll
0x00007fffe8c50000 - 0x00007fffe8c9c000 	C:\WINDOWS\System32\powrprof.dll
0x00007fffea050000 - 0x00007fffea0a2000 	C:\WINDOWS\System32\shlwapi.dll
0x00007fffe8cd0000 - 0x00007fffe8cdf000 	C:\WINDOWS\System32\kernel.appcore.dll
0x00007fffe9560000 - 0x00007fffe9609000 	C:\WINDOWS\System32\shcore.dll
0x00007fffe8ca0000 - 0x00007fffe8cb4000 	C:\WINDOWS\System32\profapi.dll

VM Arguments:
jvm_args: -Djava.awt.headless=true -Xmx1024M -Dfile.encoding=GBK -Duser.country=CN -Duser.language=zh -Duser.variant 
java_command: com.android.dx.command.Main --dex --force-jumbo --num-threads=4 --multi-dex --output D:\musicbean\app\build\intermediates\transforms\dex\baidu\debug\folders\1000\5\slice_9 D:\musicbean\app\build\intermediates\transforms\instantRunSlicer\baidu\debug\folders\1\5\slice_9
java_class_path (initial): D:\SDK\build-tools\25.0.0\lib\dx.jar
Launcher Type: SUN_STANDARD

Environment Variables:
JAVA_HOME=C:\Program Files\Java\jdk1.8.0_101
CLASSPATH=.;C:\Program Files\Java\jdk1.8.0_101\lib;
PATH=C:\ProgramData\Oracle\Java\javapath;C:\WINDOWS\system32;C:\WINDOWS;C:\WINDOWS\System32\Wbem;C:\WINDOWS\System32\WindowsPowerShell\v1.0\;C:\Program Files\Java\jdk1.8.0_101\bin;C:\Program Files\Java\jdk1.8.0_101\jre\bin;D:\Git\cmd;C:\Users\Administrator\AppData\Local\Microsoft\WindowsApps;
USERNAME=Administrator
OS=Windows_NT
PROCESSOR_IDENTIFIER=Intel64 Family 6 Model 94 Stepping 3, GenuineIntel



---------------  S Y S T E M  ---------------

OS: Windows 10.0 , 64 bit Build 14393 (10.0.14393.1198)

CPU:total 4 (4 cores per cpu, 1 threads per core) family 6 model 94 stepping 3, cmov, cx8, fxsr, mmx, sse, sse2, sse3, ssse3, sse4.1, sse4.2, popcnt, avx, avx2, aes, clmul, erms, rtm, 3dnowpref, lzcnt, tsc, tscinvbit, bmi1, bmi2, adx

Memory: 4k page, physical 8299524k(1752288k free), swap 14749720k(3816k free)

vm_info: OpenJDK 64-Bit Server VM (25.112-b06) for windows-amd64 JRE (1.8.0_112-release-b06), built on Dec  8 2016 00:54:26 by "builder" with MS VC++ 10.0 (VS2010)

time: Tue May 23 15:44:41 2017
elapsed time: 2 seconds (0d 0h 0m 2s)

