#
# There is insufficient memory for the Java Runtime Environment to continue.
# Native memory allocation (malloc) failed to allocate 32744 bytes for ChunkPool::allocate
# Possible reasons:
#   The system is out of physical RAM or swap space
#   In 32 bit mode, the process size limit was hit
# Possible solutions:
#   Reduce memory load on the system
#   Increase physical memory or swap space
#   Check if swap backing store is full
#   Use 64 bit Java on a 64 bit OS
#   Decrease Java heap size (-Xmx/-Xms)
#   Decrease number of Java threads
#   Decrease Java thread stack sizes (-Xss)
#   Set larger code cache with -XX:ReservedCodeCacheSize=
# This output file may be truncated or incomplete.
#
#  Out of Memory Error (allocation.cpp:273), pid=34516, tid=0x000000000000963c
#
# JRE version: OpenJDK Runtime Environment (8.0_112-b06) (build 1.8.0_112-release-b06)
# Java VM: OpenJDK 64-Bit Server VM (25.112-b06 mixed mode windows-amd64 compressed oops)
# Failed to write core dump. Minidumps are not enabled by default on client versions of Windows
#

---------------  T H R E A D  ---------------

Current thread (0x0000000016783000):  JavaThread "C1 CompilerThread2" daemon [_thread_in_native, id=38460, stack(0x0000000016f30000,0x0000000017030000)]

Stack: [0x0000000016f30000,0x0000000017030000]
[error occurred during error reporting (printing stack bounds), id 0xc0000005]

Native frames: (J=compiled Java code, j=interpreted, Vv=VM code, C=native code)


Current CompileTask:
C1:    643  115   !   3       com.android.dx.cf.cst.ConstantPoolParser::parse0 (731 bytes)


---------------  P R O C E S S  ---------------

Java Threads: ( => current thread )
  0x00000000168ae000 JavaThread "pool-2-thread-4" [_thread_new, id=38072, stack(0x0000000000000000,0x0000000000000000)]
  0x00000000168ad000 JavaThread "pool-2-thread-3" [_thread_new, id=40752, stack(0x0000000000000000,0x0000000000000000)]
  0x000000001689c000 JavaThread "pool-2-thread-2" [_thread_new, id=39064, stack(0x0000000000000000,0x0000000000000000)]
  0x0000000016892000 JavaThread "pool-3-thread-1" [_thread_new, id=39296, stack(0x0000000000000000,0x0000000000000000)]
  0x0000000016891000 JavaThread "pool-2-thread-1" [_thread_in_vm, id=39544, stack(0x0000000017230000,0x0000000017330000)]
  0x0000000016788800 JavaThread "Service Thread" daemon [_thread_blocked, id=40068, stack(0x0000000017030000,0x0000000017130000)]
=>0x0000000016783000 JavaThread "C1 CompilerThread2" daemon [_thread_in_native, id=38460, stack(0x0000000016f30000,0x0000000017030000)]
  0x000000001542e000 JavaThread "C2 CompilerThread1" daemon [_thread_in_vm, id=36112, stack(0x0000000016e30000,0x0000000016f30000)]
  0x00000000153e0800 JavaThread "C2 CompilerThread0" daemon [_thread_in_vm, id=34600, stack(0x0000000016d30000,0x0000000016e30000)]
  0x00000000153df800 JavaThread "Attach Listener" daemon [_thread_blocked, id=39088, stack(0x0000000016c30000,0x0000000016d30000)]
  0x0000000016738800 JavaThread "Signal Dispatcher" daemon [_thread_blocked, id=39648, stack(0x0000000016b30000,0x0000000016c30000)]
  0x0000000002cf5800 JavaThread "Finalizer" daemon [_thread_blocked, id=39768, stack(0x0000000016630000,0x0000000016730000)]
  0x0000000002cf0000 JavaThread "Reference Handler" daemon [_thread_blocked, id=6192, stack(0x0000000016530000,0x0000000016630000)]
  0x0000000002afd800 JavaThread "main" [_thread_in_native, id=39144, stack(0x0000000002920000,0x0000000002a20000)]

Other Threads:
  0x0000000015394800 VMThread [stack: 0x0000000016430000,0x0000000016530000] [id=39732]
  0x000000001678b000 WatcherThread [stack: 0x0000000017130000,0x0000000017230000] [id=31840]

VM state:not at safepoint (normal execution)

VM Mutex/Monitor currently owned by a thread: None

Heap:
 PSYoungGen      total 38400K, used 4669K [0x00000000eab00000, 0x00000000ed580000, 0x0000000100000000)
  eden space 33280K, 14% used [0x00000000eab00000,0x00000000eaf8f668,0x00000000ecb80000)
  from space 5120K, 0% used [0x00000000ed080000,0x00000000ed080000,0x00000000ed580000)
  to   space 5120K, 0% used [0x00000000ecb80000,0x00000000ecb80000,0x00000000ed080000)
 ParOldGen       total 87552K, used 0K [0x00000000c0000000, 0x00000000c5580000, 0x00000000eab00000)
  object space 87552K, 0% used [0x00000000c0000000,0x00000000c0000000,0x00000000c5580000)
 Metaspace       used 3773K, capacity 5168K, committed 5376K, reserved 1056768K
  class space    used 414K, capacity 488K, committed 512K, reserved 1048576K

Card table byte_map: [0x00000000120c0000,0x00000000122d0000] byte_map_base: 0x0000000011ac0000

Marking Bits: (ParMarkBitMap*) 0x00000000630418f0
 Begin Bits: [0x0000000012830000, 0x0000000013830000)
 End Bits:   [0x0000000013830000, 0x0000000014830000)

Polling page: 0x0000000002530000

CodeCache: size=245760Kb used=1284Kb max_used=1284Kb free=244475Kb
 bounds [0x0000000002d00000, 0x0000000002f70000, 0x0000000011d00000]
 total_blobs=366 nmethods=114 adapters=166
 compilation: enabled

Compilation events (10 events):
Event: 0.620 Thread 0x0000000016783000 nmethod 108 0x0000000002e3e950 code [0x0000000002e3eaa0, 0x0000000002e3ebd0]
Event: 0.620 Thread 0x0000000016783000  109       3       java.lang.AbstractStringBuilder::<init> (12 bytes)
Event: 0.620 Thread 0x0000000016783000 nmethod 109 0x0000000002e3ec50 code [0x0000000002e3edc0, 0x0000000002e3f010]
Event: 0.620 Thread 0x0000000016783000  110       3       java.lang.System::getSecurityManager (4 bytes)
Event: 0.620 Thread 0x0000000016783000 nmethod 110 0x0000000002e3f0d0 code [0x0000000002e3f220, 0x0000000002e3f350]
Event: 0.623 Thread 0x0000000016783000  112       1       java.lang.Object::<init> (1 bytes)
Event: 0.623 Thread 0x0000000016783000 nmethod 112 0x0000000002e3f3d0 code [0x0000000002e3f520, 0x0000000002e3f630]
Event: 0.623 Thread 0x0000000016783000  113   !   3       com.android.dx.rop.cst.StdConstantPool::getOrNull (13 bytes)
Event: 0.624 Thread 0x0000000016783000 nmethod 113 0x0000000002e3f690 code [0x0000000002e3f880, 0x0000000002e40188]
Event: 0.624 Thread 0x0000000016783000  115   !   3       com.android.dx.cf.cst.ConstantPoolParser::parse0 (731 bytes)

GC Heap History (0 events):
No events

Deoptimization events (0 events):
No events

Internal exceptions (2 events):
Event: 0.221 Thread 0x0000000002afd800 Exception <a 'java/lang/NoSuchMethodError': Method sun.misc.Unsafe.defineClass(Ljava/lang/String;[BII)Ljava/lang/Class; name or signature does not match> (0x00000000eab07c78) thrown at [C:\src\android\AOSP-openjdk\external\jetbrains\jdk\hotspot\src\share\vÉ,·×QÌ?
Event: 0.221 Thread 0x0000000002afd800 Exception <a 'java/lang/NoSuchMethodError': Method sun.misc.Unsafe.prefetchRead(Ljava/lang/Object;J)V name or signature does not match> (0x00000000eab07f60) thrown at [C:\src\android\AOSP-openjdk\external\jetbrains\jdk\hotspot\src\share\vm\prims\jni.cpp, l

Events (10 events):
Event: 0.620 loading class java/util/concurrent/FutureTask done
Event: 0.620 loading class java/util/concurrent/FutureTask$WaitNode
Event: 0.620 loading class java/util/concurrent/FutureTask$WaitNode done
Event: 0.620 loading class java/util/concurrent/ThreadPoolExecutor$Worker
Event: 0.620 loading class java/util/concurrent/ThreadPoolExecutor$Worker done
Event: 0.620 Thread 0x0000000016891000 Thread added: 0x0000000016891000
Event: 0.620 loading class com/android/dx/command/dexer/Main$ClassDefItemConsumer
Event: 0.620 loading class com/android/dx/command/dexer/Main$ClassDefItemConsumer done
Event: 0.621 Thread 0x0000000016892000 Thread added: 0x0000000016892000
Event: 0.624 Thread 0x000000001689c000 Thread added: 0x000000001689c000


Dynamic libraries:
0x00007ff6a7a20000 - 0x00007ff6a7a51000 	D:\Program Files\Android\Android Studio\jre\bin\java.exe
0x00007fffec7f0000 - 0x00007fffec9c1000 	C:\WINDOWS\SYSTEM32\ntdll.dll
0x00007fffeb1d0000 - 0x00007fffeb27c000 	C:\WINDOWS\System32\KERNEL32.DLL
0x00007fffe96e0000 - 0x00007fffe98fd000 	C:\WINDOWS\System32\KERNELBASE.dll
0x00007fffe9e60000 - 0x00007fffe9f02000 	C:\WINDOWS\System32\ADVAPI32.dll
0x00007fffeaaa0000 - 0x00007fffeab3e000 	C:\WINDOWS\System32\msvcrt.dll
0x00007fffec790000 - 0x00007fffec7e9000 	C:\WINDOWS\System32\sechost.dll
0x00007fffea970000 - 0x00007fffeaa91000 	C:\WINDOWS\System32\RPCRT4.dll
0x00007fffeac40000 - 0x00007fffeada5000 	C:\WINDOWS\System32\USER32.dll
0x00007fffe9d10000 - 0x00007fffe9d2e000 	C:\WINDOWS\System32\win32u.dll
0x00007fffea180000 - 0x00007fffea1b4000 	C:\WINDOWS\System32\GDI32.dll
0x00007fffe9b80000 - 0x00007fffe9d02000 	C:\WINDOWS\System32\gdi32full.dll
0x00007fffe41c0000 - 0x00007fffe443a000 	C:\WINDOWS\WinSxS\amd64_microsoft.windows.common-controls_6595b64144ccf1df_6.0.14393.953_none_42151e83c686086b\COMCTL32.dll
0x00007fffea600000 - 0x00007fffea8c8000 	C:\WINDOWS\System32\combase.dll
0x00007fffe8ce0000 - 0x00007fffe8dd5000 	C:\WINDOWS\System32\ucrtbase.dll
0x00007fffe9670000 - 0x00007fffe96da000 	C:\WINDOWS\System32\bcryptPrimitives.dll
0x00007fffe9da0000 - 0x00007fffe9dce000 	C:\WINDOWS\System32\IMM32.DLL
0x0000000063bb0000 - 0x0000000063c82000 	D:\Program Files\Android\Android Studio\jre\jre\bin\msvcr100.dll
0x0000000062880000 - 0x00000000630bc000 	D:\Program Files\Android\Android Studio\jre\jre\bin\server\jvm.dll
0x00007fffe9e40000 - 0x00007fffe9e48000 	C:\WINDOWS\System32\PSAPI.DLL
0x00007fffe6560000 - 0x00007fffe6569000 	C:\WINDOWS\SYSTEM32\WSOCK32.dll
0x00007fffea110000 - 0x00007fffea17a000 	C:\WINDOWS\System32\WS2_32.dll
0x00007fffe6c20000 - 0x00007fffe6c43000 	C:\WINDOWS\SYSTEM32\WINMM.dll
0x00007fffe4cf0000 - 0x00007fffe4cfa000 	C:\WINDOWS\SYSTEM32\VERSION.dll
0x00007fffe6b00000 - 0x00007fffe6b2b000 	C:\WINDOWS\SYSTEM32\WINMMBASE.dll
0x00007fffe9d30000 - 0x00007fffe9d72000 	C:\WINDOWS\System32\cfgmgr32.dll
0x00007fffe6550000 - 0x00007fffe655f000 	D:\Program Files\Android\Android Studio\jre\jre\bin\verify.dll
0x00007fffe4bc0000 - 0x00007fffe4be9000 	D:\Program Files\Android\Android Studio\jre\jre\bin\java.dll
0x00007fffe6410000 - 0x00007fffe6426000 	D:\Program Files\Android\Android Studio\jre\jre\bin\zip.dll
0x00007fffeb280000 - 0x00007fffec788000 	C:\WINDOWS\System32\SHELL32.dll
0x00007fffe8e80000 - 0x00007fffe955a000 	C:\WINDOWS\System32\windows.storage.dll
0x00007fffe8c50000 - 0x00007fffe8c9c000 	C:\WINDOWS\System32\powrprof.dll
0x00007fffea050000 - 0x00007fffea0a2000 	C:\WINDOWS\System32\shlwapi.dll
0x00007fffe8cd0000 - 0x00007fffe8cdf000 	C:\WINDOWS\System32\kernel.appcore.dll
0x00007fffe9560000 - 0x00007fffe9609000 	C:\WINDOWS\System32\shcore.dll
0x00007fffe8ca0000 - 0x00007fffe8cb4000 	C:\WINDOWS\System32\profapi.dll

VM Arguments:
jvm_args: -Djava.awt.headless=true -Xmx1024M -Dfile.encoding=GBK -Duser.country=CN -Duser.language=zh -Duser.variant 
java_command: com.android.dx.command.Main --dex --force-jumbo --num-threads=4 --multi-dex --output D:\musicbean\app\build\intermediates\transforms\dex\baidu\debug\folders\1000\5\slice_7 D:\musicbean\app\build\intermediates\transforms\instantRunSlicer\baidu\debug\folders\1\5\slice_7
java_class_path (initial): D:\SDK\build-tools\25.0.0\lib\dx.jar
Launcher Type: SUN_STANDARD

Environment Variables:
JAVA_HOME=C:\Program Files\Java\jdk1.8.0_101
CLASSPATH=.;C:\Program Files\Java\jdk1.8.0_101\lib;
PATH=C:\ProgramData\Oracle\Java\javapath;C:\WINDOWS\system32;C:\WINDOWS;C:\WINDOWS\System32\Wbem;C:\WINDOWS\System32\WindowsPowerShell\v1.0\;C:\Program Files\Java\jdk1.8.0_101\bin;C:\Program Files\Java\jdk1.8.0_101\jre\bin;D:\Git\cmd;C:\Users\Administrator\AppData\Local\Microsoft\WindowsApps;
USERNAME=Administrator
OS=Windows_NT
PROCESSOR_IDENTIFIER=Intel64 Family 6 Model 94 Stepping 3, GenuineIntel



---------------  S Y S T E M  ---------------

OS: Windows 10.0 , 64 bit Build 14393 (10.0.14393.1198)

CPU:total 4 (4 cores per cpu, 1 threads per core) family 6 model 94 stepping 3, cmov, cx8, fxsr, mmx, sse, sse2, sse3, ssse3, sse4.1, sse4.2, popcnt, avx, avx2, aes, clmul, erms, rtm, 3dnowpref, lzcnt, tsc, tscinvbit, bmi1, bmi2, adx

Memory: 4k page, physical 8299524k(2069368k free), swap 14749720k(21388k free)

vm_info: OpenJDK 64-Bit Server VM (25.112-b06) for windows-amd64 JRE (1.8.0_112-release-b06), built on Dec  8 2016 00:54:26 by "builder" with MS VC++ 10.0 (VS2010)

time: Tue May 23 14:46:28 2017
elapsed time: 0 seconds (0d 0h 0m 0s)

