#
# There is insufficient memory for the Java Runtime Environment to continue.
# Native memory allocation (malloc) failed to allocate 227600 bytes for Chunk::new
# Possible reasons:
#   The system is out of physical RAM or swap space
#   In 32 bit mode, the process size limit was hit
# Possible solutions:
#   Reduce memory load on the system
#   Increase physical memory or swap space
#   Check if swap backing store is full
#   Use 64 bit Java on a 64 bit OS
#   Decrease Java heap size (-Xmx/-Xms)
#   Decrease number of Java threads
#   Decrease Java thread stack sizes (-Xss)
#   Set larger code cache with -XX:ReservedCodeCacheSize=
# This output file may be truncated or incomplete.
#
#  Out of Memory Error (allocation.cpp:390), pid=12664, tid=0x0000000000003208
#
# JRE version: OpenJDK Runtime Environment (8.0_112-b06) (build 1.8.0_112-release-b06)
# Java VM: OpenJDK 64-Bit Server VM (25.112-b06 mixed mode windows-amd64 compressed oops)
# Failed to write core dump. Minidumps are not enabled by default on client versions of Windows
#

---------------  T H R E A D  ---------------

Current thread (0x0000000015aab800):  JavaThread "C2 CompilerThread0" daemon [_thread_in_native, id=12808, stack(0x0000000017400000,0x0000000017500000)]

Stack: [0x0000000017400000,0x0000000017500000]
[error occurred during error reporting (printing stack bounds), id 0xc0000005]

Native frames: (J=compiled Java code, j=interpreted, Vv=VM code, C=native code)


Current CompileTask:
C2:   1265 1033       4       com.android.dx.ssa.DeadCodeRemover::isCircularNoSideEffect (140 bytes)


---------------  P R O C E S S  ---------------

Java Threads: ( => current thread )
  0x0000000017070800 JavaThread "pool-2-thread-4" [_thread_in_Java, id=36504, stack(0x0000000017d00000,0x0000000017e00000)]
  0x0000000017064800 JavaThread "pool-2-thread-3" [_thread_in_Java, id=33368, stack(0x0000000017c00000,0x0000000017d00000)]
  0x0000000016f78800 JavaThread "pool-2-thread-2" [_thread_in_Java, id=1200, stack(0x0000000017b00000,0x0000000017c00000)]
  0x0000000016f75000 JavaThread "pool-3-thread-1" [_thread_blocked, id=8748, stack(0x0000000017a00000,0x0000000017b00000)]
  0x0000000016f74000 JavaThread "pool-2-thread-1" [_thread_in_Java, id=39944, stack(0x0000000017900000,0x0000000017a00000)]
  0x0000000016e66800 JavaThread "Service Thread" daemon [_thread_blocked, id=37956, stack(0x0000000017700000,0x0000000017800000)]
  0x0000000016e61000 JavaThread "C1 CompilerThread2" daemon [_thread_blocked, id=5556, stack(0x0000000017600000,0x0000000017700000)]
  0x0000000015afa800 JavaThread "C2 CompilerThread1" daemon [_thread_in_native, id=15136, stack(0x0000000017500000,0x0000000017600000)]
=>0x0000000015aab800 JavaThread "C2 CompilerThread0" daemon [_thread_in_native, id=12808, stack(0x0000000017400000,0x0000000017500000)]
  0x0000000015af9800 JavaThread "Attach Listener" daemon [_thread_blocked, id=14144, stack(0x0000000017300000,0x0000000017400000)]
  0x0000000016e08800 JavaThread "Signal Dispatcher" daemon [_thread_blocked, id=32540, stack(0x0000000017200000,0x0000000017300000)]
  0x00000000033cb000 JavaThread "Finalizer" daemon [_thread_blocked, id=39792, stack(0x0000000016d00000,0x0000000016e00000)]
  0x00000000033c0000 JavaThread "Reference Handler" daemon [_thread_blocked, id=4008, stack(0x0000000016c00000,0x0000000016d00000)]
  0x00000000030cd800 JavaThread "main" [_thread_in_native, id=5052, stack(0x00000000030d0000,0x00000000031d0000)]

Other Threads:
  0x0000000015a64800 VMThread [stack: 0x0000000016b00000,0x0000000016c00000] [id=39652]
  0x0000000016e68800 WatcherThread [stack: 0x0000000017800000,0x0000000017900000] [id=3744]

VM state:not at safepoint (normal execution)

VM Mutex/Monitor currently owned by a thread: None

Heap:
 PSYoungGen      total 71680K, used 24120K [0x00000000eab00000, 0x00000000ef600000, 0x0000000100000000)
  eden space 66560K, 28% used [0x00000000eab00000,0x00000000ebd907b0,0x00000000eec00000)
  from space 5120K, 99% used [0x00000000ef100000,0x00000000ef5fdbf8,0x00000000ef600000)
  to   space 5120K, 0% used [0x00000000eec00000,0x00000000eec00000,0x00000000ef100000)
 ParOldGen       total 87552K, used 22349K [0x00000000c0000000, 0x00000000c5580000, 0x00000000eab00000)
  object space 87552K, 25% used [0x00000000c0000000,0x00000000c15d3600,0x00000000c5580000)
 Metaspace       used 5605K, capacity 6768K, committed 7040K, reserved 1056768K
  class space    used 556K, capacity 616K, committed 640K, reserved 1048576K

Card table byte_map: [0x0000000012790000,0x00000000129a0000] byte_map_base: 0x0000000012190000

Marking Bits: (ParMarkBitMap*) 0x00000000630418f0
 Begin Bits: [0x0000000012f00000, 0x0000000013f00000)
 End Bits:   [0x0000000013f00000, 0x0000000014f00000)

Polling page: 0x0000000001500000

CodeCache: size=245760Kb used=4376Kb max_used=4389Kb free=241383Kb
 bounds [0x00000000033d0000, 0x0000000003820000, 0x00000000123d0000]
 total_blobs=1260 nmethods=998 adapters=176
 compilation: enabled

Compilation events (10 events):
Event: 1.228 Thread 0x0000000016e61000 1038 %     3       com.android.dx.ssa.PhiInsn::predBlocksForReg @ 17 (73 bytes)
Event: 1.229 Thread 0x0000000015aab800 nmethod 1032 0x0000000003811410 code [0x0000000003811560, 0x0000000003811848]
Event: 1.229 Thread 0x0000000015aab800 1033       4       com.android.dx.ssa.DeadCodeRemover::isCircularNoSideEffect (140 bytes)
Event: 1.229 Thread 0x0000000016e61000 nmethod 1038% 0x0000000003817710 code [0x00000000038179a0, 0x0000000003818b48]
Event: 1.229 Thread 0x0000000016e61000 1041       3       com.android.dx.ssa.PhiInsn::predBlocksForReg (73 bytes)
Event: 1.230 Thread 0x0000000016e61000 nmethod 1041 0x000000000381bd50 code [0x000000000381bfc0, 0x000000000381d018]
Event: 1.230 Thread 0x0000000015afa800 nmethod 1012% 0x000000000381dbd0 code [0x000000000381ddc0, 0x000000000381ec78]
Event: 1.230 Thread 0x0000000015afa800 1039       4       com.android.dx.ssa.back.LivenessAnalyzer::handleTailRecursion (94 bytes)
Event: 1.249 Thread 0x0000000016e61000 1048       2       com.android.dx.rop.code.DexTranslationAdvice::totalRopWidth (36 bytes)
Event: 1.249 Thread 0x0000000016e61000 nmethod 1048 0x0000000003810d50 code [0x0000000003810ee0, 0x0000000003811188]

GC Heap History (4 events):
Event: 0.718 GC heap before
{Heap before GC invocations=1 (full 0):
 PSYoungGen      total 38400K, used 33280K [0x00000000eab00000, 0x00000000ed580000, 0x0000000100000000)
  eden space 33280K, 100% used [0x00000000eab00000,0x00000000ecb80000,0x00000000ecb80000)
  from space 5120K, 0% used [0x00000000ed080000,0x00000000ed080000,0x00000000ed580000)
  to   space 5120K, 0% used [0x00000000ecb80000,0x00000000ecb80000,0x00000000ed080000)
 ParOldGen       total 87552K, used 0K [0x00000000c0000000, 0x00000000c5580000, 0x00000000eab00000)
  object space 87552K, 0% used [0x00000000c0000000,0x00000000c0000000,0x00000000c5580000)
 Metaspace       used 5571K, capacity 6768K, committed 7040K, reserved 1056768K
  class space    used 555K, capacity 616K, committed 640K, reserved 1048576K
Event: 0.735 GC heap after
Heap after GC invocations=1 (full 0):
 PSYoungGen      total 38400K, used 5110K [0x00000000eab00000, 0x00000000ef600000, 0x0000000100000000)
  eden space 33280K, 0% used [0x00000000eab00000,0x00000000eab00000,0x00000000ecb80000)
  from space 5120K, 99% used [0x00000000ecb80000,0x00000000ed07d818,0x00000000ed080000)
  to   space 5120K, 0% used [0x00000000ef100000,0x00000000ef100000,0x00000000ef600000)
 ParOldGen       total 87552K, used 9814K [0x00000000c0000000, 0x00000000c5580000, 0x00000000eab00000)
  object space 87552K, 11% used [0x00000000c0000000,0x00000000c0995ba0,0x00000000c5580000)
 Metaspace       used 5571K, capacity 6768K, committed 7040K, reserved 1056768K
  class space    used 555K, capacity 616K, committed 640K, reserved 1048576K
}
Event: 1.116 GC heap before
{Heap before GC invocations=2 (full 0):
 PSYoungGen      total 38400K, used 38390K [0x00000000eab00000, 0x00000000ef600000, 0x0000000100000000)
  eden space 33280K, 100% used [0x00000000eab00000,0x00000000ecb80000,0x00000000ecb80000)
  from space 5120K, 99% used [0x00000000ecb80000,0x00000000ed07d818,0x00000000ed080000)
  to   space 5120K, 0% used [0x00000000ef100000,0x00000000ef100000,0x00000000ef600000)
 ParOldGen       total 87552K, used 9814K [0x00000000c0000000, 0x00000000c5580000, 0x00000000eab00000)
  object space 87552K, 11% used [0x00000000c0000000,0x00000000c0995ba0,0x00000000c5580000)
 Metaspace       used 5594K, capacity 6768K, committed 7040K, reserved 1056768K
  class space    used 556K, capacity 616K, committed 640K, reserved 1048576K
Event: 1.140 GC heap after
Heap after GC invocations=2 (full 0):
 PSYoungGen      total 71680K, used 5110K [0x00000000eab00000, 0x00000000ef600000, 0x0000000100000000)
  eden space 66560K, 0% used [0x00000000eab00000,0x00000000eab00000,0x00000000eec00000)
  from space 5120K, 99% used [0x00000000ef100000,0x00000000ef5fdbf8,0x00000000ef600000)
  to   space 5120K, 0% used [0x00000000eec00000,0x00000000eec00000,0x00000000ef100000)
 ParOldGen       total 87552K, used 22349K [0x00000000c0000000, 0x00000000c5580000, 0x00000000eab00000)
  object space 87552K, 25% used [0x00000000c0000000,0x00000000c15d3600,0x00000000c5580000)
 Metaspace       used 5594K, capacity 6768K, committed 7040K, reserved 1056768K
  class space    used 556K, capacity 616K, committed 640K, reserved 1048576K
}

Deoptimization events (6 events):
Event: 0.457 Thread 0x0000000017070800 Uncommon trap: reason=unstable_if action=reinterpret pc=0x00000000035a0f40 method=java.util.HashMap.getNode(ILjava/lang/Object;)Ljava/util/HashMap$Node; @ 62
Event: 0.659 Thread 0x0000000017064800 Uncommon trap: reason=class_check action=maybe_recompile pc=0x0000000003738d74 method=com.android.dx.cf.code.BytecodeArray.parseInstruction(ILcom/android/dx/cf/code/BytecodeArray$Visitor;)I @ 1130
Event: 0.660 Thread 0x0000000017064800 Uncommon trap: reason=class_check action=maybe_recompile pc=0x0000000003738d74 method=com.android.dx.cf.code.BytecodeArray.parseInstruction(ILcom/android/dx/cf/code/BytecodeArray$Visitor;)I @ 1130
Event: 0.660 Thread 0x0000000017064800 Uncommon trap: reason=class_check action=maybe_recompile pc=0x0000000003738d74 method=com.android.dx.cf.code.BytecodeArray.parseInstruction(ILcom/android/dx/cf/code/BytecodeArray$Visitor;)I @ 1130
Event: 0.661 Thread 0x0000000017064800 Uncommon trap: reason=class_check action=maybe_recompile pc=0x0000000003738d74 method=com.android.dx.cf.code.BytecodeArray.parseInstruction(ILcom/android/dx/cf/code/BytecodeArray$Visitor;)I @ 1130
Event: 0.742 Thread 0x0000000016f78800 Uncommon trap: reason=unstable_if action=reinterpret pc=0x00000000035e82f0 method=java.util.BitSet.nextSetBit(I)I @ 87

Internal exceptions (2 events):
Event: 0.115 Thread 0x00000000030cd800 Exception <a 'java/lang/NoSuchMethodError': Method sun.misc.Unsafe.defineClass(Ljava/lang/String;[BII)Ljava/lang/Class; name or signature does not match> (0x00000000eab07c78) thrown at [C:\src\android\AOSP-openjdk\external\jetbrains\jdk\hotspot\src\share\vR÷î|,j½?
Event: 0.115 Thread 0x00000000030cd800 Exception <a 'java/lang/NoSuchMethodError': Method sun.misc.Unsafe.prefetchRead(Ljava/lang/Object;J)V name or signature does not match> (0x00000000eab07f60) thrown at [C:\src\android\AOSP-openjdk\external\jetbrains\jdk\hotspot\src\share\vm\prims\jni.cpp, l

Events (10 events):
Event: 1.185 Thread 0x0000000017064800 DEOPT PACKING pc=0x00000000037e78c0 sp=0x0000000017cfe940
Event: 1.185 Thread 0x0000000017064800 DEOPT UNPACKING pc=0x00000000034175bf sp=0x0000000017cfe6e8 mode 0
Event: 1.214 Thread 0x0000000016f74000 DEOPT PACKING pc=0x00000000037d0294 sp=0x00000000179fe320
Event: 1.214 Thread 0x0000000016f74000 DEOPT UNPACKING pc=0x00000000034175bf sp=0x00000000179fe048 mode 0
Event: 1.229 Thread 0x0000000016f74000 DEOPT PACKING pc=0x00000000038135bc sp=0x00000000179fe490
Event: 1.229 Thread 0x0000000016f74000 DEOPT UNPACKING pc=0x00000000034175bf sp=0x00000000179fe230 mode 0
Event: 1.230 Thread 0x0000000016f74000 DEOPT PACKING pc=0x00000000038135bc sp=0x00000000179fe490
Event: 1.230 Thread 0x0000000016f74000 DEOPT UNPACKING pc=0x00000000034175bf sp=0x00000000179fe230 mode 0
Event: 1.237 Thread 0x0000000016f78800 DEOPT PACKING pc=0x00000000037298ed sp=0x0000000017bfeb40
Event: 1.237 Thread 0x0000000016f78800 DEOPT UNPACKING pc=0x00000000034175bf sp=0x0000000017bfe930 mode 0


Dynamic libraries:
0x00007ff720e80000 - 0x00007ff720eb1000 	D:\Program Files\Android\Android Studio\jre\bin\java.exe
0x00007fffec7f0000 - 0x00007fffec9c1000 	C:\WINDOWS\SYSTEM32\ntdll.dll
0x00007fffeb1d0000 - 0x00007fffeb27c000 	C:\WINDOWS\System32\KERNEL32.DLL
0x00007fffe96e0000 - 0x00007fffe98fd000 	C:\WINDOWS\System32\KERNELBASE.dll
0x00007fffe9e60000 - 0x00007fffe9f02000 	C:\WINDOWS\System32\ADVAPI32.dll
0x00007fffeaaa0000 - 0x00007fffeab3e000 	C:\WINDOWS\System32\msvcrt.dll
0x00007fffec790000 - 0x00007fffec7e9000 	C:\WINDOWS\System32\sechost.dll
0x00007fffea970000 - 0x00007fffeaa91000 	C:\WINDOWS\System32\RPCRT4.dll
0x00007fffeac40000 - 0x00007fffeada5000 	C:\WINDOWS\System32\USER32.dll
0x00007fffe9d10000 - 0x00007fffe9d2e000 	C:\WINDOWS\System32\win32u.dll
0x00007fffea180000 - 0x00007fffea1b4000 	C:\WINDOWS\System32\GDI32.dll
0x00007fffe9b80000 - 0x00007fffe9d02000 	C:\WINDOWS\System32\gdi32full.dll
0x00007fffe41c0000 - 0x00007fffe443a000 	C:\WINDOWS\WinSxS\amd64_microsoft.windows.common-controls_6595b64144ccf1df_6.0.14393.953_none_42151e83c686086b\COMCTL32.dll
0x00007fffea600000 - 0x00007fffea8c8000 	C:\WINDOWS\System32\combase.dll
0x00007fffe8ce0000 - 0x00007fffe8dd5000 	C:\WINDOWS\System32\ucrtbase.dll
0x00007fffe9670000 - 0x00007fffe96da000 	C:\WINDOWS\System32\bcryptPrimitives.dll
0x00007fffe9da0000 - 0x00007fffe9dce000 	C:\WINDOWS\System32\IMM32.DLL
0x00000000633b0000 - 0x0000000063482000 	D:\Program Files\Android\Android Studio\jre\jre\bin\msvcr100.dll
0x0000000062880000 - 0x00000000630bc000 	D:\Program Files\Android\Android Studio\jre\jre\bin\server\jvm.dll
0x00007fffe9e40000 - 0x00007fffe9e48000 	C:\WINDOWS\System32\PSAPI.DLL
0x00007fffe6df0000 - 0x00007fffe6df9000 	C:\WINDOWS\SYSTEM32\WSOCK32.dll
0x00007fffea110000 - 0x00007fffea17a000 	C:\WINDOWS\System32\WS2_32.dll
0x00007fffe6c20000 - 0x00007fffe6c43000 	C:\WINDOWS\SYSTEM32\WINMM.dll
0x00007fffe4cf0000 - 0x00007fffe4cfa000 	C:\WINDOWS\SYSTEM32\VERSION.dll
0x00007fffe6b00000 - 0x00007fffe6b2b000 	C:\WINDOWS\SYSTEM32\WINMMBASE.dll
0x00007fffe9d30000 - 0x00007fffe9d72000 	C:\WINDOWS\System32\cfgmgr32.dll
0x00007fffe65b0000 - 0x00007fffe65bf000 	D:\Program Files\Android\Android Studio\jre\jre\bin\verify.dll
0x00007fffe6580000 - 0x00007fffe65a9000 	D:\Program Files\Android\Android Studio\jre\jre\bin\java.dll
0x00007fffe6420000 - 0x00007fffe6436000 	D:\Program Files\Android\Android Studio\jre\jre\bin\zip.dll
0x00007fffeb280000 - 0x00007fffec788000 	C:\WINDOWS\System32\SHELL32.dll
0x00007fffe8e80000 - 0x00007fffe955a000 	C:\WINDOWS\System32\windows.storage.dll
0x00007fffe8c50000 - 0x00007fffe8c9c000 	C:\WINDOWS\System32\powrprof.dll
0x00007fffea050000 - 0x00007fffea0a2000 	C:\WINDOWS\System32\shlwapi.dll
0x00007fffe8cd0000 - 0x00007fffe8cdf000 	C:\WINDOWS\System32\kernel.appcore.dll
0x00007fffe9560000 - 0x00007fffe9609000 	C:\WINDOWS\System32\shcore.dll
0x00007fffe8ca0000 - 0x00007fffe8cb4000 	C:\WINDOWS\System32\profapi.dll

VM Arguments:
jvm_args: -Djava.awt.headless=true -Xmx1024M -Dfile.encoding=GBK -Duser.country=CN -Duser.language=zh -Duser.variant 
java_command: com.android.dx.command.Main --dex --force-jumbo --num-threads=4 --multi-dex --output D:\musicbean\app\build\intermediates\transforms\dex\baidu\debug\folders\1000\5\slice_7 D:\musicbean\app\build\intermediates\transforms\instantRunSlicer\baidu\debug\folders\1\5\slice_7
java_class_path (initial): D:\SDK\build-tools\25.0.0\lib\dx.jar
Launcher Type: SUN_STANDARD

Environment Variables:
JAVA_HOME=C:\Program Files\Java\jdk1.8.0_101
CLASSPATH=.;C:\Program Files\Java\jdk1.8.0_101\lib;
PATH=C:\ProgramData\Oracle\Java\javapath;C:\WINDOWS\system32;C:\WINDOWS;C:\WINDOWS\System32\Wbem;C:\WINDOWS\System32\WindowsPowerShell\v1.0\;C:\Program Files\Java\jdk1.8.0_101\bin;C:\Program Files\Java\jdk1.8.0_101\jre\bin;D:\Git\cmd;C:\Users\Administrator\AppData\Local\Microsoft\WindowsApps;
USERNAME=Administrator
OS=Windows_NT
PROCESSOR_IDENTIFIER=Intel64 Family 6 Model 94 Stepping 3, GenuineIntel



---------------  S Y S T E M  ---------------

OS: Windows 10.0 , 64 bit Build 14393 (10.0.14393.1198)

CPU:total 4 (4 cores per cpu, 1 threads per core) family 6 model 94 stepping 3, cmov, cx8, fxsr, mmx, sse, sse2, sse3, ssse3, sse4.1, sse4.2, popcnt, avx, avx2, aes, clmul, erms, rtm, 3dnowpref, lzcnt, tsc, tscinvbit, bmi1, bmi2, adx

Memory: 4k page, physical 8299524k(2485960k free), swap 14749720k(5388k free)

vm_info: OpenJDK 64-Bit Server VM (25.112-b06) for windows-amd64 JRE (1.8.0_112-release-b06), built on Dec  8 2016 00:54:26 by "builder" with MS VC++ 10.0 (VS2010)

time: Mon May 29 12:35:48 2017
elapsed time: 1 seconds (0d 0h 0m 1s)

